{
    "signal": [
        {
            "name": "testbench.e_clk",
            "wave": "1....................................................................................................",
            "data": []
        },
        {
            "name": "testbench.bench_pipeline_reg_9",
            "wave": "x................................................1.............0.............1...0.1...0.....1.0.....",
            "data": []
        },
        {
            "name": "testbench.bench_pipeline_reg_8",
            "wave": "x..............................................1.0.........................1.0...1.0.....1...0.....1.",
            "data": []
        },
        {
            "name": "testbench.bench_pipeline_reg_7",
            "wave": "x............................................1.0.......................1...0.1...0.....1.0.......1...",
            "data": []
        },
        {
            "name": "testbench.bench_pipeline_reg_6",
            "wave": "x..........................................1.0...................1.....0...1.0.....1...0.......1.....",
            "data": []
        },
        {
            "name": "testbench.bench_pipeline_reg_5",
            "wave": "x........................................1.0...................1.0.....1...0.....1.0.........1.....0.",
            "data": []
        },
        {
            "name": "testbench.bench_pipeline_reg_4",
            "wave": "x....................................1...0.......1.............0.1.....0.....1...0.......1.......0...",
            "data": []
        },
        {
            "name": "testbench.bench_pipeline_reg_34",
            "wave": "x....................................................................................................",
            "data": []
        },
        {
            "name": "testbench.bench_pipeline_reg_33",
            "wave": "x....................................................................................................",
            "data": []
        },
        {
            "name": "testbench.bench_pipeline_reg_32",
            "wave": "x....................................................................................................",
            "data": []
        },
        {
            "name": "testbench.bench_pipeline_reg_31",
            "wave": "x....................................................................................................",
            "data": []
        },
        {
            "name": "testbench.bench_pipeline_reg_30",
            "wave": "x....................................................................................................",
            "data": []
        },
        {
            "name": "testbench.bench_pipeline_reg_3",
            "wave": "x................................1...0.........1.0.............1.0.........1.0.........1.......0...1.",
            "data": []
        },
        {
            "name": "testbench.bench_pipeline_reg_29",
            "wave": "x....................................................................................................",
            "data": []
        },
        {
            "name": "testbench.bench_pipeline_reg_28",
            "wave": "x....................................................................................................",
            "data": []
        },
        {
            "name": "testbench.bench_pipeline_reg_27",
            "wave": "x....................................................................................................",
            "data": []
        },
        {
            "name": "testbench.bench_pipeline_reg_26",
            "wave": "x....................................................................................................",
            "data": []
        },
        {
            "name": "testbench.bench_pipeline_reg_25",
            "wave": "x....................................................................................................",
            "data": []
        },
        {
            "name": "testbench.bench_pipeline_reg_24",
            "wave": "x....................................................................................................",
            "data": []
        },
        {
            "name": "testbench.bench_pipeline_reg_23",
            "wave": "x....................................................................................................",
            "data": []
        },
        {
            "name": "testbench.bench_pipeline_reg_22",
            "wave": "x..................................................................................................1.",
            "data": []
        },
        {
            "name": "testbench.bench_pipeline_reg_21",
            "wave": "x................................................................................................1.0.",
            "data": []
        },
        {
            "name": "testbench.bench_pipeline_reg_20",
            "wave": "x..............................................................................................1.0...",
            "data": []
        },
        {
            "name": "testbench.bench_pipeline_reg_2",
            "wave": "x......................1.........0...........1.0.1.............0.......1...0.......1.........0...1...",
            "data": []
        },
        {
            "name": "testbench.bench_pipeline_reg_19",
            "wave": "x............................................................................................1.0.....",
            "data": []
        },
        {
            "name": "testbench.bench_pipeline_reg_18",
            "wave": "x........................................................................................1...0.......",
            "data": []
        },
        {
            "name": "testbench.bench_pipeline_reg_17",
            "wave": "x......................................................................................1.0.........1.",
            "data": []
        },
        {
            "name": "testbench.bench_pipeline_reg_16",
            "wave": "x..................................................................................1...0.........1.0.",
            "data": []
        },
        {
            "name": "testbench.bench_pipeline_reg_15",
            "wave": "x................................................................................1.0...........1.0.1.",
            "data": []
        },
        {
            "name": "testbench.bench_pipeline_reg_14",
            "wave": "x............................................................................1...0...........1.0.1.0.",
            "data": []
        },
        {
            "name": "testbench.bench_pipeline_reg_13",
            "wave": "x..........................................................................1.0...........1...0.1.0...",
            "data": []
        },
        {
            "name": "testbench.bench_pipeline_reg_12",
            "wave": "x......................................................................1...0...........1.0...1.0...1.",
            "data": []
        },
        {
            "name": "testbench.bench_pipeline_reg_11",
            "wave": "x................................................................1.....0...........1...0.1...0...1.0.",
            "data": []
        },
        {
            "name": "testbench.bench_pipeline_reg_10",
            "wave": "x..............................................................1.0...............1.0...1.0.....1.0...",
            "data": []
        },
        {
            "name": "testbench.bench_pipeline_reg_1",
            "wave": "x................1.....0...................1.0.1.0...............1.....0.........1.......0.....1...0.",
            "data": []
        },
        {
            "name": "testbench.bench_pipeline_reg_0",
            "wave": "x........1.......0.......................1.0.1.0...............1.0...........1.........0.....1...0...",
            "data": []
        },
        {
            "name": "testbench.bench_in_stream",
            "wave": "x.0.1...........0.1...0.1...0.1.0.1.0.1...0.1.0.....1.0.1.......0.......1.0.1.........0...1.....0....",
            "data": []
        },
        {
            "name": "testbench.bench_clk_ena",
            "wave": "x.0.....1.0.....1.0...1.0.......1.0.1.0.1.........0...........1...0...1.0.1...0.1...0.1...0.1........",
            "data": []
        },
        {
            "name": "testbench.bench_clk",
            "wave": "01010101010101010101010101010101010101010101010101010101010101010101010101010101010101010101010101010",
            "data": []
        },
        {
            "name": "testbench.bench_reset",
            "wave": "x.0..................................................................................................",
            "data": []
        },
        {
            "name": "testbench.indata_array[0:1]",
            "wave": "x.=.=...=.=.....=.=...=.=...=.=.=.=.=.=.=.=.=.=...=.=.=.=.....=.=.=...=.=.=.=.=.=...=.=...=.=...=....",
            "data": [
                "0",
                "1",
                "3",
                "1",
                "2",
                "1",
                "2",
                "1",
                "0",
                "1",
                "2",
                "1",
                "2",
                "1",
                "3",
                "2",
                "3",
                "2",
                "0",
                "1",
                "0",
                "1",
                "3",
                "2",
                "0",
                "2",
                "1",
                "2",
                "3",
                "1",
                "3",
                "1",
                "2",
                "1",
                "3",
                "2"
            ]
        }
    ],
    "config": {
        "hscale": 1
    }
}
