#! /usr/bin/vvp
:ivl_version "11.0 (stable)";
:ivl_delay_selection "TYPICAL";
:vpi_time_precision + 0;
:vpi_module "/usr/lib/x86_64-linux-gnu/ivl/system.vpi";
:vpi_module "/usr/lib/x86_64-linux-gnu/ivl/vhdl_sys.vpi";
:vpi_module "/usr/lib/x86_64-linux-gnu/ivl/vhdl_textio.vpi";
:vpi_module "/usr/lib/x86_64-linux-gnu/ivl/v2005_math.vpi";
:vpi_module "/usr/lib/x86_64-linux-gnu/ivl/va_math.vpi";
S_0x555dfa355770 .scope module, "testbench" "testbench" 2 15;
 .timescale 0 0;
v0x555dfa386eb0_0 .net "bench_clk", 0 0, L_0x555dfa387c20;  1 drivers
L_0x7f31946c4018 .functor BUFT 1, C4<x>, C4<0>, C4<0>, C4<0>;
v0x555dfa386f70_0 .net "bench_ex_LW", 0 0, L_0x7f31946c4018;  1 drivers
v0x555dfa387010_0 .net "bench_ex_WMEM", 0 0, L_0x555dfa3882d0;  1 drivers
v0x555dfa3870b0_0 .net "bench_ex_WREG", 0 0, L_0x555dfa3881e0;  1 drivers
v0x555dfa387150_0 .net "bench_ex_aluresult", 31 0, L_0x555dfa387e00;  1 drivers
v0x555dfa3871f0_0 .net "bench_ex_d2", 31 0, L_0x555dfa387ef0;  1 drivers
v0x555dfa3872c0_0 .net "bench_ex_instr", 31 0, L_0x555dfa388010;  1 drivers
v0x555dfa387390_0 .net "bench_ex_td", 4 0, L_0x555dfa3880b0;  1 drivers
v0x555dfa387460_0 .net "bench_me_LW", 0 0, v0x555dfa386630_0;  1 drivers
v0x555dfa387530_0 .net "bench_me_WMEM", 0 0, v0x555dfa3866f0_0;  1 drivers
v0x555dfa387600_0 .net "bench_me_WREG", 0 0, v0x555dfa3867b0_0;  1 drivers
v0x555dfa3876d0_0 .net "bench_me_aluresult", 31 0, v0x555dfa386870_0;  1 drivers
v0x555dfa3877a0_0 .net "bench_me_d2", 31 0, v0x555dfa386950_0;  1 drivers
v0x555dfa387870_0 .net "bench_me_instr", 31 0, v0x555dfa386a30_0;  1 drivers
v0x555dfa387940_0 .net "bench_me_td", 4 0, v0x555dfa386b10_0;  1 drivers
v0x555dfa387a10_0 .var "bench_reset", 0 0;
v0x555dfa387ab0_0 .net "bench_rst", 0 0, L_0x555dfa387cc0;  1 drivers
v0x555dfa387b80_0 .var "indata_array", 0 104;
L_0x555dfa387c20 .part v0x555dfa387b80_0, 104, 1;
L_0x555dfa387cc0 .part v0x555dfa387b80_0, 103, 1;
L_0x555dfa387e00 .part v0x555dfa387b80_0, 71, 32;
L_0x555dfa387ef0 .part v0x555dfa387b80_0, 39, 32;
L_0x555dfa388010 .part v0x555dfa387b80_0, 7, 32;
L_0x555dfa3880b0 .part v0x555dfa387b80_0, 2, 5;
L_0x555dfa3881e0 .part v0x555dfa387b80_0, 1, 1;
L_0x555dfa3882d0 .part v0x555dfa387b80_0, 0, 1;
S_0x555dfa355900 .scope module, "inst" "EX_ME" 2 59, 3 1 0, S_0x555dfa355770;
 .timescale 0 0;
    .port_info 0 /INPUT 1 "clk";
    .port_info 1 /INPUT 1 "rst";
    .port_info 2 /INPUT 32 "ex_aluresult";
    .port_info 3 /INPUT 5 "ex_td";
    .port_info 4 /INPUT 32 "ex_d2";
    .port_info 5 /INPUT 1 "ex_WREG";
    .port_info 6 /INPUT 1 "ex_WMEM";
    .port_info 7 /INPUT 1 "ex_LW";
    .port_info 8 /INPUT 32 "ex_instr";
    .port_info 9 /OUTPUT 32 "me_aluresult";
    .port_info 10 /OUTPUT 5 "me_td";
    .port_info 11 /OUTPUT 32 "me_d2";
    .port_info 12 /OUTPUT 1 "me_WREG";
    .port_info 13 /OUTPUT 1 "me_WMEM";
    .port_info 14 /OUTPUT 1 "me_LW";
    .port_info 15 /OUTPUT 32 "me_instr";
v0x555dfa353630_0 .net "clk", 0 0, L_0x555dfa387c20;  alias, 1 drivers
v0x555dfa353b80_0 .net "ex_LW", 0 0, L_0x7f31946c4018;  alias, 1 drivers
v0x555dfa386100_0 .net "ex_WMEM", 0 0, L_0x555dfa3882d0;  alias, 1 drivers
v0x555dfa3861a0_0 .net "ex_WREG", 0 0, L_0x555dfa3881e0;  alias, 1 drivers
v0x555dfa386260_0 .net "ex_aluresult", 31 0, L_0x555dfa387e00;  alias, 1 drivers
v0x555dfa386390_0 .net "ex_d2", 31 0, L_0x555dfa387ef0;  alias, 1 drivers
v0x555dfa386470_0 .net "ex_instr", 31 0, L_0x555dfa388010;  alias, 1 drivers
v0x555dfa386550_0 .net "ex_td", 4 0, L_0x555dfa3880b0;  alias, 1 drivers
v0x555dfa386630_0 .var "me_LW", 0 0;
v0x555dfa3866f0_0 .var "me_WMEM", 0 0;
v0x555dfa3867b0_0 .var "me_WREG", 0 0;
v0x555dfa386870_0 .var "me_aluresult", 31 0;
v0x555dfa386950_0 .var "me_d2", 31 0;
v0x555dfa386a30_0 .var "me_instr", 31 0;
v0x555dfa386b10_0 .var "me_td", 4 0;
v0x555dfa386bf0_0 .net "rst", 0 0, L_0x555dfa387cc0;  alias, 1 drivers
E_0x555dfa360c10 .event posedge, v0x555dfa386bf0_0, v0x555dfa353630_0;
    .scope S_0x555dfa355900;
T_0 ;
    %wait E_0x555dfa360c10;
    %load/vec4 v0x555dfa386bf0_0;
    %flag_set/vec4 8;
    %jmp/0xz  T_0.0, 8;
    %pushi/vec4 0, 0, 32;
    %assign/vec4 v0x555dfa386870_0, 0;
    %pushi/vec4 0, 0, 32;
    %assign/vec4 v0x555dfa386950_0, 0;
    %pushi/vec4 0, 0, 5;
    %assign/vec4 v0x555dfa386b10_0, 0;
    %pushi/vec4 0, 0, 1;
    %assign/vec4 v0x555dfa3867b0_0, 0;
    %pushi/vec4 0, 0, 1;
    %assign/vec4 v0x555dfa3866f0_0, 0;
    %pushi/vec4 0, 0, 1;
    %assign/vec4 v0x555dfa386630_0, 0;
    %pushi/vec4 32, 0, 32;
    %assign/vec4 v0x555dfa386a30_0, 0;
    %jmp T_0.1;
T_0.0 ;
    %load/vec4 v0x555dfa386260_0;
    %assign/vec4 v0x555dfa386870_0, 0;
    %load/vec4 v0x555dfa386390_0;
    %assign/vec4 v0x555dfa386950_0, 0;
    %load/vec4 v0x555dfa386550_0;
    %assign/vec4 v0x555dfa386b10_0, 0;
    %load/vec4 v0x555dfa3861a0_0;
    %assign/vec4 v0x555dfa3867b0_0, 0;
    %load/vec4 v0x555dfa386100_0;
    %assign/vec4 v0x555dfa3866f0_0, 0;
    %load/vec4 v0x555dfa353b80_0;
    %assign/vec4 v0x555dfa386630_0, 0;
    %load/vec4 v0x555dfa386470_0;
    %assign/vec4 v0x555dfa386a30_0, 0;
T_0.1 ;
    %jmp T_0;
    .thread T_0;
    .scope S_0x555dfa355770;
T_1 ;
    %vpi_call 2 49 "$dumpfile", "11.vcd" {0 0 0};
    %vpi_call 2 50 "$dumpvars", 32'sb00000000000000000000000000000001, S_0x555dfa355770 {0 0 0};
    %delay 10, 0;
    %pushi/vec4 0, 0, 1;
    %store/vec4 v0x555dfa387a10_0, 0, 1;
    %end;
    .thread T_1;
    .scope S_0x555dfa355770;
T_2 ;
    %delay 5, 0;
    %vpi_func 2 56 "$random" 32 {0 0 0};
    %pad/s 105;
    %store/vec4 v0x555dfa387b80_0, 0, 105;
    %jmp T_2;
    .thread T_2;
    .scope S_0x555dfa355770;
T_3 ;
    %vpi_call 2 80 "$monitor", $time, " bench_reset = %b, clk = %b , rst = %b , ex_aluresult = %b , ex_d2 = %b , ex_instr = %b , ex_td = %b , ex_WREG = %b , ex_WMEM = %b , ex_LW = %b , me_aluresult = %b , me_d2 = %b , me_instr = %b , me_td = %b , me_WREG = %b , me_WMEM = %b , me_LW = %b  ", v0x555dfa387a10_0, v0x555dfa386eb0_0, v0x555dfa387ab0_0, v0x555dfa387150_0, v0x555dfa3871f0_0, v0x555dfa3872c0_0, v0x555dfa387390_0, v0x555dfa3870b0_0, v0x555dfa387010_0, v0x555dfa386f70_0, v0x555dfa3876d0_0, v0x555dfa3877a0_0, v0x555dfa387870_0, v0x555dfa387940_0, v0x555dfa387600_0, v0x555dfa387530_0, v0x555dfa387460_0 {0 0 0};
    %end;
    .thread T_3;
    .scope S_0x555dfa355770;
T_4 ;
    %delay 199, 0;
    %vpi_call 2 86 "$finish" {0 0 0};
    %end;
    .thread T_4;
# The file index is used to find the file name in the following table.
:file_names 4;
    "N/A";
    "<interactive>";
    "wavedrom_dataset/testbenches/11_tb.v";
    "wavedrom_dataset/verilog_modules/59.v";
