#! /usr/bin/vvp
:ivl_version "11.0 (stable)";
:ivl_delay_selection "TYPICAL";
:vpi_time_precision + 0;
:vpi_module "/usr/lib/x86_64-linux-gnu/ivl/system.vpi";
:vpi_module "/usr/lib/x86_64-linux-gnu/ivl/vhdl_sys.vpi";
:vpi_module "/usr/lib/x86_64-linux-gnu/ivl/vhdl_textio.vpi";
:vpi_module "/usr/lib/x86_64-linux-gnu/ivl/v2005_math.vpi";
:vpi_module "/usr/lib/x86_64-linux-gnu/ivl/va_math.vpi";
S_0x5625c63cd3f0 .scope module, "testbench" "testbench" 2 15;
 .timescale 0 0;
v0x5625c63e5b10_0 .net "bench_aport", 31 0, L_0x5625c63e6250;  1 drivers
v0x5625c63e5bf0_0 .net "bench_clk", 0 0, L_0x5625c63e6160;  1 drivers
v0x5625c63e5c90_0 .net "bench_dxport", 31 0, L_0x5625c63e6390;  1 drivers
v0x5625c63e5d60_0 .var "bench_reset", 0 0;
v0x5625c63e5e30_0 .net "bench_uport", 31 0, v0x5625c63e5790_0;  1 drivers
v0x5625c63e5f20_0 .net "bench_xport", 31 0, v0x5625c63e5870_0;  1 drivers
v0x5625c63e5ff0_0 .net "bench_yport", 31 0, v0x5625c63e5950_0;  1 drivers
v0x5625c63e60c0_0 .var "indata_array", 0 64;
L_0x5625c63e6160 .part v0x5625c63e60c0_0, 64, 1;
L_0x5625c63e6250 .part v0x5625c63e60c0_0, 32, 32;
L_0x5625c63e6390 .part v0x5625c63e60c0_0, 0, 32;
S_0x5625c63cd580 .scope module, "inst" "diffeq_f_systemC" 2 43, 3 1 0, S_0x5625c63cd3f0;
 .timescale 0 0;
    .port_info 0 /INPUT 32 "aport";
    .port_info 1 /INPUT 32 "dxport";
    .port_info 2 /OUTPUT 32 "xport";
    .port_info 3 /OUTPUT 32 "yport";
    .port_info 4 /OUTPUT 32 "uport";
    .port_info 5 /INPUT 1 "clk";
    .port_info 6 /INPUT 1 "reset";
v0x5625c63bb160_0 .net "aport", 31 0, L_0x5625c63e6250;  alias, 1 drivers
v0x5625c63bb200_0 .net "clk", 0 0, L_0x5625c63e6160;  alias, 1 drivers
v0x5625c63e54e0_0 .net "dxport", 31 0, L_0x5625c63e6390;  alias, 1 drivers
v0x5625c63e55a0_0 .net "reset", 0 0, v0x5625c63e5d60_0;  1 drivers
v0x5625c63e5660_0 .net "temp", 31 0, L_0x5625c63e6480;  1 drivers
v0x5625c63e5790_0 .var "uport", 31 0;
v0x5625c63e5870_0 .var "xport", 31 0;
v0x5625c63e5950_0 .var "yport", 31 0;
E_0x5625c63916f0 .event posedge, v0x5625c63e55a0_0, v0x5625c63bb200_0;
L_0x5625c63e6480 .arith/mult 32, v0x5625c63e5790_0, L_0x5625c63e6390;
    .scope S_0x5625c63cd580;
T_0 ;
    %wait E_0x5625c63916f0;
    %load/vec4 v0x5625c63e55a0_0;
    %cmpi/e 1, 0, 1;
    %jmp/0xz  T_0.0, 4;
    %pushi/vec4 0, 0, 32;
    %assign/vec4 v0x5625c63e5870_0, 0;
    %pushi/vec4 0, 0, 32;
    %assign/vec4 v0x5625c63e5950_0, 0;
    %pushi/vec4 0, 0, 32;
    %assign/vec4 v0x5625c63e5790_0, 0;
    %jmp T_0.1;
T_0.0 ;
    %load/vec4 v0x5625c63e5870_0;
    %load/vec4 v0x5625c63bb160_0;
    %cmp/u;
    %jmp/0xz  T_0.2, 5;
    %load/vec4 v0x5625c63e5870_0;
    %load/vec4 v0x5625c63e54e0_0;
    %add;
    %assign/vec4 v0x5625c63e5870_0, 0;
    %load/vec4 v0x5625c63e5950_0;
    %load/vec4 v0x5625c63e5660_0;
    %add;
    %assign/vec4 v0x5625c63e5950_0, 0;
    %load/vec4 v0x5625c63e5790_0;
    %load/vec4 v0x5625c63e5660_0;
    %load/vec4 v0x5625c63e5870_0;
    %muli 5, 0, 32;
    %mul;
    %sub;
    %load/vec4 v0x5625c63e54e0_0;
    %load/vec4 v0x5625c63e5950_0;
    %muli 3, 0, 32;
    %mul;
    %sub;
    %assign/vec4 v0x5625c63e5790_0, 0;
T_0.2 ;
T_0.1 ;
    %jmp T_0;
    .thread T_0;
    .scope S_0x5625c63cd3f0;
T_1 ;
    %vpi_call 2 33 "$dumpfile", "14.vcd" {0 0 0};
    %vpi_call 2 34 "$dumpvars", 32'sb00000000000000000000000000000001, S_0x5625c63cd3f0 {0 0 0};
    %delay 10, 0;
    %pushi/vec4 0, 0, 1;
    %store/vec4 v0x5625c63e5d60_0, 0, 1;
    %end;
    .thread T_1;
    .scope S_0x5625c63cd3f0;
T_2 ;
    %delay 5, 0;
    %vpi_func 2 40 "$random" 32 {0 0 0};
    %pad/s 65;
    %store/vec4 v0x5625c63e60c0_0, 0, 65;
    %jmp T_2;
    .thread T_2;
    .scope S_0x5625c63cd3f0;
T_3 ;
    %vpi_call 2 55 "$monitor", $time, " bench_reset = %b, clk = %b , aport = %b , dxport = %b , xport = %b , yport = %b , uport = %b  ", v0x5625c63e5d60_0, v0x5625c63e5bf0_0, v0x5625c63e5b10_0, v0x5625c63e5c90_0, v0x5625c63e5f20_0, v0x5625c63e5ff0_0, v0x5625c63e5e30_0 {0 0 0};
    %end;
    .thread T_3;
    .scope S_0x5625c63cd3f0;
T_4 ;
    %delay 199, 0;
    %vpi_call 2 61 "$finish" {0 0 0};
    %end;
    .thread T_4;
# The file index is used to find the file name in the following table.
:file_names 4;
    "N/A";
    "<interactive>";
    "wavedrom_dataset/testbenches/14_tb.v";
    "wavedrom_dataset/verilog_modules/62.v";
