#! /usr/bin/vvp
:ivl_version "11.0 (stable)";
:ivl_delay_selection "TYPICAL";
:vpi_time_precision + 0;
:vpi_module "/usr/lib/x86_64-linux-gnu/ivl/system.vpi";
:vpi_module "/usr/lib/x86_64-linux-gnu/ivl/vhdl_sys.vpi";
:vpi_module "/usr/lib/x86_64-linux-gnu/ivl/vhdl_textio.vpi";
:vpi_module "/usr/lib/x86_64-linux-gnu/ivl/v2005_math.vpi";
:vpi_module "/usr/lib/x86_64-linux-gnu/ivl/va_math.vpi";
S_0x560385d19ed0 .scope module, "testbench" "testbench" 2 15;
 .timescale 0 0;
v0x560385d3d7e0_0 .net "bench_CCLK", 0 0, L_0x560385d3e620;  1 drivers
v0x560385d3d8a0_0 .net "bench_addrlcd", 0 0, L_0x560385d3eab0;  1 drivers
v0x560385d3d940_0 .net "bench_clearlcd", 0 0, L_0x560385d3e800;  1 drivers
v0x560385d3d9e0_0 .net "bench_datalcd", 0 0, L_0x560385d3ea10;  1 drivers
v0x560385d3da80_0 .net "bench_elcd", 0 0, v0x560385d3c9b0_0;  1 drivers
v0x560385d3db20_0 .net "bench_homelcd", 0 0, L_0x560385d3e8f0;  1 drivers
L_0x7efee574f018 .functor BUFT 1, C4<x>, C4<0>, C4<0>, C4<0>;
v0x560385d3dbf0_0 .net "bench_initlcd", 0 0, L_0x7efee574f018;  1 drivers
v0x560385d3dcc0_0 .net "bench_lcdaddr", 0 0, v0x560385d3cc40_0;  1 drivers
v0x560385d3dd90_0 .net "bench_lcdclear", 0 0, v0x560385d3cd00_0;  1 drivers
v0x560385d3de60_0 .net "bench_lcdd", 3 0, v0x560385d3cea0_0;  1 drivers
v0x560385d3df30_0 .net "bench_lcddata", 0 0, v0x560385d3cf80_0;  1 drivers
v0x560385d3e000_0 .net "bench_lcddatin", 7 0, L_0x560385d3ebe0;  1 drivers
v0x560385d3e0d0_0 .net "bench_lcdhome", 0 0, v0x560385d3d120_0;  1 drivers
v0x560385d3e1a0_0 .net "bench_lcdreset", 0 0, v0x560385d3d1e0_0;  1 drivers
v0x560385d3e270_0 .var "bench_reset", 0 0;
v0x560385d3e310_0 .net "bench_resetlcd", 0 0, L_0x560385d3e6c0;  1 drivers
v0x560385d3e3e0_0 .net "bench_rslcd", 0 0, v0x560385d3d440_0;  1 drivers
v0x560385d3e4b0_0 .net "bench_rwlcd", 0 0, v0x560385d3d500_0;  1 drivers
v0x560385d3e580_0 .var "indata_array", 0 13;
L_0x560385d3e620 .part v0x560385d3e580_0, 13, 1;
L_0x560385d3e6c0 .part v0x560385d3e580_0, 12, 1;
L_0x560385d3e800 .part v0x560385d3e580_0, 11, 1;
L_0x560385d3e8f0 .part v0x560385d3e580_0, 10, 1;
L_0x560385d3ea10 .part v0x560385d3e580_0, 9, 1;
L_0x560385d3eab0 .part v0x560385d3e580_0, 8, 1;
L_0x560385d3ebe0 .part v0x560385d3e580_0, 0, 8;
S_0x560385d1a060 .scope module, "inst" "lcd" 2 59, 3 1 0, S_0x560385d19ed0;
 .timescale 0 0;
    .port_info 0 /INPUT 1 "CCLK";
    .port_info 1 /INPUT 1 "resetlcd";
    .port_info 2 /INPUT 1 "clearlcd";
    .port_info 3 /INPUT 1 "homelcd";
    .port_info 4 /INPUT 1 "datalcd";
    .port_info 5 /INPUT 1 "addrlcd";
    .port_info 6 /OUTPUT 1 "lcdreset";
    .port_info 7 /OUTPUT 1 "lcdclear";
    .port_info 8 /OUTPUT 1 "lcdhome";
    .port_info 9 /OUTPUT 1 "lcddata";
    .port_info 10 /OUTPUT 1 "lcdaddr";
    .port_info 11 /OUTPUT 1 "rslcd";
    .port_info 12 /OUTPUT 1 "rwlcd";
    .port_info 13 /OUTPUT 1 "elcd";
    .port_info 14 /OUTPUT 4 "lcdd";
    .port_info 15 /INPUT 8 "lcddatin";
    .port_info 16 /INPUT 1 "initlcd";
v0x560385d18d80_0 .net "CCLK", 0 0, L_0x560385d3e620;  alias, 1 drivers
v0x560385d18e20_0 .net "addrlcd", 0 0, L_0x560385d3eab0;  alias, 1 drivers
v0x560385d3c850_0 .net "clearlcd", 0 0, L_0x560385d3e800;  alias, 1 drivers
v0x560385d3c8f0_0 .net "datalcd", 0 0, L_0x560385d3ea10;  alias, 1 drivers
v0x560385d3c9b0_0 .var "elcd", 0 0;
v0x560385d3cac0_0 .net "homelcd", 0 0, L_0x560385d3e8f0;  alias, 1 drivers
v0x560385d3cb80_0 .net "initlcd", 0 0, L_0x7efee574f018;  alias, 1 drivers
v0x560385d3cc40_0 .var "lcdaddr", 0 0;
v0x560385d3cd00_0 .var "lcdclear", 0 0;
v0x560385d3cdc0_0 .var "lcdcount", 18 0;
v0x560385d3cea0_0 .var "lcdd", 3 0;
v0x560385d3cf80_0 .var "lcddata", 0 0;
v0x560385d3d040_0 .net "lcddatin", 7 0, L_0x560385d3ebe0;  alias, 1 drivers
v0x560385d3d120_0 .var "lcdhome", 0 0;
v0x560385d3d1e0_0 .var "lcdreset", 0 0;
v0x560385d3d2a0_0 .var "lcdstate", 5 0;
v0x560385d3d380_0 .net "resetlcd", 0 0, L_0x560385d3e6c0;  alias, 1 drivers
v0x560385d3d440_0 .var "rslcd", 0 0;
v0x560385d3d500_0 .var "rwlcd", 0 0;
E_0x560385cb0f50 .event posedge, v0x560385d18d80_0;
    .scope S_0x560385d1a060;
T_0 ;
    %wait E_0x560385cb0f50;
    %load/vec4 v0x560385d3cb80_0;
    %pad/u 32;
    %cmpi/e 1, 0, 32;
    %jmp/0xz  T_0.0, 4;
    %pushi/vec4 0, 0, 6;
    %store/vec4 v0x560385d3d2a0_0, 0, 6;
    %pushi/vec4 0, 0, 19;
    %store/vec4 v0x560385d3cdc0_0, 0, 19;
    %pushi/vec4 0, 0, 1;
    %store/vec4 v0x560385d3d1e0_0, 0, 1;
    %pushi/vec4 0, 0, 1;
    %store/vec4 v0x560385d3cd00_0, 0, 1;
    %pushi/vec4 0, 0, 1;
    %store/vec4 v0x560385d3d120_0, 0, 1;
    %pushi/vec4 0, 0, 1;
    %store/vec4 v0x560385d3cc40_0, 0, 1;
    %pushi/vec4 0, 0, 1;
    %store/vec4 v0x560385d3cf80_0, 0, 1;
    %jmp T_0.1;
T_0.0 ;
    %load/vec4 v0x560385d3cdc0_0;
    %addi 1, 0, 19;
    %store/vec4 v0x560385d3cdc0_0, 0, 19;
T_0.1 ;
    %load/vec4 v0x560385d3d380_0;
    %pad/u 32;
    %pushi/vec4 1, 0, 32;
    %cmp/e;
    %flag_get/vec4 4;
    %load/vec4 v0x560385d3d1e0_0;
    %pad/u 32;
    %pushi/vec4 0, 0, 32;
    %cmp/e;
    %flag_get/vec4 4;
    %and;
    %flag_set/vec4 8;
    %jmp/0xz  T_0.2, 8;
    %pushi/vec4 0, 0, 1;
    %store/vec4 v0x560385d3d440_0, 0, 1;
    %pushi/vec4 0, 0, 1;
    %store/vec4 v0x560385d3d500_0, 0, 1;
    %load/vec4 v0x560385d3d2a0_0;
    %dup/vec4;
    %pushi/vec4 0, 0, 6;
    %cmp/u;
    %jmp/1 T_0.4, 6;
    %dup/vec4;
    %pushi/vec4 1, 0, 6;
    %cmp/u;
    %jmp/1 T_0.5, 6;
    %dup/vec4;
    %pushi/vec4 2, 0, 6;
    %cmp/u;
    %jmp/1 T_0.6, 6;
    %dup/vec4;
    %pushi/vec4 3, 0, 6;
    %cmp/u;
    %jmp/1 T_0.7, 6;
    %dup/vec4;
    %pushi/vec4 4, 0, 6;
    %cmp/u;
    %jmp/1 T_0.8, 6;
    %dup/vec4;
    %pushi/vec4 5, 0, 6;
    %cmp/u;
    %jmp/1 T_0.9, 6;
    %dup/vec4;
    %pushi/vec4 6, 0, 6;
    %cmp/u;
    %jmp/1 T_0.10, 6;
    %dup/vec4;
    %pushi/vec4 7, 0, 6;
    %cmp/u;
    %jmp/1 T_0.11, 6;
    %dup/vec4;
    %pushi/vec4 8, 0, 6;
    %cmp/u;
    %jmp/1 T_0.12, 6;
    %dup/vec4;
    %pushi/vec4 9, 0, 6;
    %cmp/u;
    %jmp/1 T_0.13, 6;
    %dup/vec4;
    %pushi/vec4 10, 0, 6;
    %cmp/u;
    %jmp/1 T_0.14, 6;
    %dup/vec4;
    %pushi/vec4 11, 0, 6;
    %cmp/u;
    %jmp/1 T_0.15, 6;
    %dup/vec4;
    %pushi/vec4 12, 0, 6;
    %cmp/u;
    %jmp/1 T_0.16, 6;
    %dup/vec4;
    %pushi/vec4 13, 0, 6;
    %cmp/u;
    %jmp/1 T_0.17, 6;
    %dup/vec4;
    %pushi/vec4 14, 0, 6;
    %cmp/u;
    %jmp/1 T_0.18, 6;
    %dup/vec4;
    %pushi/vec4 15, 0, 6;
    %cmp/u;
    %jmp/1 T_0.19, 6;
    %dup/vec4;
    %pushi/vec4 16, 0, 6;
    %cmp/u;
    %jmp/1 T_0.20, 6;
    %dup/vec4;
    %pushi/vec4 17, 0, 6;
    %cmp/u;
    %jmp/1 T_0.21, 6;
    %dup/vec4;
    %pushi/vec4 18, 0, 6;
    %cmp/u;
    %jmp/1 T_0.22, 6;
    %dup/vec4;
    %pushi/vec4 19, 0, 6;
    %cmp/u;
    %jmp/1 T_0.23, 6;
    %dup/vec4;
    %pushi/vec4 20, 0, 6;
    %cmp/u;
    %jmp/1 T_0.24, 6;
    %dup/vec4;
    %pushi/vec4 21, 0, 6;
    %cmp/u;
    %jmp/1 T_0.25, 6;
    %dup/vec4;
    %pushi/vec4 22, 0, 6;
    %cmp/u;
    %jmp/1 T_0.26, 6;
    %dup/vec4;
    %pushi/vec4 23, 0, 6;
    %cmp/u;
    %jmp/1 T_0.27, 6;
    %dup/vec4;
    %pushi/vec4 24, 0, 6;
    %cmp/u;
    %jmp/1 T_0.28, 6;
    %dup/vec4;
    %pushi/vec4 25, 0, 6;
    %cmp/u;
    %jmp/1 T_0.29, 6;
    %dup/vec4;
    %pushi/vec4 26, 0, 6;
    %cmp/u;
    %jmp/1 T_0.30, 6;
    %dup/vec4;
    %pushi/vec4 27, 0, 6;
    %cmp/u;
    %jmp/1 T_0.31, 6;
    %dup/vec4;
    %pushi/vec4 28, 0, 6;
    %cmp/u;
    %jmp/1 T_0.32, 6;
    %dup/vec4;
    %pushi/vec4 29, 0, 6;
    %cmp/u;
    %jmp/1 T_0.33, 6;
    %dup/vec4;
    %pushi/vec4 30, 0, 6;
    %cmp/u;
    %jmp/1 T_0.34, 6;
    %dup/vec4;
    %pushi/vec4 31, 0, 6;
    %cmp/u;
    %jmp/1 T_0.35, 6;
    %dup/vec4;
    %pushi/vec4 32, 0, 6;
    %cmp/u;
    %jmp/1 T_0.36, 6;
    %dup/vec4;
    %pushi/vec4 33, 0, 6;
    %cmp/u;
    %jmp/1 T_0.37, 6;
    %dup/vec4;
    %pushi/vec4 34, 0, 6;
    %cmp/u;
    %jmp/1 T_0.38, 6;
    %dup/vec4;
    %pushi/vec4 35, 0, 6;
    %cmp/u;
    %jmp/1 T_0.39, 6;
    %dup/vec4;
    %pushi/vec4 36, 0, 6;
    %cmp/u;
    %jmp/1 T_0.40, 6;
    %dup/vec4;
    %pushi/vec4 37, 0, 6;
    %cmp/u;
    %jmp/1 T_0.41, 6;
    %dup/vec4;
    %pushi/vec4 38, 0, 6;
    %cmp/u;
    %jmp/1 T_0.42, 6;
    %dup/vec4;
    %pushi/vec4 39, 0, 6;
    %cmp/u;
    %jmp/1 T_0.43, 6;
    %dup/vec4;
    %pushi/vec4 40, 0, 6;
    %cmp/u;
    %jmp/1 T_0.44, 6;
    %pushi/vec4 40, 0, 6;
    %store/vec4 v0x560385d3d2a0_0, 0, 6;
    %jmp T_0.46;
T_0.4 ;
    %pushi/vec4 3, 0, 4;
    %store/vec4 v0x560385d3cea0_0, 0, 4;
    %pushi/vec4 0, 0, 1;
    %store/vec4 v0x560385d3c9b0_0, 0, 1;
    %load/vec4 v0x560385d3cdc0_0;
    %pad/u 32;
    %cmpi/e 16, 0, 32;
    %jmp/0xz  T_0.47, 4;
    %pushi/vec4 0, 0, 19;
    %store/vec4 v0x560385d3cdc0_0, 0, 19;
    %pushi/vec4 1, 0, 6;
    %store/vec4 v0x560385d3d2a0_0, 0, 6;
T_0.47 ;
    %jmp T_0.46;
T_0.5 ;
    %pushi/vec4 1, 0, 1;
    %store/vec4 v0x560385d3c9b0_0, 0, 1;
    %load/vec4 v0x560385d3cdc0_0;
    %pad/u 32;
    %cmpi/e 32, 0, 32;
    %jmp/0xz  T_0.49, 4;
    %pushi/vec4 0, 0, 19;
    %store/vec4 v0x560385d3cdc0_0, 0, 19;
    %pushi/vec4 2, 0, 6;
    %store/vec4 v0x560385d3d2a0_0, 0, 6;
T_0.49 ;
    %jmp T_0.46;
T_0.6 ;
    %pushi/vec4 0, 0, 1;
    %store/vec4 v0x560385d3c9b0_0, 0, 1;
    %load/vec4 v0x560385d3cdc0_0;
    %pad/u 32;
    %cmpi/e 16, 0, 32;
    %jmp/0xz  T_0.51, 4;
    %pushi/vec4 0, 0, 19;
    %store/vec4 v0x560385d3cdc0_0, 0, 19;
    %pushi/vec4 3, 0, 6;
    %store/vec4 v0x560385d3d2a0_0, 0, 6;
T_0.51 ;
    %jmp T_0.46;
T_0.7 ;
    %load/vec4 v0x560385d3cdc0_0;
    %pad/u 32;
    %cmpi/e 262144, 0, 32;
    %jmp/0xz  T_0.53, 4;
    %pushi/vec4 0, 0, 19;
    %store/vec4 v0x560385d3cdc0_0, 0, 19;
    %pushi/vec4 4, 0, 6;
    %store/vec4 v0x560385d3d2a0_0, 0, 6;
T_0.53 ;
    %jmp T_0.46;
T_0.8 ;
    %pushi/vec4 3, 0, 4;
    %store/vec4 v0x560385d3cea0_0, 0, 4;
    %pushi/vec4 0, 0, 1;
    %store/vec4 v0x560385d3c9b0_0, 0, 1;
    %load/vec4 v0x560385d3cdc0_0;
    %pad/u 32;
    %cmpi/e 16, 0, 32;
    %jmp/0xz  T_0.55, 4;
    %pushi/vec4 0, 0, 19;
    %store/vec4 v0x560385d3cdc0_0, 0, 19;
    %pushi/vec4 5, 0, 6;
    %store/vec4 v0x560385d3d2a0_0, 0, 6;
T_0.55 ;
    %jmp T_0.46;
T_0.9 ;
    %pushi/vec4 1, 0, 1;
    %store/vec4 v0x560385d3c9b0_0, 0, 1;
    %load/vec4 v0x560385d3cdc0_0;
    %pad/u 32;
    %cmpi/e 32, 0, 32;
    %jmp/0xz  T_0.57, 4;
    %pushi/vec4 0, 0, 19;
    %store/vec4 v0x560385d3cdc0_0, 0, 19;
    %pushi/vec4 6, 0, 6;
    %store/vec4 v0x560385d3d2a0_0, 0, 6;
T_0.57 ;
    %jmp T_0.46;
T_0.10 ;
    %pushi/vec4 0, 0, 1;
    %store/vec4 v0x560385d3c9b0_0, 0, 1;
    %load/vec4 v0x560385d3cdc0_0;
    %pad/u 32;
    %cmpi/e 16, 0, 32;
    %jmp/0xz  T_0.59, 4;
    %pushi/vec4 0, 0, 19;
    %store/vec4 v0x560385d3cdc0_0, 0, 19;
    %pushi/vec4 7, 0, 6;
    %store/vec4 v0x560385d3d2a0_0, 0, 6;
T_0.59 ;
    %jmp T_0.46;
T_0.11 ;
    %load/vec4 v0x560385d3cdc0_0;
    %pad/u 32;
    %cmpi/e 8192, 0, 32;
    %jmp/0xz  T_0.61, 4;
    %pushi/vec4 0, 0, 19;
    %store/vec4 v0x560385d3cdc0_0, 0, 19;
    %pushi/vec4 8, 0, 6;
    %store/vec4 v0x560385d3d2a0_0, 0, 6;
T_0.61 ;
    %jmp T_0.46;
T_0.12 ;
    %pushi/vec4 3, 0, 4;
    %store/vec4 v0x560385d3cea0_0, 0, 4;
    %pushi/vec4 0, 0, 1;
    %store/vec4 v0x560385d3c9b0_0, 0, 1;
    %load/vec4 v0x560385d3cdc0_0;
    %pad/u 32;
    %cmpi/e 16, 0, 32;
    %jmp/0xz  T_0.63, 4;
    %pushi/vec4 0, 0, 19;
    %store/vec4 v0x560385d3cdc0_0, 0, 19;
    %pushi/vec4 9, 0, 6;
    %store/vec4 v0x560385d3d2a0_0, 0, 6;
T_0.63 ;
    %jmp T_0.46;
T_0.13 ;
    %pushi/vec4 1, 0, 1;
    %store/vec4 v0x560385d3c9b0_0, 0, 1;
    %load/vec4 v0x560385d3cdc0_0;
    %pad/u 32;
    %cmpi/e 32, 0, 32;
    %jmp/0xz  T_0.65, 4;
    %pushi/vec4 0, 0, 19;
    %store/vec4 v0x560385d3cdc0_0, 0, 19;
    %pushi/vec4 10, 0, 6;
    %store/vec4 v0x560385d3d2a0_0, 0, 6;
T_0.65 ;
    %jmp T_0.46;
T_0.14 ;
    %pushi/vec4 0, 0, 1;
    %store/vec4 v0x560385d3c9b0_0, 0, 1;
    %load/vec4 v0x560385d3cdc0_0;
    %pad/u 32;
    %cmpi/e 16, 0, 32;
    %jmp/0xz  T_0.67, 4;
    %pushi/vec4 0, 0, 19;
    %store/vec4 v0x560385d3cdc0_0, 0, 19;
    %pushi/vec4 11, 0, 6;
    %store/vec4 v0x560385d3d2a0_0, 0, 6;
T_0.67 ;
    %jmp T_0.46;
T_0.15 ;
    %load/vec4 v0x560385d3cdc0_0;
    %pad/u 32;
    %cmpi/e 2048, 0, 32;
    %jmp/0xz  T_0.69, 4;
    %pushi/vec4 0, 0, 19;
    %store/vec4 v0x560385d3cdc0_0, 0, 19;
    %pushi/vec4 12, 0, 6;
    %store/vec4 v0x560385d3d2a0_0, 0, 6;
T_0.69 ;
    %jmp T_0.46;
T_0.16 ;
    %pushi/vec4 2, 0, 4;
    %store/vec4 v0x560385d3cea0_0, 0, 4;
    %pushi/vec4 0, 0, 1;
    %store/vec4 v0x560385d3c9b0_0, 0, 1;
    %load/vec4 v0x560385d3cdc0_0;
    %pad/u 32;
    %cmpi/e 16, 0, 32;
    %jmp/0xz  T_0.71, 4;
    %pushi/vec4 0, 0, 19;
    %store/vec4 v0x560385d3cdc0_0, 0, 19;
    %pushi/vec4 13, 0, 6;
    %store/vec4 v0x560385d3d2a0_0, 0, 6;
T_0.71 ;
    %jmp T_0.46;
T_0.17 ;
    %pushi/vec4 1, 0, 1;
    %store/vec4 v0x560385d3c9b0_0, 0, 1;
    %load/vec4 v0x560385d3cdc0_0;
    %pad/u 32;
    %cmpi/e 32, 0, 32;
    %jmp/0xz  T_0.73, 4;
    %pushi/vec4 0, 0, 19;
    %store/vec4 v0x560385d3cdc0_0, 0, 19;
    %pushi/vec4 14, 0, 6;
    %store/vec4 v0x560385d3d2a0_0, 0, 6;
T_0.73 ;
    %jmp T_0.46;
T_0.18 ;
    %pushi/vec4 0, 0, 1;
    %store/vec4 v0x560385d3c9b0_0, 0, 1;
    %load/vec4 v0x560385d3cdc0_0;
    %pad/u 32;
    %cmpi/e 16, 0, 32;
    %jmp/0xz  T_0.75, 4;
    %pushi/vec4 0, 0, 19;
    %store/vec4 v0x560385d3cdc0_0, 0, 19;
    %pushi/vec4 15, 0, 6;
    %store/vec4 v0x560385d3d2a0_0, 0, 6;
T_0.75 ;
    %jmp T_0.46;
T_0.19 ;
    %load/vec4 v0x560385d3cdc0_0;
    %pad/u 32;
    %cmpi/e 2048, 0, 32;
    %jmp/0xz  T_0.77, 4;
    %pushi/vec4 0, 0, 19;
    %store/vec4 v0x560385d3cdc0_0, 0, 19;
    %pushi/vec4 16, 0, 6;
    %store/vec4 v0x560385d3d2a0_0, 0, 6;
T_0.77 ;
    %jmp T_0.46;
T_0.20 ;
    %pushi/vec4 2, 0, 4;
    %store/vec4 v0x560385d3cea0_0, 0, 4;
    %pushi/vec4 0, 0, 1;
    %store/vec4 v0x560385d3c9b0_0, 0, 1;
    %load/vec4 v0x560385d3cdc0_0;
    %pad/u 32;
    %cmpi/e 16, 0, 32;
    %jmp/0xz  T_0.79, 4;
    %pushi/vec4 0, 0, 19;
    %store/vec4 v0x560385d3cdc0_0, 0, 19;
    %pushi/vec4 17, 0, 6;
    %store/vec4 v0x560385d3d2a0_0, 0, 6;
T_0.79 ;
    %jmp T_0.46;
T_0.21 ;
    %pushi/vec4 1, 0, 1;
    %store/vec4 v0x560385d3c9b0_0, 0, 1;
    %load/vec4 v0x560385d3cdc0_0;
    %pad/u 32;
    %cmpi/e 32, 0, 32;
    %jmp/0xz  T_0.81, 4;
    %pushi/vec4 0, 0, 19;
    %store/vec4 v0x560385d3cdc0_0, 0, 19;
    %pushi/vec4 18, 0, 6;
    %store/vec4 v0x560385d3d2a0_0, 0, 6;
T_0.81 ;
    %jmp T_0.46;
T_0.22 ;
    %pushi/vec4 0, 0, 1;
    %store/vec4 v0x560385d3c9b0_0, 0, 1;
    %load/vec4 v0x560385d3cdc0_0;
    %pad/u 32;
    %cmpi/e 16, 0, 32;
    %jmp/0xz  T_0.83, 4;
    %pushi/vec4 0, 0, 19;
    %store/vec4 v0x560385d3cdc0_0, 0, 19;
    %pushi/vec4 19, 0, 6;
    %store/vec4 v0x560385d3d2a0_0, 0, 6;
T_0.83 ;
    %jmp T_0.46;
T_0.23 ;
    %load/vec4 v0x560385d3cdc0_0;
    %pad/u 32;
    %cmpi/e 64, 0, 32;
    %jmp/0xz  T_0.85, 4;
    %pushi/vec4 0, 0, 19;
    %store/vec4 v0x560385d3cdc0_0, 0, 19;
    %pushi/vec4 20, 0, 6;
    %store/vec4 v0x560385d3d2a0_0, 0, 6;
T_0.85 ;
    %jmp T_0.46;
T_0.24 ;
    %pushi/vec4 8, 0, 4;
    %store/vec4 v0x560385d3cea0_0, 0, 4;
    %pushi/vec4 0, 0, 1;
    %store/vec4 v0x560385d3c9b0_0, 0, 1;
    %load/vec4 v0x560385d3cdc0_0;
    %pad/u 32;
    %cmpi/e 16, 0, 32;
    %jmp/0xz  T_0.87, 4;
    %pushi/vec4 0, 0, 19;
    %store/vec4 v0x560385d3cdc0_0, 0, 19;
    %pushi/vec4 21, 0, 6;
    %store/vec4 v0x560385d3d2a0_0, 0, 6;
T_0.87 ;
    %jmp T_0.46;
T_0.25 ;
    %pushi/vec4 1, 0, 1;
    %store/vec4 v0x560385d3c9b0_0, 0, 1;
    %load/vec4 v0x560385d3cdc0_0;
    %pad/u 32;
    %cmpi/e 32, 0, 32;
    %jmp/0xz  T_0.89, 4;
    %pushi/vec4 0, 0, 19;
    %store/vec4 v0x560385d3cdc0_0, 0, 19;
    %pushi/vec4 22, 0, 6;
    %store/vec4 v0x560385d3d2a0_0, 0, 6;
T_0.89 ;
    %jmp T_0.46;
T_0.26 ;
    %pushi/vec4 0, 0, 1;
    %store/vec4 v0x560385d3c9b0_0, 0, 1;
    %load/vec4 v0x560385d3cdc0_0;
    %pad/u 32;
    %cmpi/e 16, 0, 32;
    %jmp/0xz  T_0.91, 4;
    %pushi/vec4 0, 0, 19;
    %store/vec4 v0x560385d3cdc0_0, 0, 19;
    %pushi/vec4 23, 0, 6;
    %store/vec4 v0x560385d3d2a0_0, 0, 6;
T_0.91 ;
    %jmp T_0.46;
T_0.27 ;
    %load/vec4 v0x560385d3cdc0_0;
    %pad/u 32;
    %cmpi/e 2048, 0, 32;
    %jmp/0xz  T_0.93, 4;
    %pushi/vec4 0, 0, 19;
    %store/vec4 v0x560385d3cdc0_0, 0, 19;
    %pushi/vec4 24, 0, 6;
    %store/vec4 v0x560385d3d2a0_0, 0, 6;
T_0.93 ;
    %jmp T_0.46;
T_0.28 ;
    %pushi/vec4 0, 0, 4;
    %store/vec4 v0x560385d3cea0_0, 0, 4;
    %pushi/vec4 0, 0, 1;
    %store/vec4 v0x560385d3c9b0_0, 0, 1;
    %load/vec4 v0x560385d3cdc0_0;
    %pad/u 32;
    %cmpi/e 16, 0, 32;
    %jmp/0xz  T_0.95, 4;
    %pushi/vec4 0, 0, 19;
    %store/vec4 v0x560385d3cdc0_0, 0, 19;
    %pushi/vec4 25, 0, 6;
    %store/vec4 v0x560385d3d2a0_0, 0, 6;
T_0.95 ;
    %jmp T_0.46;
T_0.29 ;
    %pushi/vec4 1, 0, 1;
    %store/vec4 v0x560385d3c9b0_0, 0, 1;
    %load/vec4 v0x560385d3cdc0_0;
    %pad/u 32;
    %cmpi/e 32, 0, 32;
    %jmp/0xz  T_0.97, 4;
    %pushi/vec4 0, 0, 19;
    %store/vec4 v0x560385d3cdc0_0, 0, 19;
    %pushi/vec4 26, 0, 6;
    %store/vec4 v0x560385d3d2a0_0, 0, 6;
T_0.97 ;
    %jmp T_0.46;
T_0.30 ;
    %pushi/vec4 0, 0, 1;
    %store/vec4 v0x560385d3c9b0_0, 0, 1;
    %load/vec4 v0x560385d3cdc0_0;
    %pad/u 32;
    %cmpi/e 16, 0, 32;
    %jmp/0xz  T_0.99, 4;
    %pushi/vec4 0, 0, 19;
    %store/vec4 v0x560385d3cdc0_0, 0, 19;
    %pushi/vec4 27, 0, 6;
    %store/vec4 v0x560385d3d2a0_0, 0, 6;
T_0.99 ;
    %jmp T_0.46;
T_0.31 ;
    %load/vec4 v0x560385d3cdc0_0;
    %pad/u 32;
    %cmpi/e 64, 0, 32;
    %jmp/0xz  T_0.101, 4;
    %pushi/vec4 0, 0, 19;
    %store/vec4 v0x560385d3cdc0_0, 0, 19;
    %pushi/vec4 28, 0, 6;
    %store/vec4 v0x560385d3d2a0_0, 0, 6;
T_0.101 ;
    %jmp T_0.46;
T_0.32 ;
    %pushi/vec4 6, 0, 4;
    %store/vec4 v0x560385d3cea0_0, 0, 4;
    %pushi/vec4 0, 0, 1;
    %store/vec4 v0x560385d3c9b0_0, 0, 1;
    %load/vec4 v0x560385d3cdc0_0;
    %pad/u 32;
    %cmpi/e 16, 0, 32;
    %jmp/0xz  T_0.103, 4;
    %pushi/vec4 0, 0, 19;
    %store/vec4 v0x560385d3cdc0_0, 0, 19;
    %pushi/vec4 29, 0, 6;
    %store/vec4 v0x560385d3d2a0_0, 0, 6;
T_0.103 ;
    %jmp T_0.46;
T_0.33 ;
    %pushi/vec4 1, 0, 1;
    %store/vec4 v0x560385d3c9b0_0, 0, 1;
    %load/vec4 v0x560385d3cdc0_0;
    %pad/u 32;
    %cmpi/e 32, 0, 32;
    %jmp/0xz  T_0.105, 4;
    %pushi/vec4 0, 0, 19;
    %store/vec4 v0x560385d3cdc0_0, 0, 19;
    %pushi/vec4 30, 0, 6;
    %store/vec4 v0x560385d3d2a0_0, 0, 6;
T_0.105 ;
    %jmp T_0.46;
T_0.34 ;
    %pushi/vec4 0, 0, 1;
    %store/vec4 v0x560385d3c9b0_0, 0, 1;
    %load/vec4 v0x560385d3cdc0_0;
    %pad/u 32;
    %cmpi/e 16, 0, 32;
    %jmp/0xz  T_0.107, 4;
    %pushi/vec4 0, 0, 19;
    %store/vec4 v0x560385d3cdc0_0, 0, 19;
    %pushi/vec4 31, 0, 6;
    %store/vec4 v0x560385d3d2a0_0, 0, 6;
T_0.107 ;
    %jmp T_0.46;
T_0.35 ;
    %load/vec4 v0x560385d3cdc0_0;
    %pad/u 32;
    %cmpi/e 2048, 0, 32;
    %jmp/0xz  T_0.109, 4;
    %pushi/vec4 0, 0, 19;
    %store/vec4 v0x560385d3cdc0_0, 0, 19;
    %pushi/vec4 32, 0, 6;
    %store/vec4 v0x560385d3d2a0_0, 0, 6;
T_0.109 ;
    %jmp T_0.46;
T_0.36 ;
    %pushi/vec4 0, 0, 4;
    %store/vec4 v0x560385d3cea0_0, 0, 4;
    %pushi/vec4 0, 0, 1;
    %store/vec4 v0x560385d3c9b0_0, 0, 1;
    %load/vec4 v0x560385d3cdc0_0;
    %pad/u 32;
    %cmpi/e 16, 0, 32;
    %jmp/0xz  T_0.111, 4;
    %pushi/vec4 0, 0, 19;
    %store/vec4 v0x560385d3cdc0_0, 0, 19;
    %pushi/vec4 33, 0, 6;
    %store/vec4 v0x560385d3d2a0_0, 0, 6;
T_0.111 ;
    %jmp T_0.46;
T_0.37 ;
    %pushi/vec4 1, 0, 1;
    %store/vec4 v0x560385d3c9b0_0, 0, 1;
    %load/vec4 v0x560385d3cdc0_0;
    %pad/u 32;
    %cmpi/e 32, 0, 32;
    %jmp/0xz  T_0.113, 4;
    %pushi/vec4 0, 0, 19;
    %store/vec4 v0x560385d3cdc0_0, 0, 19;
    %pushi/vec4 34, 0, 6;
    %store/vec4 v0x560385d3d2a0_0, 0, 6;
T_0.113 ;
    %jmp T_0.46;
T_0.38 ;
    %pushi/vec4 0, 0, 1;
    %store/vec4 v0x560385d3c9b0_0, 0, 1;
    %load/vec4 v0x560385d3cdc0_0;
    %pad/u 32;
    %cmpi/e 16, 0, 32;
    %jmp/0xz  T_0.115, 4;
    %pushi/vec4 0, 0, 19;
    %store/vec4 v0x560385d3cdc0_0, 0, 19;
    %pushi/vec4 35, 0, 6;
    %store/vec4 v0x560385d3d2a0_0, 0, 6;
T_0.115 ;
    %jmp T_0.46;
T_0.39 ;
    %load/vec4 v0x560385d3cdc0_0;
    %pad/u 32;
    %cmpi/e 64, 0, 32;
    %jmp/0xz  T_0.117, 4;
    %pushi/vec4 0, 0, 19;
    %store/vec4 v0x560385d3cdc0_0, 0, 19;
    %pushi/vec4 36, 0, 6;
    %store/vec4 v0x560385d3d2a0_0, 0, 6;
T_0.117 ;
    %jmp T_0.46;
T_0.40 ;
    %pushi/vec4 12, 0, 4;
    %store/vec4 v0x560385d3cea0_0, 0, 4;
    %pushi/vec4 0, 0, 1;
    %store/vec4 v0x560385d3c9b0_0, 0, 1;
    %load/vec4 v0x560385d3cdc0_0;
    %pad/u 32;
    %cmpi/e 16, 0, 32;
    %jmp/0xz  T_0.119, 4;
    %pushi/vec4 0, 0, 19;
    %store/vec4 v0x560385d3cdc0_0, 0, 19;
    %pushi/vec4 37, 0, 6;
    %store/vec4 v0x560385d3d2a0_0, 0, 6;
T_0.119 ;
    %jmp T_0.46;
T_0.41 ;
    %pushi/vec4 1, 0, 1;
    %store/vec4 v0x560385d3c9b0_0, 0, 1;
    %load/vec4 v0x560385d3cdc0_0;
    %pad/u 32;
    %cmpi/e 32, 0, 32;
    %jmp/0xz  T_0.121, 4;
    %pushi/vec4 0, 0, 19;
    %store/vec4 v0x560385d3cdc0_0, 0, 19;
    %pushi/vec4 38, 0, 6;
    %store/vec4 v0x560385d3d2a0_0, 0, 6;
T_0.121 ;
    %jmp T_0.46;
T_0.42 ;
    %pushi/vec4 0, 0, 1;
    %store/vec4 v0x560385d3c9b0_0, 0, 1;
    %load/vec4 v0x560385d3cdc0_0;
    %pad/u 32;
    %cmpi/e 16, 0, 32;
    %jmp/0xz  T_0.123, 4;
    %pushi/vec4 0, 0, 19;
    %store/vec4 v0x560385d3cdc0_0, 0, 19;
    %pushi/vec4 39, 0, 6;
    %store/vec4 v0x560385d3d2a0_0, 0, 6;
T_0.123 ;
    %jmp T_0.46;
T_0.43 ;
    %load/vec4 v0x560385d3cdc0_0;
    %pad/u 32;
    %cmpi/e 2048, 0, 32;
    %jmp/0xz  T_0.125, 4;
    %pushi/vec4 0, 0, 19;
    %store/vec4 v0x560385d3cdc0_0, 0, 19;
    %pushi/vec4 40, 0, 6;
    %store/vec4 v0x560385d3d2a0_0, 0, 6;
    %pushi/vec4 1, 0, 1;
    %store/vec4 v0x560385d3d1e0_0, 0, 1;
T_0.125 ;
    %jmp T_0.46;
T_0.44 ;
    %pushi/vec4 40, 0, 6;
    %store/vec4 v0x560385d3d2a0_0, 0, 6;
    %jmp T_0.46;
T_0.46 ;
    %pop/vec4 1;
T_0.2 ;
    %load/vec4 v0x560385d3c8f0_0;
    %pad/u 32;
    %pushi/vec4 1, 0, 32;
    %cmp/e;
    %flag_get/vec4 4;
    %load/vec4 v0x560385d3cf80_0;
    %pad/u 32;
    %pushi/vec4 0, 0, 32;
    %cmp/e;
    %flag_get/vec4 4;
    %and;
    %flag_set/vec4 8;
    %jmp/0xz  T_0.127, 8;
    %pushi/vec4 1, 0, 1;
    %store/vec4 v0x560385d3d440_0, 0, 1;
    %pushi/vec4 0, 0, 1;
    %store/vec4 v0x560385d3d500_0, 0, 1;
    %load/vec4 v0x560385d3d2a0_0;
    %dup/vec4;
    %pushi/vec4 0, 0, 6;
    %cmp/u;
    %jmp/1 T_0.129, 6;
    %dup/vec4;
    %pushi/vec4 1, 0, 6;
    %cmp/u;
    %jmp/1 T_0.130, 6;
    %dup/vec4;
    %pushi/vec4 2, 0, 6;
    %cmp/u;
    %jmp/1 T_0.131, 6;
    %dup/vec4;
    %pushi/vec4 3, 0, 6;
    %cmp/u;
    %jmp/1 T_0.132, 6;
    %dup/vec4;
    %pushi/vec4 4, 0, 6;
    %cmp/u;
    %jmp/1 T_0.133, 6;
    %dup/vec4;
    %pushi/vec4 5, 0, 6;
    %cmp/u;
    %jmp/1 T_0.134, 6;
    %dup/vec4;
    %pushi/vec4 6, 0, 6;
    %cmp/u;
    %jmp/1 T_0.135, 6;
    %dup/vec4;
    %pushi/vec4 7, 0, 6;
    %cmp/u;
    %jmp/1 T_0.136, 6;
    %dup/vec4;
    %pushi/vec4 8, 0, 6;
    %cmp/u;
    %jmp/1 T_0.137, 6;
    %pushi/vec4 8, 0, 6;
    %store/vec4 v0x560385d3d2a0_0, 0, 6;
    %jmp T_0.139;
T_0.129 ;
    %load/vec4 v0x560385d3d040_0;
    %parti/s 4, 4, 4;
    %store/vec4 v0x560385d3cea0_0, 0, 4;
    %pushi/vec4 0, 0, 1;
    %store/vec4 v0x560385d3c9b0_0, 0, 1;
    %load/vec4 v0x560385d3cdc0_0;
    %pad/u 32;
    %cmpi/e 16, 0, 32;
    %jmp/0xz  T_0.140, 4;
    %pushi/vec4 0, 0, 19;
    %store/vec4 v0x560385d3cdc0_0, 0, 19;
    %pushi/vec4 1, 0, 6;
    %store/vec4 v0x560385d3d2a0_0, 0, 6;
T_0.140 ;
    %jmp T_0.139;
T_0.130 ;
    %pushi/vec4 1, 0, 1;
    %store/vec4 v0x560385d3c9b0_0, 0, 1;
    %load/vec4 v0x560385d3cdc0_0;
    %pad/u 32;
    %cmpi/e 32, 0, 32;
    %jmp/0xz  T_0.142, 4;
    %pushi/vec4 0, 0, 19;
    %store/vec4 v0x560385d3cdc0_0, 0, 19;
    %pushi/vec4 2, 0, 6;
    %store/vec4 v0x560385d3d2a0_0, 0, 6;
T_0.142 ;
    %jmp T_0.139;
T_0.131 ;
    %pushi/vec4 0, 0, 1;
    %store/vec4 v0x560385d3c9b0_0, 0, 1;
    %load/vec4 v0x560385d3cdc0_0;
    %pad/u 32;
    %cmpi/e 16, 0, 32;
    %jmp/0xz  T_0.144, 4;
    %pushi/vec4 0, 0, 19;
    %store/vec4 v0x560385d3cdc0_0, 0, 19;
    %pushi/vec4 3, 0, 6;
    %store/vec4 v0x560385d3d2a0_0, 0, 6;
T_0.144 ;
    %jmp T_0.139;
T_0.132 ;
    %load/vec4 v0x560385d3cdc0_0;
    %pad/u 32;
    %cmpi/e 64, 0, 32;
    %jmp/0xz  T_0.146, 4;
    %pushi/vec4 0, 0, 19;
    %store/vec4 v0x560385d3cdc0_0, 0, 19;
    %pushi/vec4 4, 0, 6;
    %store/vec4 v0x560385d3d2a0_0, 0, 6;
T_0.146 ;
    %jmp T_0.139;
T_0.133 ;
    %load/vec4 v0x560385d3d040_0;
    %parti/s 4, 0, 2;
    %store/vec4 v0x560385d3cea0_0, 0, 4;
    %pushi/vec4 0, 0, 1;
    %store/vec4 v0x560385d3c9b0_0, 0, 1;
    %load/vec4 v0x560385d3cdc0_0;
    %pad/u 32;
    %cmpi/e 16, 0, 32;
    %jmp/0xz  T_0.148, 4;
    %pushi/vec4 0, 0, 19;
    %store/vec4 v0x560385d3cdc0_0, 0, 19;
    %pushi/vec4 5, 0, 6;
    %store/vec4 v0x560385d3d2a0_0, 0, 6;
T_0.148 ;
    %jmp T_0.139;
T_0.134 ;
    %pushi/vec4 1, 0, 1;
    %store/vec4 v0x560385d3c9b0_0, 0, 1;
    %load/vec4 v0x560385d3cdc0_0;
    %pad/u 32;
    %cmpi/e 32, 0, 32;
    %jmp/0xz  T_0.150, 4;
    %pushi/vec4 0, 0, 19;
    %store/vec4 v0x560385d3cdc0_0, 0, 19;
    %pushi/vec4 6, 0, 6;
    %store/vec4 v0x560385d3d2a0_0, 0, 6;
T_0.150 ;
    %jmp T_0.139;
T_0.135 ;
    %pushi/vec4 0, 0, 1;
    %store/vec4 v0x560385d3c9b0_0, 0, 1;
    %load/vec4 v0x560385d3cdc0_0;
    %pad/u 32;
    %cmpi/e 16, 0, 32;
    %jmp/0xz  T_0.152, 4;
    %pushi/vec4 0, 0, 19;
    %store/vec4 v0x560385d3cdc0_0, 0, 19;
    %pushi/vec4 7, 0, 6;
    %store/vec4 v0x560385d3d2a0_0, 0, 6;
T_0.152 ;
    %jmp T_0.139;
T_0.136 ;
    %load/vec4 v0x560385d3cdc0_0;
    %pad/u 32;
    %cmpi/e 2048, 0, 32;
    %jmp/0xz  T_0.154, 4;
    %pushi/vec4 0, 0, 19;
    %store/vec4 v0x560385d3cdc0_0, 0, 19;
    %pushi/vec4 8, 0, 6;
    %store/vec4 v0x560385d3d2a0_0, 0, 6;
    %pushi/vec4 1, 0, 1;
    %store/vec4 v0x560385d3cf80_0, 0, 1;
T_0.154 ;
    %jmp T_0.139;
T_0.137 ;
    %pushi/vec4 8, 0, 6;
    %store/vec4 v0x560385d3d2a0_0, 0, 6;
    %jmp T_0.139;
T_0.139 ;
    %pop/vec4 1;
T_0.127 ;
    %load/vec4 v0x560385d3cac0_0;
    %pad/u 32;
    %pushi/vec4 1, 0, 32;
    %cmp/e;
    %flag_get/vec4 4;
    %load/vec4 v0x560385d3d120_0;
    %pad/u 32;
    %pushi/vec4 0, 0, 32;
    %cmp/e;
    %flag_get/vec4 4;
    %and;
    %flag_set/vec4 8;
    %jmp/0xz  T_0.156, 8;
    %pushi/vec4 0, 0, 1;
    %store/vec4 v0x560385d3d440_0, 0, 1;
    %pushi/vec4 0, 0, 1;
    %store/vec4 v0x560385d3d500_0, 0, 1;
    %load/vec4 v0x560385d3d2a0_0;
    %dup/vec4;
    %pushi/vec4 0, 0, 6;
    %cmp/u;
    %jmp/1 T_0.158, 6;
    %dup/vec4;
    %pushi/vec4 1, 0, 6;
    %cmp/u;
    %jmp/1 T_0.159, 6;
    %dup/vec4;
    %pushi/vec4 2, 0, 6;
    %cmp/u;
    %jmp/1 T_0.160, 6;
    %dup/vec4;
    %pushi/vec4 3, 0, 6;
    %cmp/u;
    %jmp/1 T_0.161, 6;
    %dup/vec4;
    %pushi/vec4 4, 0, 6;
    %cmp/u;
    %jmp/1 T_0.162, 6;
    %dup/vec4;
    %pushi/vec4 5, 0, 6;
    %cmp/u;
    %jmp/1 T_0.163, 6;
    %dup/vec4;
    %pushi/vec4 6, 0, 6;
    %cmp/u;
    %jmp/1 T_0.164, 6;
    %dup/vec4;
    %pushi/vec4 7, 0, 6;
    %cmp/u;
    %jmp/1 T_0.165, 6;
    %dup/vec4;
    %pushi/vec4 8, 0, 6;
    %cmp/u;
    %jmp/1 T_0.166, 6;
    %pushi/vec4 8, 0, 6;
    %store/vec4 v0x560385d3d2a0_0, 0, 6;
    %jmp T_0.168;
T_0.158 ;
    %pushi/vec4 0, 0, 4;
    %store/vec4 v0x560385d3cea0_0, 0, 4;
    %pushi/vec4 0, 0, 1;
    %store/vec4 v0x560385d3c9b0_0, 0, 1;
    %load/vec4 v0x560385d3cdc0_0;
    %pad/u 32;
    %cmpi/e 16, 0, 32;
    %jmp/0xz  T_0.169, 4;
    %pushi/vec4 0, 0, 19;
    %store/vec4 v0x560385d3cdc0_0, 0, 19;
    %pushi/vec4 1, 0, 6;
    %store/vec4 v0x560385d3d2a0_0, 0, 6;
T_0.169 ;
    %jmp T_0.168;
T_0.159 ;
    %pushi/vec4 1, 0, 1;
    %store/vec4 v0x560385d3c9b0_0, 0, 1;
    %load/vec4 v0x560385d3cdc0_0;
    %pad/u 32;
    %cmpi/e 32, 0, 32;
    %jmp/0xz  T_0.171, 4;
    %pushi/vec4 0, 0, 19;
    %store/vec4 v0x560385d3cdc0_0, 0, 19;
    %pushi/vec4 2, 0, 6;
    %store/vec4 v0x560385d3d2a0_0, 0, 6;
T_0.171 ;
    %jmp T_0.168;
T_0.160 ;
    %pushi/vec4 0, 0, 1;
    %store/vec4 v0x560385d3c9b0_0, 0, 1;
    %load/vec4 v0x560385d3cdc0_0;
    %pad/u 32;
    %cmpi/e 16, 0, 32;
    %jmp/0xz  T_0.173, 4;
    %pushi/vec4 0, 0, 19;
    %store/vec4 v0x560385d3cdc0_0, 0, 19;
    %pushi/vec4 3, 0, 6;
    %store/vec4 v0x560385d3d2a0_0, 0, 6;
T_0.173 ;
    %jmp T_0.168;
T_0.161 ;
    %load/vec4 v0x560385d3cdc0_0;
    %pad/u 32;
    %cmpi/e 64, 0, 32;
    %jmp/0xz  T_0.175, 4;
    %pushi/vec4 0, 0, 19;
    %store/vec4 v0x560385d3cdc0_0, 0, 19;
    %pushi/vec4 4, 0, 6;
    %store/vec4 v0x560385d3d2a0_0, 0, 6;
T_0.175 ;
    %jmp T_0.168;
T_0.162 ;
    %pushi/vec4 2, 0, 4;
    %store/vec4 v0x560385d3cea0_0, 0, 4;
    %pushi/vec4 0, 0, 1;
    %store/vec4 v0x560385d3c9b0_0, 0, 1;
    %load/vec4 v0x560385d3cdc0_0;
    %pad/u 32;
    %cmpi/e 16, 0, 32;
    %jmp/0xz  T_0.177, 4;
    %pushi/vec4 0, 0, 19;
    %store/vec4 v0x560385d3cdc0_0, 0, 19;
    %pushi/vec4 5, 0, 6;
    %store/vec4 v0x560385d3d2a0_0, 0, 6;
T_0.177 ;
    %jmp T_0.168;
T_0.163 ;
    %pushi/vec4 1, 0, 1;
    %store/vec4 v0x560385d3c9b0_0, 0, 1;
    %load/vec4 v0x560385d3cdc0_0;
    %pad/u 32;
    %cmpi/e 32, 0, 32;
    %jmp/0xz  T_0.179, 4;
    %pushi/vec4 0, 0, 19;
    %store/vec4 v0x560385d3cdc0_0, 0, 19;
    %pushi/vec4 6, 0, 6;
    %store/vec4 v0x560385d3d2a0_0, 0, 6;
T_0.179 ;
    %jmp T_0.168;
T_0.164 ;
    %pushi/vec4 0, 0, 1;
    %store/vec4 v0x560385d3c9b0_0, 0, 1;
    %load/vec4 v0x560385d3cdc0_0;
    %pad/u 32;
    %cmpi/e 16, 0, 32;
    %jmp/0xz  T_0.181, 4;
    %pushi/vec4 0, 0, 19;
    %store/vec4 v0x560385d3cdc0_0, 0, 19;
    %pushi/vec4 7, 0, 6;
    %store/vec4 v0x560385d3d2a0_0, 0, 6;
T_0.181 ;
    %jmp T_0.168;
T_0.165 ;
    %load/vec4 v0x560385d3cdc0_0;
    %pad/u 32;
    %cmpi/e 131072, 0, 32;
    %jmp/0xz  T_0.183, 4;
    %pushi/vec4 0, 0, 19;
    %store/vec4 v0x560385d3cdc0_0, 0, 19;
    %pushi/vec4 8, 0, 6;
    %store/vec4 v0x560385d3d2a0_0, 0, 6;
    %pushi/vec4 1, 0, 1;
    %store/vec4 v0x560385d3d120_0, 0, 1;
T_0.183 ;
    %jmp T_0.168;
T_0.166 ;
    %pushi/vec4 8, 0, 6;
    %store/vec4 v0x560385d3d2a0_0, 0, 6;
    %jmp T_0.168;
T_0.168 ;
    %pop/vec4 1;
T_0.156 ;
    %load/vec4 v0x560385d3c850_0;
    %pad/u 32;
    %pushi/vec4 1, 0, 32;
    %cmp/e;
    %flag_get/vec4 4;
    %load/vec4 v0x560385d3cd00_0;
    %pad/u 32;
    %pushi/vec4 0, 0, 32;
    %cmp/e;
    %flag_get/vec4 4;
    %and;
    %flag_set/vec4 8;
    %jmp/0xz  T_0.185, 8;
    %pushi/vec4 0, 0, 1;
    %store/vec4 v0x560385d3d440_0, 0, 1;
    %pushi/vec4 0, 0, 1;
    %store/vec4 v0x560385d3d500_0, 0, 1;
    %load/vec4 v0x560385d3d2a0_0;
    %dup/vec4;
    %pushi/vec4 0, 0, 6;
    %cmp/u;
    %jmp/1 T_0.187, 6;
    %dup/vec4;
    %pushi/vec4 1, 0, 6;
    %cmp/u;
    %jmp/1 T_0.188, 6;
    %dup/vec4;
    %pushi/vec4 2, 0, 6;
    %cmp/u;
    %jmp/1 T_0.189, 6;
    %dup/vec4;
    %pushi/vec4 3, 0, 6;
    %cmp/u;
    %jmp/1 T_0.190, 6;
    %dup/vec4;
    %pushi/vec4 4, 0, 6;
    %cmp/u;
    %jmp/1 T_0.191, 6;
    %dup/vec4;
    %pushi/vec4 5, 0, 6;
    %cmp/u;
    %jmp/1 T_0.192, 6;
    %dup/vec4;
    %pushi/vec4 6, 0, 6;
    %cmp/u;
    %jmp/1 T_0.193, 6;
    %dup/vec4;
    %pushi/vec4 7, 0, 6;
    %cmp/u;
    %jmp/1 T_0.194, 6;
    %dup/vec4;
    %pushi/vec4 8, 0, 6;
    %cmp/u;
    %jmp/1 T_0.195, 6;
    %pushi/vec4 8, 0, 6;
    %store/vec4 v0x560385d3d2a0_0, 0, 6;
    %jmp T_0.197;
T_0.187 ;
    %pushi/vec4 0, 0, 4;
    %store/vec4 v0x560385d3cea0_0, 0, 4;
    %pushi/vec4 0, 0, 1;
    %store/vec4 v0x560385d3c9b0_0, 0, 1;
    %load/vec4 v0x560385d3cdc0_0;
    %pad/u 32;
    %cmpi/e 16, 0, 32;
    %jmp/0xz  T_0.198, 4;
    %pushi/vec4 0, 0, 19;
    %store/vec4 v0x560385d3cdc0_0, 0, 19;
    %pushi/vec4 1, 0, 6;
    %store/vec4 v0x560385d3d2a0_0, 0, 6;
T_0.198 ;
    %jmp T_0.197;
T_0.188 ;
    %pushi/vec4 1, 0, 1;
    %store/vec4 v0x560385d3c9b0_0, 0, 1;
    %load/vec4 v0x560385d3cdc0_0;
    %pad/u 32;
    %cmpi/e 32, 0, 32;
    %jmp/0xz  T_0.200, 4;
    %pushi/vec4 0, 0, 19;
    %store/vec4 v0x560385d3cdc0_0, 0, 19;
    %pushi/vec4 2, 0, 6;
    %store/vec4 v0x560385d3d2a0_0, 0, 6;
T_0.200 ;
    %jmp T_0.197;
T_0.189 ;
    %pushi/vec4 0, 0, 1;
    %store/vec4 v0x560385d3c9b0_0, 0, 1;
    %load/vec4 v0x560385d3cdc0_0;
    %pad/u 32;
    %cmpi/e 16, 0, 32;
    %jmp/0xz  T_0.202, 4;
    %pushi/vec4 0, 0, 19;
    %store/vec4 v0x560385d3cdc0_0, 0, 19;
    %pushi/vec4 3, 0, 6;
    %store/vec4 v0x560385d3d2a0_0, 0, 6;
T_0.202 ;
    %jmp T_0.197;
T_0.190 ;
    %load/vec4 v0x560385d3cdc0_0;
    %pad/u 32;
    %cmpi/e 64, 0, 32;
    %jmp/0xz  T_0.204, 4;
    %pushi/vec4 0, 0, 19;
    %store/vec4 v0x560385d3cdc0_0, 0, 19;
    %pushi/vec4 4, 0, 6;
    %store/vec4 v0x560385d3d2a0_0, 0, 6;
T_0.204 ;
    %jmp T_0.197;
T_0.191 ;
    %pushi/vec4 1, 0, 4;
    %store/vec4 v0x560385d3cea0_0, 0, 4;
    %pushi/vec4 0, 0, 1;
    %store/vec4 v0x560385d3c9b0_0, 0, 1;
    %load/vec4 v0x560385d3cdc0_0;
    %pad/u 32;
    %cmpi/e 16, 0, 32;
    %jmp/0xz  T_0.206, 4;
    %pushi/vec4 0, 0, 19;
    %store/vec4 v0x560385d3cdc0_0, 0, 19;
    %pushi/vec4 5, 0, 6;
    %store/vec4 v0x560385d3d2a0_0, 0, 6;
T_0.206 ;
    %jmp T_0.197;
T_0.192 ;
    %pushi/vec4 1, 0, 1;
    %store/vec4 v0x560385d3c9b0_0, 0, 1;
    %load/vec4 v0x560385d3cdc0_0;
    %pad/u 32;
    %cmpi/e 32, 0, 32;
    %jmp/0xz  T_0.208, 4;
    %pushi/vec4 0, 0, 19;
    %store/vec4 v0x560385d3cdc0_0, 0, 19;
    %pushi/vec4 6, 0, 6;
    %store/vec4 v0x560385d3d2a0_0, 0, 6;
T_0.208 ;
    %jmp T_0.197;
T_0.193 ;
    %pushi/vec4 0, 0, 1;
    %store/vec4 v0x560385d3c9b0_0, 0, 1;
    %load/vec4 v0x560385d3cdc0_0;
    %pad/u 32;
    %cmpi/e 16, 0, 32;
    %jmp/0xz  T_0.210, 4;
    %pushi/vec4 0, 0, 19;
    %store/vec4 v0x560385d3cdc0_0, 0, 19;
    %pushi/vec4 7, 0, 6;
    %store/vec4 v0x560385d3d2a0_0, 0, 6;
T_0.210 ;
    %jmp T_0.197;
T_0.194 ;
    %load/vec4 v0x560385d3cdc0_0;
    %pad/u 32;
    %cmpi/e 131072, 0, 32;
    %jmp/0xz  T_0.212, 4;
    %pushi/vec4 0, 0, 19;
    %store/vec4 v0x560385d3cdc0_0, 0, 19;
    %pushi/vec4 8, 0, 6;
    %store/vec4 v0x560385d3d2a0_0, 0, 6;
    %pushi/vec4 1, 0, 1;
    %store/vec4 v0x560385d3cd00_0, 0, 1;
T_0.212 ;
    %jmp T_0.197;
T_0.195 ;
    %pushi/vec4 8, 0, 6;
    %store/vec4 v0x560385d3d2a0_0, 0, 6;
    %jmp T_0.197;
T_0.197 ;
    %pop/vec4 1;
T_0.185 ;
    %load/vec4 v0x560385d18e20_0;
    %pad/u 32;
    %pushi/vec4 1, 0, 32;
    %cmp/e;
    %flag_get/vec4 4;
    %load/vec4 v0x560385d3cc40_0;
    %pad/u 32;
    %pushi/vec4 0, 0, 32;
    %cmp/e;
    %flag_get/vec4 4;
    %and;
    %flag_set/vec4 8;
    %jmp/0xz  T_0.214, 8;
    %pushi/vec4 0, 0, 1;
    %store/vec4 v0x560385d3d440_0, 0, 1;
    %pushi/vec4 0, 0, 1;
    %store/vec4 v0x560385d3d500_0, 0, 1;
    %load/vec4 v0x560385d3d2a0_0;
    %dup/vec4;
    %pushi/vec4 0, 0, 6;
    %cmp/u;
    %jmp/1 T_0.216, 6;
    %dup/vec4;
    %pushi/vec4 1, 0, 6;
    %cmp/u;
    %jmp/1 T_0.217, 6;
    %dup/vec4;
    %pushi/vec4 2, 0, 6;
    %cmp/u;
    %jmp/1 T_0.218, 6;
    %dup/vec4;
    %pushi/vec4 3, 0, 6;
    %cmp/u;
    %jmp/1 T_0.219, 6;
    %dup/vec4;
    %pushi/vec4 4, 0, 6;
    %cmp/u;
    %jmp/1 T_0.220, 6;
    %dup/vec4;
    %pushi/vec4 5, 0, 6;
    %cmp/u;
    %jmp/1 T_0.221, 6;
    %dup/vec4;
    %pushi/vec4 6, 0, 6;
    %cmp/u;
    %jmp/1 T_0.222, 6;
    %dup/vec4;
    %pushi/vec4 7, 0, 6;
    %cmp/u;
    %jmp/1 T_0.223, 6;
    %dup/vec4;
    %pushi/vec4 8, 0, 6;
    %cmp/u;
    %jmp/1 T_0.224, 6;
    %pushi/vec4 8, 0, 6;
    %store/vec4 v0x560385d3d2a0_0, 0, 6;
    %jmp T_0.226;
T_0.216 ;
    %pushi/vec4 1, 0, 1;
    %ix/load 4, 3, 0;
    %flag_set/imm 4, 0;
    %store/vec4 v0x560385d3cea0_0, 4, 1;
    %load/vec4 v0x560385d3d040_0;
    %parti/s 3, 4, 4;
    %ix/load 4, 0, 0;
    %flag_set/imm 4, 0;
    %store/vec4 v0x560385d3cea0_0, 4, 3;
    %pushi/vec4 0, 0, 1;
    %store/vec4 v0x560385d3c9b0_0, 0, 1;
    %load/vec4 v0x560385d3cdc0_0;
    %pad/u 32;
    %cmpi/e 16, 0, 32;
    %jmp/0xz  T_0.227, 4;
    %pushi/vec4 0, 0, 19;
    %store/vec4 v0x560385d3cdc0_0, 0, 19;
    %pushi/vec4 1, 0, 6;
    %store/vec4 v0x560385d3d2a0_0, 0, 6;
T_0.227 ;
    %jmp T_0.226;
T_0.217 ;
    %pushi/vec4 1, 0, 1;
    %store/vec4 v0x560385d3c9b0_0, 0, 1;
    %load/vec4 v0x560385d3cdc0_0;
    %pad/u 32;
    %cmpi/e 32, 0, 32;
    %jmp/0xz  T_0.229, 4;
    %pushi/vec4 0, 0, 19;
    %store/vec4 v0x560385d3cdc0_0, 0, 19;
    %pushi/vec4 2, 0, 6;
    %store/vec4 v0x560385d3d2a0_0, 0, 6;
T_0.229 ;
    %jmp T_0.226;
T_0.218 ;
    %pushi/vec4 0, 0, 1;
    %store/vec4 v0x560385d3c9b0_0, 0, 1;
    %load/vec4 v0x560385d3cdc0_0;
    %pad/u 32;
    %cmpi/e 16, 0, 32;
    %jmp/0xz  T_0.231, 4;
    %pushi/vec4 0, 0, 19;
    %store/vec4 v0x560385d3cdc0_0, 0, 19;
    %pushi/vec4 3, 0, 6;
    %store/vec4 v0x560385d3d2a0_0, 0, 6;
T_0.231 ;
    %jmp T_0.226;
T_0.219 ;
    %load/vec4 v0x560385d3cdc0_0;
    %pad/u 32;
    %cmpi/e 64, 0, 32;
    %jmp/0xz  T_0.233, 4;
    %pushi/vec4 0, 0, 19;
    %store/vec4 v0x560385d3cdc0_0, 0, 19;
    %pushi/vec4 4, 0, 6;
    %store/vec4 v0x560385d3d2a0_0, 0, 6;
T_0.233 ;
    %jmp T_0.226;
T_0.220 ;
    %load/vec4 v0x560385d3d040_0;
    %parti/s 4, 0, 2;
    %store/vec4 v0x560385d3cea0_0, 0, 4;
    %pushi/vec4 0, 0, 1;
    %store/vec4 v0x560385d3c9b0_0, 0, 1;
    %load/vec4 v0x560385d3cdc0_0;
    %pad/u 32;
    %cmpi/e 16, 0, 32;
    %jmp/0xz  T_0.235, 4;
    %pushi/vec4 0, 0, 19;
    %store/vec4 v0x560385d3cdc0_0, 0, 19;
    %pushi/vec4 5, 0, 6;
    %store/vec4 v0x560385d3d2a0_0, 0, 6;
T_0.235 ;
    %jmp T_0.226;
T_0.221 ;
    %pushi/vec4 1, 0, 1;
    %store/vec4 v0x560385d3c9b0_0, 0, 1;
    %load/vec4 v0x560385d3cdc0_0;
    %pad/u 32;
    %cmpi/e 32, 0, 32;
    %jmp/0xz  T_0.237, 4;
    %pushi/vec4 0, 0, 19;
    %store/vec4 v0x560385d3cdc0_0, 0, 19;
    %pushi/vec4 6, 0, 6;
    %store/vec4 v0x560385d3d2a0_0, 0, 6;
T_0.237 ;
    %jmp T_0.226;
T_0.222 ;
    %pushi/vec4 0, 0, 1;
    %store/vec4 v0x560385d3c9b0_0, 0, 1;
    %load/vec4 v0x560385d3cdc0_0;
    %pad/u 32;
    %cmpi/e 16, 0, 32;
    %jmp/0xz  T_0.239, 4;
    %pushi/vec4 0, 0, 19;
    %store/vec4 v0x560385d3cdc0_0, 0, 19;
    %pushi/vec4 7, 0, 6;
    %store/vec4 v0x560385d3d2a0_0, 0, 6;
T_0.239 ;
    %jmp T_0.226;
T_0.223 ;
    %load/vec4 v0x560385d3cdc0_0;
    %pad/u 32;
    %cmpi/e 2048, 0, 32;
    %jmp/0xz  T_0.241, 4;
    %pushi/vec4 0, 0, 19;
    %store/vec4 v0x560385d3cdc0_0, 0, 19;
    %pushi/vec4 8, 0, 6;
    %store/vec4 v0x560385d3d2a0_0, 0, 6;
    %pushi/vec4 1, 0, 1;
    %store/vec4 v0x560385d3cc40_0, 0, 1;
T_0.241 ;
    %jmp T_0.226;
T_0.224 ;
    %pushi/vec4 8, 0, 6;
    %store/vec4 v0x560385d3d2a0_0, 0, 6;
    %jmp T_0.226;
T_0.226 ;
    %pop/vec4 1;
T_0.214 ;
    %jmp T_0;
    .thread T_0;
    .scope S_0x560385d19ed0;
T_1 ;
    %vpi_call 2 49 "$dumpfile", "18.vcd" {0 0 0};
    %vpi_call 2 50 "$dumpvars", 32'sb00000000000000000000000000000001, S_0x560385d19ed0 {0 0 0};
    %delay 10, 0;
    %pushi/vec4 0, 0, 1;
    %store/vec4 v0x560385d3e270_0, 0, 1;
    %end;
    .thread T_1;
    .scope S_0x560385d19ed0;
T_2 ;
    %delay 5, 0;
    %vpi_func 2 56 "$random" 32 {0 0 0};
    %pad/s 14;
    %store/vec4 v0x560385d3e580_0, 0, 14;
    %jmp T_2;
    .thread T_2;
    .scope S_0x560385d19ed0;
T_3 ;
    %vpi_call 2 81 "$monitor", $time, " bench_reset = %b, CCLK = %b , resetlcd = %b , clearlcd = %b , homelcd = %b , datalcd = %b , addrlcd = %b , lcddatin = %b , initlcd = %b , lcdreset = %b , lcdclear = %b , lcdhome = %b , lcddata = %b , lcdaddr = %b , rslcd = %b , rwlcd = %b , elcd = %b , lcdd = %b  ", v0x560385d3e270_0, v0x560385d3d7e0_0, v0x560385d3e310_0, v0x560385d3d940_0, v0x560385d3db20_0, v0x560385d3d9e0_0, v0x560385d3d8a0_0, v0x560385d3e000_0, v0x560385d3dbf0_0, v0x560385d3e1a0_0, v0x560385d3dd90_0, v0x560385d3e0d0_0, v0x560385d3df30_0, v0x560385d3dcc0_0, v0x560385d3e3e0_0, v0x560385d3e4b0_0, v0x560385d3da80_0, v0x560385d3de60_0 {0 0 0};
    %end;
    .thread T_3;
    .scope S_0x560385d19ed0;
T_4 ;
    %delay 199, 0;
    %vpi_call 2 87 "$finish" {0 0 0};
    %end;
    .thread T_4;
# The file index is used to find the file name in the following table.
:file_names 4;
    "N/A";
    "<interactive>";
    "wavedrom_dataset/testbenches/18_tb.v";
    "wavedrom_dataset/verilog_modules/86.v";
