#! /usr/bin/vvp
:ivl_version "11.0 (stable)";
:ivl_delay_selection "TYPICAL";
:vpi_time_precision + 0;
:vpi_module "/usr/lib/x86_64-linux-gnu/ivl/system.vpi";
:vpi_module "/usr/lib/x86_64-linux-gnu/ivl/vhdl_sys.vpi";
:vpi_module "/usr/lib/x86_64-linux-gnu/ivl/vhdl_textio.vpi";
:vpi_module "/usr/lib/x86_64-linux-gnu/ivl/v2005_math.vpi";
:vpi_module "/usr/lib/x86_64-linux-gnu/ivl/va_math.vpi";
S_0x5602aa02b5a0 .scope module, "testbench" "testbench" 2 15;
 .timescale 0 0;
v0x5602aa03fc80_0 .net "bench_clk", 0 0, L_0x5602aa0400a0;  1 drivers
v0x5602aa03fd40_0 .net "bench_in", 0 0, L_0x5602aa040190;  1 drivers
v0x5602aa03fde0_0 .net "bench_out", 0 0, L_0x5602aa019f20;  1 drivers
v0x5602aa03fee0_0 .var "bench_reset", 0 0;
v0x5602aa03ffb0_0 .var "indata_array", 0 1;
L_0x5602aa0400a0 .part v0x5602aa03ffb0_0, 1, 1;
L_0x5602aa040190 .part v0x5602aa03ffb0_0, 0, 1;
S_0x5602aa02b730 .scope module, "inst" "e16_toggle2pulse" 2 39, 3 1 0, S_0x5602aa02b5a0;
 .timescale 0 0;
    .port_info 0 /OUTPUT 1 "out";
    .port_info 1 /INPUT 1 "clk";
    .port_info 2 /INPUT 1 "in";
    .port_info 3 /INPUT 1 "reset";
L_0x5602aa019f20 .functor XOR 1, L_0x5602aa040190, v0x5602aa03fa30_0, C4<0>, C4<0>;
v0x5602aa02b910_0 .net "clk", 0 0, L_0x5602aa0400a0;  alias, 1 drivers
v0x5602aa03f8d0_0 .net "in", 0 0, L_0x5602aa040190;  alias, 1 drivers
v0x5602aa03f990_0 .net "out", 0 0, L_0x5602aa019f20;  alias, 1 drivers
v0x5602aa03fa30_0 .var "out_reg", 0 0;
v0x5602aa03faf0_0 .net "reset", 0 0, v0x5602aa03fee0_0;  1 drivers
E_0x5602aa02ac10 .event posedge, v0x5602aa03faf0_0, v0x5602aa02b910_0;
    .scope S_0x5602aa02b730;
T_0 ;
    %wait E_0x5602aa02ac10;
    %load/vec4 v0x5602aa03faf0_0;
    %flag_set/vec4 8;
    %jmp/0xz  T_0.0, 8;
    %pushi/vec4 0, 0, 1;
    %assign/vec4 v0x5602aa03fa30_0, 0;
    %jmp T_0.1;
T_0.0 ;
    %load/vec4 v0x5602aa03f8d0_0;
    %assign/vec4 v0x5602aa03fa30_0, 0;
T_0.1 ;
    %jmp T_0;
    .thread T_0;
    .scope S_0x5602aa02b5a0;
T_1 ;
    %vpi_call 2 29 "$dumpfile", "23.vcd" {0 0 0};
    %vpi_call 2 30 "$dumpvars", 32'sb00000000000000000000000000000001, S_0x5602aa02b5a0 {0 0 0};
    %delay 10, 0;
    %pushi/vec4 0, 0, 1;
    %store/vec4 v0x5602aa03fee0_0, 0, 1;
    %end;
    .thread T_1;
    .scope S_0x5602aa02b5a0;
T_2 ;
    %delay 5, 0;
    %vpi_func 2 36 "$random" 32 {0 0 0};
    %pad/s 2;
    %store/vec4 v0x5602aa03ffb0_0, 0, 2;
    %jmp T_2;
    .thread T_2;
    .scope S_0x5602aa02b5a0;
T_3 ;
    %vpi_call 2 48 "$monitor", $time, " bench_reset = %b, clk = %b , in = %b , out = %b  ", v0x5602aa03fee0_0, v0x5602aa03fc80_0, v0x5602aa03fd40_0, v0x5602aa03fde0_0 {0 0 0};
    %end;
    .thread T_3;
    .scope S_0x5602aa02b5a0;
T_4 ;
    %delay 199, 0;
    %vpi_call 2 54 "$finish" {0 0 0};
    %end;
    .thread T_4;
# The file index is used to find the file name in the following table.
:file_names 4;
    "N/A";
    "<interactive>";
    "wavedrom_dataset/testbenches/23_tb.v";
    "wavedrom_dataset/verilog_modules/25.v";
