#! /usr/bin/vvp
:ivl_version "11.0 (stable)";
:ivl_delay_selection "TYPICAL";
:vpi_time_precision + 0;
:vpi_module "/usr/lib/x86_64-linux-gnu/ivl/system.vpi";
:vpi_module "/usr/lib/x86_64-linux-gnu/ivl/vhdl_sys.vpi";
:vpi_module "/usr/lib/x86_64-linux-gnu/ivl/vhdl_textio.vpi";
:vpi_module "/usr/lib/x86_64-linux-gnu/ivl/v2005_math.vpi";
:vpi_module "/usr/lib/x86_64-linux-gnu/ivl/va_math.vpi";
S_0x560adc067ad0 .scope module, "testbench" "testbench" 2 15;
 .timescale 0 0;
v0x560adc09ba20_0 .net "bench_clk", 0 0, L_0x560adc09c070;  1 drivers
v0x560adc09bae0_0 .net "bench_incr_addr", 0 0, L_0x560adc09c110;  1 drivers
v0x560adc09bb80_0 .net "bench_new_rom", 0 0, v0x560adc09b2e0_0;  1 drivers
v0x560adc09bc20_0 .net "bench_num_bytes", 31 0, L_0x560adc0608f0;  1 drivers
v0x560adc09bcf0_0 .net "bench_q", 7 0, L_0x560adc05fdd0;  1 drivers
v0x560adc09bd90_0 .var "bench_reset", 0 0;
L_0x7f7dc5a81018 .functor BUFT 1, C4<x>, C4<0>, C4<0>, C4<0>;
v0x560adc09be30_0 .net "bench_reset_n", 0 0, L_0x7f7dc5a81018;  1 drivers
v0x560adc09bf00_0 .net "bench_safe", 0 0, L_0x560adc0ac6c0;  1 drivers
v0x560adc09bfd0_0 .var "indata_array", 0 1;
L_0x560adc09c070 .part v0x560adc09bfd0_0, 1, 1;
L_0x560adc09c110 .part v0x560adc09bfd0_0, 0, 1;
S_0x560adc067c60 .scope module, "inst" "jtag_uart_0_drom_module" 2 44, 3 1 0, S_0x560adc067ad0;
 .timescale 0 0;
    .port_info 0 /INPUT 1 "clk";
    .port_info 1 /INPUT 1 "incr_addr";
    .port_info 2 /INPUT 1 "reset_n";
    .port_info 3 /OUTPUT 1 "new_rom";
    .port_info 4 /OUTPUT 32 "num_bytes";
    .port_info 5 /OUTPUT 8 "q";
    .port_info 6 /OUTPUT 1 "safe";
P_0x560adc05e2d0 .param/l "POLL_RATE" 0 3 15, +C4<00000000000000000000000001100100>;
L_0x560adc05fdd0 .functor BUFZ 8, L_0x560adc09c2a0, C4<00000000>, C4<00000000>, C4<00000000>;
v0x560adc09b0e0_1 .array/port v0x560adc09b0e0, 1;
L_0x560adc0608f0 .functor BUFZ 32, v0x560adc09b0e0_1, C4<00000000000000000000000000000000>, C4<00000000000000000000000000000000>, C4<00000000000000000000000000000000>;
v0x560adc05fef0_0 .net *"_ivl_0", 7 0, L_0x560adc09c2a0;  1 drivers
v0x560adc05fff0_0 .net *"_ivl_13", 31 0, L_0x560adc09c570;  1 drivers
L_0x7f7dc5a810f0 .functor BUFT 1, C4<00000000000000000000>, C4<0>, C4<0>, C4<0>;
v0x560adc060a10_0 .net *"_ivl_16", 19 0, L_0x7f7dc5a810f0;  1 drivers
v0x560adc060ab0_0 .net *"_ivl_2", 12 0, L_0x560adc09c340;  1 drivers
L_0x7f7dc5a81060 .functor BUFT 1, C4<0>, C4<0>, C4<0>, C4<0>;
v0x560adc066910_0 .net *"_ivl_5", 0 0, L_0x7f7dc5a81060;  1 drivers
v0x560adc0669b0_0 .var "address", 11 0;
v0x560adc09a720_0 .net "clk", 0 0, L_0x560adc09c070;  alias, 1 drivers
v0x560adc09a7e0_0 .var "d1_pre", 0 0;
v0x560adc09a8a0_0 .var "d2_pre", 0 0;
v0x560adc09a960_0 .var "d3_pre", 0 0;
v0x560adc09aa20_0 .var "d4_pre", 0 0;
v0x560adc09aae0_0 .var "d5_pre", 0 0;
v0x560adc09aba0_0 .var "d6_pre", 0 0;
v0x560adc09ac60_0 .var "d7_pre", 0 0;
v0x560adc09ad20_0 .var "d8_pre", 0 0;
v0x560adc09ade0_0 .var "d9_pre", 0 0;
v0x560adc09aea0_0 .net "incr_addr", 0 0, L_0x560adc09c110;  alias, 1 drivers
L_0x7f7dc5a810a8 .functor BUFT 1, C4<0>, C4<0>, C4<0>, C4<0>;
v0x560adc09af60_0 .net "interactive", 0 0, L_0x7f7dc5a810a8;  1 drivers
v0x560adc09b020 .array "mem_array", 0 2047, 7 0;
v0x560adc09b0e0 .array "mutex", 0 1, 31 0;
v0x560adc09b200_0 .var "mutex_handle", 31 0;
v0x560adc09b2e0_0 .var "new_rom", 0 0;
v0x560adc09b3a0_0 .net "num_bytes", 31 0, L_0x560adc0608f0;  alias, 1 drivers
v0x560adc09b480_0 .var "poll_count", 31 0;
v0x560adc09b560_0 .var "pre", 0 0;
v0x560adc09b620_0 .net "q", 7 0, L_0x560adc05fdd0;  alias, 1 drivers
v0x560adc09b700_0 .net "reset_n", 0 0, L_0x7f7dc5a81018;  alias, 1 drivers
v0x560adc09b7c0_0 .net "safe", 0 0, L_0x560adc0ac6c0;  alias, 1 drivers
v0x560adc09b880_0 .var "safe_delay", 0 0;
E_0x560adc0336f0/0 .event negedge, v0x560adc09b700_0;
E_0x560adc0336f0/1 .event posedge, v0x560adc09a720_0;
E_0x560adc0336f0 .event/or E_0x560adc0336f0/0, E_0x560adc0336f0/1;
E_0x560adc0569b0 .event edge, v0x560adc09b700_0;
L_0x560adc09c2a0 .array/port v0x560adc09b020, L_0x560adc09c340;
L_0x560adc09c340 .concat [ 12 1 0 0], v0x560adc0669b0_0, L_0x7f7dc5a81060;
L_0x560adc09c570 .concat [ 12 20 0 0], v0x560adc0669b0_0, L_0x7f7dc5a810f0;
L_0x560adc0ac6c0 .cmp/gt 32, v0x560adc09b0e0_1, L_0x560adc09c570;
    .scope S_0x560adc067c60;
T_0 ;
    %wait E_0x560adc0336f0;
    %load/vec4 v0x560adc09b700_0;
    %pad/u 32;
    %cmpi/e 0, 0, 32;
    %jmp/0xz  T_0.0, 4;
    %pushi/vec4 0, 0, 1;
    %assign/vec4 v0x560adc09a7e0_0, 0;
    %pushi/vec4 0, 0, 1;
    %assign/vec4 v0x560adc09a8a0_0, 0;
    %pushi/vec4 0, 0, 1;
    %assign/vec4 v0x560adc09a960_0, 0;
    %pushi/vec4 0, 0, 1;
    %assign/vec4 v0x560adc09aa20_0, 0;
    %pushi/vec4 0, 0, 1;
    %assign/vec4 v0x560adc09aae0_0, 0;
    %pushi/vec4 0, 0, 1;
    %assign/vec4 v0x560adc09aba0_0, 0;
    %pushi/vec4 0, 0, 1;
    %assign/vec4 v0x560adc09ac60_0, 0;
    %pushi/vec4 0, 0, 1;
    %assign/vec4 v0x560adc09ad20_0, 0;
    %pushi/vec4 0, 0, 1;
    %assign/vec4 v0x560adc09ade0_0, 0;
    %pushi/vec4 0, 0, 1;
    %assign/vec4 v0x560adc09b2e0_0, 0;
    %jmp T_0.1;
T_0.0 ;
    %load/vec4 v0x560adc09b560_0;
    %assign/vec4 v0x560adc09a7e0_0, 0;
    %load/vec4 v0x560adc09a7e0_0;
    %assign/vec4 v0x560adc09a8a0_0, 0;
    %load/vec4 v0x560adc09a8a0_0;
    %assign/vec4 v0x560adc09a960_0, 0;
    %load/vec4 v0x560adc09a960_0;
    %assign/vec4 v0x560adc09aa20_0, 0;
    %load/vec4 v0x560adc09aa20_0;
    %assign/vec4 v0x560adc09aae0_0, 0;
    %load/vec4 v0x560adc09aae0_0;
    %assign/vec4 v0x560adc09aba0_0, 0;
    %load/vec4 v0x560adc09aba0_0;
    %assign/vec4 v0x560adc09ac60_0, 0;
    %load/vec4 v0x560adc09ac60_0;
    %assign/vec4 v0x560adc09ad20_0, 0;
    %load/vec4 v0x560adc09ad20_0;
    %assign/vec4 v0x560adc09ade0_0, 0;
    %load/vec4 v0x560adc09ade0_0;
    %assign/vec4 v0x560adc09b2e0_0, 0;
T_0.1 ;
    %jmp T_0;
    .thread T_0;
    .scope S_0x560adc067c60;
T_1 ;
    %pushi/vec4 100, 0, 32;
    %store/vec4 v0x560adc09b480_0, 0, 32;
    %end;
    .thread T_1;
    .scope S_0x560adc067c60;
T_2 ;
    %wait E_0x560adc0336f0;
    %load/vec4 v0x560adc09b700_0;
    %pad/u 32;
    %cmpi/ne 1, 0, 32;
    %jmp/0xz  T_2.0, 6;
    %pushi/vec4 0, 0, 1;
    %assign/vec4 v0x560adc09b880_0, 0;
    %jmp T_2.1;
T_2.0 ;
    %load/vec4 v0x560adc09b7c0_0;
    %assign/vec4 v0x560adc09b880_0, 0;
T_2.1 ;
    %jmp T_2;
    .thread T_2;
    .scope S_0x560adc067c60;
T_3 ;
    %wait E_0x560adc0336f0;
    %load/vec4 v0x560adc09b700_0;
    %pad/u 32;
    %cmpi/ne 1, 0, 32;
    %jmp/0xz  T_3.0, 6;
    %pushi/vec4 0, 0, 12;
    %assign/vec4 v0x560adc0669b0_0, 0;
    %pushi/vec4 0, 0, 8;
    %ix/load 3, 0, 0;
    %flag_set/imm 4, 0;
    %ix/load 4, 0, 0; Constant delay
    %assign/vec4/a/d v0x560adc09b020, 0, 4;
    %pushi/vec4 0, 0, 32;
    %ix/load 3, 0, 0;
    %flag_set/imm 4, 0;
    %ix/load 4, 0, 0; Constant delay
    %assign/vec4/a/d v0x560adc09b0e0, 0, 4;
    %pushi/vec4 0, 0, 32;
    %ix/load 3, 1, 0;
    %flag_set/imm 4, 0;
    %ix/load 4, 0, 0; Constant delay
    %assign/vec4/a/d v0x560adc09b0e0, 0, 4;
    %pushi/vec4 0, 0, 1;
    %assign/vec4 v0x560adc09b560_0, 0;
    %jmp T_3.1;
T_3.0 ;
    %pushi/vec4 0, 0, 1;
    %assign/vec4 v0x560adc09b560_0, 0;
    %load/vec4 v0x560adc09aea0_0;
    %load/vec4 v0x560adc09b7c0_0;
    %and;
    %flag_set/vec4 8;
    %jmp/0xz  T_3.2, 8;
    %load/vec4 v0x560adc0669b0_0;
    %addi 1, 0, 12;
    %assign/vec4 v0x560adc0669b0_0, 0;
T_3.2 ;
    %ix/load 4, 0, 0;
    %flag_set/imm 4, 0;
    %load/vec4a v0x560adc09b0e0, 4;
    %pushi/vec4 0, 0, 32;
    %cmp/ne;
    %flag_get/vec4 4;
    %load/vec4 v0x560adc09b7c0_0;
    %nor/r;
    %and;
    %load/vec4 v0x560adc09b880_0;
    %and;
    %flag_set/vec4 8;
    %jmp/0xz  T_3.4, 8;
    %load/vec4 v0x560adc09af60_0;
    %flag_set/vec4 8;
    %jmp/0xz  T_3.6, 8;
    %vpi_func 3 108 "$fopen" 32, "jtag_uart_0_input_mutex.dat" {0 0 0};
    %store/vec4 v0x560adc09b200_0, 0, 32;
    %vpi_call 3 109 "$fdisplay", v0x560adc09b200_0, "0" {0 0 0};
    %vpi_call 3 110 "$fclose", v0x560adc09b200_0 {0 0 0};
    %jmp T_3.7;
T_3.6 ;
T_3.8 ;
    %load/vec4 v0x560adc09b700_0;
    %nor/r;
    %cmpi/ne 1, 0, 1;
    %jmp/0xz T_3.9, 6;
    %wait E_0x560adc0569b0;
    %jmp T_3.8;
T_3.9 ;
T_3.7 ;
T_3.4 ;
    %load/vec4 v0x560adc09b480_0;
    %cmpi/u 100, 0, 32;
    %jmp/0xz  T_3.10, 5;
    %load/vec4 v0x560adc09b480_0;
    %addi 1, 0, 32;
    %store/vec4 v0x560adc09b480_0, 0, 32;
    %jmp T_3.11;
T_3.10 ;
    %pushi/vec4 0, 0, 32;
    %store/vec4 v0x560adc09b480_0, 0, 32;
    %vpi_call 3 121 "$readmemh", "jtag_uart_0_input_mutex.dat", v0x560adc09b0e0 {0 0 0};
    %ix/load 4, 0, 0;
    %flag_set/imm 4, 0;
    %load/vec4a v0x560adc09b0e0, 4;
    %pushi/vec4 0, 0, 32;
    %cmp/ne;
    %flag_get/vec4 4;
    %load/vec4 v0x560adc09b7c0_0;
    %nor/r;
    %and;
    %flag_set/vec4 8;
    %jmp/0xz  T_3.12, 8;
    %ix/load 4, 0, 0;
    %flag_set/imm 4, 0;
    %load/vec4a v0x560adc09b0e0, 4;
    %ix/load 3, 1, 0;
    %flag_set/imm 4, 0;
    %ix/load 4, 0, 0; Constant delay
    %assign/vec4/a/d v0x560adc09b0e0, 0, 4;
    %vpi_call 3 127 "$readmemb", "jtag_uart_0_input_stream.dat", v0x560adc09b020 {0 0 0};
    %pushi/vec4 0, 0, 12;
    %assign/vec4 v0x560adc0669b0_0, 0;
    %pushi/vec4 1, 0, 1;
    %assign/vec4 v0x560adc09b560_0, 0;
T_3.12 ;
T_3.11 ;
T_3.1 ;
    %jmp T_3;
    .thread T_3;
    .scope S_0x560adc067ad0;
T_4 ;
    %vpi_call 2 34 "$dumpfile", "3.vcd" {0 0 0};
    %vpi_call 2 35 "$dumpvars", 32'sb00000000000000000000000000000001, S_0x560adc067ad0 {0 0 0};
    %delay 10, 0;
    %pushi/vec4 0, 0, 1;
    %store/vec4 v0x560adc09bd90_0, 0, 1;
    %end;
    .thread T_4;
    .scope S_0x560adc067ad0;
T_5 ;
    %delay 5, 0;
    %vpi_func 2 41 "$random" 32 {0 0 0};
    %pad/s 2;
    %store/vec4 v0x560adc09bfd0_0, 0, 2;
    %jmp T_5;
    .thread T_5;
    .scope S_0x560adc067ad0;
T_6 ;
    %vpi_call 2 56 "$monitor", $time, " bench_reset = %b, clk = %b , incr_addr = %b , reset_n = %b , new_rom = %b , num_bytes = %b , q = %b , safe = %b  ", v0x560adc09bd90_0, v0x560adc09ba20_0, v0x560adc09bae0_0, v0x560adc09be30_0, v0x560adc09bb80_0, v0x560adc09bc20_0, v0x560adc09bcf0_0, v0x560adc09bf00_0 {0 0 0};
    %end;
    .thread T_6;
    .scope S_0x560adc067ad0;
T_7 ;
    %delay 199, 0;
    %vpi_call 2 62 "$finish" {0 0 0};
    %end;
    .thread T_7;
# The file index is used to find the file name in the following table.
:file_names 4;
    "N/A";
    "<interactive>";
    "wavedrom_dataset/testbenches/3_tb.v";
    "wavedrom_dataset/verilog_modules/72.v";
