#! /usr/bin/vvp
:ivl_version "11.0 (stable)";
:ivl_delay_selection "TYPICAL";
:vpi_time_precision + 0;
:vpi_module "/usr/lib/x86_64-linux-gnu/ivl/system.vpi";
:vpi_module "/usr/lib/x86_64-linux-gnu/ivl/vhdl_sys.vpi";
:vpi_module "/usr/lib/x86_64-linux-gnu/ivl/vhdl_textio.vpi";
:vpi_module "/usr/lib/x86_64-linux-gnu/ivl/v2005_math.vpi";
:vpi_module "/usr/lib/x86_64-linux-gnu/ivl/va_math.vpi";
S_0x5640f745eb00 .scope module, "testbench" "testbench" 2 15;
 .timescale 0 0;
v0x5640f749ad80_0 .net "bench_anyhit", 0 0, L_0x5640f745ccc0;  1 drivers
v0x5640f749ae40_0 .net "bench_clk", 0 0, L_0x5640f749c170;  1 drivers
v0x5640f749aee0_0 .net "bench_enable", 0 0, L_0x5640f749be10;  1 drivers
v0x5640f749af80_0 .net "bench_enablenear", 0 0, L_0x5640f749bf40;  1 drivers
v0x5640f749b020_0 .net "bench_globalreset", 0 0, L_0x5640f749c030;  1 drivers
v0x5640f749b0c0_0 .net "bench_hit", 0 0, L_0x5640f749bd70;  1 drivers
v0x5640f749b190_0 .var "bench_reset", 0 0;
v0x5640f749b260_0 .net "bench_t", 31 0, v0x5640f749a3e0_0;  1 drivers
v0x5640f749b330_0 .net "bench_tin", 31 0, L_0x5640f749b980;  1 drivers
v0x5640f749b400_0 .net "bench_triID", 15 0, v0x5640f749a660_0;  1 drivers
v0x5640f749b4d0_0 .net "bench_triIDin", 15 0, L_0x5640f749bc50;  1 drivers
v0x5640f749b5a0_0 .net "bench_u", 15 0, v0x5640f749a820_0;  1 drivers
v0x5640f749b670_0 .net "bench_uin", 15 0, L_0x5640f749ba20;  1 drivers
v0x5640f749b740_0 .net "bench_v", 15 0, v0x5640f749a9e0_0;  1 drivers
v0x5640f749b810_0 .net "bench_vin", 15 0, L_0x5640f749bb60;  1 drivers
v0x5640f749b8e0_0 .var "indata_array", 0 84;
L_0x5640f749b980 .part v0x5640f749b8e0_0, 53, 32;
L_0x5640f749ba20 .part v0x5640f749b8e0_0, 37, 16;
L_0x5640f749bb60 .part v0x5640f749b8e0_0, 21, 16;
L_0x5640f749bc50 .part v0x5640f749b8e0_0, 5, 16;
L_0x5640f749bd70 .part v0x5640f749b8e0_0, 4, 1;
L_0x5640f749be10 .part v0x5640f749b8e0_0, 3, 1;
L_0x5640f749bf40 .part v0x5640f749b8e0_0, 2, 1;
L_0x5640f749c030 .part v0x5640f749b8e0_0, 1, 1;
L_0x5640f749c170 .part v0x5640f749b8e0_0, 0, 1;
S_0x5640f745ec90 .scope module, "inst" "nearcmpspec" 2 57, 3 1 0, S_0x5640f745eb00;
 .timescale 0 0;
    .port_info 0 /INPUT 32 "tin";
    .port_info 1 /INPUT 16 "uin";
    .port_info 2 /INPUT 16 "vin";
    .port_info 3 /INPUT 16 "triIDin";
    .port_info 4 /INPUT 1 "hit";
    .port_info 5 /OUTPUT 32 "t";
    .port_info 6 /OUTPUT 16 "u";
    .port_info 7 /OUTPUT 16 "v";
    .port_info 8 /OUTPUT 16 "triID";
    .port_info 9 /OUTPUT 1 "anyhit";
    .port_info 10 /INPUT 1 "enable";
    .port_info 11 /INPUT 1 "enablenear";
    .port_info 12 /INPUT 1 "reset";
    .port_info 13 /INPUT 1 "globalreset";
    .port_info 14 /INPUT 1 "clk";
L_0x5640f745ccc0 .functor BUFZ 1, v0x5640f749a4c0_0, C4<0>, C4<0>, C4<0>;
v0x5640f745ceb0_0 .net "anyhit", 0 0, L_0x5640f745ccc0;  alias, 1 drivers
v0x5640f745cf50_0 .net "clk", 0 0, L_0x5640f749c170;  alias, 1 drivers
v0x5640f7499d70_0 .net "enable", 0 0, L_0x5640f749be10;  alias, 1 drivers
v0x5640f7499e10_0 .net "enablenear", 0 0, L_0x5640f749bf40;  alias, 1 drivers
v0x5640f7499ed0_0 .net "globalreset", 0 0, L_0x5640f749c030;  alias, 1 drivers
v0x5640f7499fe0_0 .net "hit", 0 0, L_0x5640f749bd70;  alias, 1 drivers
v0x5640f749a0a0_0 .var "latchnear", 0 0;
v0x5640f749a160_0 .var "next_state", 1 0;
v0x5640f749a240_0 .net "reset", 0 0, v0x5640f749b190_0;  1 drivers
v0x5640f749a300_0 .var "state", 1 0;
v0x5640f749a3e0_0 .var "t", 31 0;
v0x5640f749a4c0_0 .var "temp_anyhit", 0 0;
v0x5640f749a580_0 .net "tin", 31 0, L_0x5640f749b980;  alias, 1 drivers
v0x5640f749a660_0 .var "triID", 15 0;
v0x5640f749a740_0 .net "triIDin", 15 0, L_0x5640f749bc50;  alias, 1 drivers
v0x5640f749a820_0 .var "u", 15 0;
v0x5640f749a900_0 .net "uin", 15 0, L_0x5640f749ba20;  alias, 1 drivers
v0x5640f749a9e0_0 .var "v", 15 0;
v0x5640f749aac0_0 .net "vin", 15 0, L_0x5640f749bb60;  alias, 1 drivers
E_0x5640f7464780/0 .event edge, v0x5640f749a240_0, v0x5640f7499fe0_0, v0x5640f7499d70_0, v0x5640f749a3e0_0;
E_0x5640f7464780/1 .event edge, v0x5640f749a580_0, v0x5640f749a300_0;
E_0x5640f7464780 .event/or E_0x5640f7464780/0, E_0x5640f7464780/1;
E_0x5640f7454060 .event posedge, v0x5640f7499ed0_0, v0x5640f745cf50_0;
    .scope S_0x5640f745ec90;
T_0 ;
    %wait E_0x5640f7454060;
    %load/vec4 v0x5640f7499ed0_0;
    %cmpi/e 1, 0, 1;
    %jmp/0xz  T_0.0, 4;
    %pushi/vec4 0, 0, 2;
    %assign/vec4 v0x5640f749a300_0, 0;
    %pushi/vec4 0, 0, 32;
    %assign/vec4 v0x5640f749a3e0_0, 0;
    %pushi/vec4 0, 0, 16;
    %assign/vec4 v0x5640f749a820_0, 0;
    %pushi/vec4 0, 0, 16;
    %assign/vec4 v0x5640f749a9e0_0, 0;
    %pushi/vec4 0, 0, 16;
    %assign/vec4 v0x5640f749a660_0, 0;
    %jmp T_0.1;
T_0.0 ;
    %load/vec4 v0x5640f749a160_0;
    %assign/vec4 v0x5640f749a300_0, 0;
    %load/vec4 v0x5640f749a0a0_0;
    %cmpi/e 1, 0, 1;
    %jmp/0xz  T_0.2, 4;
    %load/vec4 v0x5640f749a580_0;
    %assign/vec4 v0x5640f749a3e0_0, 0;
    %load/vec4 v0x5640f749a900_0;
    %assign/vec4 v0x5640f749a820_0, 0;
    %load/vec4 v0x5640f749aac0_0;
    %assign/vec4 v0x5640f749a9e0_0, 0;
    %load/vec4 v0x5640f749a740_0;
    %assign/vec4 v0x5640f749a660_0, 0;
T_0.2 ;
T_0.1 ;
    %jmp T_0;
    .thread T_0;
    .scope S_0x5640f745ec90;
T_1 ;
    %wait E_0x5640f7464780;
    %load/vec4 v0x5640f749a300_0;
    %dup/vec4;
    %pushi/vec4 0, 0, 2;
    %cmp/u;
    %jmp/1 T_1.0, 6;
    %dup/vec4;
    %pushi/vec4 1, 0, 2;
    %cmp/u;
    %jmp/1 T_1.1, 6;
    %dup/vec4;
    %pushi/vec4 2, 0, 2;
    %cmp/u;
    %jmp/1 T_1.2, 6;
    %jmp T_1.3;
T_1.0 ;
    %load/vec4 v0x5640f7499d70_0;
    %pushi/vec4 1, 0, 1;
    %cmp/e;
    %flag_get/vec4 4;
    %load/vec4 v0x5640f7499fe0_0;
    %pushi/vec4 1, 0, 1;
    %cmp/e;
    %flag_get/vec4 4;
    %and;
    %flag_set/vec4 8;
    %jmp/0xz  T_1.4, 8;
    %pushi/vec4 2, 0, 2;
    %store/vec4 v0x5640f749a160_0, 0, 2;
    %pushi/vec4 1, 0, 1;
    %store/vec4 v0x5640f749a0a0_0, 0, 1;
    %jmp T_1.5;
T_1.4 ;
    %load/vec4 v0x5640f7499e10_0;
    %pushi/vec4 1, 0, 1;
    %cmp/e;
    %flag_get/vec4 4;
    %load/vec4 v0x5640f7499fe0_0;
    %pushi/vec4 1, 0, 1;
    %cmp/e;
    %flag_get/vec4 4;
    %and;
    %flag_set/vec4 8;
    %jmp/0xz  T_1.6, 8;
    %pushi/vec4 1, 0, 1;
    %store/vec4 v0x5640f749a0a0_0, 0, 1;
    %pushi/vec4 1, 0, 2;
    %store/vec4 v0x5640f749a160_0, 0, 2;
    %jmp T_1.7;
T_1.6 ;
    %pushi/vec4 0, 0, 2;
    %store/vec4 v0x5640f749a160_0, 0, 2;
T_1.7 ;
T_1.5 ;
    %pushi/vec4 0, 0, 1;
    %store/vec4 v0x5640f749a4c0_0, 0, 1;
    %jmp T_1.3;
T_1.1 ;
    %load/vec4 v0x5640f749a240_0;
    %cmpi/e 1, 0, 1;
    %jmp/0xz  T_1.8, 4;
    %load/vec4 v0x5640f7499d70_0;
    %pushi/vec4 1, 0, 1;
    %cmp/e;
    %flag_get/vec4 4;
    %load/vec4 v0x5640f7499fe0_0;
    %pushi/vec4 1, 0, 1;
    %cmp/e;
    %flag_get/vec4 4;
    %and;
    %flag_set/vec4 8;
    %jmp/0xz  T_1.10, 8;
    %pushi/vec4 1, 0, 1;
    %store/vec4 v0x5640f749a0a0_0, 0, 1;
    %pushi/vec4 2, 0, 2;
    %store/vec4 v0x5640f749a160_0, 0, 2;
    %jmp T_1.11;
T_1.10 ;
    %load/vec4 v0x5640f7499e10_0;
    %pushi/vec4 1, 0, 1;
    %cmp/e;
    %flag_get/vec4 4;
    %load/vec4 v0x5640f7499fe0_0;
    %pushi/vec4 1, 0, 1;
    %cmp/e;
    %flag_get/vec4 4;
    %and;
    %flag_set/vec4 8;
    %jmp/0xz  T_1.12, 8;
    %pushi/vec4 1, 0, 1;
    %store/vec4 v0x5640f749a0a0_0, 0, 1;
    %pushi/vec4 1, 0, 2;
    %store/vec4 v0x5640f749a160_0, 0, 2;
    %jmp T_1.13;
T_1.12 ;
    %pushi/vec4 0, 0, 2;
    %store/vec4 v0x5640f749a160_0, 0, 2;
T_1.13 ;
T_1.11 ;
    %jmp T_1.9;
T_1.8 ;
    %load/vec4 v0x5640f7499d70_0;
    %pushi/vec4 1, 0, 1;
    %cmp/e;
    %flag_get/vec4 4;
    %load/vec4 v0x5640f7499fe0_0;
    %pushi/vec4 1, 0, 1;
    %cmp/e;
    %flag_get/vec4 4;
    %and;
    %flag_set/vec4 8;
    %jmp/0xz  T_1.14, 8;
    %load/vec4 v0x5640f749a580_0;
    %load/vec4 v0x5640f749a3e0_0;
    %cmp/u;
    %jmp/0xz  T_1.16, 5;
    %pushi/vec4 1, 0, 1;
    %store/vec4 v0x5640f749a0a0_0, 0, 1;
T_1.16 ;
    %pushi/vec4 2, 0, 2;
    %store/vec4 v0x5640f749a160_0, 0, 2;
    %jmp T_1.15;
T_1.14 ;
    %load/vec4 v0x5640f7499e10_0;
    %pushi/vec4 1, 0, 1;
    %cmp/e;
    %flag_get/vec4 4;
    %load/vec4 v0x5640f7499fe0_0;
    %pushi/vec4 1, 0, 1;
    %cmp/e;
    %flag_get/vec4 4;
    %and;
    %load/vec4 v0x5640f749a580_0;
    %load/vec4 v0x5640f749a3e0_0;
    %cmp/u;
    %flag_get/vec4 5;
    %and;
    %flag_set/vec4 8;
    %jmp/0xz  T_1.18, 8;
    %pushi/vec4 1, 0, 1;
    %store/vec4 v0x5640f749a0a0_0, 0, 1;
    %pushi/vec4 1, 0, 2;
    %store/vec4 v0x5640f749a160_0, 0, 2;
    %jmp T_1.19;
T_1.18 ;
    %pushi/vec4 1, 0, 2;
    %store/vec4 v0x5640f749a160_0, 0, 2;
T_1.19 ;
T_1.15 ;
T_1.9 ;
    %pushi/vec4 0, 0, 1;
    %store/vec4 v0x5640f749a4c0_0, 0, 1;
    %jmp T_1.3;
T_1.2 ;
    %load/vec4 v0x5640f749a240_0;
    %cmpi/e 1, 0, 1;
    %jmp/0xz  T_1.20, 4;
    %load/vec4 v0x5640f7499d70_0;
    %pushi/vec4 1, 0, 1;
    %cmp/e;
    %flag_get/vec4 4;
    %load/vec4 v0x5640f7499fe0_0;
    %pushi/vec4 1, 0, 1;
    %cmp/e;
    %flag_get/vec4 4;
    %and;
    %flag_set/vec4 8;
    %jmp/0xz  T_1.22, 8;
    %pushi/vec4 1, 0, 1;
    %store/vec4 v0x5640f749a0a0_0, 0, 1;
    %pushi/vec4 2, 0, 2;
    %store/vec4 v0x5640f749a160_0, 0, 2;
    %jmp T_1.23;
T_1.22 ;
    %load/vec4 v0x5640f7499e10_0;
    %pushi/vec4 1, 0, 1;
    %cmp/e;
    %flag_get/vec4 4;
    %load/vec4 v0x5640f7499fe0_0;
    %pushi/vec4 1, 0, 1;
    %cmp/e;
    %flag_get/vec4 4;
    %and;
    %flag_set/vec4 8;
    %jmp/0xz  T_1.24, 8;
    %pushi/vec4 1, 0, 1;
    %store/vec4 v0x5640f749a0a0_0, 0, 1;
    %pushi/vec4 1, 0, 2;
    %store/vec4 v0x5640f749a160_0, 0, 2;
    %jmp T_1.25;
T_1.24 ;
    %pushi/vec4 0, 0, 2;
    %store/vec4 v0x5640f749a160_0, 0, 2;
T_1.25 ;
T_1.23 ;
    %jmp T_1.21;
T_1.20 ;
    %load/vec4 v0x5640f7499d70_0;
    %pushi/vec4 1, 0, 1;
    %cmp/e;
    %flag_get/vec4 4;
    %load/vec4 v0x5640f7499fe0_0;
    %pushi/vec4 1, 0, 1;
    %cmp/e;
    %flag_get/vec4 4;
    %and;
    %flag_set/vec4 8;
    %jmp/0xz  T_1.26, 8;
    %load/vec4 v0x5640f749a580_0;
    %load/vec4 v0x5640f749a3e0_0;
    %cmp/u;
    %jmp/0xz  T_1.28, 5;
    %pushi/vec4 1, 0, 1;
    %store/vec4 v0x5640f749a0a0_0, 0, 1;
T_1.28 ;
    %jmp T_1.27;
T_1.26 ;
    %load/vec4 v0x5640f7499e10_0;
    %pushi/vec4 1, 0, 1;
    %cmp/e;
    %flag_get/vec4 4;
    %load/vec4 v0x5640f7499fe0_0;
    %pushi/vec4 1, 0, 1;
    %cmp/e;
    %flag_get/vec4 4;
    %and;
    %flag_set/vec4 8;
    %jmp/0xz  T_1.30, 8;
    %load/vec4 v0x5640f749a580_0;
    %load/vec4 v0x5640f749a3e0_0;
    %cmp/u;
    %jmp/0xz  T_1.32, 5;
    %pushi/vec4 1, 0, 1;
    %store/vec4 v0x5640f749a0a0_0, 0, 1;
T_1.32 ;
    %jmp T_1.31;
T_1.30 ;
    %load/vec4 v0x5640f7499e10_0;
    %pushi/vec4 1, 0, 1;
    %cmp/e;
    %flag_get/vec4 4;
    %load/vec4 v0x5640f7499fe0_0;
    %pushi/vec4 1, 0, 1;
    %cmp/e;
    %flag_get/vec4 4;
    %and;
    %flag_set/vec4 8;
    %jmp/0xz  T_1.34, 8;
    %load/vec4 v0x5640f749a580_0;
    %load/vec4 v0x5640f749a3e0_0;
    %cmp/u;
    %jmp/0xz  T_1.36, 5;
    %pushi/vec4 1, 0, 1;
    %store/vec4 v0x5640f749a0a0_0, 0, 1;
T_1.36 ;
T_1.34 ;
T_1.31 ;
T_1.27 ;
    %pushi/vec4 2, 0, 2;
    %store/vec4 v0x5640f749a160_0, 0, 2;
T_1.21 ;
    %pushi/vec4 1, 0, 1;
    %store/vec4 v0x5640f749a4c0_0, 0, 1;
    %jmp T_1.3;
T_1.3 ;
    %pop/vec4 1;
    %jmp T_1;
    .thread T_1, $push;
    .scope S_0x5640f745eb00;
T_2 ;
    %vpi_call 2 47 "$dumpfile", "35.vcd" {0 0 0};
    %vpi_call 2 48 "$dumpvars", 32'sb00000000000000000000000000000001, S_0x5640f745eb00 {0 0 0};
    %delay 10, 0;
    %pushi/vec4 0, 0, 1;
    %store/vec4 v0x5640f749b190_0, 0, 1;
    %end;
    .thread T_2;
    .scope S_0x5640f745eb00;
T_3 ;
    %delay 5, 0;
    %vpi_func 2 54 "$random" 32 {0 0 0};
    %pad/s 85;
    %store/vec4 v0x5640f749b8e0_0, 0, 85;
    %jmp T_3;
    .thread T_3;
    .scope S_0x5640f745eb00;
T_4 ;
    %vpi_call 2 77 "$monitor", $time, " bench_reset = %b, tin = %b , uin = %b , vin = %b , triIDin = %b , hit = %b , enable = %b , enablenear = %b , globalreset = %b , clk = %b , t = %b , u = %b , v = %b , triID = %b , anyhit = %b  ", v0x5640f749b190_0, v0x5640f749b330_0, v0x5640f749b670_0, v0x5640f749b810_0, v0x5640f749b4d0_0, v0x5640f749b0c0_0, v0x5640f749aee0_0, v0x5640f749af80_0, v0x5640f749b020_0, v0x5640f749ae40_0, v0x5640f749b260_0, v0x5640f749b5a0_0, v0x5640f749b740_0, v0x5640f749b400_0, v0x5640f749ad80_0 {0 0 0};
    %end;
    .thread T_4;
    .scope S_0x5640f745eb00;
T_5 ;
    %delay 199, 0;
    %vpi_call 2 83 "$finish" {0 0 0};
    %end;
    .thread T_5;
# The file index is used to find the file name in the following table.
:file_names 4;
    "N/A";
    "<interactive>";
    "wavedrom_dataset/testbenches/35_tb.v";
    "wavedrom_dataset/verilog_modules/38.v";
