#! /usr/bin/vvp
:ivl_version "11.0 (stable)";
:ivl_delay_selection "TYPICAL";
:vpi_time_precision + 0;
:vpi_module "/usr/lib/x86_64-linux-gnu/ivl/system.vpi";
:vpi_module "/usr/lib/x86_64-linux-gnu/ivl/vhdl_sys.vpi";
:vpi_module "/usr/lib/x86_64-linux-gnu/ivl/vhdl_textio.vpi";
:vpi_module "/usr/lib/x86_64-linux-gnu/ivl/v2005_math.vpi";
:vpi_module "/usr/lib/x86_64-linux-gnu/ivl/va_math.vpi";
S_0x556db606d490 .scope module, "testbench" "testbench" 2 15;
 .timescale 0 0;
v0x556db608fb80_0 .net "bench_A", 63 0, L_0x556db608ffe0;  1 drivers
v0x556db608fc60_0 .net "bench_B", 50 0, L_0x556db60900d0;  1 drivers
v0x556db608fd00_0 .net "bench_Qout", 31 0, v0x556db608a450_0;  1 drivers
v0x556db608fdd0_0 .net "bench_clk", 0 0, L_0x556db6090210;  1 drivers
v0x556db608fea0_0 .var "bench_reset", 0 0;
v0x556db608ff40_0 .var "indata_array", 0 115;
L_0x556db608ffe0 .part v0x556db608ff40_0, 52, 64;
L_0x556db60900d0 .part v0x556db608ff40_0, 1, 51;
L_0x556db6090210 .part v0x556db608ff40_0, 0, 1;
S_0x556db6042c70 .scope module, "inst" "divide64x32x51x18" 2 41, 3 1 0, S_0x556db606d490;
 .timescale 0 0;
    .port_info 0 /INPUT 1 "reset";
    .port_info 1 /INPUT 64 "A";
    .port_info 2 /INPUT 51 "B";
    .port_info 3 /OUTPUT 32 "Qout";
    .port_info 4 /INPUT 1 "clk";
v0x556db6042e50_0 .net "A", 63 0, L_0x556db608ffe0;  alias, 1 drivers
v0x556db608a370_0 .net "B", 50 0, L_0x556db60900d0;  alias, 1 drivers
v0x556db608a450_0 .var "Qout", 31 0;
v0x556db608a510_0 .var "bp0", 50 0;
v0x556db608a5f0_0 .var "bp1", 50 0;
v0x556db608a720_0 .var "bp10", 50 0;
v0x556db608a800_0 .var "bp11", 50 0;
v0x556db608a8e0_0 .var "bp12", 50 0;
v0x556db608a9c0_0 .var "bp13", 50 0;
v0x556db608aaa0_0 .var "bp14", 50 0;
v0x556db608ab80_0 .var "bp15", 50 0;
v0x556db608ac60_0 .var "bp16", 50 0;
v0x556db608ad40_0 .var "bp17", 50 0;
v0x556db608ae20_0 .var "bp18", 50 0;
v0x556db608af00_0 .var "bp19", 50 0;
v0x556db608afe0_0 .var "bp2", 50 0;
v0x556db608b0c0_0 .var "bp20", 50 0;
v0x556db608b1a0_0 .var "bp21", 50 0;
v0x556db608b280_0 .var "bp22", 50 0;
v0x556db608b360_0 .var "bp23", 50 0;
v0x556db608b440_0 .var "bp24", 50 0;
v0x556db608b520_0 .var "bp25", 50 0;
v0x556db608b600_0 .var "bp26", 50 0;
v0x556db608b6e0_0 .var "bp27", 50 0;
v0x556db608b7c0_0 .var "bp28", 50 0;
v0x556db608b8a0_0 .var "bp29", 50 0;
v0x556db608b980_0 .var "bp3", 50 0;
v0x556db608ba60_0 .var "bp30", 50 0;
v0x556db608bb40_0 .var "bp31", 50 0;
v0x556db608bc20_0 .var "bp4", 50 0;
v0x556db608bd00_0 .var "bp5", 50 0;
v0x556db608bde0_0 .var "bp6", 50 0;
v0x556db608bec0_0 .var "bp7", 50 0;
v0x556db608bfa0_0 .var "bp8", 50 0;
v0x556db608c080_0 .var "bp9", 50 0;
v0x556db608c160_0 .var "c0", 78 0;
v0x556db608c240_0 .var "c1", 78 0;
v0x556db608c320_0 .var "c10", 78 0;
v0x556db608c400_0 .var "c11", 78 0;
v0x556db608c4e0_0 .var "c12", 78 0;
v0x556db608c5c0_0 .var "c13", 78 0;
v0x556db608c6a0_0 .var "c14", 78 0;
v0x556db608c780_0 .var "c15", 78 0;
v0x556db608c860_0 .var "c16", 78 0;
v0x556db608c940_0 .var "c17", 78 0;
v0x556db608ca20_0 .var "c18", 78 0;
v0x556db608cb00_0 .var "c19", 78 0;
v0x556db608cbe0_0 .var "c2", 78 0;
v0x556db608ccc0_0 .var "c20", 78 0;
v0x556db608cda0_0 .var "c21", 78 0;
v0x556db608ce80_0 .var "c22", 78 0;
v0x556db608cf60_0 .var "c23", 78 0;
v0x556db608d040_0 .var "c24", 78 0;
v0x556db608d120_0 .var "c25", 78 0;
v0x556db608d200_0 .var "c26", 78 0;
v0x556db608d2e0_0 .var "c27", 78 0;
v0x556db608d3c0_0 .var "c28", 78 0;
v0x556db608d4a0_0 .var "c29", 78 0;
v0x556db608d580_0 .var "c3", 78 0;
v0x556db608d660_0 .var "c30", 78 0;
v0x556db608d740_0 .var "c31", 78 0;
v0x556db608d820_0 .var "c4", 78 0;
v0x556db608d900_0 .var "c5", 78 0;
v0x556db608d9e0_0 .var "c6", 78 0;
v0x556db608dac0_0 .var "c7", 78 0;
v0x556db608dba0_0 .var "c8", 78 0;
v0x556db608dc80_0 .var "c9", 78 0;
v0x556db608dd60_0 .net "clk", 0 0, L_0x556db6090210;  alias, 1 drivers
v0x556db608de20_0 .var "q0", 31 0;
v0x556db608df00_0 .var "q1", 31 0;
v0x556db608dfe0_0 .var "q10", 31 0;
v0x556db608e0c0_0 .var "q11", 31 0;
v0x556db608e1a0_0 .var "q12", 31 0;
v0x556db608e280_0 .var "q13", 31 0;
v0x556db608e360_0 .var "q14", 31 0;
v0x556db608e440_0 .var "q15", 31 0;
v0x556db608e520_0 .var "q16", 31 0;
v0x556db608e600_0 .var "q17", 31 0;
v0x556db608e6e0_0 .var "q18", 31 0;
v0x556db608e7c0_0 .var "q19", 31 0;
v0x556db608e8a0_0 .var "q2", 31 0;
v0x556db608e980_0 .var "q20", 31 0;
v0x556db608ea60_0 .var "q21", 31 0;
v0x556db608eb40_0 .var "q22", 31 0;
v0x556db608ec20_0 .var "q23", 31 0;
v0x556db608ed00_0 .var "q24", 31 0;
v0x556db608ede0_0 .var "q25", 31 0;
v0x556db608eec0_0 .var "q26", 31 0;
v0x556db608efa0_0 .var "q27", 31 0;
v0x556db608f080_0 .var "q28", 31 0;
v0x556db608f160_0 .var "q29", 31 0;
v0x556db608f240_0 .var "q3", 31 0;
v0x556db608f320_0 .var "q30", 31 0;
v0x556db608f400_0 .var "q31", 31 0;
v0x556db608f4e0_0 .var "q4", 31 0;
v0x556db608f5c0_0 .var "q5", 31 0;
v0x556db608f6a0_0 .var "q6", 31 0;
v0x556db608f780_0 .var "q7", 31 0;
v0x556db608f860_0 .var "q8", 31 0;
v0x556db608f940_0 .var "q9", 31 0;
v0x556db608fa20_0 .net "reset", 0 0, v0x556db608fea0_0;  1 drivers
E_0x556db5fd9a60/0 .event negedge, v0x556db608fa20_0;
E_0x556db5fd9a60/1 .event posedge, v0x556db608dd60_0;
E_0x556db5fd9a60 .event/or E_0x556db5fd9a60/0, E_0x556db5fd9a60/1;
    .scope S_0x556db6042c70;
T_0 ;
    %wait E_0x556db5fd9a60;
    %load/vec4 v0x556db608fa20_0;
    %cmpi/e 0, 0, 1;
    %jmp/0xz  T_0.0, 4;
    %pushi/vec4 0, 0, 79;
    %assign/vec4 v0x556db608c160_0, 0;
    %pushi/vec4 0, 0, 79;
    %assign/vec4 v0x556db608c240_0, 0;
    %pushi/vec4 0, 0, 79;
    %assign/vec4 v0x556db608cbe0_0, 0;
    %pushi/vec4 0, 0, 79;
    %assign/vec4 v0x556db608d580_0, 0;
    %pushi/vec4 0, 0, 79;
    %assign/vec4 v0x556db608d820_0, 0;
    %pushi/vec4 0, 0, 79;
    %assign/vec4 v0x556db608d900_0, 0;
    %pushi/vec4 0, 0, 79;
    %assign/vec4 v0x556db608d9e0_0, 0;
    %pushi/vec4 0, 0, 79;
    %assign/vec4 v0x556db608dac0_0, 0;
    %pushi/vec4 0, 0, 79;
    %assign/vec4 v0x556db608dba0_0, 0;
    %pushi/vec4 0, 0, 79;
    %assign/vec4 v0x556db608dc80_0, 0;
    %pushi/vec4 0, 0, 79;
    %assign/vec4 v0x556db608c320_0, 0;
    %pushi/vec4 0, 0, 79;
    %assign/vec4 v0x556db608c400_0, 0;
    %pushi/vec4 0, 0, 79;
    %assign/vec4 v0x556db608c4e0_0, 0;
    %pushi/vec4 0, 0, 79;
    %assign/vec4 v0x556db608c5c0_0, 0;
    %pushi/vec4 0, 0, 79;
    %assign/vec4 v0x556db608c6a0_0, 0;
    %pushi/vec4 0, 0, 79;
    %assign/vec4 v0x556db608c780_0, 0;
    %pushi/vec4 0, 0, 79;
    %assign/vec4 v0x556db608c860_0, 0;
    %pushi/vec4 0, 0, 79;
    %assign/vec4 v0x556db608c940_0, 0;
    %pushi/vec4 0, 0, 79;
    %assign/vec4 v0x556db608ca20_0, 0;
    %pushi/vec4 0, 0, 79;
    %assign/vec4 v0x556db608cb00_0, 0;
    %pushi/vec4 0, 0, 79;
    %assign/vec4 v0x556db608ccc0_0, 0;
    %pushi/vec4 0, 0, 79;
    %assign/vec4 v0x556db608cda0_0, 0;
    %pushi/vec4 0, 0, 79;
    %assign/vec4 v0x556db608ce80_0, 0;
    %pushi/vec4 0, 0, 79;
    %assign/vec4 v0x556db608cf60_0, 0;
    %pushi/vec4 0, 0, 79;
    %assign/vec4 v0x556db608d040_0, 0;
    %pushi/vec4 0, 0, 79;
    %assign/vec4 v0x556db608d120_0, 0;
    %pushi/vec4 0, 0, 79;
    %assign/vec4 v0x556db608d200_0, 0;
    %pushi/vec4 0, 0, 79;
    %assign/vec4 v0x556db608d2e0_0, 0;
    %pushi/vec4 0, 0, 79;
    %assign/vec4 v0x556db608d3c0_0, 0;
    %pushi/vec4 0, 0, 79;
    %assign/vec4 v0x556db608d4a0_0, 0;
    %pushi/vec4 0, 0, 79;
    %assign/vec4 v0x556db608d660_0, 0;
    %pushi/vec4 0, 0, 79;
    %assign/vec4 v0x556db608d740_0, 0;
    %pushi/vec4 0, 0, 32;
    %assign/vec4 v0x556db608de20_0, 0;
    %pushi/vec4 0, 0, 32;
    %assign/vec4 v0x556db608df00_0, 0;
    %pushi/vec4 0, 0, 32;
    %assign/vec4 v0x556db608e8a0_0, 0;
    %pushi/vec4 0, 0, 32;
    %assign/vec4 v0x556db608f240_0, 0;
    %pushi/vec4 0, 0, 32;
    %assign/vec4 v0x556db608f4e0_0, 0;
    %pushi/vec4 0, 0, 32;
    %assign/vec4 v0x556db608f5c0_0, 0;
    %pushi/vec4 0, 0, 32;
    %assign/vec4 v0x556db608f6a0_0, 0;
    %pushi/vec4 0, 0, 32;
    %assign/vec4 v0x556db608f780_0, 0;
    %pushi/vec4 0, 0, 32;
    %assign/vec4 v0x556db608f860_0, 0;
    %pushi/vec4 0, 0, 32;
    %assign/vec4 v0x556db608f940_0, 0;
    %pushi/vec4 0, 0, 32;
    %assign/vec4 v0x556db608dfe0_0, 0;
    %pushi/vec4 0, 0, 32;
    %assign/vec4 v0x556db608e0c0_0, 0;
    %pushi/vec4 0, 0, 32;
    %assign/vec4 v0x556db608e1a0_0, 0;
    %pushi/vec4 0, 0, 32;
    %assign/vec4 v0x556db608e280_0, 0;
    %pushi/vec4 0, 0, 32;
    %assign/vec4 v0x556db608e360_0, 0;
    %pushi/vec4 0, 0, 32;
    %assign/vec4 v0x556db608e440_0, 0;
    %pushi/vec4 0, 0, 32;
    %assign/vec4 v0x556db608e520_0, 0;
    %pushi/vec4 0, 0, 32;
    %assign/vec4 v0x556db608e600_0, 0;
    %pushi/vec4 0, 0, 32;
    %assign/vec4 v0x556db608e6e0_0, 0;
    %pushi/vec4 0, 0, 32;
    %assign/vec4 v0x556db608e7c0_0, 0;
    %pushi/vec4 0, 0, 32;
    %assign/vec4 v0x556db608e980_0, 0;
    %pushi/vec4 0, 0, 32;
    %assign/vec4 v0x556db608ea60_0, 0;
    %pushi/vec4 0, 0, 32;
    %assign/vec4 v0x556db608eb40_0, 0;
    %pushi/vec4 0, 0, 32;
    %assign/vec4 v0x556db608ec20_0, 0;
    %pushi/vec4 0, 0, 32;
    %assign/vec4 v0x556db608ed00_0, 0;
    %pushi/vec4 0, 0, 32;
    %assign/vec4 v0x556db608ede0_0, 0;
    %pushi/vec4 0, 0, 32;
    %assign/vec4 v0x556db608eec0_0, 0;
    %pushi/vec4 0, 0, 32;
    %assign/vec4 v0x556db608efa0_0, 0;
    %pushi/vec4 0, 0, 32;
    %assign/vec4 v0x556db608f080_0, 0;
    %pushi/vec4 0, 0, 32;
    %assign/vec4 v0x556db608f160_0, 0;
    %pushi/vec4 0, 0, 32;
    %assign/vec4 v0x556db608f320_0, 0;
    %pushi/vec4 0, 0, 32;
    %assign/vec4 v0x556db608f400_0, 0;
    %pushi/vec4 0, 0, 51;
    %assign/vec4 v0x556db608a510_0, 0;
    %pushi/vec4 0, 0, 51;
    %assign/vec4 v0x556db608a5f0_0, 0;
    %pushi/vec4 0, 0, 51;
    %assign/vec4 v0x556db608afe0_0, 0;
    %pushi/vec4 0, 0, 51;
    %assign/vec4 v0x556db608b980_0, 0;
    %pushi/vec4 0, 0, 51;
    %assign/vec4 v0x556db608bc20_0, 0;
    %pushi/vec4 0, 0, 51;
    %assign/vec4 v0x556db608bd00_0, 0;
    %pushi/vec4 0, 0, 51;
    %assign/vec4 v0x556db608bde0_0, 0;
    %pushi/vec4 0, 0, 51;
    %assign/vec4 v0x556db608bec0_0, 0;
    %pushi/vec4 0, 0, 51;
    %assign/vec4 v0x556db608bfa0_0, 0;
    %pushi/vec4 0, 0, 51;
    %assign/vec4 v0x556db608c080_0, 0;
    %pushi/vec4 0, 0, 51;
    %assign/vec4 v0x556db608a720_0, 0;
    %pushi/vec4 0, 0, 51;
    %assign/vec4 v0x556db608a800_0, 0;
    %pushi/vec4 0, 0, 51;
    %assign/vec4 v0x556db608a8e0_0, 0;
    %pushi/vec4 0, 0, 51;
    %assign/vec4 v0x556db608a9c0_0, 0;
    %pushi/vec4 0, 0, 51;
    %assign/vec4 v0x556db608aaa0_0, 0;
    %pushi/vec4 0, 0, 51;
    %assign/vec4 v0x556db608ab80_0, 0;
    %pushi/vec4 0, 0, 51;
    %assign/vec4 v0x556db608ac60_0, 0;
    %pushi/vec4 0, 0, 51;
    %assign/vec4 v0x556db608ad40_0, 0;
    %pushi/vec4 0, 0, 51;
    %assign/vec4 v0x556db608ae20_0, 0;
    %pushi/vec4 0, 0, 51;
    %assign/vec4 v0x556db608af00_0, 0;
    %pushi/vec4 0, 0, 51;
    %assign/vec4 v0x556db608b0c0_0, 0;
    %pushi/vec4 0, 0, 51;
    %assign/vec4 v0x556db608b1a0_0, 0;
    %pushi/vec4 0, 0, 51;
    %assign/vec4 v0x556db608b280_0, 0;
    %pushi/vec4 0, 0, 51;
    %assign/vec4 v0x556db608b360_0, 0;
    %pushi/vec4 0, 0, 51;
    %assign/vec4 v0x556db608b440_0, 0;
    %pushi/vec4 0, 0, 51;
    %assign/vec4 v0x556db608b520_0, 0;
    %pushi/vec4 0, 0, 51;
    %assign/vec4 v0x556db608b600_0, 0;
    %pushi/vec4 0, 0, 51;
    %assign/vec4 v0x556db608b6e0_0, 0;
    %pushi/vec4 0, 0, 51;
    %assign/vec4 v0x556db608b7c0_0, 0;
    %pushi/vec4 0, 0, 51;
    %assign/vec4 v0x556db608b8a0_0, 0;
    %pushi/vec4 0, 0, 51;
    %assign/vec4 v0x556db608ba60_0, 0;
    %pushi/vec4 0, 0, 51;
    %assign/vec4 v0x556db608bb40_0, 0;
    %jmp T_0.1;
T_0.0 ;
    %load/vec4 v0x556db6042e50_0;
    %ix/load 4, 15, 0;
    %ix/load 5, 0, 0;
    %flag_set/imm 4, 0;
    %assign/vec4/off/d v0x556db608c160_0, 4, 5;
    %pushi/vec4 0, 0, 15;
    %ix/load 4, 0, 0;
    %ix/load 5, 0, 0;
    %flag_set/imm 4, 0;
    %assign/vec4/off/d v0x556db608c160_0, 4, 5;
    %pushi/vec4 0, 0, 32;
    %assign/vec4 v0x556db608de20_0, 0;
    %load/vec4 v0x556db608a370_0;
    %assign/vec4 v0x556db608a510_0, 0;
    %load/vec4 v0x556db608a510_0;
    %assign/vec4 v0x556db608a5f0_0, 0;
    %load/vec4 v0x556db608a5f0_0;
    %assign/vec4 v0x556db608afe0_0, 0;
    %load/vec4 v0x556db608afe0_0;
    %assign/vec4 v0x556db608b980_0, 0;
    %load/vec4 v0x556db608b980_0;
    %assign/vec4 v0x556db608bc20_0, 0;
    %load/vec4 v0x556db608bc20_0;
    %assign/vec4 v0x556db608bd00_0, 0;
    %load/vec4 v0x556db608bd00_0;
    %assign/vec4 v0x556db608bde0_0, 0;
    %load/vec4 v0x556db608bde0_0;
    %assign/vec4 v0x556db608bec0_0, 0;
    %load/vec4 v0x556db608bec0_0;
    %assign/vec4 v0x556db608bfa0_0, 0;
    %load/vec4 v0x556db608bfa0_0;
    %assign/vec4 v0x556db608c080_0, 0;
    %load/vec4 v0x556db608c080_0;
    %assign/vec4 v0x556db608a720_0, 0;
    %load/vec4 v0x556db608a720_0;
    %assign/vec4 v0x556db608a800_0, 0;
    %load/vec4 v0x556db608a800_0;
    %assign/vec4 v0x556db608a8e0_0, 0;
    %load/vec4 v0x556db608a8e0_0;
    %assign/vec4 v0x556db608a9c0_0, 0;
    %load/vec4 v0x556db608a9c0_0;
    %assign/vec4 v0x556db608aaa0_0, 0;
    %load/vec4 v0x556db608aaa0_0;
    %assign/vec4 v0x556db608ab80_0, 0;
    %load/vec4 v0x556db608ab80_0;
    %assign/vec4 v0x556db608ac60_0, 0;
    %load/vec4 v0x556db608ac60_0;
    %assign/vec4 v0x556db608ad40_0, 0;
    %load/vec4 v0x556db608ad40_0;
    %assign/vec4 v0x556db608ae20_0, 0;
    %load/vec4 v0x556db608ae20_0;
    %assign/vec4 v0x556db608af00_0, 0;
    %load/vec4 v0x556db608af00_0;
    %assign/vec4 v0x556db608b0c0_0, 0;
    %load/vec4 v0x556db608b0c0_0;
    %assign/vec4 v0x556db608b1a0_0, 0;
    %load/vec4 v0x556db608b1a0_0;
    %assign/vec4 v0x556db608b280_0, 0;
    %load/vec4 v0x556db608b280_0;
    %assign/vec4 v0x556db608b360_0, 0;
    %load/vec4 v0x556db608b360_0;
    %assign/vec4 v0x556db608b440_0, 0;
    %load/vec4 v0x556db608b440_0;
    %assign/vec4 v0x556db608b520_0, 0;
    %load/vec4 v0x556db608b520_0;
    %assign/vec4 v0x556db608b600_0, 0;
    %load/vec4 v0x556db608b600_0;
    %assign/vec4 v0x556db608b6e0_0, 0;
    %load/vec4 v0x556db608b6e0_0;
    %assign/vec4 v0x556db608b7c0_0, 0;
    %load/vec4 v0x556db608b7c0_0;
    %assign/vec4 v0x556db608b8a0_0, 0;
    %load/vec4 v0x556db608b8a0_0;
    %assign/vec4 v0x556db608ba60_0, 0;
    %load/vec4 v0x556db608ba60_0;
    %assign/vec4 v0x556db608bb40_0, 0;
    %load/vec4 v0x556db608a510_0;
    %parti/s 48, 0, 2;
    %load/vec4 v0x556db608c160_0;
    %parti/s 48, 31, 6;
    %cmp/u;
    %flag_or 5, 4;
    %jmp/0xz  T_0.2, 5;
    %load/vec4 v0x556db608de20_0;
    %parti/s 31, 0, 2;
    %concati/vec4 1, 0, 1;
    %assign/vec4 v0x556db608df00_0, 0;
    %load/vec4 v0x556db608c160_0;
    %parti/s 48, 31, 6;
    %load/vec4 v0x556db608a510_0;
    %parti/s 48, 0, 2;
    %sub;
    %load/vec4 v0x556db608c160_0;
    %parti/s 31, 0, 2;
    %concat/vec4; draw_concat_vec4
    %assign/vec4 v0x556db608c240_0, 0;
    %jmp T_0.3;
T_0.2 ;
    %load/vec4 v0x556db608de20_0;
    %parti/s 31, 0, 2;
    %concati/vec4 0, 0, 1;
    %assign/vec4 v0x556db608df00_0, 0;
    %load/vec4 v0x556db608c160_0;
    %assign/vec4 v0x556db608c240_0, 0;
T_0.3 ;
    %load/vec4 v0x556db608a5f0_0;
    %parti/s 48, 0, 2;
    %pad/u 49;
    %load/vec4 v0x556db608c240_0;
    %parti/s 49, 30, 6;
    %cmp/u;
    %flag_or 5, 4;
    %jmp/0xz  T_0.4, 5;
    %load/vec4 v0x556db608df00_0;
    %parti/s 31, 0, 2;
    %concati/vec4 1, 0, 1;
    %assign/vec4 v0x556db608e8a0_0, 0;
    %load/vec4 v0x556db608c240_0;
    %parti/s 49, 30, 6;
    %load/vec4 v0x556db608a5f0_0;
    %parti/s 48, 0, 2;
    %pad/u 49;
    %sub;
    %load/vec4 v0x556db608c240_0;
    %parti/s 30, 0, 2;
    %concat/vec4; draw_concat_vec4
    %assign/vec4 v0x556db608cbe0_0, 0;
    %jmp T_0.5;
T_0.4 ;
    %load/vec4 v0x556db608df00_0;
    %parti/s 31, 0, 2;
    %concati/vec4 0, 0, 1;
    %assign/vec4 v0x556db608e8a0_0, 0;
    %load/vec4 v0x556db608c240_0;
    %assign/vec4 v0x556db608cbe0_0, 0;
T_0.5 ;
    %load/vec4 v0x556db608afe0_0;
    %parti/s 48, 0, 2;
    %pad/u 50;
    %load/vec4 v0x556db608cbe0_0;
    %parti/s 50, 29, 6;
    %cmp/u;
    %flag_or 5, 4;
    %jmp/0xz  T_0.6, 5;
    %load/vec4 v0x556db608e8a0_0;
    %parti/s 31, 0, 2;
    %concati/vec4 1, 0, 1;
    %assign/vec4 v0x556db608f240_0, 0;
    %load/vec4 v0x556db608cbe0_0;
    %parti/s 50, 29, 6;
    %load/vec4 v0x556db608afe0_0;
    %parti/s 48, 0, 2;
    %pad/u 50;
    %sub;
    %load/vec4 v0x556db608cbe0_0;
    %parti/s 29, 0, 2;
    %concat/vec4; draw_concat_vec4
    %assign/vec4 v0x556db608d580_0, 0;
    %jmp T_0.7;
T_0.6 ;
    %load/vec4 v0x556db608e8a0_0;
    %parti/s 31, 0, 2;
    %concati/vec4 0, 0, 1;
    %assign/vec4 v0x556db608f240_0, 0;
    %load/vec4 v0x556db608cbe0_0;
    %assign/vec4 v0x556db608d580_0, 0;
T_0.7 ;
    %load/vec4 v0x556db608b980_0;
    %parti/s 48, 0, 2;
    %pad/u 51;
    %load/vec4 v0x556db608d580_0;
    %parti/s 51, 28, 6;
    %cmp/u;
    %flag_or 5, 4;
    %jmp/0xz  T_0.8, 5;
    %load/vec4 v0x556db608f240_0;
    %parti/s 31, 0, 2;
    %concati/vec4 1, 0, 1;
    %assign/vec4 v0x556db608f4e0_0, 0;
    %load/vec4 v0x556db608d580_0;
    %parti/s 51, 28, 6;
    %load/vec4 v0x556db608b980_0;
    %parti/s 48, 0, 2;
    %pad/u 51;
    %sub;
    %load/vec4 v0x556db608d580_0;
    %parti/s 28, 0, 2;
    %concat/vec4; draw_concat_vec4
    %assign/vec4 v0x556db608d820_0, 0;
    %jmp T_0.9;
T_0.8 ;
    %load/vec4 v0x556db608f240_0;
    %parti/s 31, 0, 2;
    %concati/vec4 0, 0, 1;
    %assign/vec4 v0x556db608f4e0_0, 0;
    %load/vec4 v0x556db608d580_0;
    %assign/vec4 v0x556db608d820_0, 0;
T_0.9 ;
    %load/vec4 v0x556db608bc20_0;
    %parti/s 48, 0, 2;
    %pad/u 52;
    %load/vec4 v0x556db608d820_0;
    %parti/s 52, 27, 6;
    %cmp/u;
    %flag_or 5, 4;
    %jmp/0xz  T_0.10, 5;
    %load/vec4 v0x556db608f4e0_0;
    %parti/s 31, 0, 2;
    %concati/vec4 1, 0, 1;
    %assign/vec4 v0x556db608f5c0_0, 0;
    %load/vec4 v0x556db608d820_0;
    %parti/s 52, 27, 6;
    %load/vec4 v0x556db608bc20_0;
    %parti/s 48, 0, 2;
    %pad/u 52;
    %sub;
    %load/vec4 v0x556db608d820_0;
    %parti/s 27, 0, 2;
    %concat/vec4; draw_concat_vec4
    %assign/vec4 v0x556db608d900_0, 0;
    %jmp T_0.11;
T_0.10 ;
    %load/vec4 v0x556db608f4e0_0;
    %parti/s 31, 0, 2;
    %concati/vec4 0, 0, 1;
    %assign/vec4 v0x556db608f5c0_0, 0;
    %load/vec4 v0x556db608d820_0;
    %assign/vec4 v0x556db608d900_0, 0;
T_0.11 ;
    %load/vec4 v0x556db608bd00_0;
    %parti/s 48, 0, 2;
    %pad/u 53;
    %load/vec4 v0x556db608d900_0;
    %parti/s 53, 26, 6;
    %cmp/u;
    %flag_or 5, 4;
    %jmp/0xz  T_0.12, 5;
    %load/vec4 v0x556db608f5c0_0;
    %parti/s 31, 0, 2;
    %concati/vec4 1, 0, 1;
    %assign/vec4 v0x556db608f6a0_0, 0;
    %load/vec4 v0x556db608d900_0;
    %parti/s 53, 26, 6;
    %load/vec4 v0x556db608bd00_0;
    %parti/s 48, 0, 2;
    %pad/u 53;
    %sub;
    %load/vec4 v0x556db608d900_0;
    %parti/s 26, 0, 2;
    %concat/vec4; draw_concat_vec4
    %assign/vec4 v0x556db608d9e0_0, 0;
    %jmp T_0.13;
T_0.12 ;
    %load/vec4 v0x556db608f5c0_0;
    %parti/s 31, 0, 2;
    %concati/vec4 0, 0, 1;
    %assign/vec4 v0x556db608f6a0_0, 0;
    %load/vec4 v0x556db608d900_0;
    %assign/vec4 v0x556db608d9e0_0, 0;
T_0.13 ;
    %load/vec4 v0x556db608bde0_0;
    %parti/s 48, 0, 2;
    %pad/u 54;
    %load/vec4 v0x556db608d9e0_0;
    %parti/s 54, 25, 6;
    %cmp/u;
    %flag_or 5, 4;
    %jmp/0xz  T_0.14, 5;
    %load/vec4 v0x556db608f6a0_0;
    %parti/s 31, 0, 2;
    %concati/vec4 1, 0, 1;
    %assign/vec4 v0x556db608f780_0, 0;
    %load/vec4 v0x556db608d9e0_0;
    %parti/s 54, 25, 6;
    %load/vec4 v0x556db608bde0_0;
    %parti/s 48, 0, 2;
    %pad/u 54;
    %sub;
    %load/vec4 v0x556db608d9e0_0;
    %parti/s 25, 0, 2;
    %concat/vec4; draw_concat_vec4
    %assign/vec4 v0x556db608dac0_0, 0;
    %jmp T_0.15;
T_0.14 ;
    %load/vec4 v0x556db608f6a0_0;
    %parti/s 31, 0, 2;
    %concati/vec4 0, 0, 1;
    %assign/vec4 v0x556db608f780_0, 0;
    %load/vec4 v0x556db608d9e0_0;
    %assign/vec4 v0x556db608dac0_0, 0;
T_0.15 ;
    %load/vec4 v0x556db608bec0_0;
    %parti/s 48, 0, 2;
    %pad/u 55;
    %load/vec4 v0x556db608dac0_0;
    %parti/s 55, 24, 6;
    %cmp/u;
    %flag_or 5, 4;
    %jmp/0xz  T_0.16, 5;
    %load/vec4 v0x556db608f780_0;
    %parti/s 31, 0, 2;
    %concati/vec4 1, 0, 1;
    %assign/vec4 v0x556db608f860_0, 0;
    %load/vec4 v0x556db608dac0_0;
    %parti/s 55, 24, 6;
    %load/vec4 v0x556db608bec0_0;
    %parti/s 48, 0, 2;
    %pad/u 55;
    %sub;
    %load/vec4 v0x556db608dac0_0;
    %parti/s 24, 0, 2;
    %concat/vec4; draw_concat_vec4
    %assign/vec4 v0x556db608dba0_0, 0;
    %jmp T_0.17;
T_0.16 ;
    %load/vec4 v0x556db608f780_0;
    %parti/s 31, 0, 2;
    %concati/vec4 0, 0, 1;
    %assign/vec4 v0x556db608f860_0, 0;
    %load/vec4 v0x556db608dac0_0;
    %assign/vec4 v0x556db608dba0_0, 0;
T_0.17 ;
    %load/vec4 v0x556db608bfa0_0;
    %parti/s 48, 0, 2;
    %pad/u 56;
    %load/vec4 v0x556db608dba0_0;
    %parti/s 56, 23, 6;
    %cmp/u;
    %flag_or 5, 4;
    %jmp/0xz  T_0.18, 5;
    %load/vec4 v0x556db608f860_0;
    %parti/s 31, 0, 2;
    %concati/vec4 1, 0, 1;
    %assign/vec4 v0x556db608f940_0, 0;
    %load/vec4 v0x556db608dba0_0;
    %parti/s 56, 23, 6;
    %load/vec4 v0x556db608bfa0_0;
    %parti/s 48, 0, 2;
    %pad/u 56;
    %sub;
    %load/vec4 v0x556db608dba0_0;
    %parti/s 23, 0, 2;
    %concat/vec4; draw_concat_vec4
    %assign/vec4 v0x556db608dc80_0, 0;
    %jmp T_0.19;
T_0.18 ;
    %load/vec4 v0x556db608f860_0;
    %parti/s 31, 0, 2;
    %concati/vec4 0, 0, 1;
    %assign/vec4 v0x556db608f940_0, 0;
    %load/vec4 v0x556db608dba0_0;
    %assign/vec4 v0x556db608dc80_0, 0;
T_0.19 ;
    %load/vec4 v0x556db608c080_0;
    %parti/s 48, 0, 2;
    %pad/u 57;
    %load/vec4 v0x556db608dc80_0;
    %parti/s 57, 22, 6;
    %cmp/u;
    %flag_or 5, 4;
    %jmp/0xz  T_0.20, 5;
    %load/vec4 v0x556db608f940_0;
    %parti/s 31, 0, 2;
    %concati/vec4 1, 0, 1;
    %assign/vec4 v0x556db608dfe0_0, 0;
    %load/vec4 v0x556db608dc80_0;
    %parti/s 57, 22, 6;
    %load/vec4 v0x556db608c080_0;
    %parti/s 48, 0, 2;
    %pad/u 57;
    %sub;
    %load/vec4 v0x556db608dc80_0;
    %parti/s 22, 0, 2;
    %concat/vec4; draw_concat_vec4
    %assign/vec4 v0x556db608c320_0, 0;
    %jmp T_0.21;
T_0.20 ;
    %load/vec4 v0x556db608f940_0;
    %parti/s 31, 0, 2;
    %concati/vec4 0, 0, 1;
    %assign/vec4 v0x556db608dfe0_0, 0;
    %load/vec4 v0x556db608dc80_0;
    %assign/vec4 v0x556db608c320_0, 0;
T_0.21 ;
    %load/vec4 v0x556db608a720_0;
    %parti/s 48, 0, 2;
    %pad/u 58;
    %load/vec4 v0x556db608c320_0;
    %parti/s 58, 21, 6;
    %cmp/u;
    %flag_or 5, 4;
    %jmp/0xz  T_0.22, 5;
    %load/vec4 v0x556db608dfe0_0;
    %parti/s 31, 0, 2;
    %concati/vec4 1, 0, 1;
    %assign/vec4 v0x556db608e0c0_0, 0;
    %load/vec4 v0x556db608c320_0;
    %parti/s 58, 21, 6;
    %load/vec4 v0x556db608a720_0;
    %parti/s 48, 0, 2;
    %pad/u 58;
    %sub;
    %load/vec4 v0x556db608c320_0;
    %parti/s 21, 0, 2;
    %concat/vec4; draw_concat_vec4
    %assign/vec4 v0x556db608c400_0, 0;
    %jmp T_0.23;
T_0.22 ;
    %load/vec4 v0x556db608dfe0_0;
    %parti/s 31, 0, 2;
    %concati/vec4 0, 0, 1;
    %assign/vec4 v0x556db608e0c0_0, 0;
    %load/vec4 v0x556db608c320_0;
    %assign/vec4 v0x556db608c400_0, 0;
T_0.23 ;
    %load/vec4 v0x556db608a800_0;
    %parti/s 48, 0, 2;
    %pad/u 59;
    %load/vec4 v0x556db608c400_0;
    %parti/s 59, 20, 6;
    %cmp/u;
    %flag_or 5, 4;
    %jmp/0xz  T_0.24, 5;
    %load/vec4 v0x556db608e0c0_0;
    %parti/s 31, 0, 2;
    %concati/vec4 1, 0, 1;
    %assign/vec4 v0x556db608e1a0_0, 0;
    %load/vec4 v0x556db608c400_0;
    %parti/s 59, 20, 6;
    %load/vec4 v0x556db608a800_0;
    %parti/s 48, 0, 2;
    %pad/u 59;
    %sub;
    %load/vec4 v0x556db608c400_0;
    %parti/s 20, 0, 2;
    %concat/vec4; draw_concat_vec4
    %assign/vec4 v0x556db608c4e0_0, 0;
    %jmp T_0.25;
T_0.24 ;
    %load/vec4 v0x556db608e0c0_0;
    %parti/s 31, 0, 2;
    %concati/vec4 0, 0, 1;
    %assign/vec4 v0x556db608e1a0_0, 0;
    %load/vec4 v0x556db608c400_0;
    %assign/vec4 v0x556db608c4e0_0, 0;
T_0.25 ;
    %load/vec4 v0x556db608a8e0_0;
    %parti/s 48, 0, 2;
    %pad/u 60;
    %load/vec4 v0x556db608c4e0_0;
    %parti/s 60, 19, 6;
    %cmp/u;
    %flag_or 5, 4;
    %jmp/0xz  T_0.26, 5;
    %load/vec4 v0x556db608e1a0_0;
    %parti/s 31, 0, 2;
    %concati/vec4 1, 0, 1;
    %assign/vec4 v0x556db608e280_0, 0;
    %load/vec4 v0x556db608c4e0_0;
    %parti/s 60, 19, 6;
    %load/vec4 v0x556db608a8e0_0;
    %parti/s 48, 0, 2;
    %pad/u 60;
    %sub;
    %load/vec4 v0x556db608c4e0_0;
    %parti/s 19, 0, 2;
    %concat/vec4; draw_concat_vec4
    %assign/vec4 v0x556db608c5c0_0, 0;
    %jmp T_0.27;
T_0.26 ;
    %load/vec4 v0x556db608e1a0_0;
    %parti/s 31, 0, 2;
    %concati/vec4 0, 0, 1;
    %assign/vec4 v0x556db608e280_0, 0;
    %load/vec4 v0x556db608c4e0_0;
    %assign/vec4 v0x556db608c5c0_0, 0;
T_0.27 ;
    %load/vec4 v0x556db608a9c0_0;
    %parti/s 48, 0, 2;
    %pad/u 61;
    %load/vec4 v0x556db608c5c0_0;
    %parti/s 61, 18, 6;
    %cmp/u;
    %flag_or 5, 4;
    %jmp/0xz  T_0.28, 5;
    %load/vec4 v0x556db608e280_0;
    %parti/s 31, 0, 2;
    %concati/vec4 1, 0, 1;
    %assign/vec4 v0x556db608e360_0, 0;
    %load/vec4 v0x556db608c5c0_0;
    %parti/s 61, 18, 6;
    %load/vec4 v0x556db608a9c0_0;
    %parti/s 48, 0, 2;
    %pad/u 61;
    %sub;
    %load/vec4 v0x556db608c5c0_0;
    %parti/s 18, 0, 2;
    %concat/vec4; draw_concat_vec4
    %assign/vec4 v0x556db608c6a0_0, 0;
    %jmp T_0.29;
T_0.28 ;
    %load/vec4 v0x556db608e280_0;
    %parti/s 31, 0, 2;
    %concati/vec4 0, 0, 1;
    %assign/vec4 v0x556db608e360_0, 0;
    %load/vec4 v0x556db608c5c0_0;
    %assign/vec4 v0x556db608c6a0_0, 0;
T_0.29 ;
    %load/vec4 v0x556db608aaa0_0;
    %parti/s 48, 0, 2;
    %pad/u 62;
    %load/vec4 v0x556db608c6a0_0;
    %parti/s 62, 17, 6;
    %cmp/u;
    %flag_or 5, 4;
    %jmp/0xz  T_0.30, 5;
    %load/vec4 v0x556db608e360_0;
    %parti/s 31, 0, 2;
    %concati/vec4 1, 0, 1;
    %assign/vec4 v0x556db608e440_0, 0;
    %load/vec4 v0x556db608c6a0_0;
    %parti/s 62, 17, 6;
    %load/vec4 v0x556db608aaa0_0;
    %parti/s 48, 0, 2;
    %pad/u 62;
    %sub;
    %load/vec4 v0x556db608c6a0_0;
    %parti/s 17, 0, 2;
    %concat/vec4; draw_concat_vec4
    %assign/vec4 v0x556db608c780_0, 0;
    %jmp T_0.31;
T_0.30 ;
    %load/vec4 v0x556db608e360_0;
    %parti/s 31, 0, 2;
    %concati/vec4 0, 0, 1;
    %assign/vec4 v0x556db608e440_0, 0;
    %load/vec4 v0x556db608c6a0_0;
    %assign/vec4 v0x556db608c780_0, 0;
T_0.31 ;
    %load/vec4 v0x556db608ab80_0;
    %parti/s 48, 0, 2;
    %pad/u 63;
    %load/vec4 v0x556db608c780_0;
    %parti/s 63, 16, 6;
    %cmp/u;
    %flag_or 5, 4;
    %jmp/0xz  T_0.32, 5;
    %load/vec4 v0x556db608e440_0;
    %parti/s 31, 0, 2;
    %concati/vec4 1, 0, 1;
    %assign/vec4 v0x556db608e520_0, 0;
    %load/vec4 v0x556db608c780_0;
    %parti/s 63, 16, 6;
    %load/vec4 v0x556db608ab80_0;
    %parti/s 48, 0, 2;
    %pad/u 63;
    %sub;
    %load/vec4 v0x556db608c780_0;
    %parti/s 16, 0, 2;
    %concat/vec4; draw_concat_vec4
    %assign/vec4 v0x556db608c860_0, 0;
    %jmp T_0.33;
T_0.32 ;
    %load/vec4 v0x556db608e440_0;
    %parti/s 31, 0, 2;
    %concati/vec4 0, 0, 1;
    %assign/vec4 v0x556db608e520_0, 0;
    %load/vec4 v0x556db608c780_0;
    %assign/vec4 v0x556db608c860_0, 0;
T_0.33 ;
    %load/vec4 v0x556db608ac60_0;
    %parti/s 48, 0, 2;
    %pad/u 64;
    %load/vec4 v0x556db608c860_0;
    %parti/s 64, 15, 5;
    %cmp/u;
    %flag_or 5, 4;
    %jmp/0xz  T_0.34, 5;
    %load/vec4 v0x556db608e520_0;
    %parti/s 31, 0, 2;
    %concati/vec4 1, 0, 1;
    %assign/vec4 v0x556db608e600_0, 0;
    %load/vec4 v0x556db608c860_0;
    %parti/s 64, 15, 5;
    %load/vec4 v0x556db608ac60_0;
    %parti/s 48, 0, 2;
    %pad/u 64;
    %sub;
    %load/vec4 v0x556db608c860_0;
    %parti/s 15, 0, 2;
    %concat/vec4; draw_concat_vec4
    %assign/vec4 v0x556db608c940_0, 0;
    %jmp T_0.35;
T_0.34 ;
    %load/vec4 v0x556db608e520_0;
    %parti/s 31, 0, 2;
    %concati/vec4 0, 0, 1;
    %assign/vec4 v0x556db608e600_0, 0;
    %load/vec4 v0x556db608c860_0;
    %assign/vec4 v0x556db608c940_0, 0;
T_0.35 ;
    %load/vec4 v0x556db608ad40_0;
    %parti/s 48, 0, 2;
    %pad/u 65;
    %load/vec4 v0x556db608c940_0;
    %parti/s 65, 14, 5;
    %cmp/u;
    %flag_or 5, 4;
    %jmp/0xz  T_0.36, 5;
    %load/vec4 v0x556db608e600_0;
    %parti/s 31, 0, 2;
    %concati/vec4 1, 0, 1;
    %assign/vec4 v0x556db608e6e0_0, 0;
    %load/vec4 v0x556db608c940_0;
    %parti/s 65, 14, 5;
    %load/vec4 v0x556db608ad40_0;
    %parti/s 48, 0, 2;
    %pad/u 65;
    %sub;
    %load/vec4 v0x556db608c940_0;
    %parti/s 14, 0, 2;
    %concat/vec4; draw_concat_vec4
    %assign/vec4 v0x556db608ca20_0, 0;
    %jmp T_0.37;
T_0.36 ;
    %load/vec4 v0x556db608e600_0;
    %parti/s 31, 0, 2;
    %concati/vec4 0, 0, 1;
    %assign/vec4 v0x556db608e6e0_0, 0;
    %load/vec4 v0x556db608c940_0;
    %assign/vec4 v0x556db608ca20_0, 0;
T_0.37 ;
    %load/vec4 v0x556db608ae20_0;
    %parti/s 48, 0, 2;
    %pad/u 66;
    %load/vec4 v0x556db608ca20_0;
    %parti/s 66, 13, 5;
    %cmp/u;
    %flag_or 5, 4;
    %jmp/0xz  T_0.38, 5;
    %load/vec4 v0x556db608e6e0_0;
    %parti/s 31, 0, 2;
    %concati/vec4 1, 0, 1;
    %assign/vec4 v0x556db608e7c0_0, 0;
    %load/vec4 v0x556db608ca20_0;
    %parti/s 66, 13, 5;
    %load/vec4 v0x556db608ae20_0;
    %parti/s 48, 0, 2;
    %pad/u 66;
    %sub;
    %load/vec4 v0x556db608ca20_0;
    %parti/s 13, 0, 2;
    %concat/vec4; draw_concat_vec4
    %assign/vec4 v0x556db608cb00_0, 0;
    %jmp T_0.39;
T_0.38 ;
    %load/vec4 v0x556db608e6e0_0;
    %parti/s 31, 0, 2;
    %concati/vec4 0, 0, 1;
    %assign/vec4 v0x556db608e7c0_0, 0;
    %load/vec4 v0x556db608ca20_0;
    %assign/vec4 v0x556db608cb00_0, 0;
T_0.39 ;
    %load/vec4 v0x556db608af00_0;
    %parti/s 48, 0, 2;
    %pad/u 67;
    %load/vec4 v0x556db608cb00_0;
    %parti/s 67, 12, 5;
    %cmp/u;
    %flag_or 5, 4;
    %jmp/0xz  T_0.40, 5;
    %load/vec4 v0x556db608e7c0_0;
    %parti/s 31, 0, 2;
    %concati/vec4 1, 0, 1;
    %assign/vec4 v0x556db608e980_0, 0;
    %load/vec4 v0x556db608cb00_0;
    %parti/s 67, 12, 5;
    %load/vec4 v0x556db608af00_0;
    %parti/s 48, 0, 2;
    %pad/u 67;
    %sub;
    %load/vec4 v0x556db608cb00_0;
    %parti/s 12, 0, 2;
    %concat/vec4; draw_concat_vec4
    %assign/vec4 v0x556db608ccc0_0, 0;
    %jmp T_0.41;
T_0.40 ;
    %load/vec4 v0x556db608e7c0_0;
    %parti/s 31, 0, 2;
    %concati/vec4 0, 0, 1;
    %assign/vec4 v0x556db608e980_0, 0;
    %load/vec4 v0x556db608cb00_0;
    %assign/vec4 v0x556db608ccc0_0, 0;
T_0.41 ;
    %load/vec4 v0x556db608b0c0_0;
    %parti/s 48, 0, 2;
    %pad/u 68;
    %load/vec4 v0x556db608ccc0_0;
    %parti/s 68, 11, 5;
    %cmp/u;
    %flag_or 5, 4;
    %jmp/0xz  T_0.42, 5;
    %load/vec4 v0x556db608e980_0;
    %parti/s 31, 0, 2;
    %concati/vec4 1, 0, 1;
    %assign/vec4 v0x556db608ea60_0, 0;
    %load/vec4 v0x556db608ccc0_0;
    %parti/s 68, 11, 5;
    %load/vec4 v0x556db608b0c0_0;
    %parti/s 48, 0, 2;
    %pad/u 68;
    %sub;
    %load/vec4 v0x556db608ccc0_0;
    %parti/s 11, 0, 2;
    %concat/vec4; draw_concat_vec4
    %assign/vec4 v0x556db608cda0_0, 0;
    %jmp T_0.43;
T_0.42 ;
    %load/vec4 v0x556db608e980_0;
    %parti/s 31, 0, 2;
    %concati/vec4 0, 0, 1;
    %assign/vec4 v0x556db608ea60_0, 0;
    %load/vec4 v0x556db608ccc0_0;
    %assign/vec4 v0x556db608cda0_0, 0;
T_0.43 ;
    %load/vec4 v0x556db608b1a0_0;
    %parti/s 48, 0, 2;
    %pad/u 69;
    %load/vec4 v0x556db608cda0_0;
    %parti/s 69, 10, 5;
    %cmp/u;
    %flag_or 5, 4;
    %jmp/0xz  T_0.44, 5;
    %load/vec4 v0x556db608ea60_0;
    %parti/s 31, 0, 2;
    %concati/vec4 1, 0, 1;
    %assign/vec4 v0x556db608eb40_0, 0;
    %load/vec4 v0x556db608cda0_0;
    %parti/s 69, 10, 5;
    %load/vec4 v0x556db608b1a0_0;
    %parti/s 48, 0, 2;
    %pad/u 69;
    %sub;
    %load/vec4 v0x556db608cda0_0;
    %parti/s 10, 0, 2;
    %concat/vec4; draw_concat_vec4
    %assign/vec4 v0x556db608ce80_0, 0;
    %jmp T_0.45;
T_0.44 ;
    %load/vec4 v0x556db608ea60_0;
    %parti/s 31, 0, 2;
    %concati/vec4 0, 0, 1;
    %assign/vec4 v0x556db608eb40_0, 0;
    %load/vec4 v0x556db608cda0_0;
    %assign/vec4 v0x556db608ce80_0, 0;
T_0.45 ;
    %load/vec4 v0x556db608b280_0;
    %parti/s 48, 0, 2;
    %pad/u 70;
    %load/vec4 v0x556db608ce80_0;
    %parti/s 70, 9, 5;
    %cmp/u;
    %flag_or 5, 4;
    %jmp/0xz  T_0.46, 5;
    %load/vec4 v0x556db608eb40_0;
    %parti/s 31, 0, 2;
    %concati/vec4 1, 0, 1;
    %assign/vec4 v0x556db608ec20_0, 0;
    %load/vec4 v0x556db608ce80_0;
    %parti/s 70, 9, 5;
    %load/vec4 v0x556db608b280_0;
    %parti/s 48, 0, 2;
    %pad/u 70;
    %sub;
    %load/vec4 v0x556db608ce80_0;
    %parti/s 9, 0, 2;
    %concat/vec4; draw_concat_vec4
    %assign/vec4 v0x556db608cf60_0, 0;
    %jmp T_0.47;
T_0.46 ;
    %load/vec4 v0x556db608eb40_0;
    %parti/s 31, 0, 2;
    %concati/vec4 0, 0, 1;
    %assign/vec4 v0x556db608ec20_0, 0;
    %load/vec4 v0x556db608ce80_0;
    %assign/vec4 v0x556db608cf60_0, 0;
T_0.47 ;
    %load/vec4 v0x556db608b360_0;
    %parti/s 48, 0, 2;
    %pad/u 71;
    %load/vec4 v0x556db608cf60_0;
    %parti/s 71, 8, 5;
    %cmp/u;
    %flag_or 5, 4;
    %jmp/0xz  T_0.48, 5;
    %load/vec4 v0x556db608ec20_0;
    %parti/s 31, 0, 2;
    %concati/vec4 1, 0, 1;
    %assign/vec4 v0x556db608ed00_0, 0;
    %load/vec4 v0x556db608cf60_0;
    %parti/s 71, 8, 5;
    %load/vec4 v0x556db608b360_0;
    %parti/s 48, 0, 2;
    %pad/u 71;
    %sub;
    %load/vec4 v0x556db608cf60_0;
    %parti/s 8, 0, 2;
    %concat/vec4; draw_concat_vec4
    %assign/vec4 v0x556db608d040_0, 0;
    %jmp T_0.49;
T_0.48 ;
    %load/vec4 v0x556db608ec20_0;
    %parti/s 31, 0, 2;
    %concati/vec4 0, 0, 1;
    %assign/vec4 v0x556db608ed00_0, 0;
    %load/vec4 v0x556db608cf60_0;
    %assign/vec4 v0x556db608d040_0, 0;
T_0.49 ;
    %load/vec4 v0x556db608b440_0;
    %parti/s 48, 0, 2;
    %pad/u 72;
    %load/vec4 v0x556db608d040_0;
    %parti/s 72, 7, 4;
    %cmp/u;
    %flag_or 5, 4;
    %jmp/0xz  T_0.50, 5;
    %load/vec4 v0x556db608ed00_0;
    %parti/s 31, 0, 2;
    %concati/vec4 1, 0, 1;
    %assign/vec4 v0x556db608ede0_0, 0;
    %load/vec4 v0x556db608d040_0;
    %parti/s 72, 7, 4;
    %load/vec4 v0x556db608b440_0;
    %parti/s 48, 0, 2;
    %pad/u 72;
    %sub;
    %load/vec4 v0x556db608d040_0;
    %parti/s 7, 0, 2;
    %concat/vec4; draw_concat_vec4
    %assign/vec4 v0x556db608d120_0, 0;
    %jmp T_0.51;
T_0.50 ;
    %load/vec4 v0x556db608ed00_0;
    %parti/s 31, 0, 2;
    %concati/vec4 0, 0, 1;
    %assign/vec4 v0x556db608ede0_0, 0;
    %load/vec4 v0x556db608d040_0;
    %assign/vec4 v0x556db608d120_0, 0;
T_0.51 ;
    %load/vec4 v0x556db608b520_0;
    %parti/s 48, 0, 2;
    %pad/u 73;
    %load/vec4 v0x556db608d120_0;
    %parti/s 73, 6, 4;
    %cmp/u;
    %flag_or 5, 4;
    %jmp/0xz  T_0.52, 5;
    %load/vec4 v0x556db608ede0_0;
    %parti/s 31, 0, 2;
    %concati/vec4 1, 0, 1;
    %assign/vec4 v0x556db608eec0_0, 0;
    %load/vec4 v0x556db608d120_0;
    %parti/s 73, 6, 4;
    %load/vec4 v0x556db608b520_0;
    %parti/s 48, 0, 2;
    %pad/u 73;
    %sub;
    %load/vec4 v0x556db608d120_0;
    %parti/s 6, 0, 2;
    %concat/vec4; draw_concat_vec4
    %assign/vec4 v0x556db608d200_0, 0;
    %jmp T_0.53;
T_0.52 ;
    %load/vec4 v0x556db608ede0_0;
    %parti/s 31, 0, 2;
    %concati/vec4 0, 0, 1;
    %assign/vec4 v0x556db608eec0_0, 0;
    %load/vec4 v0x556db608d120_0;
    %assign/vec4 v0x556db608d200_0, 0;
T_0.53 ;
    %load/vec4 v0x556db608b600_0;
    %parti/s 48, 0, 2;
    %pad/u 74;
    %load/vec4 v0x556db608d200_0;
    %parti/s 74, 5, 4;
    %cmp/u;
    %flag_or 5, 4;
    %jmp/0xz  T_0.54, 5;
    %load/vec4 v0x556db608eec0_0;
    %parti/s 31, 0, 2;
    %concati/vec4 1, 0, 1;
    %assign/vec4 v0x556db608efa0_0, 0;
    %load/vec4 v0x556db608d200_0;
    %parti/s 74, 5, 4;
    %load/vec4 v0x556db608b600_0;
    %parti/s 48, 0, 2;
    %pad/u 74;
    %sub;
    %load/vec4 v0x556db608d200_0;
    %parti/s 5, 0, 2;
    %concat/vec4; draw_concat_vec4
    %assign/vec4 v0x556db608d2e0_0, 0;
    %jmp T_0.55;
T_0.54 ;
    %load/vec4 v0x556db608eec0_0;
    %parti/s 31, 0, 2;
    %concati/vec4 0, 0, 1;
    %assign/vec4 v0x556db608efa0_0, 0;
    %load/vec4 v0x556db608d200_0;
    %assign/vec4 v0x556db608d2e0_0, 0;
T_0.55 ;
    %load/vec4 v0x556db608b6e0_0;
    %parti/s 48, 0, 2;
    %pad/u 75;
    %load/vec4 v0x556db608d2e0_0;
    %parti/s 75, 4, 4;
    %cmp/u;
    %flag_or 5, 4;
    %jmp/0xz  T_0.56, 5;
    %load/vec4 v0x556db608efa0_0;
    %parti/s 31, 0, 2;
    %concati/vec4 1, 0, 1;
    %assign/vec4 v0x556db608f080_0, 0;
    %load/vec4 v0x556db608d2e0_0;
    %parti/s 75, 4, 4;
    %load/vec4 v0x556db608b6e0_0;
    %parti/s 48, 0, 2;
    %pad/u 75;
    %sub;
    %load/vec4 v0x556db608d2e0_0;
    %parti/s 4, 0, 2;
    %concat/vec4; draw_concat_vec4
    %assign/vec4 v0x556db608d3c0_0, 0;
    %jmp T_0.57;
T_0.56 ;
    %load/vec4 v0x556db608efa0_0;
    %parti/s 31, 0, 2;
    %concati/vec4 0, 0, 1;
    %assign/vec4 v0x556db608f080_0, 0;
    %load/vec4 v0x556db608d2e0_0;
    %assign/vec4 v0x556db608d3c0_0, 0;
T_0.57 ;
    %load/vec4 v0x556db608b7c0_0;
    %parti/s 48, 0, 2;
    %pad/u 77;
    %load/vec4 v0x556db608d3c0_0;
    %parti/s 77, 2, 3;
    %cmp/u;
    %flag_or 5, 4;
    %jmp/0xz  T_0.58, 5;
    %load/vec4 v0x556db608f080_0;
    %parti/s 31, 0, 2;
    %concati/vec4 1, 0, 1;
    %assign/vec4 v0x556db608f160_0, 0;
    %load/vec4 v0x556db608d3c0_0;
    %parti/s 77, 2, 3;
    %load/vec4 v0x556db608b7c0_0;
    %parti/s 48, 0, 2;
    %pad/u 77;
    %sub;
    %load/vec4 v0x556db608d3c0_0;
    %parti/s 2, 0, 2;
    %concat/vec4; draw_concat_vec4
    %assign/vec4 v0x556db608d4a0_0, 0;
    %jmp T_0.59;
T_0.58 ;
    %load/vec4 v0x556db608f080_0;
    %parti/s 31, 0, 2;
    %concati/vec4 0, 0, 1;
    %assign/vec4 v0x556db608f160_0, 0;
    %load/vec4 v0x556db608d3c0_0;
    %assign/vec4 v0x556db608d4a0_0, 0;
T_0.59 ;
    %load/vec4 v0x556db608b8a0_0;
    %parti/s 48, 0, 2;
    %pad/u 77;
    %load/vec4 v0x556db608d4a0_0;
    %parti/s 77, 2, 3;
    %cmp/u;
    %flag_or 5, 4;
    %jmp/0xz  T_0.60, 5;
    %load/vec4 v0x556db608f160_0;
    %parti/s 31, 0, 2;
    %concati/vec4 1, 0, 1;
    %assign/vec4 v0x556db608f320_0, 0;
    %load/vec4 v0x556db608d4a0_0;
    %parti/s 77, 2, 3;
    %load/vec4 v0x556db608b8a0_0;
    %parti/s 48, 0, 2;
    %pad/u 77;
    %sub;
    %load/vec4 v0x556db608d4a0_0;
    %parti/s 2, 0, 2;
    %concat/vec4; draw_concat_vec4
    %assign/vec4 v0x556db608d660_0, 0;
    %jmp T_0.61;
T_0.60 ;
    %load/vec4 v0x556db608f160_0;
    %parti/s 31, 0, 2;
    %concati/vec4 0, 0, 1;
    %assign/vec4 v0x556db608f320_0, 0;
    %load/vec4 v0x556db608d4a0_0;
    %assign/vec4 v0x556db608d660_0, 0;
T_0.61 ;
    %load/vec4 v0x556db608ba60_0;
    %parti/s 48, 0, 2;
    %pad/u 78;
    %load/vec4 v0x556db608d660_0;
    %parti/s 78, 1, 2;
    %cmp/u;
    %flag_or 5, 4;
    %jmp/0xz  T_0.62, 5;
    %load/vec4 v0x556db608f320_0;
    %parti/s 31, 0, 2;
    %concati/vec4 1, 0, 1;
    %assign/vec4 v0x556db608f400_0, 0;
    %load/vec4 v0x556db608d660_0;
    %parti/s 78, 1, 2;
    %load/vec4 v0x556db608ba60_0;
    %parti/s 48, 0, 2;
    %pad/u 78;
    %sub;
    %load/vec4 v0x556db608d660_0;
    %parti/s 1, 0, 2;
    %concat/vec4; draw_concat_vec4
    %assign/vec4 v0x556db608d740_0, 0;
    %jmp T_0.63;
T_0.62 ;
    %load/vec4 v0x556db608f320_0;
    %parti/s 31, 0, 2;
    %concati/vec4 0, 0, 1;
    %assign/vec4 v0x556db608f400_0, 0;
    %load/vec4 v0x556db608d660_0;
    %assign/vec4 v0x556db608d740_0, 0;
T_0.63 ;
    %load/vec4 v0x556db608bb40_0;
    %pad/u 79;
    %load/vec4 v0x556db608d740_0;
    %cmp/u;
    %flag_or 5, 4;
    %jmp/0xz  T_0.64, 5;
    %load/vec4 v0x556db608f400_0;
    %parti/s 31, 0, 2;
    %concati/vec4 1, 0, 1;
    %assign/vec4 v0x556db608a450_0, 0;
    %jmp T_0.65;
T_0.64 ;
    %load/vec4 v0x556db608f400_0;
    %parti/s 31, 0, 2;
    %concati/vec4 0, 0, 1;
    %assign/vec4 v0x556db608a450_0, 0;
T_0.65 ;
T_0.1 ;
    %jmp T_0;
    .thread T_0;
    .scope S_0x556db606d490;
T_1 ;
    %vpi_call 2 31 "$dumpfile", "5.vcd" {0 0 0};
    %vpi_call 2 32 "$dumpvars", 32'sb00000000000000000000000000000001, S_0x556db606d490 {0 0 0};
    %delay 10, 0;
    %pushi/vec4 0, 0, 1;
    %store/vec4 v0x556db608fea0_0, 0, 1;
    %end;
    .thread T_1;
    .scope S_0x556db606d490;
T_2 ;
    %delay 5, 0;
    %vpi_func 2 38 "$random" 32 {0 0 0};
    %pad/s 116;
    %store/vec4 v0x556db608ff40_0, 0, 116;
    %jmp T_2;
    .thread T_2;
    .scope S_0x556db606d490;
T_3 ;
    %vpi_call 2 51 "$monitor", $time, " bench_reset = %b, A = %b , B = %b , clk = %b , Qout = %b  ", v0x556db608fea0_0, v0x556db608fb80_0, v0x556db608fc60_0, v0x556db608fdd0_0, v0x556db608fd00_0 {0 0 0};
    %end;
    .thread T_3;
    .scope S_0x556db606d490;
T_4 ;
    %delay 199, 0;
    %vpi_call 2 57 "$finish" {0 0 0};
    %end;
    .thread T_4;
# The file index is used to find the file name in the following table.
:file_names 4;
    "N/A";
    "<interactive>";
    "wavedrom_dataset/testbenches/5_tb.v";
    "wavedrom_dataset/verilog_modules/27.v";
