#! /usr/bin/vvp
:ivl_version "11.0 (stable)";
:ivl_delay_selection "TYPICAL";
:vpi_time_precision + 0;
:vpi_module "/usr/lib/x86_64-linux-gnu/ivl/system.vpi";
:vpi_module "/usr/lib/x86_64-linux-gnu/ivl/vhdl_sys.vpi";
:vpi_module "/usr/lib/x86_64-linux-gnu/ivl/vhdl_textio.vpi";
:vpi_module "/usr/lib/x86_64-linux-gnu/ivl/v2005_math.vpi";
:vpi_module "/usr/lib/x86_64-linux-gnu/ivl/va_math.vpi";
S_0x56229d3baa60 .scope module, "testbench" "testbench" 2 15;
 .timescale 0 0;
L_0x7f0eceb5a018 .functor BUFT 1, C4<x>, C4<0>, C4<0>, C4<0>;
v0x56229d3de500_0 .net *"_ivl_11", 0 0, L_0x7f0eceb5a018;  1 drivers
v0x56229d3de600_0 .net *"_ivl_13", 14 0, L_0x56229d3df990;  1 drivers
v0x56229d3de6e0_0 .net "bench_addr", 31 0, L_0x56229d3df6e0;  1 drivers
v0x56229d3de780_0 .net "bench_clk", 0 0, L_0x56229d3df500;  1 drivers
v0x56229d3de820_0 .net "bench_din", 31 0, L_0x56229d3df8f0;  1 drivers
v0x56229d3de8c0_0 .net "bench_dout", 31 0, v0x56229d3dd720_0;  1 drivers
v0x56229d3de960_0 .net "bench_drw", 0 0, L_0x56229d3df7d0;  1 drivers
v0x56229d3dea00_0 .net "bench_rdy", 0 0, L_0x56229d3e1800;  1 drivers
v0x56229d3dead0_0 .var "bench_reset", 0 0;
v0x56229d3deb70_0 .net "bench_rst", 0 0, L_0x56229d3df5a0;  1 drivers
v0x56229d3dec40_0 .net "bench_sram_addr", 23 1, L_0x56229d3e10d0;  1 drivers
L_0x7f0eceb5a0a8 .functor BUFT 1, C4<0>, C4<0>, C4<0>, C4<0>;
v0x56229d3ded10_0 .net "bench_sram_adv", 0 0, L_0x7f0eceb5a0a8;  1 drivers
L_0x7f0eceb5a138 .functor BUFT 1, C4<0>, C4<0>, C4<0>, C4<0>;
v0x56229d3dede0_0 .net "bench_sram_ce", 0 0, L_0x7f0eceb5a138;  1 drivers
L_0x7f0eceb5a060 .functor BUFT 1, C4<0>, C4<0>, C4<0>, C4<0>;
v0x56229d3deeb0_0 .net "bench_sram_clk", 0 0, L_0x7f0eceb5a060;  1 drivers
L_0x7f0eceb5a0f0 .functor BUFT 1, C4<0>, C4<0>, C4<0>, C4<0>;
v0x56229d3def80_0 .net "bench_sram_cre", 0 0, L_0x7f0eceb5a0f0;  1 drivers
RS_0x7f0eceba3888 .resolv tri, L_0x56229d3dfa70, L_0x56229d3e0e70;
v0x56229d3df050_0 .net8 "bench_sram_data", 15 0, RS_0x7f0eceba3888;  2 drivers
L_0x7f0eceb5a210 .functor BUFT 1, C4<0>, C4<0>, C4<0>, C4<0>;
v0x56229d3df120_0 .net "bench_sram_lb", 0 0, L_0x7f0eceb5a210;  1 drivers
L_0x7f0eceb5a180 .functor BUFT 1, C4<0>, C4<0>, C4<0>, C4<0>;
v0x56229d3df1f0_0 .net "bench_sram_oe", 0 0, L_0x7f0eceb5a180;  1 drivers
L_0x7f0eceb5a1c8 .functor BUFT 1, C4<0>, C4<0>, C4<0>, C4<0>;
v0x56229d3df2c0_0 .net "bench_sram_ub", 0 0, L_0x7f0eceb5a1c8;  1 drivers
v0x56229d3df390_0 .net "bench_sram_we", 0 0, L_0x56229d3e1620;  1 drivers
v0x56229d3df460_0 .var "indata_array", 0 81;
L_0x56229d3df500 .part v0x56229d3df460_0, 81, 1;
L_0x56229d3df5a0 .part v0x56229d3df460_0, 80, 1;
L_0x56229d3df6e0 .part v0x56229d3df460_0, 48, 32;
L_0x56229d3df7d0 .part v0x56229d3df460_0, 47, 1;
L_0x56229d3df8f0 .part v0x56229d3df460_0, 15, 32;
L_0x56229d3df990 .part v0x56229d3df460_0, 0, 15;
L_0x56229d3dfa70 .concat [ 1 15 0 0], L_0x7f0eceb5a018, L_0x56229d3df990;
S_0x56229d3babf0 .scope module, "inst" "sram_interface" 2 57, 3 1 0, S_0x56229d3baa60;
 .timescale 0 0;
    .port_info 0 /INPUT 1 "rst";
    .port_info 1 /INPUT 1 "clk";
    .port_info 2 /INPUT 32 "addr";
    .port_info 3 /INPUT 1 "drw";
    .port_info 4 /INPUT 32 "din";
    .port_info 5 /OUTPUT 32 "dout";
    .port_info 6 /OUTPUT 1 "rdy";
    .port_info 7 /OUTPUT 1 "sram_clk";
    .port_info 8 /OUTPUT 1 "sram_adv";
    .port_info 9 /OUTPUT 1 "sram_cre";
    .port_info 10 /OUTPUT 1 "sram_ce";
    .port_info 11 /OUTPUT 1 "sram_oe";
    .port_info 12 /OUTPUT 1 "sram_we";
    .port_info 13 /OUTPUT 1 "sram_lb";
    .port_info 14 /OUTPUT 1 "sram_ub";
    .port_info 15 /INOUT 16 "sram_data";
    .port_info 16 /OUTPUT 23 "sram_addr";
L_0x56229d3b8b40 .functor OR 1, L_0x56229d3dfe80, L_0x56229d3dff20, C4<0>, C4<0>;
L_0x56229d3b8bb0 .functor OR 1, L_0x56229d3b8b40, L_0x56229d3e0100, C4<0>, C4<0>;
L_0x56229d3e07d0 .functor OR 1, L_0x56229d3e05f0, L_0x56229d3e0690, C4<0>, C4<0>;
L_0x56229d3e09d0 .functor OR 1, L_0x56229d3e07d0, L_0x56229d3e08e0, C4<0>, C4<0>;
L_0x56229d3e0db0 .functor AND 1, L_0x56229d3df7d0, L_0x56229d3e1260, C4<1>, C4<1>;
L_0x56229d3e14d0 .functor AND 1, L_0x56229d3e0db0, L_0x56229d3e13e0, C4<1>, C4<1>;
v0x56229d39fe30_0 .net "UL", 0 0, L_0x56229d3e0420;  1 drivers
L_0x7f0eceb5a258 .functor BUFT 1, C4<000>, C4<0>, C4<0>, C4<0>;
v0x56229d3b8d20_0 .net/2u *"_ivl_14", 2 0, L_0x7f0eceb5a258;  1 drivers
v0x56229d3b8dc0_0 .net *"_ivl_16", 0 0, L_0x56229d3dfe80;  1 drivers
L_0x7f0eceb5a2a0 .functor BUFT 1, C4<001>, C4<0>, C4<0>, C4<0>;
v0x56229d3dbc20_0 .net/2u *"_ivl_18", 2 0, L_0x7f0eceb5a2a0;  1 drivers
v0x56229d3dbd00_0 .net *"_ivl_20", 0 0, L_0x56229d3dff20;  1 drivers
v0x56229d3dbdc0_0 .net *"_ivl_23", 0 0, L_0x56229d3b8b40;  1 drivers
L_0x7f0eceb5a2e8 .functor BUFT 1, C4<010>, C4<0>, C4<0>, C4<0>;
v0x56229d3dbe80_0 .net/2u *"_ivl_24", 2 0, L_0x7f0eceb5a2e8;  1 drivers
v0x56229d3dbf60_0 .net *"_ivl_26", 0 0, L_0x56229d3e0100;  1 drivers
v0x56229d3dc020_0 .net *"_ivl_29", 0 0, L_0x56229d3b8bb0;  1 drivers
L_0x7f0eceb5a330 .functor BUFT 1, C4<00>, C4<0>, C4<0>, C4<0>;
v0x56229d3dc0e0_0 .net/2s *"_ivl_30", 1 0, L_0x7f0eceb5a330;  1 drivers
L_0x7f0eceb5a378 .functor BUFT 1, C4<01>, C4<0>, C4<0>, C4<0>;
v0x56229d3dc1c0_0 .net/2s *"_ivl_32", 1 0, L_0x7f0eceb5a378;  1 drivers
v0x56229d3dc2a0_0 .net *"_ivl_34", 1 0, L_0x56229d3e0290;  1 drivers
v0x56229d3dc380_0 .net *"_ivl_39", 0 0, L_0x56229d3e0510;  1 drivers
o0x7f0eceba3288 .functor BUFZ 16, C4<zzzzzzzzzzzzzzzz>; HiZ drive
; Elide local net with no drivers, v0x56229d3dc440_0 name=_ivl_40
L_0x7f0eceb5a3c0 .functor BUFT 1, C4<000>, C4<0>, C4<0>, C4<0>;
v0x56229d3dc520_0 .net/2u *"_ivl_42", 2 0, L_0x7f0eceb5a3c0;  1 drivers
v0x56229d3dc600_0 .net *"_ivl_44", 0 0, L_0x56229d3e05f0;  1 drivers
L_0x7f0eceb5a408 .functor BUFT 1, C4<001>, C4<0>, C4<0>, C4<0>;
v0x56229d3dc6c0_0 .net/2u *"_ivl_46", 2 0, L_0x7f0eceb5a408;  1 drivers
v0x56229d3dc7a0_0 .net *"_ivl_48", 0 0, L_0x56229d3e0690;  1 drivers
v0x56229d3dc860_0 .net *"_ivl_51", 0 0, L_0x56229d3e07d0;  1 drivers
L_0x7f0eceb5a450 .functor BUFT 1, C4<010>, C4<0>, C4<0>, C4<0>;
v0x56229d3dc920_0 .net/2u *"_ivl_52", 2 0, L_0x7f0eceb5a450;  1 drivers
v0x56229d3dca00_0 .net *"_ivl_54", 0 0, L_0x56229d3e08e0;  1 drivers
v0x56229d3dcac0_0 .net *"_ivl_57", 0 0, L_0x56229d3e09d0;  1 drivers
v0x56229d3dcb80_0 .net *"_ivl_59", 15 0, L_0x56229d3e0ae0;  1 drivers
v0x56229d3dcc60_0 .net *"_ivl_61", 15 0, L_0x56229d3e0be0;  1 drivers
v0x56229d3dcd40_0 .net *"_ivl_62", 15 0, L_0x56229d3e0d10;  1 drivers
v0x56229d3dce20_0 .net *"_ivl_67", 21 0, L_0x56229d3e0fb0;  1 drivers
L_0x7f0eceb5a498 .functor BUFT 1, C4<010>, C4<0>, C4<0>, C4<0>;
v0x56229d3dcf00_0 .net/2u *"_ivl_70", 2 0, L_0x7f0eceb5a498;  1 drivers
v0x56229d3dcfe0_0 .net *"_ivl_72", 0 0, L_0x56229d3e1260;  1 drivers
v0x56229d3dd0a0_0 .net *"_ivl_75", 0 0, L_0x56229d3e0db0;  1 drivers
L_0x7f0eceb5a4e0 .functor BUFT 1, C4<100>, C4<0>, C4<0>, C4<0>;
v0x56229d3dd160_0 .net/2u *"_ivl_76", 2 0, L_0x7f0eceb5a4e0;  1 drivers
v0x56229d3dd240_0 .net *"_ivl_78", 0 0, L_0x56229d3e13e0;  1 drivers
v0x56229d3dd300_0 .net *"_ivl_81", 0 0, L_0x56229d3e14d0;  1 drivers
L_0x7f0eceb5a528 .functor BUFT 1, C4<000>, C4<0>, C4<0>, C4<0>;
v0x56229d3dd3c0_0 .net/2u *"_ivl_84", 2 0, L_0x7f0eceb5a528;  1 drivers
v0x56229d3dd4a0_0 .net "addr", 31 0, L_0x56229d3df6e0;  alias, 1 drivers
v0x56229d3dd580_0 .net "clk", 0 0, L_0x56229d3df500;  alias, 1 drivers
v0x56229d3dd640_0 .net "din", 31 0, L_0x56229d3df8f0;  alias, 1 drivers
v0x56229d3dd720_0 .var "dout", 31 0;
v0x56229d3dd800_0 .net "drw", 0 0, L_0x56229d3df7d0;  alias, 1 drivers
v0x56229d3dd8c0_0 .net "rdy", 0 0, L_0x56229d3e1800;  alias, 1 drivers
v0x56229d3dd980_0 .net "rst", 0 0, L_0x56229d3df5a0;  alias, 1 drivers
v0x56229d3dda40_0 .net "sram_addr", 23 1, L_0x56229d3e10d0;  alias, 1 drivers
v0x56229d3ddb20_0 .net "sram_adv", 0 0, L_0x7f0eceb5a0a8;  alias, 1 drivers
v0x56229d3ddbe0_0 .net "sram_ce", 0 0, L_0x7f0eceb5a138;  alias, 1 drivers
v0x56229d3ddca0_0 .net "sram_clk", 0 0, L_0x7f0eceb5a060;  alias, 1 drivers
v0x56229d3ddd60_0 .net "sram_cre", 0 0, L_0x7f0eceb5a0f0;  alias, 1 drivers
v0x56229d3dde20_0 .net8 "sram_data", 15 0, RS_0x7f0eceba3888;  alias, 2 drivers
v0x56229d3ddf00_0 .net "sram_lb", 0 0, L_0x7f0eceb5a210;  alias, 1 drivers
v0x56229d3ddfc0_0 .net "sram_oe", 0 0, L_0x7f0eceb5a180;  alias, 1 drivers
v0x56229d3de080_0 .net "sram_ub", 0 0, L_0x7f0eceb5a1c8;  alias, 1 drivers
v0x56229d3de140_0 .net "sram_we", 0 0, L_0x56229d3e1620;  alias, 1 drivers
v0x56229d3de200_0 .var "state", 2 0;
E_0x56229d3aaf60 .event posedge, v0x56229d3dd580_0;
L_0x56229d3dfe80 .cmp/eq 3, v0x56229d3de200_0, L_0x7f0eceb5a258;
L_0x56229d3dff20 .cmp/eq 3, v0x56229d3de200_0, L_0x7f0eceb5a2a0;
L_0x56229d3e0100 .cmp/eq 3, v0x56229d3de200_0, L_0x7f0eceb5a2e8;
L_0x56229d3e0290 .functor MUXZ 2, L_0x7f0eceb5a378, L_0x7f0eceb5a330, L_0x56229d3b8bb0, C4<>;
L_0x56229d3e0420 .part L_0x56229d3e0290, 0, 1;
L_0x56229d3e0510 .reduce/nor L_0x56229d3df7d0;
L_0x56229d3e05f0 .cmp/eq 3, v0x56229d3de200_0, L_0x7f0eceb5a3c0;
L_0x56229d3e0690 .cmp/eq 3, v0x56229d3de200_0, L_0x7f0eceb5a408;
L_0x56229d3e08e0 .cmp/eq 3, v0x56229d3de200_0, L_0x7f0eceb5a450;
L_0x56229d3e0ae0 .part L_0x56229d3df8f0, 16, 16;
L_0x56229d3e0be0 .part L_0x56229d3df8f0, 0, 16;
L_0x56229d3e0d10 .functor MUXZ 16, L_0x56229d3e0be0, L_0x56229d3e0ae0, L_0x56229d3e09d0, C4<>;
L_0x56229d3e0e70 .functor MUXZ 16, L_0x56229d3e0d10, o0x7f0eceba3288, L_0x56229d3e0510, C4<>;
L_0x56229d3e0fb0 .part L_0x56229d3df6e0, 2, 22;
L_0x56229d3e10d0 .concat [ 1 22 0 0], L_0x56229d3e0420, L_0x56229d3e0fb0;
L_0x56229d3e1260 .cmp/ne 3, v0x56229d3de200_0, L_0x7f0eceb5a498;
L_0x56229d3e13e0 .cmp/ne 3, v0x56229d3de200_0, L_0x7f0eceb5a4e0;
L_0x56229d3e1620 .reduce/nor L_0x56229d3e14d0;
L_0x56229d3e1800 .cmp/eq 3, v0x56229d3de200_0, L_0x7f0eceb5a528;
    .scope S_0x56229d3babf0;
T_0 ;
    %pushi/vec4 0, 0, 3;
    %store/vec4 v0x56229d3de200_0, 0, 3;
    %end;
    .thread T_0;
    .scope S_0x56229d3babf0;
T_1 ;
    %wait E_0x56229d3aaf60;
    %load/vec4 v0x56229d3dd980_0;
    %nor/r;
    %flag_set/vec4 8;
    %jmp/0xz  T_1.0, 8;
    %load/vec4 v0x56229d3de200_0;
    %cmpi/e 2, 0, 3;
    %jmp/0xz  T_1.2, 4;
    %load/vec4 v0x56229d3dde20_0;
    %ix/load 4, 16, 0;
    %ix/load 5, 0, 0;
    %flag_set/imm 4, 0;
    %assign/vec4/off/d v0x56229d3dd720_0, 4, 5;
T_1.2 ;
    %load/vec4 v0x56229d3de200_0;
    %cmpi/e 4, 0, 3;
    %jmp/0xz  T_1.4, 4;
    %load/vec4 v0x56229d3dde20_0;
    %ix/load 4, 0, 0;
    %ix/load 5, 0, 0;
    %flag_set/imm 4, 0;
    %assign/vec4/off/d v0x56229d3dd720_0, 4, 5;
T_1.4 ;
    %load/vec4 v0x56229d3de200_0;
    %pushi/vec4 5, 0, 3;
    %cmp/e;
    %flag_get/vec4 4;
    %load/vec4 v0x56229d3dd800_0;
    %and;
    %flag_set/vec4 8;
    %load/vec4 v0x56229d3de200_0;
    %pushi/vec4 4, 0, 3;
    %cmp/e;
    %flag_get/vec4 4;
    %load/vec4 v0x56229d3dd800_0;
    %nor/r;
    %and;
    %flag_set/vec4 9;
    %flag_or 9, 8;
    %jmp/0xz  T_1.6, 9;
    %pushi/vec4 0, 0, 3;
    %assign/vec4 v0x56229d3de200_0, 0;
    %jmp T_1.7;
T_1.6 ;
    %load/vec4 v0x56229d3de200_0;
    %addi 1, 0, 3;
    %assign/vec4 v0x56229d3de200_0, 0;
T_1.7 ;
    %jmp T_1.1;
T_1.0 ;
    %pushi/vec4 0, 0, 3;
    %assign/vec4 v0x56229d3de200_0, 0;
T_1.1 ;
    %jmp T_1;
    .thread T_1;
    .scope S_0x56229d3baa60;
T_2 ;
    %vpi_call 2 47 "$dumpfile", "52.vcd" {0 0 0};
    %vpi_call 2 48 "$dumpvars", 32'sb00000000000000000000000000000001, S_0x56229d3baa60 {0 0 0};
    %delay 10, 0;
    %pushi/vec4 0, 0, 1;
    %store/vec4 v0x56229d3dead0_0, 0, 1;
    %end;
    .thread T_2;
    .scope S_0x56229d3baa60;
T_3 ;
    %delay 5, 0;
    %vpi_func 2 54 "$random" 32 {0 0 0};
    %pad/s 82;
    %store/vec4 v0x56229d3df460_0, 0, 82;
    %jmp T_3;
    .thread T_3;
    .scope S_0x56229d3baa60;
T_4 ;
    %vpi_call 2 79 "$monitor", $time, " bench_reset = %b, clk = %b , rst = %b , addr = %b , drw = %b , din = %b , sram_data = %b , dout = %b , rdy = %b , sram_clk = %b , sram_adv = %b , sram_cre = %b , sram_ce = %b , sram_oe = %b , sram_lb = %b , sram_ub = %b , sram_addr = %b , sram_we = %b  ", v0x56229d3dead0_0, v0x56229d3de780_0, v0x56229d3deb70_0, v0x56229d3de6e0_0, v0x56229d3de960_0, v0x56229d3de820_0, v0x56229d3df050_0, v0x56229d3de8c0_0, v0x56229d3dea00_0, v0x56229d3deeb0_0, v0x56229d3ded10_0, v0x56229d3def80_0, v0x56229d3dede0_0, v0x56229d3df1f0_0, v0x56229d3df120_0, v0x56229d3df2c0_0, v0x56229d3dec40_0, v0x56229d3df390_0 {0 0 0};
    %end;
    .thread T_4;
    .scope S_0x56229d3baa60;
T_5 ;
    %delay 199, 0;
    %vpi_call 2 85 "$finish" {0 0 0};
    %end;
    .thread T_5;
# The file index is used to find the file name in the following table.
:file_names 4;
    "N/A";
    "<interactive>";
    "wavedrom_dataset/testbenches/52_tb.v";
    "wavedrom_dataset/verilog_modules/2.v";
