#! /usr/bin/vvp
:ivl_version "11.0 (stable)";
:ivl_delay_selection "TYPICAL";
:vpi_time_precision + 0;
:vpi_module "/usr/lib/x86_64-linux-gnu/ivl/system.vpi";
:vpi_module "/usr/lib/x86_64-linux-gnu/ivl/vhdl_sys.vpi";
:vpi_module "/usr/lib/x86_64-linux-gnu/ivl/vhdl_textio.vpi";
:vpi_module "/usr/lib/x86_64-linux-gnu/ivl/v2005_math.vpi";
:vpi_module "/usr/lib/x86_64-linux-gnu/ivl/va_math.vpi";
S_0x559ded2b0c90 .scope module, "testbench" "testbench" 2 15;
 .timescale 0 0;
L_0x7fa9a2fe4018 .functor BUFT 1, C4<x>, C4<0>, C4<0>, C4<0>;
v0x559ded2a2a40_0 .net *"_ivl_15", 0 0, L_0x7fa9a2fe4018;  1 drivers
v0x559ded2d6960_0 .net *"_ivl_17", 1 0, L_0x559ded2d80b0;  1 drivers
v0x559ded2d6a40_0 .net "bench_adc_clk", 0 0, L_0x559ded2a2860;  1 drivers
v0x559ded2d6ae0_0 .net "bench_adc_d", 7 0, L_0x559ded2d7cd0;  1 drivers
v0x559ded2d6b80_0 .net "bench_ck_1356meg", 0 0, L_0x559ded2d7aa0;  1 drivers
v0x559ded2d6c20_0 .net "bench_ck_1356megb", 0 0, L_0x559ded2d7be0;  1 drivers
v0x559ded2d6cc0_0 .net "bench_cross_hi", 0 0, L_0x559ded2d7e90;  1 drivers
v0x559ded2d6d60_0 .net "bench_cross_lo", 0 0, L_0x559ded2d7fc0;  1 drivers
v0x559ded2d6e30_0 .net "bench_dbg", 0 0, L_0x559ded2d9590;  1 drivers
v0x559ded2d6f00_0 .net "bench_mod_type", 2 0, L_0x559ded2d81a0;  1 drivers
v0x559ded2d6fd0_0 .net "bench_pck0", 0 0, L_0x559ded2d7a00;  1 drivers
v0x559ded2d70a0_0 .net "bench_pwr_hi", 0 0, L_0x559ded2d9270;  1 drivers
L_0x7fa9a2fe42a0 .functor BUFT 1, C4<0>, C4<0>, C4<0>, C4<0>;
v0x559ded2d7170_0 .net "bench_pwr_lo", 0 0, L_0x7fa9a2fe42a0;  1 drivers
L_0x7fa9a2fe4210 .functor BUFT 1, C4<0>, C4<0>, C4<0>, C4<0>;
v0x559ded2d7240_0 .net "bench_pwr_oe1", 0 0, L_0x7fa9a2fe4210;  1 drivers
L_0x7fa9a2fe41c8 .functor BUFT 1, C4<0>, C4<0>, C4<0>, C4<0>;
v0x559ded2d7310_0 .net "bench_pwr_oe2", 0 0, L_0x7fa9a2fe41c8;  1 drivers
L_0x7fa9a2fe4258 .functor BUFT 1, C4<0>, C4<0>, C4<0>, C4<0>;
v0x559ded2d73e0_0 .net "bench_pwr_oe3", 0 0, L_0x7fa9a2fe4258;  1 drivers
v0x559ded2d74b0_0 .net "bench_pwr_oe4", 0 0, L_0x559ded2d9420;  1 drivers
v0x559ded2d7580_0 .var "bench_reset", 0 0;
v0x559ded2d7620_0 .net "bench_ssp_clk", 0 0, v0x559ded2d59d0_0;  1 drivers
v0x559ded2d76f0_0 .net "bench_ssp_din", 0 0, L_0x559ded2aef80;  1 drivers
v0x559ded2d77c0_0 .net "bench_ssp_dout", 0 0, L_0x559ded2d7df0;  1 drivers
v0x559ded2d7890_0 .net "bench_ssp_frame", 0 0, v0x559ded2d6020_0;  1 drivers
v0x559ded2d7960_0 .var "indata_array", 0 15;
L_0x559ded2d7a00 .part v0x559ded2d7960_0, 15, 1;
L_0x559ded2d7aa0 .part v0x559ded2d7960_0, 14, 1;
L_0x559ded2d7be0 .part v0x559ded2d7960_0, 13, 1;
L_0x559ded2d7cd0 .part v0x559ded2d7960_0, 5, 8;
L_0x559ded2d7df0 .part v0x559ded2d7960_0, 4, 1;
L_0x559ded2d7e90 .part v0x559ded2d7960_0, 3, 1;
L_0x559ded2d7fc0 .part v0x559ded2d7960_0, 2, 1;
L_0x559ded2d80b0 .part v0x559ded2d7960_0, 0, 2;
L_0x559ded2d81a0 .concat [ 1 2 0 0], L_0x7fa9a2fe4018, L_0x559ded2d80b0;
S_0x559ded2b0e20 .scope module, "inst" "hi_iso14443a" 2 61, 3 1 0, S_0x559ded2b0c90;
 .timescale 0 0;
    .port_info 0 /INPUT 1 "pck0";
    .port_info 1 /INPUT 1 "ck_1356meg";
    .port_info 2 /INPUT 1 "ck_1356megb";
    .port_info 3 /OUTPUT 1 "pwr_lo";
    .port_info 4 /OUTPUT 1 "pwr_hi";
    .port_info 5 /OUTPUT 1 "pwr_oe1";
    .port_info 6 /OUTPUT 1 "pwr_oe2";
    .port_info 7 /OUTPUT 1 "pwr_oe3";
    .port_info 8 /OUTPUT 1 "pwr_oe4";
    .port_info 9 /INPUT 8 "adc_d";
    .port_info 10 /OUTPUT 1 "adc_clk";
    .port_info 11 /OUTPUT 1 "ssp_frame";
    .port_info 12 /OUTPUT 1 "ssp_din";
    .port_info 13 /INPUT 1 "ssp_dout";
    .port_info 14 /OUTPUT 1 "ssp_clk";
    .port_info 15 /INPUT 1 "cross_hi";
    .port_info 16 /INPUT 1 "cross_lo";
    .port_info 17 /OUTPUT 1 "dbg";
    .port_info 18 /INPUT 3 "mod_type";
L_0x559ded2a2860 .functor BUFZ 1, L_0x559ded2d7aa0, C4<0>, C4<0>, C4<0>;
L_0x559ded2aef10 .functor NOT 1, L_0x559ded2d8790, C4<0>, C4<0>, C4<0>;
L_0x559ded2aef80 .functor BUFZ 1, v0x559ded2d3d30_0, C4<0>, C4<0>, C4<0>;
L_0x559ded2d89b0 .functor AND 1, v0x559ded2d4df0_0, L_0x559ded2d88d0, C4<1>, C4<1>;
L_0x559ded2d8bc0 .functor AND 1, L_0x559ded2d89b0, L_0x559ded2d8aa0, C4<1>, C4<1>;
L_0x559ded2d8e10 .functor NOT 1, v0x559ded2d4df0_0, C4<0>, C4<0>, C4<0>;
L_0x559ded2d8f10 .functor AND 1, L_0x559ded2d8d20, L_0x559ded2d8e10, C4<1>, C4<1>;
L_0x559ded2d9110 .functor OR 1, L_0x559ded2d8f10, L_0x559ded2d9020, C4<0>, C4<0>;
L_0x559ded2d9270 .functor AND 1, L_0x559ded2d7be0, L_0x559ded2d9110, C4<1>, C4<1>;
L_0x559ded2d9420 .functor BUFZ 1, L_0x559ded2d8bc0, C4<0>, C4<0>, C4<0>;
L_0x7fa9a2fe40a8 .functor BUFT 1, C4<00>, C4<0>, C4<0>, C4<0>;
v0x559ded23b350_0 .net *"_ivl_11", 1 0, L_0x7fa9a2fe40a8;  1 drivers
v0x559ded269a90_0 .net *"_ivl_15", 0 0, L_0x559ded2d8790;  1 drivers
v0x559ded2af0f0_0 .net *"_ivl_21", 0 0, L_0x559ded2d88d0;  1 drivers
v0x559ded2d2960_0 .net *"_ivl_22", 0 0, L_0x559ded2d89b0;  1 drivers
L_0x7fa9a2fe40f0 .functor BUFT 1, C4<010>, C4<0>, C4<0>, C4<0>;
v0x559ded2d2a40_0 .net/2u *"_ivl_24", 2 0, L_0x7fa9a2fe40f0;  1 drivers
v0x559ded2d2b70_0 .net *"_ivl_26", 0 0, L_0x559ded2d8aa0;  1 drivers
L_0x7fa9a2fe4138 .functor BUFT 1, C4<100>, C4<0>, C4<0>, C4<0>;
v0x559ded2d2c30_0 .net/2u *"_ivl_30", 2 0, L_0x7fa9a2fe4138;  1 drivers
v0x559ded2d2d10_0 .net *"_ivl_32", 0 0, L_0x559ded2d8d20;  1 drivers
v0x559ded2d2dd0_0 .net *"_ivl_34", 0 0, L_0x559ded2d8e10;  1 drivers
v0x559ded2d2eb0_0 .net *"_ivl_36", 0 0, L_0x559ded2d8f10;  1 drivers
L_0x7fa9a2fe4180 .functor BUFT 1, C4<011>, C4<0>, C4<0>, C4<0>;
v0x559ded2d2f90_0 .net/2u *"_ivl_38", 2 0, L_0x7fa9a2fe4180;  1 drivers
v0x559ded2d3070_0 .net *"_ivl_4", 9 0, L_0x559ded2d8420;  1 drivers
v0x559ded2d3150_0 .net *"_ivl_40", 0 0, L_0x559ded2d9020;  1 drivers
v0x559ded2d3210_0 .net *"_ivl_43", 0 0, L_0x559ded2d9110;  1 drivers
L_0x7fa9a2fe4060 .functor BUFT 1, C4<00>, C4<0>, C4<0>, C4<0>;
v0x559ded2d32d0_0 .net *"_ivl_7", 1 0, L_0x7fa9a2fe4060;  1 drivers
v0x559ded2d33b0_0 .net *"_ivl_8", 9 0, L_0x559ded2d8510;  1 drivers
v0x559ded2d3490_0 .net "adc_clk", 0 0, L_0x559ded2a2860;  alias, 1 drivers
v0x559ded2d3550_0 .net "adc_d", 7 0, L_0x559ded2d7cd0;  alias, 1 drivers
v0x559ded2d3630_0 .var "after_hysteresis", 0 0;
v0x559ded2d36f0_0 .var "after_hysteresis_prev1", 0 0;
v0x559ded2d37b0_0 .var "after_hysteresis_prev2", 0 0;
v0x559ded2d3870_0 .var "after_hysteresis_prev3", 0 0;
v0x559ded2d3930_0 .var "average", 12 0;
v0x559ded2d3a10_0 .net "avg", 7 0, L_0x559ded2d8380;  1 drivers
v0x559ded2d3af0_0 .var "bit1", 0 0;
v0x559ded2d3bb0_0 .var "bit2", 0 0;
v0x559ded2d3c70_0 .var "bit3", 0 0;
v0x559ded2d3d30_0 .var "bit_to_arm", 0 0;
v0x559ded2d3df0_0 .net "ck_1356meg", 0 0, L_0x559ded2d7aa0;  alias, 1 drivers
v0x559ded2d3eb0_0 .net "ck_1356megb", 0 0, L_0x559ded2d7be0;  alias, 1 drivers
v0x559ded2d3f70_0 .var "count_ones", 3 0;
v0x559ded2d4050_0 .var "count_zeros", 3 0;
v0x559ded2d4130_0 .net "cross_hi", 0 0, L_0x559ded2d7e90;  alias, 1 drivers
v0x559ded2d41f0_0 .net "cross_lo", 0 0, L_0x559ded2d7fc0;  alias, 1 drivers
v0x559ded2d42b0_0 .var "curbit", 0 0;
v0x559ded2d4370_0 .net "dbg", 0 0, L_0x559ded2d9590;  alias, 1 drivers
v0x559ded2d4430_0 .var "deep_counter", 2 0;
v0x559ded2d4510_0 .var "deep_modulation", 0 0;
v0x559ded2d45d0_0 .net/s "dif", 9 0, L_0x559ded2d8650;  1 drivers
v0x559ded2d46b0_0 .var "fc_div_2", 0 0;
v0x559ded2d4770_0 .var "fdt_counter", 10 0;
v0x559ded2d4850_0 .var "fdt_elapsed", 0 0;
v0x559ded2d4910_0 .var "fdt_indicator", 0 0;
v0x559ded2d49d0_0 .var "has_been_low_for", 11 0;
v0x559ded2d4ab0_0 .var "lavg", 7 0;
v0x559ded2d4b90_0 .var "mod_sig", 0 0;
v0x559ded2d4c50_0 .var "mod_sig_buf", 47 0;
v0x559ded2d4d30_0 .net "mod_sig_buf_empty", 0 0, L_0x559ded2aef10;  1 drivers
v0x559ded2d4df0_0 .var "mod_sig_coil", 0 0;
v0x559ded2d4eb0_0 .var "mod_sig_flip", 3 0;
v0x559ded2d4f90_0 .var "mod_sig_ptr", 5 0;
v0x559ded2d5070_0 .net "mod_type", 2 0, L_0x559ded2d81a0;  alias, 1 drivers
v0x559ded2d5150_0 .net "modulating_carrier", 0 0, L_0x559ded2d8bc0;  1 drivers
v0x559ded2d5210_0 .var "negedge_cnt", 5 0;
v0x559ded2d52f0_0 .net "pck0", 0 0, L_0x559ded2d7a00;  alias, 1 drivers
v0x559ded2d53b0_0 .net "pwr_hi", 0 0, L_0x559ded2d9270;  alias, 1 drivers
v0x559ded2d5470_0 .net "pwr_lo", 0 0, L_0x7fa9a2fe42a0;  alias, 1 drivers
v0x559ded2d5530_0 .net "pwr_oe1", 0 0, L_0x7fa9a2fe4210;  alias, 1 drivers
v0x559ded2d55f0_0 .net "pwr_oe2", 0 0, L_0x7fa9a2fe41c8;  alias, 1 drivers
v0x559ded2d56b0_0 .net "pwr_oe3", 0 0, L_0x7fa9a2fe4258;  alias, 1 drivers
v0x559ded2d5770_0 .net "pwr_oe4", 0 0, L_0x559ded2d9420;  alias, 1 drivers
v0x559ded2d5830_0 .var "saw_deep_modulation", 8 0;
v0x559ded2d5910_0 .var "sendbit", 0 0;
v0x559ded2d59d0_0 .var "ssp_clk", 0 0;
v0x559ded2d5a90_0 .net "ssp_din", 0 0, L_0x559ded2aef80;  alias, 1 drivers
v0x559ded2d5f60_0 .net "ssp_dout", 0 0, L_0x559ded2d7df0;  alias, 1 drivers
v0x559ded2d6020_0 .var "ssp_frame", 0 0;
v0x559ded2d60e0_0 .var "ssp_frame_counter", 2 0;
v0x559ded2d61c0_0 .var/s "step1", 12 0;
v0x559ded2d62a0_0 .var/s "step2", 12 0;
v0x559ded2d6380_0 .var "stepsize", 7 0;
v0x559ded2d6460_0 .var "temp_buffer_reset", 0 0;
v0x559ded2d6520_0 .var/s "to_arm", 7 0;
E_0x559ded27f310 .event negedge, v0x559ded2d3490_0;
E_0x559ded27d240 .event posedge, v0x559ded2d3df0_0;
L_0x559ded2d8380 .part v0x559ded2d3930_0, 4, 8;
L_0x559ded2d8420 .concat [ 8 2 0 0], v0x559ded2d4ab0_0, L_0x7fa9a2fe4060;
L_0x559ded2d8510 .concat [ 8 2 0 0], L_0x559ded2d8380, L_0x7fa9a2fe40a8;
L_0x559ded2d8650 .arith/sub 10, L_0x559ded2d8420, L_0x559ded2d8510;
L_0x559ded2d8790 .reduce/or v0x559ded2d4c50_0;
L_0x559ded2d88d0 .part v0x559ded2d5210_0, 3, 1;
L_0x559ded2d8aa0 .cmp/eq 3, L_0x559ded2d81a0, L_0x7fa9a2fe40f0;
L_0x559ded2d8d20 .cmp/eq 3, L_0x559ded2d81a0, L_0x7fa9a2fe4138;
L_0x559ded2d9020 .cmp/eq 3, L_0x559ded2d81a0, L_0x7fa9a2fe4180;
L_0x559ded2d9590 .part v0x559ded2d5210_0, 3, 1;
    .scope S_0x559ded2b0e20;
T_0 ;
    %wait E_0x559ded27d240;
    %load/vec4 v0x559ded2d46b0_0;
    %inv;
    %store/vec4 v0x559ded2d46b0_0, 0, 1;
    %jmp T_0;
    .thread T_0;
    .scope S_0x559ded2b0e20;
T_1 ;
    %wait E_0x559ded27f310;
    %load/vec4 v0x559ded2d3550_0;
    %parti/s 2, 6, 4;
    %and/r;
    %flag_set/vec4 8;
    %jmp/0xz  T_1.0, 8;
    %pushi/vec4 1, 0, 1;
    %assign/vec4 v0x559ded2d3630_0, 0;
    %jmp T_1.1;
T_1.0 ;
    %load/vec4 v0x559ded2d3550_0;
    %parti/s 4, 4, 4;
    %or/r;
    %inv;
    %flag_set/vec4 8;
    %jmp/0xz  T_1.2, 8;
    %pushi/vec4 0, 0, 1;
    %assign/vec4 v0x559ded2d3630_0, 0;
T_1.2 ;
T_1.1 ;
    %load/vec4 v0x559ded2d3550_0;
    %or/r;
    %inv;
    %flag_set/vec4 8;
    %jmp/0xz  T_1.4, 8;
    %load/vec4 v0x559ded2d4430_0;
    %cmpi/e 7, 0, 3;
    %jmp/0xz  T_1.6, 4;
    %pushi/vec4 1, 0, 1;
    %assign/vec4 v0x559ded2d4510_0, 0;
    %pushi/vec4 0, 0, 9;
    %assign/vec4 v0x559ded2d5830_0, 0;
    %jmp T_1.7;
T_1.6 ;
    %load/vec4 v0x559ded2d4430_0;
    %addi 1, 0, 3;
    %assign/vec4 v0x559ded2d4430_0, 0;
T_1.7 ;
    %jmp T_1.5;
T_1.4 ;
    %pushi/vec4 0, 0, 3;
    %assign/vec4 v0x559ded2d4430_0, 0;
    %load/vec4 v0x559ded2d5830_0;
    %cmpi/e 255, 0, 9;
    %jmp/0xz  T_1.8, 4;
    %pushi/vec4 0, 0, 1;
    %assign/vec4 v0x559ded2d4510_0, 0;
    %jmp T_1.9;
T_1.8 ;
    %load/vec4 v0x559ded2d5830_0;
    %addi 1, 0, 9;
    %assign/vec4 v0x559ded2d5830_0, 0;
T_1.9 ;
T_1.5 ;
    %load/vec4 v0x559ded2d3630_0;
    %flag_set/vec4 8;
    %jmp/0xz  T_1.10, 8;
    %pushi/vec4 0, 0, 12;
    %assign/vec4 v0x559ded2d49d0_0, 0;
    %jmp T_1.11;
T_1.10 ;
    %load/vec4 v0x559ded2d49d0_0;
    %cmpi/e 4095, 0, 12;
    %jmp/0xz  T_1.12, 4;
    %pushi/vec4 0, 0, 12;
    %assign/vec4 v0x559ded2d49d0_0, 0;
    %pushi/vec4 1, 0, 1;
    %assign/vec4 v0x559ded2d3630_0, 0;
    %jmp T_1.13;
T_1.12 ;
    %load/vec4 v0x559ded2d49d0_0;
    %addi 1, 0, 12;
    %assign/vec4 v0x559ded2d49d0_0, 0;
T_1.13 ;
T_1.11 ;
    %jmp T_1;
    .thread T_1;
    .scope S_0x559ded2b0e20;
T_2 ;
    %wait E_0x559ded27f310;
    %load/vec4 v0x559ded2d4770_0;
    %cmpi/e 740, 0, 11;
    %jmp/0xz  T_2.0, 4;
    %pushi/vec4 1, 0, 1;
    %store/vec4 v0x559ded2d4910_0, 0, 1;
T_2.0 ;
    %load/vec4 v0x559ded2d4770_0;
    %cmpi/e 1148, 0, 11;
    %jmp/0xz  T_2.2, 4;
    %load/vec4 v0x559ded2d4850_0;
    %flag_set/vec4 8;
    %jmp/0xz  T_2.4, 8;
    %load/vec4 v0x559ded2d5210_0;
    %parti/s 4, 0, 2;
    %load/vec4 v0x559ded2d4eb0_0;
    %cmp/e;
    %jmp/0xz  T_2.6, 4;
    %load/vec4 v0x559ded2d4b90_0;
    %assign/vec4 v0x559ded2d4df0_0, 0;
T_2.6 ;
    %jmp T_2.5;
T_2.4 ;
    %load/vec4 v0x559ded2d5210_0;
    %parti/s 4, 0, 2;
    %assign/vec4 v0x559ded2d4eb0_0, 0;
    %load/vec4 v0x559ded2d4b90_0;
    %assign/vec4 v0x559ded2d4df0_0, 0;
    %pushi/vec4 1, 0, 1;
    %store/vec4 v0x559ded2d4850_0, 0, 1;
    %pushi/vec4 0, 0, 1;
    %store/vec4 v0x559ded2d4910_0, 0, 1;
    %load/vec4 v0x559ded2d4f90_0;
    %or/r;
    %inv;
    %flag_set/vec4 8;
    %jmp/0xz  T_2.8, 8;
    %pushi/vec4 9, 0, 6;
    %assign/vec4 v0x559ded2d4f90_0, 0;
    %jmp T_2.9;
T_2.8 ;
    %pushi/vec4 1, 0, 1;
    %store/vec4 v0x559ded2d6460_0, 0, 1;
T_2.9 ;
T_2.5 ;
    %jmp T_2.3;
T_2.2 ;
    %load/vec4 v0x559ded2d4770_0;
    %addi 1, 0, 11;
    %assign/vec4 v0x559ded2d4770_0, 0;
T_2.3 ;
    %load/vec4 v0x559ded2d5210_0;
    %parti/s 4, 0, 2;
    %and/r;
    %flag_set/vec4 8;
    %jmp/0xz  T_2.10, 8;
    %load/vec4 v0x559ded2d3630_0;
    %inv;
    %load/vec4 v0x559ded2d4d30_0;
    %and;
    %load/vec4 v0x559ded2d5070_0;
    %pushi/vec4 4, 0, 3;
    %cmp/e;
    %flag_get/vec4 4;
    %load/vec4 v0x559ded2d5070_0;
    %pushi/vec4 3, 0, 3;
    %cmp/e;
    %flag_get/vec4 4;
    %or;
    %load/vec4 v0x559ded2d5070_0;
    %pushi/vec4 2, 0, 3;
    %cmp/e;
    %flag_get/vec4 4;
    %or;
    %inv;
    %and;
    %flag_set/vec4 8;
    %jmp/0xz  T_2.12, 8;
    %pushi/vec4 0, 0, 11;
    %assign/vec4 v0x559ded2d4770_0, 0;
    %pushi/vec4 0, 0, 1;
    %store/vec4 v0x559ded2d4850_0, 0, 1;
    %pushi/vec4 0, 0, 1;
    %store/vec4 v0x559ded2d4910_0, 0, 1;
    %pushi/vec4 0, 0, 1;
    %store/vec4 v0x559ded2d6460_0, 0, 1;
    %pushi/vec4 0, 0, 6;
    %assign/vec4 v0x559ded2d4f90_0, 0;
T_2.12 ;
    %load/vec4 v0x559ded2d3a10_0;
    %assign/vec4 v0x559ded2d4ab0_0, 0;
    %load/vec4 v0x559ded2d6380_0;
    %pad/u 32;
    %cmpi/u 16, 0, 32;
    %jmp/0xz  T_2.14, 5;
    %pushi/vec4 16, 0, 8;
    %store/vec4 v0x559ded2d6380_0, 0, 8;
T_2.14 ;
    %load/vec4 v0x559ded2d45d0_0;
    %pad/s 32;
    %cmpi/s 0, 0, 32;
    %flag_or 5, 4; GT is !LE
    %flag_inv 5;
    %jmp/0xz  T_2.16, 5;
    %load/vec4 v0x559ded2d45d0_0;
    %pad/s 13;
    %muli 3, 0, 13;
    %store/vec4 v0x559ded2d61c0_0, 0, 13;
    %load/vec4 v0x559ded2d6380_0;
    %pad/u 13;
    %muli 2, 0, 13;
    %store/vec4 v0x559ded2d62a0_0, 0, 13;
    %load/vec4 v0x559ded2d62a0_0;
    %load/vec4 v0x559ded2d61c0_0;
    %cmp/s;
    %jmp/0xz  T_2.18, 5;
    %pushi/vec4 0, 0, 1;
    %store/vec4 v0x559ded2d42b0_0, 0, 1;
    %load/vec4 v0x559ded2d45d0_0;
    %pad/s 8;
    %store/vec4 v0x559ded2d6380_0, 0, 8;
T_2.18 ;
    %jmp T_2.17;
T_2.16 ;
    %load/vec4 v0x559ded2d45d0_0;
    %pad/s 13;
    %muli 3, 0, 13;
    %store/vec4 v0x559ded2d61c0_0, 0, 13;
    %load/vec4 v0x559ded2d61c0_0;
    %inv;
    %pushi/vec4 1, 0, 13;
    %add;
    %store/vec4 v0x559ded2d61c0_0, 0, 13;
    %load/vec4 v0x559ded2d6380_0;
    %pad/u 13;
    %muli 2, 0, 13;
    %store/vec4 v0x559ded2d62a0_0, 0, 13;
    %load/vec4 v0x559ded2d62a0_0;
    %load/vec4 v0x559ded2d61c0_0;
    %cmp/s;
    %jmp/0xz  T_2.20, 5;
    %pushi/vec4 1, 0, 1;
    %store/vec4 v0x559ded2d42b0_0, 0, 1;
    %load/vec4 v0x559ded2d45d0_0;
    %inv;
    %pushi/vec4 1, 0, 10;
    %add;
    %pad/s 8;
    %store/vec4 v0x559ded2d6380_0, 0, 8;
T_2.20 ;
T_2.17 ;
    %load/vec4 v0x559ded2d42b0_0;
    %flag_set/vec4 8;
    %jmp/0xz  T_2.22, 8;
    %pushi/vec4 0, 0, 4;
    %assign/vec4 v0x559ded2d4050_0, 0;
    %load/vec4 v0x559ded2d3f70_0;
    %parti/s 2, 2, 3;
    %and/r;
    %flag_set/vec4 8;
    %jmp/0xz  T_2.24, 8;
    %pushi/vec4 0, 0, 1;
    %store/vec4 v0x559ded2d42b0_0, 0, 1;
    %pushi/vec4 24, 0, 8;
    %store/vec4 v0x559ded2d6380_0, 0, 8;
    %jmp T_2.25;
T_2.24 ;
    %load/vec4 v0x559ded2d3f70_0;
    %addi 1, 0, 4;
    %assign/vec4 v0x559ded2d3f70_0, 0;
T_2.25 ;
    %jmp T_2.23;
T_2.22 ;
    %pushi/vec4 0, 0, 4;
    %assign/vec4 v0x559ded2d3f70_0, 0;
    %load/vec4 v0x559ded2d4050_0;
    %and/r;
    %flag_set/vec4 8;
    %jmp/0xz  T_2.26, 8;
    %pushi/vec4 24, 0, 8;
    %store/vec4 v0x559ded2d6380_0, 0, 8;
    %jmp T_2.27;
T_2.26 ;
    %load/vec4 v0x559ded2d4050_0;
    %addi 1, 0, 4;
    %assign/vec4 v0x559ded2d4050_0, 0;
T_2.27 ;
T_2.23 ;
    %load/vec4 v0x559ded2d5070_0;
    %cmpi/e 1, 0, 3;
    %jmp/0xz  T_2.28, 4;
    %load/vec4 v0x559ded2d3630_0;
    %store/vec4 v0x559ded2d5910_0, 0, 1;
    %jmp T_2.29;
T_2.28 ;
    %load/vec4 v0x559ded2d5070_0;
    %cmpi/e 2, 0, 3;
    %jmp/0xz  T_2.30, 4;
    %load/vec4 v0x559ded2d4770_0;
    %cmpi/u 772, 0, 11;
    %flag_or 5, 4; GT is !LE
    %flag_inv 5;
    %jmp/0xz  T_2.32, 5;
    %load/vec4 v0x559ded2d4df0_0;
    %store/vec4 v0x559ded2d5910_0, 0, 1;
    %jmp T_2.33;
T_2.32 ;
    %load/vec4 v0x559ded2d4910_0;
    %store/vec4 v0x559ded2d5910_0, 0, 1;
T_2.33 ;
    %jmp T_2.31;
T_2.30 ;
    %load/vec4 v0x559ded2d5070_0;
    %cmpi/e 3, 0, 3;
    %jmp/0xz  T_2.34, 4;
    %load/vec4 v0x559ded2d42b0_0;
    %store/vec4 v0x559ded2d5910_0, 0, 1;
    %jmp T_2.35;
T_2.34 ;
    %pushi/vec4 0, 0, 1;
    %store/vec4 v0x559ded2d5910_0, 0, 1;
T_2.35 ;
T_2.31 ;
T_2.29 ;
T_2.10 ;
    %load/vec4 v0x559ded2d5210_0;
    %parti/s 4, 0, 2;
    %or/r;
    %inv;
    %flag_set/vec4 8;
    %jmp/0xz  T_2.36, 8;
    %load/vec4 v0x559ded2d3550_0;
    %pad/u 13;
    %assign/vec4 v0x559ded2d3930_0, 0;
    %jmp T_2.37;
T_2.36 ;
    %load/vec4 v0x559ded2d3930_0;
    %load/vec4 v0x559ded2d3550_0;
    %pad/u 13;
    %add;
    %assign/vec4 v0x559ded2d3930_0, 0;
T_2.37 ;
    %load/vec4 v0x559ded2d5210_0;
    %pad/u 7;
    %cmpi/e 63, 0, 7;
    %jmp/0xz  T_2.38, 4;
    %load/vec4 v0x559ded2d4510_0;
    %flag_set/vec4 8;
    %jmp/0xz  T_2.40, 8;
    %load/vec4 v0x559ded2d36f0_0;
    %load/vec4 v0x559ded2d37b0_0;
    %concat/vec4; draw_concat_vec4
    %load/vec4 v0x559ded2d3870_0;
    %concat/vec4; draw_concat_vec4
    %load/vec4 v0x559ded2d3630_0;
    %concat/vec4; draw_concat_vec4
    %concati/vec4 0, 0, 1;
    %concati/vec4 0, 0, 1;
    %concati/vec4 0, 0, 1;
    %concati/vec4 0, 0, 1;
    %assign/vec4 v0x559ded2d6520_0, 0;
    %jmp T_2.41;
T_2.40 ;
    %load/vec4 v0x559ded2d36f0_0;
    %load/vec4 v0x559ded2d37b0_0;
    %concat/vec4; draw_concat_vec4
    %load/vec4 v0x559ded2d3870_0;
    %concat/vec4; draw_concat_vec4
    %load/vec4 v0x559ded2d3630_0;
    %concat/vec4; draw_concat_vec4
    %load/vec4 v0x559ded2d3af0_0;
    %concat/vec4; draw_concat_vec4
    %load/vec4 v0x559ded2d3bb0_0;
    %concat/vec4; draw_concat_vec4
    %load/vec4 v0x559ded2d3c70_0;
    %concat/vec4; draw_concat_vec4
    %load/vec4 v0x559ded2d42b0_0;
    %concat/vec4; draw_concat_vec4
    %assign/vec4 v0x559ded2d6520_0, 0;
T_2.41 ;
    %pushi/vec4 0, 0, 6;
    %assign/vec4 v0x559ded2d5210_0, 0;
    %jmp T_2.39;
T_2.38 ;
    %load/vec4 v0x559ded2d5210_0;
    %addi 1, 0, 6;
    %assign/vec4 v0x559ded2d5210_0, 0;
T_2.39 ;
    %load/vec4 v0x559ded2d5210_0;
    %cmpi/e 15, 0, 6;
    %jmp/0xz  T_2.42, 4;
    %load/vec4 v0x559ded2d3630_0;
    %assign/vec4 v0x559ded2d36f0_0, 0;
    %load/vec4 v0x559ded2d42b0_0;
    %assign/vec4 v0x559ded2d3af0_0, 0;
T_2.42 ;
    %load/vec4 v0x559ded2d5210_0;
    %cmpi/e 31, 0, 6;
    %jmp/0xz  T_2.44, 4;
    %load/vec4 v0x559ded2d3630_0;
    %assign/vec4 v0x559ded2d37b0_0, 0;
    %load/vec4 v0x559ded2d42b0_0;
    %assign/vec4 v0x559ded2d3bb0_0, 0;
T_2.44 ;
    %load/vec4 v0x559ded2d5210_0;
    %cmpi/e 47, 0, 6;
    %jmp/0xz  T_2.46, 4;
    %load/vec4 v0x559ded2d3630_0;
    %assign/vec4 v0x559ded2d3870_0, 0;
    %load/vec4 v0x559ded2d42b0_0;
    %assign/vec4 v0x559ded2d3c70_0, 0;
T_2.46 ;
    %load/vec4 v0x559ded2d5070_0;
    %cmpi/ne 0, 0, 3;
    %jmp/0xz  T_2.48, 4;
    %load/vec4 v0x559ded2d5210_0;
    %parti/s 4, 0, 2;
    %cmpi/e 8, 0, 4;
    %jmp/0xz  T_2.50, 4;
    %load/vec4 v0x559ded2d4c50_0;
    %parti/s 46, 1, 2;
    %load/vec4 v0x559ded2d5f60_0;
    %concat/vec4; draw_concat_vec4
    %concati/vec4 0, 0, 1;
    %assign/vec4 v0x559ded2d4c50_0, 0;
    %load/vec4 v0x559ded2d5f60_0;
    %load/vec4 v0x559ded2d4f90_0;
    %or/r;
    %or;
    %load/vec4 v0x559ded2d4850_0;
    %inv;
    %and;
    %flag_set/vec4 8;
    %jmp/0xz  T_2.52, 8;
    %load/vec4 v0x559ded2d4f90_0;
    %cmpi/e 46, 0, 6;
    %jmp/0xz  T_2.54, 4;
    %pushi/vec4 0, 0, 6;
    %assign/vec4 v0x559ded2d4f90_0, 0;
    %jmp T_2.55;
T_2.54 ;
    %load/vec4 v0x559ded2d4f90_0;
    %addi 1, 0, 6;
    %assign/vec4 v0x559ded2d4f90_0, 0;
T_2.55 ;
    %jmp T_2.53;
T_2.52 ;
    %load/vec4 v0x559ded2d4850_0;
    %load/vec4 v0x559ded2d6460_0;
    %inv;
    %and;
    %flag_set/vec4 8;
    %jmp/0xz  T_2.56, 8;
    %load/vec4 v0x559ded2d5f60_0;
    %flag_set/vec4 8;
    %jmp/0xz  T_2.58, 8;
    %pushi/vec4 1, 0, 1;
    %store/vec4 v0x559ded2d6460_0, 0, 1;
T_2.58 ;
    %load/vec4 v0x559ded2d4f90_0;
    %cmpi/e 2, 0, 6;
    %jmp/0xz  T_2.60, 4;
    %pushi/vec4 9, 0, 6;
    %assign/vec4 v0x559ded2d4f90_0, 0;
    %jmp T_2.61;
T_2.60 ;
    %load/vec4 v0x559ded2d4f90_0;
    %subi 1, 0, 6;
    %assign/vec4 v0x559ded2d4f90_0, 0;
T_2.61 ;
    %jmp T_2.57;
T_2.56 ;
    %load/vec4 v0x559ded2d4c50_0;
    %load/vec4 v0x559ded2d4f90_0;
    %pad/u 32;
    %subi 1, 0, 32;
    %part/u 1;
    %inv;
    %load/vec4 v0x559ded2d4c50_0;
    %load/vec4 v0x559ded2d4f90_0;
    %pad/u 32;
    %addi 1, 0, 32;
    %part/u 1;
    %inv;
    %and;
    %flag_set/vec4 8;
    %jmp/0xz  T_2.62, 8;
    %pushi/vec4 0, 0, 1;
    %store/vec4 v0x559ded2d4b90_0, 0, 1;
    %jmp T_2.63;
T_2.62 ;
    %load/vec4 v0x559ded2d4c50_0;
    %load/vec4 v0x559ded2d4f90_0;
    %part/u 1;
    %load/vec4 v0x559ded2d4850_0;
    %and;
    %store/vec4 v0x559ded2d4b90_0, 0, 1;
T_2.63 ;
T_2.57 ;
T_2.53 ;
T_2.50 ;
T_2.48 ;
    %load/vec4 v0x559ded2d5070_0;
    %cmpi/e 0, 0, 3;
    %jmp/0xz  T_2.64, 4;
    %load/vec4 v0x559ded2d5210_0;
    %parti/s 3, 0, 2;
    %cmpi/e 4, 0, 3;
    %jmp/0xz  T_2.66, 4;
    %pushi/vec4 0, 0, 1;
    %assign/vec4 v0x559ded2d59d0_0, 0;
T_2.66 ;
    %load/vec4 v0x559ded2d5210_0;
    %parti/s 3, 0, 2;
    %cmpi/e 0, 0, 3;
    %jmp/0xz  T_2.68, 4;
    %pushi/vec4 1, 0, 1;
    %assign/vec4 v0x559ded2d59d0_0, 0;
    %load/vec4 v0x559ded2d5210_0;
    %pad/u 7;
    %cmpi/ne 0, 0, 7;
    %jmp/0xz  T_2.70, 4;
    %load/vec4 v0x559ded2d6520_0;
    %parti/s 7, 0, 2;
    %ix/load 4, 1, 0;
    %ix/load 5, 0, 0;
    %flag_set/imm 4, 0;
    %assign/vec4/off/d v0x559ded2d6520_0, 4, 5;
T_2.70 ;
T_2.68 ;
    %load/vec4 v0x559ded2d5210_0;
    %parti/s 2, 4, 4;
    %cmpi/e 0, 0, 2;
    %jmp/0xz  T_2.72, 4;
    %pushi/vec4 1, 0, 1;
    %store/vec4 v0x559ded2d6020_0, 0, 1;
    %jmp T_2.73;
T_2.72 ;
    %pushi/vec4 0, 0, 1;
    %store/vec4 v0x559ded2d6020_0, 0, 1;
T_2.73 ;
    %load/vec4 v0x559ded2d6520_0;
    %parti/s 1, 7, 4;
    %store/vec4 v0x559ded2d3d30_0, 0, 1;
    %jmp T_2.65;
T_2.64 ;
    %load/vec4 v0x559ded2d5210_0;
    %parti/s 4, 0, 2;
    %cmpi/e 8, 0, 4;
    %jmp/0xz  T_2.74, 4;
    %pushi/vec4 0, 0, 1;
    %assign/vec4 v0x559ded2d59d0_0, 0;
T_2.74 ;
    %load/vec4 v0x559ded2d5210_0;
    %parti/s 4, 0, 2;
    %cmpi/e 7, 0, 4;
    %jmp/0xz  T_2.76, 4;
    %load/vec4 v0x559ded2d60e0_0;
    %cmpi/e 7, 0, 3;
    %jmp/0xz  T_2.78, 4;
    %pushi/vec4 0, 0, 3;
    %assign/vec4 v0x559ded2d60e0_0, 0;
    %jmp T_2.79;
T_2.78 ;
    %load/vec4 v0x559ded2d60e0_0;
    %addi 1, 0, 3;
    %assign/vec4 v0x559ded2d60e0_0, 0;
T_2.79 ;
T_2.76 ;
    %load/vec4 v0x559ded2d5210_0;
    %parti/s 4, 0, 2;
    %cmpi/e 0, 0, 4;
    %jmp/0xz  T_2.80, 4;
    %pushi/vec4 1, 0, 1;
    %assign/vec4 v0x559ded2d59d0_0, 0;
T_2.80 ;
    %load/vec4 v0x559ded2d60e0_0;
    %pushi/vec4 7, 0, 3;
    %cmp/e;
    %flag_get/vec4 4;
    %store/vec4 v0x559ded2d6020_0, 0, 1;
    %load/vec4 v0x559ded2d5910_0;
    %store/vec4 v0x559ded2d3d30_0, 0, 1;
T_2.65 ;
    %jmp T_2;
    .thread T_2;
    .scope S_0x559ded2b0c90;
T_3 ;
    %vpi_call 2 51 "$dumpfile", "60.vcd" {0 0 0};
    %vpi_call 2 52 "$dumpvars", 32'sb00000000000000000000000000000001, S_0x559ded2b0c90 {0 0 0};
    %delay 10, 0;
    %pushi/vec4 0, 0, 1;
    %store/vec4 v0x559ded2d7580_0, 0, 1;
    %end;
    .thread T_3;
    .scope S_0x559ded2b0c90;
T_4 ;
    %delay 5, 0;
    %vpi_func 2 58 "$random" 32 {0 0 0};
    %pad/s 16;
    %store/vec4 v0x559ded2d7960_0, 0, 16;
    %jmp T_4;
    .thread T_4;
    .scope S_0x559ded2b0c90;
T_5 ;
    %vpi_call 2 85 "$monitor", $time, " bench_reset = %b, pck0 = %b , ck_1356meg = %b , ck_1356megb = %b , adc_d = %b , ssp_dout = %b , cross_hi = %b , cross_lo = %b , mod_type = %b , pwr_lo = %b , pwr_hi = %b , pwr_oe1 = %b , pwr_oe2 = %b , pwr_oe3 = %b , pwr_oe4 = %b , adc_clk = %b , ssp_frame = %b , ssp_din = %b , ssp_clk = %b , dbg = %b  ", v0x559ded2d7580_0, v0x559ded2d6fd0_0, v0x559ded2d6b80_0, v0x559ded2d6c20_0, v0x559ded2d6ae0_0, v0x559ded2d77c0_0, v0x559ded2d6cc0_0, v0x559ded2d6d60_0, v0x559ded2d6f00_0, v0x559ded2d7170_0, v0x559ded2d70a0_0, v0x559ded2d7240_0, v0x559ded2d7310_0, v0x559ded2d73e0_0, v0x559ded2d74b0_0, v0x559ded2d6a40_0, v0x559ded2d7890_0, v0x559ded2d76f0_0, v0x559ded2d7620_0, v0x559ded2d6e30_0 {0 0 0};
    %end;
    .thread T_5;
    .scope S_0x559ded2b0c90;
T_6 ;
    %delay 199, 0;
    %vpi_call 2 91 "$finish" {0 0 0};
    %end;
    .thread T_6;
# The file index is used to find the file name in the following table.
:file_names 4;
    "N/A";
    "<interactive>";
    "wavedrom_dataset/testbenches/60_tb.v";
    "wavedrom_dataset/verilog_modules/58.v";
