#! /usr/bin/vvp
:ivl_version "11.0 (stable)";
:ivl_delay_selection "TYPICAL";
:vpi_time_precision + 0;
:vpi_module "/usr/lib/x86_64-linux-gnu/ivl/system.vpi";
:vpi_module "/usr/lib/x86_64-linux-gnu/ivl/vhdl_sys.vpi";
:vpi_module "/usr/lib/x86_64-linux-gnu/ivl/vhdl_textio.vpi";
:vpi_module "/usr/lib/x86_64-linux-gnu/ivl/v2005_math.vpi";
:vpi_module "/usr/lib/x86_64-linux-gnu/ivl/va_math.vpi";
S_0x556a34da3d20 .scope module, "testbench" "testbench" 2 15;
 .timescale 0 0;
v0x556a34dc61e0_0 .net "bench_anyhit", 0 0, L_0x556a34d904b0;  1 drivers
v0x556a34dc62a0_0 .net "bench_clk", 0 0, L_0x556a34dc73c0;  1 drivers
v0x556a34dc6340_0 .net "bench_enable", 0 0, L_0x556a34dc71a0;  1 drivers
v0x556a34dc63e0_0 .net "bench_globalreset", 0 0, L_0x556a34dc72d0;  1 drivers
v0x556a34dc6480_0 .net "bench_hit", 0 0, L_0x556a34dc7100;  1 drivers
v0x556a34dc6520_0 .var "bench_reset", 0 0;
v0x556a34dc65f0_0 .net "bench_t", 31 0, v0x556a34dc5860_0;  1 drivers
v0x556a34dc66c0_0 .net "bench_tin", 31 0, L_0x556a34dc6d10;  1 drivers
v0x556a34dc6790_0 .net "bench_triID", 15 0, v0x556a34dc5ae0_0;  1 drivers
v0x556a34dc6860_0 .net "bench_triIDin", 15 0, L_0x556a34dc6fe0;  1 drivers
v0x556a34dc6930_0 .net "bench_u", 15 0, v0x556a34dc5ca0_0;  1 drivers
v0x556a34dc6a00_0 .net "bench_uin", 15 0, L_0x556a34dc6db0;  1 drivers
v0x556a34dc6ad0_0 .net "bench_v", 15 0, v0x556a34dc5e60_0;  1 drivers
v0x556a34dc6ba0_0 .net "bench_vin", 15 0, L_0x556a34dc6ef0;  1 drivers
v0x556a34dc6c70_0 .var "indata_array", 0 83;
L_0x556a34dc6d10 .part v0x556a34dc6c70_0, 52, 32;
L_0x556a34dc6db0 .part v0x556a34dc6c70_0, 36, 16;
L_0x556a34dc6ef0 .part v0x556a34dc6c70_0, 20, 16;
L_0x556a34dc6fe0 .part v0x556a34dc6c70_0, 4, 16;
L_0x556a34dc7100 .part v0x556a34dc6c70_0, 3, 1;
L_0x556a34dc71a0 .part v0x556a34dc6c70_0, 2, 1;
L_0x556a34dc72d0 .part v0x556a34dc6c70_0, 1, 1;
L_0x556a34dc73c0 .part v0x556a34dc6c70_0, 0, 1;
S_0x556a34da3eb0 .scope module, "inst" "nearcmp" 2 55, 3 1 0, S_0x556a34da3d20;
 .timescale 0 0;
    .port_info 0 /INPUT 32 "tin";
    .port_info 1 /INPUT 16 "uin";
    .port_info 2 /INPUT 16 "vin";
    .port_info 3 /INPUT 16 "triIDin";
    .port_info 4 /INPUT 1 "hit";
    .port_info 5 /OUTPUT 32 "t";
    .port_info 6 /OUTPUT 16 "u";
    .port_info 7 /OUTPUT 16 "v";
    .port_info 8 /OUTPUT 16 "triID";
    .port_info 9 /OUTPUT 1 "anyhit";
    .port_info 10 /INPUT 1 "enable";
    .port_info 11 /INPUT 1 "reset";
    .port_info 12 /INPUT 1 "globalreset";
    .port_info 13 /INPUT 1 "clk";
L_0x556a34d904b0 .functor BUFZ 1, v0x556a34dc5940_0, C4<0>, C4<0>, C4<0>;
v0x556a34d906a0_0 .net "anyhit", 0 0, L_0x556a34d904b0;  alias, 1 drivers
v0x556a34d90740_0 .net "clk", 0 0, L_0x556a34dc73c0;  alias, 1 drivers
v0x556a34dc52f0_0 .net "enable", 0 0, L_0x556a34dc71a0;  alias, 1 drivers
v0x556a34dc5390_0 .net "globalreset", 0 0, L_0x556a34dc72d0;  alias, 1 drivers
v0x556a34dc5450_0 .net "hit", 0 0, L_0x556a34dc7100;  alias, 1 drivers
v0x556a34dc5560_0 .var "latchnear", 0 0;
v0x556a34dc5620_0 .var "next_state", 0 0;
v0x556a34dc56e0_0 .net "reset", 0 0, v0x556a34dc6520_0;  1 drivers
v0x556a34dc57a0_0 .var "state", 0 0;
v0x556a34dc5860_0 .var "t", 31 0;
v0x556a34dc5940_0 .var "temp_anyhit", 0 0;
v0x556a34dc5a00_0 .net "tin", 31 0, L_0x556a34dc6d10;  alias, 1 drivers
v0x556a34dc5ae0_0 .var "triID", 15 0;
v0x556a34dc5bc0_0 .net "triIDin", 15 0, L_0x556a34dc6fe0;  alias, 1 drivers
v0x556a34dc5ca0_0 .var "u", 15 0;
v0x556a34dc5d80_0 .net "uin", 15 0, L_0x556a34dc6db0;  alias, 1 drivers
v0x556a34dc5e60_0 .var "v", 15 0;
v0x556a34dc5f40_0 .net "vin", 15 0, L_0x556a34dc6ef0;  alias, 1 drivers
E_0x556a34d9b690/0 .event edge, v0x556a34dc56e0_0, v0x556a34dc5450_0, v0x556a34dc52f0_0, v0x556a34dc5860_0;
E_0x556a34d9b690/1 .event edge, v0x556a34dc5a00_0, v0x556a34dc57a0_0;
E_0x556a34d9b690 .event/or E_0x556a34d9b690/0, E_0x556a34d9b690/1;
E_0x556a34d8ac40 .event posedge, v0x556a34dc5390_0, v0x556a34d90740_0;
    .scope S_0x556a34da3eb0;
T_0 ;
    %wait E_0x556a34d8ac40;
    %load/vec4 v0x556a34dc5390_0;
    %cmpi/e 1, 0, 1;
    %jmp/0xz  T_0.0, 4;
    %pushi/vec4 0, 0, 1;
    %assign/vec4 v0x556a34dc57a0_0, 0;
    %pushi/vec4 0, 0, 32;
    %assign/vec4 v0x556a34dc5860_0, 0;
    %pushi/vec4 0, 0, 16;
    %assign/vec4 v0x556a34dc5ca0_0, 0;
    %pushi/vec4 0, 0, 16;
    %assign/vec4 v0x556a34dc5e60_0, 0;
    %pushi/vec4 0, 0, 16;
    %assign/vec4 v0x556a34dc5ae0_0, 0;
    %jmp T_0.1;
T_0.0 ;
    %load/vec4 v0x556a34dc5620_0;
    %assign/vec4 v0x556a34dc57a0_0, 0;
    %load/vec4 v0x556a34dc5560_0;
    %cmpi/e 1, 0, 1;
    %jmp/0xz  T_0.2, 4;
    %load/vec4 v0x556a34dc5a00_0;
    %assign/vec4 v0x556a34dc5860_0, 0;
    %load/vec4 v0x556a34dc5d80_0;
    %assign/vec4 v0x556a34dc5ca0_0, 0;
    %load/vec4 v0x556a34dc5f40_0;
    %assign/vec4 v0x556a34dc5e60_0, 0;
    %load/vec4 v0x556a34dc5bc0_0;
    %assign/vec4 v0x556a34dc5ae0_0, 0;
T_0.2 ;
T_0.1 ;
    %jmp T_0;
    .thread T_0;
    .scope S_0x556a34da3eb0;
T_1 ;
    %wait E_0x556a34d9b690;
    %load/vec4 v0x556a34dc57a0_0;
    %dup/vec4;
    %pushi/vec4 0, 0, 1;
    %cmp/u;
    %jmp/1 T_1.0, 6;
    %dup/vec4;
    %pushi/vec4 1, 0, 1;
    %cmp/u;
    %jmp/1 T_1.1, 6;
    %jmp T_1.2;
T_1.0 ;
    %load/vec4 v0x556a34dc52f0_0;
    %pushi/vec4 1, 0, 1;
    %cmp/e;
    %flag_get/vec4 4;
    %load/vec4 v0x556a34dc5450_0;
    %pushi/vec4 1, 0, 1;
    %cmp/e;
    %flag_get/vec4 4;
    %and;
    %flag_set/vec4 8;
    %jmp/0xz  T_1.3, 8;
    %pushi/vec4 1, 0, 1;
    %store/vec4 v0x556a34dc5620_0, 0, 1;
    %pushi/vec4 1, 0, 1;
    %store/vec4 v0x556a34dc5560_0, 0, 1;
    %jmp T_1.4;
T_1.3 ;
    %pushi/vec4 0, 0, 1;
    %store/vec4 v0x556a34dc5620_0, 0, 1;
T_1.4 ;
    %pushi/vec4 0, 0, 1;
    %store/vec4 v0x556a34dc5940_0, 0, 1;
    %jmp T_1.2;
T_1.1 ;
    %load/vec4 v0x556a34dc56e0_0;
    %cmpi/e 1, 0, 1;
    %jmp/0xz  T_1.5, 4;
    %load/vec4 v0x556a34dc52f0_0;
    %pushi/vec4 1, 0, 1;
    %cmp/e;
    %flag_get/vec4 4;
    %load/vec4 v0x556a34dc5450_0;
    %pushi/vec4 1, 0, 1;
    %cmp/e;
    %flag_get/vec4 4;
    %and;
    %flag_set/vec4 8;
    %jmp/0xz  T_1.7, 8;
    %pushi/vec4 1, 0, 1;
    %store/vec4 v0x556a34dc5560_0, 0, 1;
    %pushi/vec4 1, 0, 1;
    %store/vec4 v0x556a34dc5620_0, 0, 1;
    %jmp T_1.8;
T_1.7 ;
    %pushi/vec4 0, 0, 1;
    %store/vec4 v0x556a34dc5620_0, 0, 1;
T_1.8 ;
    %jmp T_1.6;
T_1.5 ;
    %load/vec4 v0x556a34dc52f0_0;
    %pushi/vec4 1, 0, 1;
    %cmp/e;
    %flag_get/vec4 4;
    %load/vec4 v0x556a34dc5450_0;
    %pushi/vec4 1, 0, 1;
    %cmp/e;
    %flag_get/vec4 4;
    %and;
    %flag_set/vec4 8;
    %jmp/0xz  T_1.9, 8;
    %load/vec4 v0x556a34dc5a00_0;
    %load/vec4 v0x556a34dc5860_0;
    %cmp/u;
    %jmp/0xz  T_1.11, 5;
    %pushi/vec4 1, 0, 1;
    %store/vec4 v0x556a34dc5560_0, 0, 1;
T_1.11 ;
T_1.9 ;
    %pushi/vec4 1, 0, 1;
    %store/vec4 v0x556a34dc5620_0, 0, 1;
T_1.6 ;
    %pushi/vec4 1, 0, 1;
    %store/vec4 v0x556a34dc5940_0, 0, 1;
    %jmp T_1.2;
T_1.2 ;
    %pop/vec4 1;
    %jmp T_1;
    .thread T_1, $push;
    .scope S_0x556a34da3d20;
T_2 ;
    %vpi_call 2 45 "$dumpfile", "61.vcd" {0 0 0};
    %vpi_call 2 46 "$dumpvars", 32'sb00000000000000000000000000000001, S_0x556a34da3d20 {0 0 0};
    %delay 10, 0;
    %pushi/vec4 0, 0, 1;
    %store/vec4 v0x556a34dc6520_0, 0, 1;
    %end;
    .thread T_2;
    .scope S_0x556a34da3d20;
T_3 ;
    %delay 5, 0;
    %vpi_func 2 52 "$random" 32 {0 0 0};
    %pad/s 84;
    %store/vec4 v0x556a34dc6c70_0, 0, 84;
    %jmp T_3;
    .thread T_3;
    .scope S_0x556a34da3d20;
T_4 ;
    %vpi_call 2 74 "$monitor", $time, " bench_reset = %b, tin = %b , uin = %b , vin = %b , triIDin = %b , hit = %b , enable = %b , globalreset = %b , clk = %b , t = %b , u = %b , v = %b , triID = %b , anyhit = %b  ", v0x556a34dc6520_0, v0x556a34dc66c0_0, v0x556a34dc6a00_0, v0x556a34dc6ba0_0, v0x556a34dc6860_0, v0x556a34dc6480_0, v0x556a34dc6340_0, v0x556a34dc63e0_0, v0x556a34dc62a0_0, v0x556a34dc65f0_0, v0x556a34dc6930_0, v0x556a34dc6ad0_0, v0x556a34dc6790_0, v0x556a34dc61e0_0 {0 0 0};
    %end;
    .thread T_4;
    .scope S_0x556a34da3d20;
T_5 ;
    %delay 199, 0;
    %vpi_call 2 80 "$finish" {0 0 0};
    %end;
    .thread T_5;
# The file index is used to find the file name in the following table.
:file_names 4;
    "N/A";
    "<interactive>";
    "wavedrom_dataset/testbenches/61_tb.v";
    "wavedrom_dataset/verilog_modules/34.v";
