#! /usr/bin/vvp
:ivl_version "11.0 (stable)";
:ivl_delay_selection "TYPICAL";
:vpi_time_precision + 0;
:vpi_module "/usr/lib/x86_64-linux-gnu/ivl/system.vpi";
:vpi_module "/usr/lib/x86_64-linux-gnu/ivl/vhdl_sys.vpi";
:vpi_module "/usr/lib/x86_64-linux-gnu/ivl/vhdl_textio.vpi";
:vpi_module "/usr/lib/x86_64-linux-gnu/ivl/v2005_math.vpi";
:vpi_module "/usr/lib/x86_64-linux-gnu/ivl/va_math.vpi";
S_0x55d3c7710a00 .scope module, "testbench" "testbench" 2 15;
 .timescale 0 0;
L_0x7f4c8dadb018 .functor BUFT 1, C4<x>, C4<0>, C4<0>, C4<0>;
v0x55d3c76dc350_0 .net "bench_ack_i", 0 0, L_0x7f4c8dadb018;  1 drivers
v0x55d3c774b610_0 .net "bench_addr_o", 31 0, v0x55d3c7749e50_0;  1 drivers
v0x55d3c774b6b0_0 .net "bench_clk_i", 0 0, L_0x55d3c774cbe0;  1 drivers
v0x55d3c774b750_0 .net "bench_err_i", 0 0, L_0x55d3c774d070;  1 drivers
v0x55d3c774b7f0_0 .net "bench_rdata_i", 31 0, L_0x55d3c774cf20;  1 drivers
v0x55d3c774b890_0 .net "bench_ren_o", 0 0, L_0x55d3c770ecf0;  1 drivers
v0x55d3c774b960_0 .var "bench_reset", 0 0;
v0x55d3c774ba00_0 .net "bench_rstn_i", 0 0, L_0x55d3c774ce30;  1 drivers
v0x55d3c774bad0_0 .net "bench_sys_ack_o", 0 0, L_0x55d3c774d860;  1 drivers
v0x55d3c774bba0_0 .net "bench_sys_addr_i", 31 0, L_0x55d3c774c710;  1 drivers
v0x55d3c774bc70_0 .net "bench_sys_clk_i", 0 0, L_0x55d3c774c530;  1 drivers
v0x55d3c774bd40_0 .net "bench_sys_err_o", 0 0, L_0x55d3c774d6c0;  1 drivers
v0x55d3c774be10_0 .net "bench_sys_rdata_o", 31 0, L_0x55d3c774d600;  1 drivers
v0x55d3c774bee0_0 .net "bench_sys_ren_i", 0 0, L_0x55d3c774caf0;  1 drivers
v0x55d3c774bfb0_0 .net "bench_sys_rstn_i", 0 0, L_0x55d3c774c5d0;  1 drivers
v0x55d3c774c080_0 .net "bench_sys_sel_i", 3 0, L_0x55d3c774c920;  1 drivers
v0x55d3c774c150_0 .net "bench_sys_wdata_i", 31 0, L_0x55d3c774c800;  1 drivers
v0x55d3c774c220_0 .net "bench_sys_wen_i", 0 0, L_0x55d3c774c9c0;  1 drivers
v0x55d3c774c2f0_0 .net "bench_wdata_o", 31 0, v0x55d3c774b150_0;  1 drivers
v0x55d3c774c3c0_0 .net "bench_wen_o", 0 0, L_0x55d3c774d4f0;  1 drivers
v0x55d3c774c490_0 .var "indata_array", 0 106;
L_0x55d3c774c530 .part v0x55d3c774c490_0, 106, 1;
L_0x55d3c774c5d0 .part v0x55d3c774c490_0, 105, 1;
L_0x55d3c774c710 .part v0x55d3c774c490_0, 73, 32;
L_0x55d3c774c800 .part v0x55d3c774c490_0, 41, 32;
L_0x55d3c774c920 .part v0x55d3c774c490_0, 37, 4;
L_0x55d3c774c9c0 .part v0x55d3c774c490_0, 36, 1;
L_0x55d3c774caf0 .part v0x55d3c774c490_0, 35, 1;
L_0x55d3c774cbe0 .part v0x55d3c774c490_0, 34, 1;
L_0x55d3c774ce30 .part v0x55d3c774c490_0, 33, 1;
L_0x55d3c774cf20 .part v0x55d3c774c490_0, 1, 32;
L_0x55d3c774d070 .part v0x55d3c774c490_0, 0, 1;
S_0x55d3c7710b90 .scope module, "inst" "bus_clk_bridge" 2 65, 3 1 0, S_0x55d3c7710a00;
 .timescale 0 0;
    .port_info 0 /INPUT 1 "sys_clk_i";
    .port_info 1 /INPUT 1 "sys_rstn_i";
    .port_info 2 /INPUT 32 "sys_addr_i";
    .port_info 3 /INPUT 32 "sys_wdata_i";
    .port_info 4 /INPUT 4 "sys_sel_i";
    .port_info 5 /INPUT 1 "sys_wen_i";
    .port_info 6 /INPUT 1 "sys_ren_i";
    .port_info 7 /OUTPUT 32 "sys_rdata_o";
    .port_info 8 /OUTPUT 1 "sys_err_o";
    .port_info 9 /OUTPUT 1 "sys_ack_o";
    .port_info 10 /INPUT 1 "clk_i";
    .port_info 11 /INPUT 1 "rstn_i";
    .port_info 12 /OUTPUT 32 "addr_o";
    .port_info 13 /OUTPUT 32 "wdata_o";
    .port_info 14 /OUTPUT 1 "wen_o";
    .port_info 15 /OUTPUT 1 "ren_o";
    .port_info 16 /INPUT 32 "rdata_i";
    .port_info 17 /INPUT 1 "err_i";
    .port_info 18 /INPUT 1 "ack_i";
L_0x55d3c770ec80 .functor XOR 1, L_0x55d3c774d160, v0x55d3c7749ff0_0, C4<0>, C4<0>;
L_0x55d3c770ecf0 .functor AND 1, v0x55d3c774aa10_0, L_0x55d3c770ec80, C4<1>, C4<1>;
L_0x55d3c774d3e0 .functor XOR 1, L_0x55d3c774d2f0, v0x55d3c7749ff0_0, C4<0>, C4<0>;
L_0x55d3c774d4f0 .functor AND 1, v0x55d3c774b090_0, L_0x55d3c774d3e0, C4<1>, C4<1>;
L_0x55d3c774d600 .functor BUFZ 32, L_0x55d3c774cf20, C4<00000000000000000000000000000000>, C4<00000000000000000000000000000000>, C4<00000000000000000000000000000000>;
L_0x55d3c774d6c0 .functor BUFZ 1, L_0x55d3c774d070, C4<0>, C4<0>, C4<0>;
L_0x55d3c774d860 .functor XOR 1, v0x55d3c774a890_0, L_0x55d3c774d7c0, C4<0>, C4<0>;
v0x55d3c7708310_0 .net *"_ivl_1", 0 0, L_0x55d3c774d160;  1 drivers
v0x55d3c770ee60_0 .net *"_ivl_17", 0 0, L_0x55d3c774d7c0;  1 drivers
v0x55d3c7749ac0_0 .net *"_ivl_2", 0 0, L_0x55d3c770ec80;  1 drivers
v0x55d3c7749b80_0 .net *"_ivl_7", 0 0, L_0x55d3c774d2f0;  1 drivers
v0x55d3c7749c60_0 .net *"_ivl_8", 0 0, L_0x55d3c774d3e0;  1 drivers
v0x55d3c7749d90_0 .net "ack_i", 0 0, L_0x7f4c8dadb018;  alias, 1 drivers
v0x55d3c7749e50_0 .var "addr_o", 31 0;
v0x55d3c7749f30_0 .net "clk_i", 0 0, L_0x55d3c774cbe0;  alias, 1 drivers
v0x55d3c7749ff0_0 .var "dst_do", 0 0;
v0x55d3c774a0b0_0 .var "dst_done", 0 0;
v0x55d3c774a170_0 .var "dst_sync", 1 0;
v0x55d3c774a250_0 .net "err_i", 0 0, L_0x55d3c774d070;  alias, 1 drivers
v0x55d3c774a310_0 .net "rdata_i", 31 0, L_0x55d3c774cf20;  alias, 1 drivers
v0x55d3c774a3f0_0 .net "ren_o", 0 0, L_0x55d3c770ecf0;  alias, 1 drivers
v0x55d3c774a4b0_0 .net "rstn_i", 0 0, L_0x55d3c774ce30;  alias, 1 drivers
v0x55d3c774a570_0 .net "sys_ack_o", 0 0, L_0x55d3c774d860;  alias, 1 drivers
v0x55d3c774a630_0 .net "sys_addr_i", 31 0, L_0x55d3c774c710;  alias, 1 drivers
v0x55d3c774a710_0 .net "sys_clk_i", 0 0, L_0x55d3c774c530;  alias, 1 drivers
v0x55d3c774a7d0_0 .var "sys_do", 0 0;
v0x55d3c774a890_0 .var "sys_done", 0 0;
v0x55d3c774a950_0 .net "sys_err_o", 0 0, L_0x55d3c774d6c0;  alias, 1 drivers
v0x55d3c774aa10_0 .var "sys_rd", 0 0;
v0x55d3c774aad0_0 .net "sys_rdata_o", 31 0, L_0x55d3c774d600;  alias, 1 drivers
v0x55d3c774abb0_0 .net "sys_ren_i", 0 0, L_0x55d3c774caf0;  alias, 1 drivers
v0x55d3c774ac70_0 .net "sys_rstn_i", 0 0, L_0x55d3c774c5d0;  alias, 1 drivers
v0x55d3c774ad30_0 .net "sys_sel_i", 3 0, L_0x55d3c774c920;  alias, 1 drivers
v0x55d3c774ae10_0 .var "sys_sync", 1 0;
v0x55d3c774aef0_0 .net "sys_wdata_i", 31 0, L_0x55d3c774c800;  alias, 1 drivers
v0x55d3c774afd0_0 .net "sys_wen_i", 0 0, L_0x55d3c774c9c0;  alias, 1 drivers
v0x55d3c774b090_0 .var "sys_wr", 0 0;
v0x55d3c774b150_0 .var "wdata_o", 31 0;
v0x55d3c774b230_0 .net "wen_o", 0 0, L_0x55d3c774d4f0;  alias, 1 drivers
E_0x55d3c7716230 .event posedge, v0x55d3c7749f30_0;
E_0x55d3c7716480 .event posedge, v0x55d3c774a710_0;
L_0x55d3c774d160 .part v0x55d3c774a170_0, 1, 1;
L_0x55d3c774d2f0 .part v0x55d3c774a170_0, 1, 1;
L_0x55d3c774d7c0 .part v0x55d3c774ae10_0, 1, 1;
    .scope S_0x55d3c7710b90;
T_0 ;
    %wait E_0x55d3c7716480;
    %load/vec4 v0x55d3c774ac70_0;
    %cmpi/e 0, 0, 1;
    %jmp/0xz  T_0.0, 4;
    %pushi/vec4 0, 0, 1;
    %assign/vec4 v0x55d3c774aa10_0, 0;
    %pushi/vec4 0, 0, 1;
    %assign/vec4 v0x55d3c774b090_0, 0;
    %pushi/vec4 0, 0, 1;
    %assign/vec4 v0x55d3c774a7d0_0, 0;
    %pushi/vec4 0, 0, 2;
    %assign/vec4 v0x55d3c774ae10_0, 0;
    %pushi/vec4 0, 0, 1;
    %assign/vec4 v0x55d3c774a890_0, 0;
    %jmp T_0.1;
T_0.0 ;
    %load/vec4 v0x55d3c774a7d0_0;
    %load/vec4 v0x55d3c774a890_0;
    %cmp/e;
    %flag_get/vec4 4;
    %load/vec4 v0x55d3c774afd0_0;
    %load/vec4 v0x55d3c774abb0_0;
    %or;
    %and;
    %flag_set/vec4 8;
    %jmp/0xz  T_0.2, 8;
    %load/vec4 v0x55d3c774a630_0;
    %assign/vec4 v0x55d3c7749e50_0, 0;
    %load/vec4 v0x55d3c774aef0_0;
    %assign/vec4 v0x55d3c774b150_0, 0;
    %load/vec4 v0x55d3c774abb0_0;
    %assign/vec4 v0x55d3c774aa10_0, 0;
    %load/vec4 v0x55d3c774afd0_0;
    %assign/vec4 v0x55d3c774b090_0, 0;
    %load/vec4 v0x55d3c774a7d0_0;
    %nor/r;
    %assign/vec4 v0x55d3c774a7d0_0, 0;
T_0.2 ;
    %load/vec4 v0x55d3c774ae10_0;
    %parti/s 1, 0, 2;
    %load/vec4 v0x55d3c774a0b0_0;
    %concat/vec4; draw_concat_vec4
    %assign/vec4 v0x55d3c774ae10_0, 0;
    %load/vec4 v0x55d3c774ae10_0;
    %parti/s 1, 1, 2;
    %assign/vec4 v0x55d3c774a890_0, 0;
T_0.1 ;
    %jmp T_0;
    .thread T_0;
    .scope S_0x55d3c7710b90;
T_1 ;
    %wait E_0x55d3c7716230;
    %load/vec4 v0x55d3c774a4b0_0;
    %cmpi/e 0, 0, 1;
    %jmp/0xz  T_1.0, 4;
    %pushi/vec4 0, 0, 1;
    %assign/vec4 v0x55d3c7749ff0_0, 0;
    %pushi/vec4 0, 0, 2;
    %assign/vec4 v0x55d3c774a170_0, 0;
    %pushi/vec4 0, 0, 1;
    %assign/vec4 v0x55d3c774a0b0_0, 0;
    %jmp T_1.1;
T_1.0 ;
    %load/vec4 v0x55d3c774a170_0;
    %parti/s 1, 0, 2;
    %load/vec4 v0x55d3c774a7d0_0;
    %concat/vec4; draw_concat_vec4
    %assign/vec4 v0x55d3c774a170_0, 0;
    %load/vec4 v0x55d3c774a170_0;
    %parti/s 1, 1, 2;
    %assign/vec4 v0x55d3c7749ff0_0, 0;
    %load/vec4 v0x55d3c7749d90_0;
    %load/vec4 v0x55d3c7749ff0_0;
    %load/vec4 v0x55d3c774a0b0_0;
    %cmp/ne;
    %flag_get/vec4 4;
    %and;
    %flag_set/vec4 8;
    %jmp/0xz  T_1.2, 8;
    %load/vec4 v0x55d3c7749ff0_0;
    %assign/vec4 v0x55d3c774a0b0_0, 0;
T_1.2 ;
T_1.1 ;
    %jmp T_1;
    .thread T_1;
    .scope S_0x55d3c7710a00;
T_2 ;
    %vpi_call 2 55 "$dumpfile", "67.vcd" {0 0 0};
    %vpi_call 2 56 "$dumpvars", 32'sb00000000000000000000000000000001, S_0x55d3c7710a00 {0 0 0};
    %delay 10, 0;
    %pushi/vec4 0, 0, 1;
    %store/vec4 v0x55d3c774b960_0, 0, 1;
    %end;
    .thread T_2;
    .scope S_0x55d3c7710a00;
T_3 ;
    %delay 5, 0;
    %vpi_func 2 62 "$random" 32 {0 0 0};
    %pad/s 107;
    %store/vec4 v0x55d3c774c490_0, 0, 107;
    %jmp T_3;
    .thread T_3;
    .scope S_0x55d3c7710a00;
T_4 ;
    %vpi_call 2 89 "$monitor", $time, " bench_reset = %b, sys_clk_i = %b , sys_rstn_i = %b , sys_addr_i = %b , sys_wdata_i = %b , sys_sel_i = %b , sys_wen_i = %b , sys_ren_i = %b , clk_i = %b , rstn_i = %b , rdata_i = %b , err_i = %b , ack_i = %b , sys_rdata_o = %b , sys_err_o = %b , sys_ack_o = %b , addr_o = %b , wdata_o = %b , wen_o = %b , ren_o = %b  ", v0x55d3c774b960_0, v0x55d3c774bc70_0, v0x55d3c774bfb0_0, v0x55d3c774bba0_0, v0x55d3c774c150_0, v0x55d3c774c080_0, v0x55d3c774c220_0, v0x55d3c774bee0_0, v0x55d3c774b6b0_0, v0x55d3c774ba00_0, v0x55d3c774b7f0_0, v0x55d3c774b750_0, v0x55d3c76dc350_0, v0x55d3c774be10_0, v0x55d3c774bd40_0, v0x55d3c774bad0_0, v0x55d3c774b610_0, v0x55d3c774c2f0_0, v0x55d3c774c3c0_0, v0x55d3c774b890_0 {0 0 0};
    %end;
    .thread T_4;
    .scope S_0x55d3c7710a00;
T_5 ;
    %delay 199, 0;
    %vpi_call 2 95 "$finish" {0 0 0};
    %end;
    .thread T_5;
# The file index is used to find the file name in the following table.
:file_names 4;
    "N/A";
    "<interactive>";
    "wavedrom_dataset/testbenches/67_tb.v";
    "wavedrom_dataset/verilog_modules/11.v";
