#! /usr/bin/vvp
:ivl_version "11.0 (stable)";
:ivl_delay_selection "TYPICAL";
:vpi_time_precision + 0;
:vpi_module "/usr/lib/x86_64-linux-gnu/ivl/system.vpi";
:vpi_module "/usr/lib/x86_64-linux-gnu/ivl/vhdl_sys.vpi";
:vpi_module "/usr/lib/x86_64-linux-gnu/ivl/vhdl_textio.vpi";
:vpi_module "/usr/lib/x86_64-linux-gnu/ivl/v2005_math.vpi";
:vpi_module "/usr/lib/x86_64-linux-gnu/ivl/va_math.vpi";
S_0x555f4efedda0 .scope module, "testbench" "testbench" 2 15;
 .timescale 0 0;
v0x555f4f02e2b0_0 .net "bench_avm_address_i", 31 0, L_0x555f4f02f830;  1 drivers
v0x555f4f02e390_0 .net "bench_avm_burstcount_i", 7 0, L_0x555f4f02fae0;  1 drivers
v0x555f4f02e430_0 .net "bench_avm_byteenable_i", 3 0, L_0x555f4f02f920;  1 drivers
v0x555f4f02e500_0 .net "bench_avm_read_i", 0 0, L_0x555f4f02fa40;  1 drivers
v0x555f4f02e5d0_0 .net "bench_avm_readdata_o", 31 0, L_0x555f4f030950;  1 drivers
v0x555f4f02e670_0 .net "bench_avm_readdatavalid_o", 0 0, L_0x555f4f030840;  1 drivers
v0x555f4f02e740_0 .net "bench_avm_waitrequest_o", 0 0, L_0x555f4f030700;  1 drivers
v0x555f4f02e810_0 .net "bench_avm_write_i", 0 0, L_0x555f4f02fc10;  1 drivers
v0x555f4f02e8e0_0 .net "bench_avm_writedata_i", 31 0, L_0x555f4f02fd00;  1 drivers
v0x555f4f02e9b0_0 .net "bench_clk", 0 0, L_0x555f4f02f650;  1 drivers
v0x555f4f02ea80_0 .var "bench_reset", 0 0;
v0x555f4f02eb20_0 .net "bench_rst", 0 0, L_0x555f4f02f6f0;  1 drivers
v0x555f4f02ebf0_0 .net "bench_wbm_ack_i", 0 0, L_0x555f4f030040;  1 drivers
v0x555f4f02ecc0_0 .net "bench_wbm_adr_o", 31 0, L_0x555f4efe9f60;  1 drivers
L_0x7f65cb0040a8 .functor BUFT 1, C4<00>, C4<0>, C4<0>, C4<0>;
v0x555f4f02ed90_0 .net "bench_wbm_bte_o", 1 0, L_0x7f65cb0040a8;  1 drivers
L_0x7f65cb004060 .functor BUFT 1, C4<111>, C4<0>, C4<0>, C4<0>;
v0x555f4f02ee60_0 .net "bench_wbm_cti_o", 2 0, L_0x7f65cb004060;  1 drivers
v0x555f4f02ef30_0 .net "bench_wbm_cyc_o", 0 0, L_0x555f4f030430;  1 drivers
v0x555f4f02f000_0 .net "bench_wbm_dat_i", 31 0, L_0x555f4f02ff50;  1 drivers
v0x555f4f02f0d0_0 .net "bench_wbm_dat_o", 31 0, L_0x555f4efec040;  1 drivers
v0x555f4f02f1a0_0 .net "bench_wbm_err_i", 0 0, L_0x555f4f030190;  1 drivers
L_0x7f65cb004018 .functor BUFT 1, C4<x>, C4<0>, C4<0>, C4<0>;
v0x555f4f02f270_0 .net "bench_wbm_rty_i", 0 0, L_0x7f65cb004018;  1 drivers
v0x555f4f02f340_0 .net "bench_wbm_sel_o", 3 0, L_0x555f4efec0b0;  1 drivers
v0x555f4f02f410_0 .net "bench_wbm_stb_o", 0 0, L_0x555f4f0304f0;  1 drivers
v0x555f4f02f4e0_0 .net "bench_wbm_we_o", 0 0, L_0x555f4f030370;  1 drivers
v0x555f4f02f5b0_0 .var "indata_array", 0 113;
L_0x555f4f02f650 .part v0x555f4f02f5b0_0, 113, 1;
L_0x555f4f02f6f0 .part v0x555f4f02f5b0_0, 112, 1;
L_0x555f4f02f830 .part v0x555f4f02f5b0_0, 80, 32;
L_0x555f4f02f920 .part v0x555f4f02f5b0_0, 76, 4;
L_0x555f4f02fa40 .part v0x555f4f02f5b0_0, 75, 1;
L_0x555f4f02fae0 .part v0x555f4f02f5b0_0, 67, 8;
L_0x555f4f02fc10 .part v0x555f4f02f5b0_0, 66, 1;
L_0x555f4f02fd00 .part v0x555f4f02f5b0_0, 34, 32;
L_0x555f4f02ff50 .part v0x555f4f02f5b0_0, 2, 32;
L_0x555f4f030040 .part v0x555f4f02f5b0_0, 1, 1;
L_0x555f4f030190 .part v0x555f4f02f5b0_0, 0, 1;
S_0x555f4efedf30 .scope module, "inst" "avalon_to_wb_bridge" 2 69, 3 1 0, S_0x555f4efedda0;
 .timescale 0 0;
    .port_info 0 /INPUT 1 "clk";
    .port_info 1 /INPUT 1 "rst";
    .port_info 2 /INPUT 32 "avm_address_i";
    .port_info 3 /INPUT 4 "avm_byteenable_i";
    .port_info 4 /INPUT 1 "avm_read_i";
    .port_info 5 /OUTPUT 32 "avm_readdata_o";
    .port_info 6 /INPUT 8 "avm_burstcount_i";
    .port_info 7 /INPUT 1 "avm_write_i";
    .port_info 8 /INPUT 32 "avm_writedata_i";
    .port_info 9 /OUTPUT 1 "avm_waitrequest_o";
    .port_info 10 /OUTPUT 1 "avm_readdatavalid_o";
    .port_info 11 /OUTPUT 32 "wbm_adr_o";
    .port_info 12 /OUTPUT 32 "wbm_dat_o";
    .port_info 13 /OUTPUT 4 "wbm_sel_o";
    .port_info 14 /OUTPUT 1 "wbm_we_o";
    .port_info 15 /OUTPUT 1 "wbm_cyc_o";
    .port_info 16 /OUTPUT 1 "wbm_stb_o";
    .port_info 17 /OUTPUT 3 "wbm_cti_o";
    .port_info 18 /OUTPUT 2 "wbm_bte_o";
    .port_info 19 /INPUT 32 "wbm_dat_i";
    .port_info 20 /INPUT 1 "wbm_ack_i";
    .port_info 21 /INPUT 1 "wbm_err_i";
    .port_info 22 /INPUT 1 "wbm_rty_i";
P_0x555f4efeaad0 .param/l "AW" 0 3 3, +C4<00000000000000000000000000100000>;
P_0x555f4efeab10 .param/l "DW" 0 3 2, +C4<00000000000000000000000000100000>;
L_0x555f4efe9f60 .functor BUFZ 32, L_0x555f4f02f830, C4<00000000000000000000000000000000>, C4<00000000000000000000000000000000>, C4<00000000000000000000000000000000>;
L_0x555f4efec040 .functor BUFZ 32, L_0x555f4f02fd00, C4<00000000000000000000000000000000>, C4<00000000000000000000000000000000>, C4<00000000000000000000000000000000>;
L_0x555f4efec0b0 .functor BUFZ 4, L_0x555f4f02f920, C4<0000>, C4<0000>, C4<0000>;
L_0x555f4f030370 .functor BUFZ 1, L_0x555f4f02fc10, C4<0>, C4<0>, C4<0>;
L_0x555f4f030430 .functor OR 1, v0x555f4f02d2f0_0, L_0x555f4f02fc10, C4<0>, C4<0>;
L_0x555f4f0304f0 .functor OR 1, v0x555f4f02d2f0_0, L_0x555f4f02fc10, C4<0>, C4<0>;
L_0x555f4f030690 .functor OR 1, L_0x555f4f030040, L_0x555f4f030190, C4<0>, C4<0>;
L_0x555f4f030840 .functor BUFZ 1, v0x555f4f02d490_0, C4<0>, C4<0>, C4<0>;
L_0x555f4f030950 .functor BUFZ 32, v0x555f4f02d3b0_0, C4<00000000000000000000000000000000>, C4<00000000000000000000000000000000>, C4<00000000000000000000000000000000>;
v0x555f4efb9e50_0 .net *"_ivl_16", 0 0, L_0x555f4f030690;  1 drivers
v0x555f4efea0c0_0 .net "avm_address_i", 31 0, L_0x555f4f02f830;  alias, 1 drivers
v0x555f4efec220_0 .net "avm_burstcount_i", 7 0, L_0x555f4f02fae0;  alias, 1 drivers
v0x555f4efec2c0_0 .net "avm_byteenable_i", 3 0, L_0x555f4f02f920;  alias, 1 drivers
v0x555f4f02cd20_0 .net "avm_read_i", 0 0, L_0x555f4f02fa40;  alias, 1 drivers
v0x555f4f02ce30_0 .net "avm_readdata_o", 31 0, L_0x555f4f030950;  alias, 1 drivers
v0x555f4f02cf10_0 .net "avm_readdatavalid_o", 0 0, L_0x555f4f030840;  alias, 1 drivers
v0x555f4f02cfd0_0 .net "avm_waitrequest_o", 0 0, L_0x555f4f030700;  alias, 1 drivers
v0x555f4f02d090_0 .net "avm_write_i", 0 0, L_0x555f4f02fc10;  alias, 1 drivers
v0x555f4f02d150_0 .net "avm_writedata_i", 31 0, L_0x555f4f02fd00;  alias, 1 drivers
v0x555f4f02d230_0 .net "clk", 0 0, L_0x555f4f02f650;  alias, 1 drivers
v0x555f4f02d2f0_0 .var "read_access", 0 0;
v0x555f4f02d3b0_0 .var "readdata", 31 0;
v0x555f4f02d490_0 .var "readdatavalid", 0 0;
v0x555f4f02d550_0 .net "rst", 0 0, L_0x555f4f02f6f0;  alias, 1 drivers
v0x555f4f02d610_0 .net "wbm_ack_i", 0 0, L_0x555f4f030040;  alias, 1 drivers
v0x555f4f02d6d0_0 .net "wbm_adr_o", 31 0, L_0x555f4efe9f60;  alias, 1 drivers
v0x555f4f02d7b0_0 .net "wbm_bte_o", 1 0, L_0x7f65cb0040a8;  alias, 1 drivers
v0x555f4f02d890_0 .net "wbm_cti_o", 2 0, L_0x7f65cb004060;  alias, 1 drivers
v0x555f4f02d970_0 .net "wbm_cyc_o", 0 0, L_0x555f4f030430;  alias, 1 drivers
v0x555f4f02da30_0 .net "wbm_dat_i", 31 0, L_0x555f4f02ff50;  alias, 1 drivers
v0x555f4f02db10_0 .net "wbm_dat_o", 31 0, L_0x555f4efec040;  alias, 1 drivers
v0x555f4f02dbf0_0 .net "wbm_err_i", 0 0, L_0x555f4f030190;  alias, 1 drivers
v0x555f4f02dcb0_0 .net "wbm_rty_i", 0 0, L_0x7f65cb004018;  alias, 1 drivers
v0x555f4f02dd70_0 .net "wbm_sel_o", 3 0, L_0x555f4efec0b0;  alias, 1 drivers
v0x555f4f02de50_0 .net "wbm_stb_o", 0 0, L_0x555f4f0304f0;  alias, 1 drivers
v0x555f4f02df10_0 .net "wbm_we_o", 0 0, L_0x555f4f030370;  alias, 1 drivers
E_0x555f4eff5280 .event posedge, v0x555f4f02d230_0;
L_0x555f4f030700 .reduce/nor L_0x555f4f030690;
    .scope S_0x555f4efedf30;
T_0 ;
    %wait E_0x555f4eff5280;
    %load/vec4 v0x555f4f02d550_0;
    %flag_set/vec4 8;
    %jmp/0xz  T_0.0, 8;
    %pushi/vec4 0, 0, 1;
    %assign/vec4 v0x555f4f02d2f0_0, 0;
    %jmp T_0.1;
T_0.0 ;
    %load/vec4 v0x555f4f02d610_0;
    %load/vec4 v0x555f4f02dbf0_0;
    %or;
    %flag_set/vec4 8;
    %jmp/0xz  T_0.2, 8;
    %pushi/vec4 0, 0, 1;
    %assign/vec4 v0x555f4f02d2f0_0, 0;
    %jmp T_0.3;
T_0.2 ;
    %load/vec4 v0x555f4f02cd20_0;
    %flag_set/vec4 8;
    %jmp/0xz  T_0.4, 8;
    %pushi/vec4 1, 0, 1;
    %assign/vec4 v0x555f4f02d2f0_0, 0;
T_0.4 ;
T_0.3 ;
T_0.1 ;
    %jmp T_0;
    .thread T_0;
    .scope S_0x555f4efedf30;
T_1 ;
    %wait E_0x555f4eff5280;
    %load/vec4 v0x555f4f02d610_0;
    %load/vec4 v0x555f4f02dbf0_0;
    %or;
    %load/vec4 v0x555f4f02d2f0_0;
    %and;
    %assign/vec4 v0x555f4f02d490_0, 0;
    %load/vec4 v0x555f4f02da30_0;
    %assign/vec4 v0x555f4f02d3b0_0, 0;
    %jmp T_1;
    .thread T_1;
    .scope S_0x555f4efedda0;
T_2 ;
    %vpi_call 2 59 "$dumpfile", "68.vcd" {0 0 0};
    %vpi_call 2 60 "$dumpvars", 32'sb00000000000000000000000000000001, S_0x555f4efedda0 {0 0 0};
    %delay 10, 0;
    %pushi/vec4 0, 0, 1;
    %store/vec4 v0x555f4f02ea80_0, 0, 1;
    %end;
    .thread T_2;
    .scope S_0x555f4efedda0;
T_3 ;
    %delay 5, 0;
    %vpi_func 2 66 "$random" 32 {0 0 0};
    %pad/s 114;
    %store/vec4 v0x555f4f02f5b0_0, 0, 114;
    %jmp T_3;
    .thread T_3;
    .scope S_0x555f4efedda0;
T_4 ;
    %vpi_call 2 97 "$monitor", $time, " bench_reset = %b, clk = %b , rst = %b , avm_address_i = %b , avm_byteenable_i = %b , avm_read_i = %b , avm_burstcount_i = %b , avm_write_i = %b , avm_writedata_i = %b , wbm_dat_i = %b , wbm_ack_i = %b , wbm_err_i = %b , wbm_rty_i = %b , avm_readdata_o = %b , avm_waitrequest_o = %b , avm_readdatavalid_o = %b , wbm_adr_o = %b , wbm_dat_o = %b , wbm_sel_o = %b , wbm_we_o = %b , wbm_cyc_o = %b , wbm_stb_o = %b , wbm_cti_o = %b , wbm_bte_o = %b  ", v0x555f4f02ea80_0, v0x555f4f02e9b0_0, v0x555f4f02eb20_0, v0x555f4f02e2b0_0, v0x555f4f02e430_0, v0x555f4f02e500_0, v0x555f4f02e390_0, v0x555f4f02e810_0, v0x555f4f02e8e0_0, v0x555f4f02f000_0, v0x555f4f02ebf0_0, v0x555f4f02f1a0_0, v0x555f4f02f270_0, v0x555f4f02e5d0_0, v0x555f4f02e740_0, v0x555f4f02e670_0, v0x555f4f02ecc0_0, v0x555f4f02f0d0_0, v0x555f4f02f340_0, v0x555f4f02f4e0_0, v0x555f4f02ef30_0, v0x555f4f02f410_0, v0x555f4f02ee60_0, v0x555f4f02ed90_0 {0 0 0};
    %end;
    .thread T_4;
    .scope S_0x555f4efedda0;
T_5 ;
    %delay 199, 0;
    %vpi_call 2 103 "$finish" {0 0 0};
    %end;
    .thread T_5;
# The file index is used to find the file name in the following table.
:file_names 4;
    "N/A";
    "<interactive>";
    "wavedrom_dataset/testbenches/68_tb.v";
    "wavedrom_dataset/verilog_modules/80.v";
