#! /usr/bin/vvp
:ivl_version "11.0 (stable)";
:ivl_delay_selection "TYPICAL";
:vpi_time_precision + 0;
:vpi_module "/usr/lib/x86_64-linux-gnu/ivl/system.vpi";
:vpi_module "/usr/lib/x86_64-linux-gnu/ivl/vhdl_sys.vpi";
:vpi_module "/usr/lib/x86_64-linux-gnu/ivl/vhdl_textio.vpi";
:vpi_module "/usr/lib/x86_64-linux-gnu/ivl/v2005_math.vpi";
:vpi_module "/usr/lib/x86_64-linux-gnu/ivl/va_math.vpi";
S_0x558590ba7a60 .scope module, "testbench" "testbench" 2 15;
 .timescale 0 0;
L_0x7f9234a7b018 .functor BUFT 1, C4<x>, C4<0>, C4<0>, C4<0>;
v0x558590bcb500_0 .net *"_ivl_11", 0 0, L_0x7f9234a7b018;  1 drivers
v0x558590bcb600_0 .net *"_ivl_13", 14 0, L_0x558590bcc990;  1 drivers
v0x558590bcb6e0_0 .net "bench_addr", 31 0, L_0x558590bcc6e0;  1 drivers
v0x558590bcb780_0 .net "bench_clk", 0 0, L_0x558590bcc500;  1 drivers
v0x558590bcb820_0 .net "bench_din", 31 0, L_0x558590bcc8f0;  1 drivers
v0x558590bcb8c0_0 .net "bench_dout", 31 0, v0x558590bca720_0;  1 drivers
v0x558590bcb960_0 .net "bench_drw", 0 0, L_0x558590bcc7d0;  1 drivers
v0x558590bcba00_0 .net "bench_rdy", 0 0, L_0x558590bce800;  1 drivers
v0x558590bcbad0_0 .var "bench_reset", 0 0;
v0x558590bcbb70_0 .net "bench_rst", 0 0, L_0x558590bcc5a0;  1 drivers
v0x558590bcbc40_0 .net "bench_sram_addr", 23 1, L_0x558590bce0d0;  1 drivers
L_0x7f9234a7b0a8 .functor BUFT 1, C4<0>, C4<0>, C4<0>, C4<0>;
v0x558590bcbd10_0 .net "bench_sram_adv", 0 0, L_0x7f9234a7b0a8;  1 drivers
L_0x7f9234a7b138 .functor BUFT 1, C4<0>, C4<0>, C4<0>, C4<0>;
v0x558590bcbde0_0 .net "bench_sram_ce", 0 0, L_0x7f9234a7b138;  1 drivers
L_0x7f9234a7b060 .functor BUFT 1, C4<0>, C4<0>, C4<0>, C4<0>;
v0x558590bcbeb0_0 .net "bench_sram_clk", 0 0, L_0x7f9234a7b060;  1 drivers
L_0x7f9234a7b0f0 .functor BUFT 1, C4<0>, C4<0>, C4<0>, C4<0>;
v0x558590bcbf80_0 .net "bench_sram_cre", 0 0, L_0x7f9234a7b0f0;  1 drivers
RS_0x7f9234ac4888 .resolv tri, L_0x558590bcca70, L_0x558590bcde70;
v0x558590bcc050_0 .net8 "bench_sram_data", 15 0, RS_0x7f9234ac4888;  2 drivers
L_0x7f9234a7b210 .functor BUFT 1, C4<0>, C4<0>, C4<0>, C4<0>;
v0x558590bcc120_0 .net "bench_sram_lb", 0 0, L_0x7f9234a7b210;  1 drivers
L_0x7f9234a7b180 .functor BUFT 1, C4<0>, C4<0>, C4<0>, C4<0>;
v0x558590bcc1f0_0 .net "bench_sram_oe", 0 0, L_0x7f9234a7b180;  1 drivers
L_0x7f9234a7b1c8 .functor BUFT 1, C4<0>, C4<0>, C4<0>, C4<0>;
v0x558590bcc2c0_0 .net "bench_sram_ub", 0 0, L_0x7f9234a7b1c8;  1 drivers
v0x558590bcc390_0 .net "bench_sram_we", 0 0, L_0x558590bce620;  1 drivers
v0x558590bcc460_0 .var "indata_array", 0 81;
L_0x558590bcc500 .part v0x558590bcc460_0, 81, 1;
L_0x558590bcc5a0 .part v0x558590bcc460_0, 80, 1;
L_0x558590bcc6e0 .part v0x558590bcc460_0, 48, 32;
L_0x558590bcc7d0 .part v0x558590bcc460_0, 47, 1;
L_0x558590bcc8f0 .part v0x558590bcc460_0, 15, 32;
L_0x558590bcc990 .part v0x558590bcc460_0, 0, 15;
L_0x558590bcca70 .concat [ 1 15 0 0], L_0x7f9234a7b018, L_0x558590bcc990;
S_0x558590ba7bf0 .scope module, "inst" "sram_interface" 2 57, 3 1 0, S_0x558590ba7a60;
 .timescale 0 0;
    .port_info 0 /INPUT 1 "rst";
    .port_info 1 /INPUT 1 "clk";
    .port_info 2 /INPUT 32 "addr";
    .port_info 3 /INPUT 1 "drw";
    .port_info 4 /INPUT 32 "din";
    .port_info 5 /OUTPUT 32 "dout";
    .port_info 6 /OUTPUT 1 "rdy";
    .port_info 7 /OUTPUT 1 "sram_clk";
    .port_info 8 /OUTPUT 1 "sram_adv";
    .port_info 9 /OUTPUT 1 "sram_cre";
    .port_info 10 /OUTPUT 1 "sram_ce";
    .port_info 11 /OUTPUT 1 "sram_oe";
    .port_info 12 /OUTPUT 1 "sram_we";
    .port_info 13 /OUTPUT 1 "sram_lb";
    .port_info 14 /OUTPUT 1 "sram_ub";
    .port_info 15 /INOUT 16 "sram_data";
    .port_info 16 /OUTPUT 23 "sram_addr";
L_0x558590ba5b40 .functor OR 1, L_0x558590bcce80, L_0x558590bccf20, C4<0>, C4<0>;
L_0x558590ba5bb0 .functor OR 1, L_0x558590ba5b40, L_0x558590bcd100, C4<0>, C4<0>;
L_0x558590bcd7d0 .functor OR 1, L_0x558590bcd5f0, L_0x558590bcd690, C4<0>, C4<0>;
L_0x558590bcd9d0 .functor OR 1, L_0x558590bcd7d0, L_0x558590bcd8e0, C4<0>, C4<0>;
L_0x558590bcddb0 .functor AND 1, L_0x558590bcc7d0, L_0x558590bce260, C4<1>, C4<1>;
L_0x558590bce4d0 .functor AND 1, L_0x558590bcddb0, L_0x558590bce3e0, C4<1>, C4<1>;
v0x558590b8ce30_0 .net "UL", 0 0, L_0x558590bcd420;  1 drivers
L_0x7f9234a7b258 .functor BUFT 1, C4<000>, C4<0>, C4<0>, C4<0>;
v0x558590ba5d20_0 .net/2u *"_ivl_14", 2 0, L_0x7f9234a7b258;  1 drivers
v0x558590ba5dc0_0 .net *"_ivl_16", 0 0, L_0x558590bcce80;  1 drivers
L_0x7f9234a7b2a0 .functor BUFT 1, C4<001>, C4<0>, C4<0>, C4<0>;
v0x558590bc8c20_0 .net/2u *"_ivl_18", 2 0, L_0x7f9234a7b2a0;  1 drivers
v0x558590bc8d00_0 .net *"_ivl_20", 0 0, L_0x558590bccf20;  1 drivers
v0x558590bc8dc0_0 .net *"_ivl_23", 0 0, L_0x558590ba5b40;  1 drivers
L_0x7f9234a7b2e8 .functor BUFT 1, C4<010>, C4<0>, C4<0>, C4<0>;
v0x558590bc8e80_0 .net/2u *"_ivl_24", 2 0, L_0x7f9234a7b2e8;  1 drivers
v0x558590bc8f60_0 .net *"_ivl_26", 0 0, L_0x558590bcd100;  1 drivers
v0x558590bc9020_0 .net *"_ivl_29", 0 0, L_0x558590ba5bb0;  1 drivers
L_0x7f9234a7b330 .functor BUFT 1, C4<00>, C4<0>, C4<0>, C4<0>;
v0x558590bc90e0_0 .net/2s *"_ivl_30", 1 0, L_0x7f9234a7b330;  1 drivers
L_0x7f9234a7b378 .functor BUFT 1, C4<01>, C4<0>, C4<0>, C4<0>;
v0x558590bc91c0_0 .net/2s *"_ivl_32", 1 0, L_0x7f9234a7b378;  1 drivers
v0x558590bc92a0_0 .net *"_ivl_34", 1 0, L_0x558590bcd290;  1 drivers
v0x558590bc9380_0 .net *"_ivl_39", 0 0, L_0x558590bcd510;  1 drivers
o0x7f9234ac4288 .functor BUFZ 16, C4<zzzzzzzzzzzzzzzz>; HiZ drive
; Elide local net with no drivers, v0x558590bc9440_0 name=_ivl_40
L_0x7f9234a7b3c0 .functor BUFT 1, C4<000>, C4<0>, C4<0>, C4<0>;
v0x558590bc9520_0 .net/2u *"_ivl_42", 2 0, L_0x7f9234a7b3c0;  1 drivers
v0x558590bc9600_0 .net *"_ivl_44", 0 0, L_0x558590bcd5f0;  1 drivers
L_0x7f9234a7b408 .functor BUFT 1, C4<001>, C4<0>, C4<0>, C4<0>;
v0x558590bc96c0_0 .net/2u *"_ivl_46", 2 0, L_0x7f9234a7b408;  1 drivers
v0x558590bc97a0_0 .net *"_ivl_48", 0 0, L_0x558590bcd690;  1 drivers
v0x558590bc9860_0 .net *"_ivl_51", 0 0, L_0x558590bcd7d0;  1 drivers
L_0x7f9234a7b450 .functor BUFT 1, C4<010>, C4<0>, C4<0>, C4<0>;
v0x558590bc9920_0 .net/2u *"_ivl_52", 2 0, L_0x7f9234a7b450;  1 drivers
v0x558590bc9a00_0 .net *"_ivl_54", 0 0, L_0x558590bcd8e0;  1 drivers
v0x558590bc9ac0_0 .net *"_ivl_57", 0 0, L_0x558590bcd9d0;  1 drivers
v0x558590bc9b80_0 .net *"_ivl_59", 15 0, L_0x558590bcdae0;  1 drivers
v0x558590bc9c60_0 .net *"_ivl_61", 15 0, L_0x558590bcdbe0;  1 drivers
v0x558590bc9d40_0 .net *"_ivl_62", 15 0, L_0x558590bcdd10;  1 drivers
v0x558590bc9e20_0 .net *"_ivl_67", 21 0, L_0x558590bcdfb0;  1 drivers
L_0x7f9234a7b498 .functor BUFT 1, C4<010>, C4<0>, C4<0>, C4<0>;
v0x558590bc9f00_0 .net/2u *"_ivl_70", 2 0, L_0x7f9234a7b498;  1 drivers
v0x558590bc9fe0_0 .net *"_ivl_72", 0 0, L_0x558590bce260;  1 drivers
v0x558590bca0a0_0 .net *"_ivl_75", 0 0, L_0x558590bcddb0;  1 drivers
L_0x7f9234a7b4e0 .functor BUFT 1, C4<100>, C4<0>, C4<0>, C4<0>;
v0x558590bca160_0 .net/2u *"_ivl_76", 2 0, L_0x7f9234a7b4e0;  1 drivers
v0x558590bca240_0 .net *"_ivl_78", 0 0, L_0x558590bce3e0;  1 drivers
v0x558590bca300_0 .net *"_ivl_81", 0 0, L_0x558590bce4d0;  1 drivers
L_0x7f9234a7b528 .functor BUFT 1, C4<000>, C4<0>, C4<0>, C4<0>;
v0x558590bca3c0_0 .net/2u *"_ivl_84", 2 0, L_0x7f9234a7b528;  1 drivers
v0x558590bca4a0_0 .net "addr", 31 0, L_0x558590bcc6e0;  alias, 1 drivers
v0x558590bca580_0 .net "clk", 0 0, L_0x558590bcc500;  alias, 1 drivers
v0x558590bca640_0 .net "din", 31 0, L_0x558590bcc8f0;  alias, 1 drivers
v0x558590bca720_0 .var "dout", 31 0;
v0x558590bca800_0 .net "drw", 0 0, L_0x558590bcc7d0;  alias, 1 drivers
v0x558590bca8c0_0 .net "rdy", 0 0, L_0x558590bce800;  alias, 1 drivers
v0x558590bca980_0 .net "rst", 0 0, L_0x558590bcc5a0;  alias, 1 drivers
v0x558590bcaa40_0 .net "sram_addr", 23 1, L_0x558590bce0d0;  alias, 1 drivers
v0x558590bcab20_0 .net "sram_adv", 0 0, L_0x7f9234a7b0a8;  alias, 1 drivers
v0x558590bcabe0_0 .net "sram_ce", 0 0, L_0x7f9234a7b138;  alias, 1 drivers
v0x558590bcaca0_0 .net "sram_clk", 0 0, L_0x7f9234a7b060;  alias, 1 drivers
v0x558590bcad60_0 .net "sram_cre", 0 0, L_0x7f9234a7b0f0;  alias, 1 drivers
v0x558590bcae20_0 .net8 "sram_data", 15 0, RS_0x7f9234ac4888;  alias, 2 drivers
v0x558590bcaf00_0 .net "sram_lb", 0 0, L_0x7f9234a7b210;  alias, 1 drivers
v0x558590bcafc0_0 .net "sram_oe", 0 0, L_0x7f9234a7b180;  alias, 1 drivers
v0x558590bcb080_0 .net "sram_ub", 0 0, L_0x7f9234a7b1c8;  alias, 1 drivers
v0x558590bcb140_0 .net "sram_we", 0 0, L_0x558590bce620;  alias, 1 drivers
v0x558590bcb200_0 .var "state", 2 0;
E_0x558590b97f60 .event posedge, v0x558590bca580_0;
L_0x558590bcce80 .cmp/eq 3, v0x558590bcb200_0, L_0x7f9234a7b258;
L_0x558590bccf20 .cmp/eq 3, v0x558590bcb200_0, L_0x7f9234a7b2a0;
L_0x558590bcd100 .cmp/eq 3, v0x558590bcb200_0, L_0x7f9234a7b2e8;
L_0x558590bcd290 .functor MUXZ 2, L_0x7f9234a7b378, L_0x7f9234a7b330, L_0x558590ba5bb0, C4<>;
L_0x558590bcd420 .part L_0x558590bcd290, 0, 1;
L_0x558590bcd510 .reduce/nor L_0x558590bcc7d0;
L_0x558590bcd5f0 .cmp/eq 3, v0x558590bcb200_0, L_0x7f9234a7b3c0;
L_0x558590bcd690 .cmp/eq 3, v0x558590bcb200_0, L_0x7f9234a7b408;
L_0x558590bcd8e0 .cmp/eq 3, v0x558590bcb200_0, L_0x7f9234a7b450;
L_0x558590bcdae0 .part L_0x558590bcc8f0, 16, 16;
L_0x558590bcdbe0 .part L_0x558590bcc8f0, 0, 16;
L_0x558590bcdd10 .functor MUXZ 16, L_0x558590bcdbe0, L_0x558590bcdae0, L_0x558590bcd9d0, C4<>;
L_0x558590bcde70 .functor MUXZ 16, L_0x558590bcdd10, o0x7f9234ac4288, L_0x558590bcd510, C4<>;
L_0x558590bcdfb0 .part L_0x558590bcc6e0, 2, 22;
L_0x558590bce0d0 .concat [ 1 22 0 0], L_0x558590bcd420, L_0x558590bcdfb0;
L_0x558590bce260 .cmp/ne 3, v0x558590bcb200_0, L_0x7f9234a7b498;
L_0x558590bce3e0 .cmp/ne 3, v0x558590bcb200_0, L_0x7f9234a7b4e0;
L_0x558590bce620 .reduce/nor L_0x558590bce4d0;
L_0x558590bce800 .cmp/eq 3, v0x558590bcb200_0, L_0x7f9234a7b528;
    .scope S_0x558590ba7bf0;
T_0 ;
    %pushi/vec4 0, 0, 3;
    %store/vec4 v0x558590bcb200_0, 0, 3;
    %end;
    .thread T_0;
    .scope S_0x558590ba7bf0;
T_1 ;
    %wait E_0x558590b97f60;
    %load/vec4 v0x558590bca980_0;
    %nor/r;
    %flag_set/vec4 8;
    %jmp/0xz  T_1.0, 8;
    %load/vec4 v0x558590bcb200_0;
    %cmpi/e 2, 0, 3;
    %jmp/0xz  T_1.2, 4;
    %load/vec4 v0x558590bcae20_0;
    %ix/load 4, 16, 0;
    %ix/load 5, 0, 0;
    %flag_set/imm 4, 0;
    %assign/vec4/off/d v0x558590bca720_0, 4, 5;
T_1.2 ;
    %load/vec4 v0x558590bcb200_0;
    %cmpi/e 4, 0, 3;
    %jmp/0xz  T_1.4, 4;
    %load/vec4 v0x558590bcae20_0;
    %ix/load 4, 0, 0;
    %ix/load 5, 0, 0;
    %flag_set/imm 4, 0;
    %assign/vec4/off/d v0x558590bca720_0, 4, 5;
T_1.4 ;
    %load/vec4 v0x558590bcb200_0;
    %pushi/vec4 5, 0, 3;
    %cmp/e;
    %flag_get/vec4 4;
    %load/vec4 v0x558590bca800_0;
    %and;
    %flag_set/vec4 8;
    %load/vec4 v0x558590bcb200_0;
    %pushi/vec4 4, 0, 3;
    %cmp/e;
    %flag_get/vec4 4;
    %load/vec4 v0x558590bca800_0;
    %nor/r;
    %and;
    %flag_set/vec4 9;
    %flag_or 9, 8;
    %jmp/0xz  T_1.6, 9;
    %pushi/vec4 0, 0, 3;
    %assign/vec4 v0x558590bcb200_0, 0;
    %jmp T_1.7;
T_1.6 ;
    %load/vec4 v0x558590bcb200_0;
    %addi 1, 0, 3;
    %assign/vec4 v0x558590bcb200_0, 0;
T_1.7 ;
    %jmp T_1.1;
T_1.0 ;
    %pushi/vec4 0, 0, 3;
    %assign/vec4 v0x558590bcb200_0, 0;
T_1.1 ;
    %jmp T_1;
    .thread T_1;
    .scope S_0x558590ba7a60;
T_2 ;
    %vpi_call 2 47 "$dumpfile", "71.vcd" {0 0 0};
    %vpi_call 2 48 "$dumpvars", 32'sb00000000000000000000000000000001, S_0x558590ba7a60 {0 0 0};
    %delay 10, 0;
    %pushi/vec4 0, 0, 1;
    %store/vec4 v0x558590bcbad0_0, 0, 1;
    %end;
    .thread T_2;
    .scope S_0x558590ba7a60;
T_3 ;
    %delay 5, 0;
    %vpi_func 2 54 "$random" 32 {0 0 0};
    %pad/s 82;
    %store/vec4 v0x558590bcc460_0, 0, 82;
    %jmp T_3;
    .thread T_3;
    .scope S_0x558590ba7a60;
T_4 ;
    %vpi_call 2 79 "$monitor", $time, " bench_reset = %b, clk = %b , rst = %b , addr = %b , drw = %b , din = %b , sram_data = %b , dout = %b , rdy = %b , sram_clk = %b , sram_adv = %b , sram_cre = %b , sram_ce = %b , sram_oe = %b , sram_lb = %b , sram_ub = %b , sram_addr = %b , sram_we = %b  ", v0x558590bcbad0_0, v0x558590bcb780_0, v0x558590bcbb70_0, v0x558590bcb6e0_0, v0x558590bcb960_0, v0x558590bcb820_0, v0x558590bcc050_0, v0x558590bcb8c0_0, v0x558590bcba00_0, v0x558590bcbeb0_0, v0x558590bcbd10_0, v0x558590bcbf80_0, v0x558590bcbde0_0, v0x558590bcc1f0_0, v0x558590bcc120_0, v0x558590bcc2c0_0, v0x558590bcbc40_0, v0x558590bcc390_0 {0 0 0};
    %end;
    .thread T_4;
    .scope S_0x558590ba7a60;
T_5 ;
    %delay 199, 0;
    %vpi_call 2 85 "$finish" {0 0 0};
    %end;
    .thread T_5;
# The file index is used to find the file name in the following table.
:file_names 4;
    "N/A";
    "<interactive>";
    "wavedrom_dataset/testbenches/71_tb.v";
    "wavedrom_dataset/verilog_modules/19.v";
