#! /usr/bin/vvp
:ivl_version "11.0 (stable)";
:ivl_delay_selection "TYPICAL";
:vpi_time_precision + 0;
:vpi_module "/usr/lib/x86_64-linux-gnu/ivl/system.vpi";
:vpi_module "/usr/lib/x86_64-linux-gnu/ivl/vhdl_sys.vpi";
:vpi_module "/usr/lib/x86_64-linux-gnu/ivl/vhdl_textio.vpi";
:vpi_module "/usr/lib/x86_64-linux-gnu/ivl/v2005_math.vpi";
:vpi_module "/usr/lib/x86_64-linux-gnu/ivl/va_math.vpi";
S_0x564ff80913f0 .scope module, "testbench" "testbench" 2 15;
 .timescale 0 0;
v0x564ff80c6820_0 .net "bench_clk", 0 0, L_0x564ff80c8860;  1 drivers
v0x564ff80c68e0_0 .net "bench_clk_ena", 0 0, L_0x564ff80c8900;  1 drivers
v0x564ff80c69b0_0 .net "bench_in_stream", 0 0, L_0x564ff80c8a40;  1 drivers
v0x564ff80c6ab0_0 .net "bench_pipeline_reg_0", 0 0, v0x564ff80c4390_0;  1 drivers
v0x564ff80c6b80_0 .net "bench_pipeline_reg_1", 0 0, v0x564ff80c4470_0;  1 drivers
v0x564ff80c6c20_0 .net "bench_pipeline_reg_10", 0 0, v0x564ff80c45a0_0;  1 drivers
v0x564ff80c6cf0_0 .net "bench_pipeline_reg_11", 0 0, v0x564ff80c4680_0;  1 drivers
v0x564ff80c6dc0_0 .net "bench_pipeline_reg_12", 0 0, v0x564ff80c4760_0;  1 drivers
v0x564ff80c6e90_0 .net "bench_pipeline_reg_13", 0 0, v0x564ff80c4840_0;  1 drivers
v0x564ff80c6f60_0 .net "bench_pipeline_reg_14", 0 0, v0x564ff80c4920_0;  1 drivers
v0x564ff80c7030_0 .net "bench_pipeline_reg_15", 0 0, v0x564ff80c4a00_0;  1 drivers
v0x564ff80c7100_0 .net "bench_pipeline_reg_16", 0 0, v0x564ff80c4ae0_0;  1 drivers
v0x564ff80c71d0_0 .net "bench_pipeline_reg_17", 0 0, v0x564ff80c4bc0_0;  1 drivers
v0x564ff80c72a0_0 .net "bench_pipeline_reg_18", 0 0, v0x564ff80c4ca0_0;  1 drivers
v0x564ff80c7370_0 .net "bench_pipeline_reg_19", 0 0, v0x564ff80c4d80_0;  1 drivers
v0x564ff80c7440_0 .net "bench_pipeline_reg_2", 0 0, v0x564ff80c4e60_0;  1 drivers
v0x564ff80c7510_0 .net "bench_pipeline_reg_20", 0 0, v0x564ff80c4f40_0;  1 drivers
v0x564ff80c75e0_0 .net "bench_pipeline_reg_21", 0 0, v0x564ff80c5020_0;  1 drivers
v0x564ff80c76b0_0 .net "bench_pipeline_reg_22", 0 0, v0x564ff80c5100_0;  1 drivers
v0x564ff80c7780_0 .net "bench_pipeline_reg_23", 0 0, v0x564ff80c51e0_0;  1 drivers
v0x564ff80c7850_0 .net "bench_pipeline_reg_24", 0 0, v0x564ff80c52c0_0;  1 drivers
v0x564ff80c7920_0 .net "bench_pipeline_reg_25", 0 0, v0x564ff80c53a0_0;  1 drivers
v0x564ff80c79f0_0 .net "bench_pipeline_reg_26", 0 0, v0x564ff80c5480_0;  1 drivers
v0x564ff80c7ac0_0 .net "bench_pipeline_reg_27", 0 0, v0x564ff80c5560_0;  1 drivers
v0x564ff80c7b90_0 .net "bench_pipeline_reg_28", 0 0, v0x564ff80c5640_0;  1 drivers
v0x564ff80c7c60_0 .net "bench_pipeline_reg_29", 0 0, v0x564ff80c5720_0;  1 drivers
v0x564ff80c7d30_0 .net "bench_pipeline_reg_3", 0 0, v0x564ff80c5800_0;  1 drivers
v0x564ff80c7e00_0 .net "bench_pipeline_reg_30", 0 0, v0x564ff80c58e0_0;  1 drivers
v0x564ff80c7ed0_0 .net "bench_pipeline_reg_31", 0 0, v0x564ff80c59c0_0;  1 drivers
v0x564ff80c7fa0_0 .net "bench_pipeline_reg_32", 0 0, v0x564ff80c5aa0_0;  1 drivers
v0x564ff80c8070_0 .net "bench_pipeline_reg_33", 0 0, v0x564ff80c5b80_0;  1 drivers
v0x564ff80c8140_0 .net "bench_pipeline_reg_34", 0 0, v0x564ff80c5c60_0;  1 drivers
v0x564ff80c8210_0 .net "bench_pipeline_reg_4", 0 0, v0x564ff80c5d40_0;  1 drivers
v0x564ff80c82e0_0 .net "bench_pipeline_reg_5", 0 0, v0x564ff80c5e20_0;  1 drivers
v0x564ff80c83b0_0 .net "bench_pipeline_reg_6", 0 0, v0x564ff80c5f00_0;  1 drivers
v0x564ff80c8480_0 .net "bench_pipeline_reg_7", 0 0, v0x564ff80c5fe0_0;  1 drivers
v0x564ff80c8550_0 .net "bench_pipeline_reg_8", 0 0, v0x564ff80c60c0_0;  1 drivers
v0x564ff80c8620_0 .net "bench_pipeline_reg_9", 0 0, v0x564ff80c61a0_0;  1 drivers
v0x564ff80c86f0_0 .var "bench_reset", 0 0;
v0x564ff80c87c0_0 .var "indata_array", 0 2;
L_0x564ff80c8860 .part v0x564ff80c87c0_0, 2, 1;
L_0x564ff80c8900 .part v0x564ff80c87c0_0, 1, 1;
L_0x564ff80c8a40 .part v0x564ff80c87c0_0, 0, 1;
S_0x564ff8091580 .scope module, "inst" "input_pipeline" 2 75, 3 1 0, S_0x564ff80913f0;
 .timescale 0 0;
    .port_info 0 /INPUT 1 "clk";
    .port_info 1 /INPUT 1 "clk_ena";
    .port_info 2 /INPUT 1 "in_stream";
    .port_info 3 /OUTPUT 1 "pipeline_reg_0";
    .port_info 4 /OUTPUT 1 "pipeline_reg_1";
    .port_info 5 /OUTPUT 1 "pipeline_reg_2";
    .port_info 6 /OUTPUT 1 "pipeline_reg_3";
    .port_info 7 /OUTPUT 1 "pipeline_reg_4";
    .port_info 8 /OUTPUT 1 "pipeline_reg_5";
    .port_info 9 /OUTPUT 1 "pipeline_reg_6";
    .port_info 10 /OUTPUT 1 "pipeline_reg_7";
    .port_info 11 /OUTPUT 1 "pipeline_reg_8";
    .port_info 12 /OUTPUT 1 "pipeline_reg_9";
    .port_info 13 /OUTPUT 1 "pipeline_reg_10";
    .port_info 14 /OUTPUT 1 "pipeline_reg_11";
    .port_info 15 /OUTPUT 1 "pipeline_reg_12";
    .port_info 16 /OUTPUT 1 "pipeline_reg_13";
    .port_info 17 /OUTPUT 1 "pipeline_reg_14";
    .port_info 18 /OUTPUT 1 "pipeline_reg_15";
    .port_info 19 /OUTPUT 1 "pipeline_reg_16";
    .port_info 20 /OUTPUT 1 "pipeline_reg_17";
    .port_info 21 /OUTPUT 1 "pipeline_reg_18";
    .port_info 22 /OUTPUT 1 "pipeline_reg_19";
    .port_info 23 /OUTPUT 1 "pipeline_reg_20";
    .port_info 24 /OUTPUT 1 "pipeline_reg_21";
    .port_info 25 /OUTPUT 1 "pipeline_reg_22";
    .port_info 26 /OUTPUT 1 "pipeline_reg_23";
    .port_info 27 /OUTPUT 1 "pipeline_reg_24";
    .port_info 28 /OUTPUT 1 "pipeline_reg_25";
    .port_info 29 /OUTPUT 1 "pipeline_reg_26";
    .port_info 30 /OUTPUT 1 "pipeline_reg_27";
    .port_info 31 /OUTPUT 1 "pipeline_reg_28";
    .port_info 32 /OUTPUT 1 "pipeline_reg_29";
    .port_info 33 /OUTPUT 1 "pipeline_reg_30";
    .port_info 34 /OUTPUT 1 "pipeline_reg_31";
    .port_info 35 /OUTPUT 1 "pipeline_reg_32";
    .port_info 36 /OUTPUT 1 "pipeline_reg_33";
    .port_info 37 /OUTPUT 1 "pipeline_reg_34";
    .port_info 38 /INPUT 1 "reset";
P_0x564ff8081ca0 .param/l "WIDTH" 0 3 41, +C4<00000000000000000000000000000001>;
v0x564ff8066950_0 .net "clk", 0 0, L_0x564ff80c8860;  alias, 1 drivers
v0x564ff80669f0_0 .net "clk_ena", 0 0, L_0x564ff80c8900;  alias, 1 drivers
v0x564ff80c42d0_0 .net "in_stream", 0 0, L_0x564ff80c8a40;  alias, 1 drivers
v0x564ff80c4390_0 .var "pipeline_reg_0", 0 0;
v0x564ff80c4470_0 .var "pipeline_reg_1", 0 0;
v0x564ff80c45a0_0 .var "pipeline_reg_10", 0 0;
v0x564ff80c4680_0 .var "pipeline_reg_11", 0 0;
v0x564ff80c4760_0 .var "pipeline_reg_12", 0 0;
v0x564ff80c4840_0 .var "pipeline_reg_13", 0 0;
v0x564ff80c4920_0 .var "pipeline_reg_14", 0 0;
v0x564ff80c4a00_0 .var "pipeline_reg_15", 0 0;
v0x564ff80c4ae0_0 .var "pipeline_reg_16", 0 0;
v0x564ff80c4bc0_0 .var "pipeline_reg_17", 0 0;
v0x564ff80c4ca0_0 .var "pipeline_reg_18", 0 0;
v0x564ff80c4d80_0 .var "pipeline_reg_19", 0 0;
v0x564ff80c4e60_0 .var "pipeline_reg_2", 0 0;
v0x564ff80c4f40_0 .var "pipeline_reg_20", 0 0;
v0x564ff80c5020_0 .var "pipeline_reg_21", 0 0;
v0x564ff80c5100_0 .var "pipeline_reg_22", 0 0;
v0x564ff80c51e0_0 .var "pipeline_reg_23", 0 0;
v0x564ff80c52c0_0 .var "pipeline_reg_24", 0 0;
v0x564ff80c53a0_0 .var "pipeline_reg_25", 0 0;
v0x564ff80c5480_0 .var "pipeline_reg_26", 0 0;
v0x564ff80c5560_0 .var "pipeline_reg_27", 0 0;
v0x564ff80c5640_0 .var "pipeline_reg_28", 0 0;
v0x564ff80c5720_0 .var "pipeline_reg_29", 0 0;
v0x564ff80c5800_0 .var "pipeline_reg_3", 0 0;
v0x564ff80c58e0_0 .var "pipeline_reg_30", 0 0;
v0x564ff80c59c0_0 .var "pipeline_reg_31", 0 0;
v0x564ff80c5aa0_0 .var "pipeline_reg_32", 0 0;
v0x564ff80c5b80_0 .var "pipeline_reg_33", 0 0;
v0x564ff80c5c60_0 .var "pipeline_reg_34", 0 0;
v0x564ff80c5d40_0 .var "pipeline_reg_4", 0 0;
v0x564ff80c5e20_0 .var "pipeline_reg_5", 0 0;
v0x564ff80c5f00_0 .var "pipeline_reg_6", 0 0;
v0x564ff80c5fe0_0 .var "pipeline_reg_7", 0 0;
v0x564ff80c60c0_0 .var "pipeline_reg_8", 0 0;
v0x564ff80c61a0_0 .var "pipeline_reg_9", 0 0;
v0x564ff80c6280_0 .net "reset", 0 0, v0x564ff80c86f0_0;  1 drivers
E_0x564ff806d4c0 .event posedge, v0x564ff80c6280_0, v0x564ff8066950_0;
    .scope S_0x564ff8091580;
T_0 ;
    %wait E_0x564ff806d4c0;
    %load/vec4 v0x564ff80c6280_0;
    %flag_set/vec4 8;
    %jmp/0xz  T_0.0, 8;
    %pushi/vec4 0, 0, 1;
    %assign/vec4 v0x564ff80c4390_0, 0;
    %pushi/vec4 0, 0, 1;
    %assign/vec4 v0x564ff80c4470_0, 0;
    %pushi/vec4 0, 0, 1;
    %assign/vec4 v0x564ff80c4e60_0, 0;
    %pushi/vec4 0, 0, 1;
    %assign/vec4 v0x564ff80c5800_0, 0;
    %pushi/vec4 0, 0, 1;
    %assign/vec4 v0x564ff80c5d40_0, 0;
    %pushi/vec4 0, 0, 1;
    %assign/vec4 v0x564ff80c5e20_0, 0;
    %pushi/vec4 0, 0, 1;
    %assign/vec4 v0x564ff80c5f00_0, 0;
    %pushi/vec4 0, 0, 1;
    %assign/vec4 v0x564ff80c5fe0_0, 0;
    %pushi/vec4 0, 0, 1;
    %assign/vec4 v0x564ff80c60c0_0, 0;
    %pushi/vec4 0, 0, 1;
    %assign/vec4 v0x564ff80c61a0_0, 0;
    %pushi/vec4 0, 0, 1;
    %assign/vec4 v0x564ff80c45a0_0, 0;
    %pushi/vec4 0, 0, 1;
    %assign/vec4 v0x564ff80c4680_0, 0;
    %pushi/vec4 0, 0, 1;
    %assign/vec4 v0x564ff80c4760_0, 0;
    %pushi/vec4 0, 0, 1;
    %assign/vec4 v0x564ff80c4840_0, 0;
    %pushi/vec4 0, 0, 1;
    %assign/vec4 v0x564ff80c4920_0, 0;
    %pushi/vec4 0, 0, 1;
    %assign/vec4 v0x564ff80c4a00_0, 0;
    %pushi/vec4 0, 0, 1;
    %assign/vec4 v0x564ff80c4ae0_0, 0;
    %pushi/vec4 0, 0, 1;
    %assign/vec4 v0x564ff80c4bc0_0, 0;
    %pushi/vec4 0, 0, 1;
    %assign/vec4 v0x564ff80c4ca0_0, 0;
    %pushi/vec4 0, 0, 1;
    %assign/vec4 v0x564ff80c4d80_0, 0;
    %pushi/vec4 0, 0, 1;
    %assign/vec4 v0x564ff80c4f40_0, 0;
    %pushi/vec4 0, 0, 1;
    %assign/vec4 v0x564ff80c5020_0, 0;
    %pushi/vec4 0, 0, 1;
    %assign/vec4 v0x564ff80c5100_0, 0;
    %pushi/vec4 0, 0, 1;
    %assign/vec4 v0x564ff80c51e0_0, 0;
    %pushi/vec4 0, 0, 1;
    %assign/vec4 v0x564ff80c52c0_0, 0;
    %pushi/vec4 0, 0, 1;
    %assign/vec4 v0x564ff80c53a0_0, 0;
    %pushi/vec4 0, 0, 1;
    %assign/vec4 v0x564ff80c5480_0, 0;
    %pushi/vec4 0, 0, 1;
    %assign/vec4 v0x564ff80c5560_0, 0;
    %pushi/vec4 0, 0, 1;
    %assign/vec4 v0x564ff80c5640_0, 0;
    %pushi/vec4 0, 0, 1;
    %assign/vec4 v0x564ff80c5720_0, 0;
    %pushi/vec4 0, 0, 1;
    %assign/vec4 v0x564ff80c58e0_0, 0;
    %pushi/vec4 0, 0, 1;
    %assign/vec4 v0x564ff80c59c0_0, 0;
    %pushi/vec4 0, 0, 1;
    %assign/vec4 v0x564ff80c5aa0_0, 0;
    %pushi/vec4 0, 0, 1;
    %assign/vec4 v0x564ff80c5b80_0, 0;
    %pushi/vec4 0, 0, 1;
    %assign/vec4 v0x564ff80c5c60_0, 0;
    %jmp T_0.1;
T_0.0 ;
    %load/vec4 v0x564ff80669f0_0;
    %flag_set/vec4 8;
    %jmp/0xz  T_0.2, 8;
    %load/vec4 v0x564ff80c42d0_0;
    %assign/vec4 v0x564ff80c4390_0, 0;
    %load/vec4 v0x564ff80c4390_0;
    %assign/vec4 v0x564ff80c4470_0, 0;
    %load/vec4 v0x564ff80c4470_0;
    %assign/vec4 v0x564ff80c4e60_0, 0;
    %load/vec4 v0x564ff80c4e60_0;
    %assign/vec4 v0x564ff80c5800_0, 0;
    %load/vec4 v0x564ff80c5800_0;
    %assign/vec4 v0x564ff80c5d40_0, 0;
    %load/vec4 v0x564ff80c5d40_0;
    %assign/vec4 v0x564ff80c5e20_0, 0;
    %load/vec4 v0x564ff80c5e20_0;
    %assign/vec4 v0x564ff80c5f00_0, 0;
    %load/vec4 v0x564ff80c5f00_0;
    %assign/vec4 v0x564ff80c5fe0_0, 0;
    %load/vec4 v0x564ff80c5fe0_0;
    %assign/vec4 v0x564ff80c60c0_0, 0;
    %load/vec4 v0x564ff80c60c0_0;
    %assign/vec4 v0x564ff80c61a0_0, 0;
    %load/vec4 v0x564ff80c61a0_0;
    %assign/vec4 v0x564ff80c45a0_0, 0;
    %load/vec4 v0x564ff80c45a0_0;
    %assign/vec4 v0x564ff80c4680_0, 0;
    %load/vec4 v0x564ff80c4680_0;
    %assign/vec4 v0x564ff80c4760_0, 0;
    %load/vec4 v0x564ff80c4760_0;
    %assign/vec4 v0x564ff80c4840_0, 0;
    %load/vec4 v0x564ff80c4840_0;
    %assign/vec4 v0x564ff80c4920_0, 0;
    %load/vec4 v0x564ff80c4920_0;
    %assign/vec4 v0x564ff80c4a00_0, 0;
    %load/vec4 v0x564ff80c4a00_0;
    %assign/vec4 v0x564ff80c4ae0_0, 0;
    %load/vec4 v0x564ff80c4ae0_0;
    %assign/vec4 v0x564ff80c4bc0_0, 0;
    %load/vec4 v0x564ff80c4bc0_0;
    %assign/vec4 v0x564ff80c4ca0_0, 0;
    %load/vec4 v0x564ff80c4ca0_0;
    %assign/vec4 v0x564ff80c4d80_0, 0;
    %load/vec4 v0x564ff80c4d80_0;
    %assign/vec4 v0x564ff80c4f40_0, 0;
    %load/vec4 v0x564ff80c4f40_0;
    %assign/vec4 v0x564ff80c5020_0, 0;
    %load/vec4 v0x564ff80c5020_0;
    %assign/vec4 v0x564ff80c5100_0, 0;
    %load/vec4 v0x564ff80c5100_0;
    %assign/vec4 v0x564ff80c51e0_0, 0;
    %load/vec4 v0x564ff80c51e0_0;
    %assign/vec4 v0x564ff80c52c0_0, 0;
    %load/vec4 v0x564ff80c52c0_0;
    %assign/vec4 v0x564ff80c53a0_0, 0;
    %load/vec4 v0x564ff80c53a0_0;
    %assign/vec4 v0x564ff80c5480_0, 0;
    %load/vec4 v0x564ff80c5480_0;
    %assign/vec4 v0x564ff80c5560_0, 0;
    %load/vec4 v0x564ff80c5560_0;
    %assign/vec4 v0x564ff80c5640_0, 0;
    %load/vec4 v0x564ff80c5640_0;
    %assign/vec4 v0x564ff80c5720_0, 0;
    %load/vec4 v0x564ff80c5720_0;
    %assign/vec4 v0x564ff80c58e0_0, 0;
    %load/vec4 v0x564ff80c58e0_0;
    %assign/vec4 v0x564ff80c59c0_0, 0;
    %load/vec4 v0x564ff80c59c0_0;
    %assign/vec4 v0x564ff80c5aa0_0, 0;
    %load/vec4 v0x564ff80c5aa0_0;
    %assign/vec4 v0x564ff80c5b80_0, 0;
    %load/vec4 v0x564ff80c5b80_0;
    %assign/vec4 v0x564ff80c5c60_0, 0;
T_0.2 ;
T_0.1 ;
    %jmp T_0;
    .thread T_0;
    .scope S_0x564ff80913f0;
T_1 ;
    %vpi_call 2 65 "$dumpfile", "72.vcd" {0 0 0};
    %vpi_call 2 66 "$dumpvars", 32'sb00000000000000000000000000000001, S_0x564ff80913f0 {0 0 0};
    %delay 10, 0;
    %pushi/vec4 0, 0, 1;
    %store/vec4 v0x564ff80c86f0_0, 0, 1;
    %end;
    .thread T_1;
    .scope S_0x564ff80913f0;
T_2 ;
    %delay 5, 0;
    %vpi_func 2 72 "$random" 32 {0 0 0};
    %pad/s 3;
    %store/vec4 v0x564ff80c87c0_0, 0, 3;
    %jmp T_2;
    .thread T_2;
    .scope S_0x564ff80913f0;
T_3 ;
    %vpi_call 2 119 "$monitor", $time, " bench_reset = %b, clk = %b , clk_ena = %b , in_stream = %b , pipeline_reg_0 = %b , pipeline_reg_1 = %b , pipeline_reg_2 = %b , pipeline_reg_3 = %b , pipeline_reg_4 = %b , pipeline_reg_5 = %b , pipeline_reg_6 = %b , pipeline_reg_7 = %b , pipeline_reg_8 = %b , pipeline_reg_9 = %b , pipeline_reg_10 = %b , pipeline_reg_11 = %b , pipeline_reg_12 = %b , pipeline_reg_13 = %b , pipeline_reg_14 = %b , pipeline_reg_15 = %b , pipeline_reg_16 = %b , pipeline_reg_17 = %b , pipeline_reg_18 = %b , pipeline_reg_19 = %b , pipeline_reg_20 = %b , pipeline_reg_21 = %b , pipeline_reg_22 = %b , pipeline_reg_23 = %b , pipeline_reg_24 = %b , pipeline_reg_25 = %b , pipeline_reg_26 = %b , pipeline_reg_27 = %b , pipeline_reg_28 = %b , pipeline_reg_29 = %b , pipeline_reg_30 = %b , pipeline_reg_31 = %b , pipeline_reg_32 = %b , pipeline_reg_33 = %b , pipeline_reg_34 = %b  ", v0x564ff80c86f0_0, v0x564ff80c6820_0, v0x564ff80c68e0_0, v0x564ff80c69b0_0, v0x564ff80c6ab0_0, v0x564ff80c6b80_0, v0x564ff80c7440_0, v0x564ff80c7d30_0, v0x564ff80c8210_0, v0x564ff80c82e0_0, v0x564ff80c83b0_0, v0x564ff80c8480_0, v0x564ff80c8550_0, v0x564ff80c8620_0, v0x564ff80c6c20_0, v0x564ff80c6cf0_0, v0x564ff80c6dc0_0, v0x564ff80c6e90_0, v0x564ff80c6f60_0, v0x564ff80c7030_0, v0x564ff80c7100_0, v0x564ff80c71d0_0, v0x564ff80c72a0_0, v0x564ff80c7370_0, v0x564ff80c7510_0, v0x564ff80c75e0_0, v0x564ff80c76b0_0, v0x564ff80c7780_0, v0x564ff80c7850_0, v0x564ff80c7920_0, v0x564ff80c79f0_0, v0x564ff80c7ac0_0, v0x564ff80c7b90_0, v0x564ff80c7c60_0, v0x564ff80c7e00_0, v0x564ff80c7ed0_0, v0x564ff80c7fa0_0, v0x564ff80c8070_0, v0x564ff80c8140_0 {0 0 0};
    %end;
    .thread T_3;
    .scope S_0x564ff80913f0;
T_4 ;
    %delay 199, 0;
    %vpi_call 2 125 "$finish" {0 0 0};
    %end;
    .thread T_4;
# The file index is used to find the file name in the following table.
:file_names 4;
    "N/A";
    "<interactive>";
    "wavedrom_dataset/testbenches/72_tb.v";
    "wavedrom_dataset/verilog_modules/1.v";
