#! /usr/bin/vvp
:ivl_version "11.0 (stable)";
:ivl_delay_selection "TYPICAL";
:vpi_time_precision + 0;
:vpi_module "/usr/lib/x86_64-linux-gnu/ivl/system.vpi";
:vpi_module "/usr/lib/x86_64-linux-gnu/ivl/vhdl_sys.vpi";
:vpi_module "/usr/lib/x86_64-linux-gnu/ivl/vhdl_textio.vpi";
:vpi_module "/usr/lib/x86_64-linux-gnu/ivl/v2005_math.vpi";
:vpi_module "/usr/lib/x86_64-linux-gnu/ivl/va_math.vpi";
S_0x55cb01418510 .scope module, "testbench" "testbench" 2 15;
 .timescale 0 0;
v0x55cb01435a00_0 .net "bench_aload", 0 0, L_0x55cb014368e0;  1 drivers
v0x55cb01435ac0_0 .net "bench_asdata", 0 0, L_0x55cb014367b0;  1 drivers
v0x55cb01435b60_0 .net "bench_clk", 0 0, L_0x55cb01436330;  1 drivers
v0x55cb01435c00_0 .net "bench_clrn", 0 0, L_0x55cb01436470;  1 drivers
v0x55cb01435ca0_0 .net "bench_d", 0 0, L_0x55cb01436290;  1 drivers
v0x55cb01435d40_0 .net "bench_ena", 0 0, L_0x55cb01436710;  1 drivers
v0x55cb01435e10_0 .net "bench_prn", 0 0, L_0x55cb01436560;  1 drivers
RS_0x7f7d062ab228 .resolv tri, L_0x55cb01436d30, L_0x55cb01436e40;
v0x55cb01435ee0_0 .net8 "bench_q", 0 0, RS_0x7f7d062ab228;  2 drivers
v0x55cb01435fb0_0 .var "bench_reset", 0 0;
v0x55cb01436050_0 .net "bench_sclr", 0 0, L_0x55cb014369d0;  1 drivers
L_0x7f7d06262018 .functor BUFT 1, C4<x>, C4<0>, C4<0>, C4<0>;
v0x55cb01436120_0 .net "bench_sload", 0 0, L_0x7f7d06262018;  1 drivers
v0x55cb014361f0_0 .var "indata_array", 0 7;
L_0x55cb01436290 .part v0x55cb014361f0_0, 7, 1;
L_0x55cb01436330 .part v0x55cb014361f0_0, 6, 1;
L_0x55cb01436470 .part v0x55cb014361f0_0, 5, 1;
L_0x55cb01436560 .part v0x55cb014361f0_0, 4, 1;
L_0x55cb01436710 .part v0x55cb014361f0_0, 3, 1;
L_0x55cb014367b0 .part v0x55cb014361f0_0, 2, 1;
L_0x55cb014368e0 .part v0x55cb014361f0_0, 1, 1;
L_0x55cb014369d0 .part v0x55cb014361f0_0, 0, 1;
S_0x55cb014186a0 .scope module, "inst" "dffeas" 2 53, 3 1 0, S_0x55cb01418510;
 .timescale 0 0;
    .port_info 0 /OUTPUT 1 "q";
    .port_info 1 /INPUT 1 "d";
    .port_info 2 /INPUT 1 "clk";
    .port_info 3 /INPUT 1 "clrn";
    .port_info 4 /INPUT 1 "prn";
    .port_info 5 /INPUT 1 "ena";
    .port_info 6 /INPUT 1 "asdata";
    .port_info 7 /INPUT 1 "aload";
    .port_info 8 /INPUT 1 "sclr";
    .port_info 9 /INPUT 1 "sload";
P_0x55cb01404640 .param/str "is_wysiwyg" 0 3 8, "false";
P_0x55cb01404680 .param/str "power_up" 0 3 7, "dontcare";
L_0x55cb0140a0d0 .functor AND 1, L_0x55cb01436560, L_0x55cb014369d0, C4<1>, C4<1>;
L_0x55cb0140a380 .functor NOT 1, L_0x55cb01436470, C4<0>, C4<0>, C4<0>;
L_0x55cb01436b60 .functor AND 1, L_0x55cb0140a0d0, L_0x55cb0140a380, C4<1>, C4<1>;
L_0x55cb01436c70 .functor AND 1, L_0x55cb01436b60, L_0x55cb01436710, C4<1>, C4<1>;
L_0x7f7d06262060 .functor BUFT 1, C4<1>, C4<0>, C4<0>, C4<0>;
L_0x55cb01436d30 .functor AND 1, v0x55cb01435560_0, L_0x7f7d06262060, C4<1>, C4<1>;
L_0x55cb01436e40 .functor BUFZ 1, v0x55cb01435560_0, C4<0>, C4<0>, C4<0>;
v0x55cb0140a580_0 .net *"_ivl_1", 0 0, L_0x55cb0140a0d0;  1 drivers
v0x55cb0140a620_0 .net *"_ivl_2", 0 0, L_0x55cb0140a380;  1 drivers
v0x55cb01434d90_0 .net *"_ivl_5", 0 0, L_0x55cb01436b60;  1 drivers
v0x55cb01434e30_0 .net/2u *"_ivl_8", 0 0, L_0x7f7d06262060;  1 drivers
v0x55cb01434f10_0 .net "aload", 0 0, L_0x55cb014368e0;  alias, 1 drivers
v0x55cb01435020_0 .net "asdata", 0 0, L_0x55cb014367b0;  alias, 1 drivers
v0x55cb014350e0_0 .net "clk", 0 0, L_0x55cb01436330;  alias, 1 drivers
v0x55cb014351a0_0 .net "clrn", 0 0, L_0x55cb01436470;  alias, 1 drivers
v0x55cb01435260_0 .net "d", 0 0, L_0x55cb01436290;  alias, 1 drivers
v0x55cb01435320_0 .net "ena", 0 0, L_0x55cb01436710;  alias, 1 drivers
v0x55cb014353e0_0 .net "prn", 0 0, L_0x55cb01436560;  alias, 1 drivers
v0x55cb014354a0_0 .net8 "q", 0 0, RS_0x7f7d062ab228;  alias, 2 drivers
v0x55cb01435560_0 .var "q_tmp", 0 0;
v0x55cb01435620_0 .net "reset", 0 0, L_0x55cb01436c70;  1 drivers
v0x55cb014356e0_0 .net "sclr", 0 0, L_0x55cb014369d0;  alias, 1 drivers
v0x55cb014357a0_0 .net "sload", 0 0, L_0x7f7d06262018;  alias, 1 drivers
E_0x55cb014165c0 .event posedge, v0x55cb01434f10_0, v0x55cb014350e0_0;
    .scope S_0x55cb014186a0;
T_0 ;
    %wait E_0x55cb014165c0;
    %load/vec4 v0x55cb01435620_0;
    %flag_set/vec4 8;
    %jmp/0xz  T_0.0, 8;
    %pushi/vec4 0, 0, 1;
    %assign/vec4 v0x55cb01435560_0, 0;
    %jmp T_0.1;
T_0.0 ;
    %load/vec4 v0x55cb01435260_0;
    %assign/vec4 v0x55cb01435560_0, 0;
T_0.1 ;
    %jmp T_0;
    .thread T_0;
    .scope S_0x55cb01418510;
T_1 ;
    %vpi_call 2 43 "$dumpfile", "74.vcd" {0 0 0};
    %vpi_call 2 44 "$dumpvars", 32'sb00000000000000000000000000000001, S_0x55cb01418510 {0 0 0};
    %delay 10, 0;
    %pushi/vec4 0, 0, 1;
    %store/vec4 v0x55cb01435fb0_0, 0, 1;
    %end;
    .thread T_1;
    .scope S_0x55cb01418510;
T_2 ;
    %delay 5, 0;
    %vpi_func 2 50 "$random" 32 {0 0 0};
    %pad/s 8;
    %store/vec4 v0x55cb014361f0_0, 0, 8;
    %jmp T_2;
    .thread T_2;
    .scope S_0x55cb01418510;
T_3 ;
    %vpi_call 2 68 "$monitor", $time, " bench_reset = %b, d = %b , clk = %b , clrn = %b , prn = %b , ena = %b , asdata = %b , aload = %b , sclr = %b , sload = %b , q = %b  ", v0x55cb01435fb0_0, v0x55cb01435ca0_0, v0x55cb01435b60_0, v0x55cb01435c00_0, v0x55cb01435e10_0, v0x55cb01435d40_0, v0x55cb01435ac0_0, v0x55cb01435a00_0, v0x55cb01436050_0, v0x55cb01436120_0, v0x55cb01435ee0_0 {0 0 0};
    %end;
    .thread T_3;
    .scope S_0x55cb01418510;
T_4 ;
    %delay 199, 0;
    %vpi_call 2 74 "$finish" {0 0 0};
    %end;
    .thread T_4;
# The file index is used to find the file name in the following table.
:file_names 4;
    "N/A";
    "<interactive>";
    "wavedrom_dataset/testbenches/74_tb.v";
    "wavedrom_dataset/verilog_modules/68.v";
