#! /usr/bin/vvp
:ivl_version "11.0 (stable)";
:ivl_delay_selection "TYPICAL";
:vpi_time_precision + 0;
:vpi_module "/usr/lib/x86_64-linux-gnu/ivl/system.vpi";
:vpi_module "/usr/lib/x86_64-linux-gnu/ivl/vhdl_sys.vpi";
:vpi_module "/usr/lib/x86_64-linux-gnu/ivl/vhdl_textio.vpi";
:vpi_module "/usr/lib/x86_64-linux-gnu/ivl/v2005_math.vpi";
:vpi_module "/usr/lib/x86_64-linux-gnu/ivl/va_math.vpi";
S_0x560b41381da0 .scope module, "testbench" "testbench" 2 15;
 .timescale 0 0;
v0x560b413c22b0_0 .net "bench_avm_address_i", 31 0, L_0x560b413c3830;  1 drivers
v0x560b413c2390_0 .net "bench_avm_burstcount_i", 7 0, L_0x560b413c3ae0;  1 drivers
v0x560b413c2430_0 .net "bench_avm_byteenable_i", 3 0, L_0x560b413c3920;  1 drivers
v0x560b413c2500_0 .net "bench_avm_read_i", 0 0, L_0x560b413c3a40;  1 drivers
v0x560b413c25d0_0 .net "bench_avm_readdata_o", 31 0, L_0x560b413c4950;  1 drivers
v0x560b413c2670_0 .net "bench_avm_readdatavalid_o", 0 0, L_0x560b413c4840;  1 drivers
v0x560b413c2740_0 .net "bench_avm_waitrequest_o", 0 0, L_0x560b413c4700;  1 drivers
v0x560b413c2810_0 .net "bench_avm_write_i", 0 0, L_0x560b413c3c10;  1 drivers
v0x560b413c28e0_0 .net "bench_avm_writedata_i", 31 0, L_0x560b413c3d00;  1 drivers
v0x560b413c29b0_0 .net "bench_clk", 0 0, L_0x560b413c3650;  1 drivers
v0x560b413c2a80_0 .var "bench_reset", 0 0;
v0x560b413c2b20_0 .net "bench_rst", 0 0, L_0x560b413c36f0;  1 drivers
v0x560b413c2bf0_0 .net "bench_wbm_ack_i", 0 0, L_0x560b413c4040;  1 drivers
v0x560b413c2cc0_0 .net "bench_wbm_adr_o", 31 0, L_0x560b4137df60;  1 drivers
L_0x7fec68b880a8 .functor BUFT 1, C4<00>, C4<0>, C4<0>, C4<0>;
v0x560b413c2d90_0 .net "bench_wbm_bte_o", 1 0, L_0x7fec68b880a8;  1 drivers
L_0x7fec68b88060 .functor BUFT 1, C4<111>, C4<0>, C4<0>, C4<0>;
v0x560b413c2e60_0 .net "bench_wbm_cti_o", 2 0, L_0x7fec68b88060;  1 drivers
v0x560b413c2f30_0 .net "bench_wbm_cyc_o", 0 0, L_0x560b413c4430;  1 drivers
v0x560b413c3000_0 .net "bench_wbm_dat_i", 31 0, L_0x560b413c3f50;  1 drivers
v0x560b413c30d0_0 .net "bench_wbm_dat_o", 31 0, L_0x560b41380040;  1 drivers
v0x560b413c31a0_0 .net "bench_wbm_err_i", 0 0, L_0x560b413c4190;  1 drivers
L_0x7fec68b88018 .functor BUFT 1, C4<x>, C4<0>, C4<0>, C4<0>;
v0x560b413c3270_0 .net "bench_wbm_rty_i", 0 0, L_0x7fec68b88018;  1 drivers
v0x560b413c3340_0 .net "bench_wbm_sel_o", 3 0, L_0x560b413800b0;  1 drivers
v0x560b413c3410_0 .net "bench_wbm_stb_o", 0 0, L_0x560b413c44f0;  1 drivers
v0x560b413c34e0_0 .net "bench_wbm_we_o", 0 0, L_0x560b413c4370;  1 drivers
v0x560b413c35b0_0 .var "indata_array", 0 113;
L_0x560b413c3650 .part v0x560b413c35b0_0, 113, 1;
L_0x560b413c36f0 .part v0x560b413c35b0_0, 112, 1;
L_0x560b413c3830 .part v0x560b413c35b0_0, 80, 32;
L_0x560b413c3920 .part v0x560b413c35b0_0, 76, 4;
L_0x560b413c3a40 .part v0x560b413c35b0_0, 75, 1;
L_0x560b413c3ae0 .part v0x560b413c35b0_0, 67, 8;
L_0x560b413c3c10 .part v0x560b413c35b0_0, 66, 1;
L_0x560b413c3d00 .part v0x560b413c35b0_0, 34, 32;
L_0x560b413c3f50 .part v0x560b413c35b0_0, 2, 32;
L_0x560b413c4040 .part v0x560b413c35b0_0, 1, 1;
L_0x560b413c4190 .part v0x560b413c35b0_0, 0, 1;
S_0x560b41381f30 .scope module, "inst" "avalon_to_wb_bridge" 2 69, 3 1 0, S_0x560b41381da0;
 .timescale 0 0;
    .port_info 0 /INPUT 1 "clk";
    .port_info 1 /INPUT 1 "rst";
    .port_info 2 /INPUT 32 "avm_address_i";
    .port_info 3 /INPUT 4 "avm_byteenable_i";
    .port_info 4 /INPUT 1 "avm_read_i";
    .port_info 5 /OUTPUT 32 "avm_readdata_o";
    .port_info 6 /INPUT 8 "avm_burstcount_i";
    .port_info 7 /INPUT 1 "avm_write_i";
    .port_info 8 /INPUT 32 "avm_writedata_i";
    .port_info 9 /OUTPUT 1 "avm_waitrequest_o";
    .port_info 10 /OUTPUT 1 "avm_readdatavalid_o";
    .port_info 11 /OUTPUT 32 "wbm_adr_o";
    .port_info 12 /OUTPUT 32 "wbm_dat_o";
    .port_info 13 /OUTPUT 4 "wbm_sel_o";
    .port_info 14 /OUTPUT 1 "wbm_we_o";
    .port_info 15 /OUTPUT 1 "wbm_cyc_o";
    .port_info 16 /OUTPUT 1 "wbm_stb_o";
    .port_info 17 /OUTPUT 3 "wbm_cti_o";
    .port_info 18 /OUTPUT 2 "wbm_bte_o";
    .port_info 19 /INPUT 32 "wbm_dat_i";
    .port_info 20 /INPUT 1 "wbm_ack_i";
    .port_info 21 /INPUT 1 "wbm_err_i";
    .port_info 22 /INPUT 1 "wbm_rty_i";
P_0x560b4137ead0 .param/l "AW" 0 3 3, +C4<00000000000000000000000000100000>;
P_0x560b4137eb10 .param/l "DW" 0 3 2, +C4<00000000000000000000000000100000>;
L_0x560b4137df60 .functor BUFZ 32, L_0x560b413c3830, C4<00000000000000000000000000000000>, C4<00000000000000000000000000000000>, C4<00000000000000000000000000000000>;
L_0x560b41380040 .functor BUFZ 32, L_0x560b413c3d00, C4<00000000000000000000000000000000>, C4<00000000000000000000000000000000>, C4<00000000000000000000000000000000>;
L_0x560b413800b0 .functor BUFZ 4, L_0x560b413c3920, C4<0000>, C4<0000>, C4<0000>;
L_0x560b413c4370 .functor BUFZ 1, L_0x560b413c3c10, C4<0>, C4<0>, C4<0>;
L_0x560b413c4430 .functor OR 1, v0x560b413c12f0_0, L_0x560b413c3c10, C4<0>, C4<0>;
L_0x560b413c44f0 .functor OR 1, v0x560b413c12f0_0, L_0x560b413c3c10, C4<0>, C4<0>;
L_0x560b413c4690 .functor OR 1, L_0x560b413c4040, L_0x560b413c4190, C4<0>, C4<0>;
L_0x560b413c4840 .functor BUFZ 1, v0x560b413c1490_0, C4<0>, C4<0>, C4<0>;
L_0x560b413c4950 .functor BUFZ 32, v0x560b413c13b0_0, C4<00000000000000000000000000000000>, C4<00000000000000000000000000000000>, C4<00000000000000000000000000000000>;
v0x560b4134de50_0 .net *"_ivl_16", 0 0, L_0x560b413c4690;  1 drivers
v0x560b4137e0c0_0 .net "avm_address_i", 31 0, L_0x560b413c3830;  alias, 1 drivers
v0x560b41380220_0 .net "avm_burstcount_i", 7 0, L_0x560b413c3ae0;  alias, 1 drivers
v0x560b413802c0_0 .net "avm_byteenable_i", 3 0, L_0x560b413c3920;  alias, 1 drivers
v0x560b413c0d20_0 .net "avm_read_i", 0 0, L_0x560b413c3a40;  alias, 1 drivers
v0x560b413c0e30_0 .net "avm_readdata_o", 31 0, L_0x560b413c4950;  alias, 1 drivers
v0x560b413c0f10_0 .net "avm_readdatavalid_o", 0 0, L_0x560b413c4840;  alias, 1 drivers
v0x560b413c0fd0_0 .net "avm_waitrequest_o", 0 0, L_0x560b413c4700;  alias, 1 drivers
v0x560b413c1090_0 .net "avm_write_i", 0 0, L_0x560b413c3c10;  alias, 1 drivers
v0x560b413c1150_0 .net "avm_writedata_i", 31 0, L_0x560b413c3d00;  alias, 1 drivers
v0x560b413c1230_0 .net "clk", 0 0, L_0x560b413c3650;  alias, 1 drivers
v0x560b413c12f0_0 .var "read_access", 0 0;
v0x560b413c13b0_0 .var "readdata", 31 0;
v0x560b413c1490_0 .var "readdatavalid", 0 0;
v0x560b413c1550_0 .net "rst", 0 0, L_0x560b413c36f0;  alias, 1 drivers
v0x560b413c1610_0 .net "wbm_ack_i", 0 0, L_0x560b413c4040;  alias, 1 drivers
v0x560b413c16d0_0 .net "wbm_adr_o", 31 0, L_0x560b4137df60;  alias, 1 drivers
v0x560b413c17b0_0 .net "wbm_bte_o", 1 0, L_0x7fec68b880a8;  alias, 1 drivers
v0x560b413c1890_0 .net "wbm_cti_o", 2 0, L_0x7fec68b88060;  alias, 1 drivers
v0x560b413c1970_0 .net "wbm_cyc_o", 0 0, L_0x560b413c4430;  alias, 1 drivers
v0x560b413c1a30_0 .net "wbm_dat_i", 31 0, L_0x560b413c3f50;  alias, 1 drivers
v0x560b413c1b10_0 .net "wbm_dat_o", 31 0, L_0x560b41380040;  alias, 1 drivers
v0x560b413c1bf0_0 .net "wbm_err_i", 0 0, L_0x560b413c4190;  alias, 1 drivers
v0x560b413c1cb0_0 .net "wbm_rty_i", 0 0, L_0x7fec68b88018;  alias, 1 drivers
v0x560b413c1d70_0 .net "wbm_sel_o", 3 0, L_0x560b413800b0;  alias, 1 drivers
v0x560b413c1e50_0 .net "wbm_stb_o", 0 0, L_0x560b413c44f0;  alias, 1 drivers
v0x560b413c1f10_0 .net "wbm_we_o", 0 0, L_0x560b413c4370;  alias, 1 drivers
E_0x560b41389280 .event posedge, v0x560b413c1230_0;
L_0x560b413c4700 .reduce/nor L_0x560b413c4690;
    .scope S_0x560b41381f30;
T_0 ;
    %wait E_0x560b41389280;
    %load/vec4 v0x560b413c1550_0;
    %flag_set/vec4 8;
    %jmp/0xz  T_0.0, 8;
    %pushi/vec4 0, 0, 1;
    %assign/vec4 v0x560b413c12f0_0, 0;
    %jmp T_0.1;
T_0.0 ;
    %load/vec4 v0x560b413c1610_0;
    %load/vec4 v0x560b413c1bf0_0;
    %or;
    %flag_set/vec4 8;
    %jmp/0xz  T_0.2, 8;
    %pushi/vec4 0, 0, 1;
    %assign/vec4 v0x560b413c12f0_0, 0;
    %jmp T_0.3;
T_0.2 ;
    %load/vec4 v0x560b413c0d20_0;
    %flag_set/vec4 8;
    %jmp/0xz  T_0.4, 8;
    %pushi/vec4 1, 0, 1;
    %assign/vec4 v0x560b413c12f0_0, 0;
T_0.4 ;
T_0.3 ;
T_0.1 ;
    %jmp T_0;
    .thread T_0;
    .scope S_0x560b41381f30;
T_1 ;
    %wait E_0x560b41389280;
    %load/vec4 v0x560b413c1610_0;
    %load/vec4 v0x560b413c1bf0_0;
    %or;
    %load/vec4 v0x560b413c12f0_0;
    %and;
    %assign/vec4 v0x560b413c1490_0, 0;
    %load/vec4 v0x560b413c1a30_0;
    %assign/vec4 v0x560b413c13b0_0, 0;
    %jmp T_1;
    .thread T_1;
    .scope S_0x560b41381da0;
T_2 ;
    %vpi_call 2 59 "$dumpfile", "75.vcd" {0 0 0};
    %vpi_call 2 60 "$dumpvars", 32'sb00000000000000000000000000000001, S_0x560b41381da0 {0 0 0};
    %delay 10, 0;
    %pushi/vec4 0, 0, 1;
    %store/vec4 v0x560b413c2a80_0, 0, 1;
    %end;
    .thread T_2;
    .scope S_0x560b41381da0;
T_3 ;
    %delay 5, 0;
    %vpi_func 2 66 "$random" 32 {0 0 0};
    %pad/s 114;
    %store/vec4 v0x560b413c35b0_0, 0, 114;
    %jmp T_3;
    .thread T_3;
    .scope S_0x560b41381da0;
T_4 ;
    %vpi_call 2 97 "$monitor", $time, " bench_reset = %b, clk = %b , rst = %b , avm_address_i = %b , avm_byteenable_i = %b , avm_read_i = %b , avm_burstcount_i = %b , avm_write_i = %b , avm_writedata_i = %b , wbm_dat_i = %b , wbm_ack_i = %b , wbm_err_i = %b , wbm_rty_i = %b , avm_readdata_o = %b , avm_waitrequest_o = %b , avm_readdatavalid_o = %b , wbm_adr_o = %b , wbm_dat_o = %b , wbm_sel_o = %b , wbm_we_o = %b , wbm_cyc_o = %b , wbm_stb_o = %b , wbm_cti_o = %b , wbm_bte_o = %b  ", v0x560b413c2a80_0, v0x560b413c29b0_0, v0x560b413c2b20_0, v0x560b413c22b0_0, v0x560b413c2430_0, v0x560b413c2500_0, v0x560b413c2390_0, v0x560b413c2810_0, v0x560b413c28e0_0, v0x560b413c3000_0, v0x560b413c2bf0_0, v0x560b413c31a0_0, v0x560b413c3270_0, v0x560b413c25d0_0, v0x560b413c2740_0, v0x560b413c2670_0, v0x560b413c2cc0_0, v0x560b413c30d0_0, v0x560b413c3340_0, v0x560b413c34e0_0, v0x560b413c2f30_0, v0x560b413c3410_0, v0x560b413c2e60_0, v0x560b413c2d90_0 {0 0 0};
    %end;
    .thread T_4;
    .scope S_0x560b41381da0;
T_5 ;
    %delay 199, 0;
    %vpi_call 2 103 "$finish" {0 0 0};
    %end;
    .thread T_5;
# The file index is used to find the file name in the following table.
:file_names 4;
    "N/A";
    "<interactive>";
    "wavedrom_dataset/testbenches/75_tb.v";
    "wavedrom_dataset/verilog_modules/81.v";
