#! /usr/bin/vvp
:ivl_version "11.0 (stable)";
:ivl_delay_selection "TYPICAL";
:vpi_time_precision + 0;
:vpi_module "/usr/lib/x86_64-linux-gnu/ivl/system.vpi";
:vpi_module "/usr/lib/x86_64-linux-gnu/ivl/vhdl_sys.vpi";
:vpi_module "/usr/lib/x86_64-linux-gnu/ivl/vhdl_textio.vpi";
:vpi_module "/usr/lib/x86_64-linux-gnu/ivl/v2005_math.vpi";
:vpi_module "/usr/lib/x86_64-linux-gnu/ivl/va_math.vpi";
S_0x55debaeecc40 .scope module, "testbench" "testbench" 2 15;
 .timescale 0 0;
L_0x7ff664753018 .functor BUFT 1, C4<x>, C4<0>, C4<0>, C4<0>;
v0x55debaf30b80_0 .net *"_ivl_15", 0 0, L_0x7ff664753018;  1 drivers
v0x55debaf30c80_0 .net *"_ivl_17", 7 0, L_0x55debaf32c50;  1 drivers
v0x55debaf30d60_0 .net "bench_ck_po_stg2_f_en", 0 0, v0x55debaf1c4f0_0;  1 drivers
v0x55debaf30e00_0 .net "bench_ck_po_stg2_f_indec", 0 0, v0x55debaf1c5b0_0;  1 drivers
v0x55debaf30ea0_0 .net "bench_clk", 0 0, L_0x55debaf325a0;  1 drivers
v0x55debaf30f40_0 .net "bench_dbg_dqs_found_cal", 255 0, L_0x55debaf354b0;  1 drivers
v0x55debaf31010_0 .net "bench_detect_pi_found_dqs", 0 0, L_0x55debaf32990;  1 drivers
v0x55debaf310e0_0 .net "bench_dqs_found_prech_req", 0 0, v0x55debaf1cc30_0;  1 drivers
v0x55debaf311b0_0 .net "bench_dqsfound_retry", 0 0, L_0x55debaf32780;  1 drivers
v0x55debaf31280_0 .net "bench_dqsfound_retry_done", 0 0, v0x55debaf1ce70_0;  1 drivers
v0x55debaf31350_0 .net "bench_fine_adjust_done", 0 0, L_0x55debaf35340;  1 drivers
v0x55debaf31420_0 .net "bench_fine_adjust_lane_cnt", 2 0, L_0x55debaf35280;  1 drivers
v0x55debaf314f0_0 .net "bench_pi_dqs_found_done", 0 0, L_0x55debaf350b0;  1 drivers
v0x55debaf315c0_0 .net "bench_pi_dqs_found_err", 0 0, v0x55debaf1e6d0_0;  1 drivers
v0x55debaf31690_0 .net "bench_pi_dqs_found_lanes", 11 0, L_0x55debaf32b60;  1 drivers
v0x55debaf31760_0 .net "bench_pi_dqs_found_rank_done", 0 0, L_0x55debaf34fb0;  1 drivers
v0x55debaf31830_0 .net "bench_pi_dqs_found_start", 0 0, L_0x55debaf32870;  1 drivers
v0x55debaf31900_0 .net "bench_pi_rst_stg1_cal", 2 0, v0x55debaf2eec0_0;  1 drivers
v0x55debaf319d0_0 .net "bench_po_counter_read_val", 8 0, L_0x55debaf32d40;  1 drivers
v0x55debaf31aa0_0 .net "bench_prech_done", 0 0, L_0x55debaf32a30;  1 drivers
v0x55debaf31b70_0 .net "bench_rd_data_offset_0", 5 0, L_0x55debaf33b80;  1 drivers
v0x55debaf31c40_0 .net "bench_rd_data_offset_1", 5 0, L_0x55debaf34420;  1 drivers
v0x55debaf31d10_0 .net "bench_rd_data_offset_2", 5 0, L_0x55debaf34a80;  1 drivers
v0x55debaf31de0_0 .net "bench_rd_data_offset_cal_done", 0 0, L_0x55debaf35170;  1 drivers
v0x55debaf31eb0_0 .net "bench_rd_data_offset_ranks_0", 5 0, L_0x55debaf32ed0;  1 drivers
v0x55debaf31f80_0 .net "bench_rd_data_offset_ranks_1", 5 0, L_0x55debaf32fc0;  1 drivers
v0x55debaf32050_0 .net "bench_rd_data_offset_ranks_2", 5 0, L_0x55debaf33100;  1 drivers
v0x55debaf32120_0 .net "bench_rd_data_offset_ranks_mc_0", 5 0, L_0x55debaf331f0;  1 drivers
v0x55debaf321f0_0 .net "bench_rd_data_offset_ranks_mc_1", 5 0, L_0x55debaf332e0;  1 drivers
v0x55debaf322c0_0 .net "bench_rd_data_offset_ranks_mc_2", 5 0, L_0x55debaf33420;  1 drivers
v0x55debaf32390_0 .var "bench_reset", 0 0;
v0x55debaf32430_0 .net "bench_rst", 0 0, L_0x55debaf32640;  1 drivers
v0x55debaf32500_0 .var "indata_array", 0 25;
L_0x55debaf325a0 .part v0x55debaf32500_0, 25, 1;
L_0x55debaf32640 .part v0x55debaf32500_0, 24, 1;
L_0x55debaf32780 .part v0x55debaf32500_0, 23, 1;
L_0x55debaf32870 .part v0x55debaf32500_0, 22, 1;
L_0x55debaf32990 .part v0x55debaf32500_0, 21, 1;
L_0x55debaf32a30 .part v0x55debaf32500_0, 20, 1;
L_0x55debaf32b60 .part v0x55debaf32500_0, 8, 12;
L_0x55debaf32c50 .part v0x55debaf32500_0, 0, 8;
L_0x55debaf32d40 .concat [ 1 8 0 0], L_0x7ff664753018, L_0x55debaf32c50;
S_0x55debaeecdd0 .scope module, "inst" "mig_7series_v1_8_ddr_phy_dqs_found_cal_hr" 2 71, 3 1 0, S_0x55debaeecc40;
 .timescale 0 0;
    .port_info 0 /INPUT 1 "clk";
    .port_info 1 /INPUT 1 "rst";
    .port_info 2 /INPUT 1 "dqsfound_retry";
    .port_info 3 /INPUT 1 "pi_dqs_found_start";
    .port_info 4 /INPUT 1 "detect_pi_found_dqs";
    .port_info 5 /INPUT 1 "prech_done";
    .port_info 6 /INPUT 12 "pi_dqs_found_lanes";
    .port_info 7 /OUTPUT 3 "pi_rst_stg1_cal";
    .port_info 8 /OUTPUT 6 "rd_data_offset_0";
    .port_info 9 /OUTPUT 6 "rd_data_offset_1";
    .port_info 10 /OUTPUT 6 "rd_data_offset_2";
    .port_info 11 /OUTPUT 1 "pi_dqs_found_rank_done";
    .port_info 12 /OUTPUT 1 "pi_dqs_found_done";
    .port_info 13 /OUTPUT 1 "pi_dqs_found_err";
    .port_info 14 /OUTPUT 6 "rd_data_offset_ranks_0";
    .port_info 15 /OUTPUT 6 "rd_data_offset_ranks_1";
    .port_info 16 /OUTPUT 6 "rd_data_offset_ranks_2";
    .port_info 17 /OUTPUT 1 "dqsfound_retry_done";
    .port_info 18 /OUTPUT 1 "dqs_found_prech_req";
    .port_info 19 /OUTPUT 6 "rd_data_offset_ranks_mc_0";
    .port_info 20 /OUTPUT 6 "rd_data_offset_ranks_mc_1";
    .port_info 21 /OUTPUT 6 "rd_data_offset_ranks_mc_2";
    .port_info 22 /INPUT 9 "po_counter_read_val";
    .port_info 23 /OUTPUT 1 "rd_data_offset_cal_done";
    .port_info 24 /OUTPUT 1 "fine_adjust_done";
    .port_info 25 /OUTPUT 3 "fine_adjust_lane_cnt";
    .port_info 26 /OUTPUT 1 "ck_po_stg2_f_indec";
    .port_info 27 /OUTPUT 1 "ck_po_stg2_f_en";
    .port_info 28 /OUTPUT 256 "dbg_dqs_found_cal";
P_0x55debaefbbe0 .param/str "AL" 0 3 6, "0";
P_0x55debaefbc20 .param/l "BYTE_LANES_B0" 0 3 19, C4<1111>;
P_0x55debaefbc60 .param/l "BYTE_LANES_B1" 0 3 20, C4<0000>;
P_0x55debaefbca0 .param/l "BYTE_LANES_B2" 0 3 21, C4<0000>;
P_0x55debaefbce0 .param/l "BYTE_LANES_B3" 0 3 22, C4<0000>;
P_0x55debaefbd20 .param/l "BYTE_LANES_B4" 0 3 23, C4<0000>;
P_0x55debaefbd60 .param/l "CWL_M" 1 3 74, +C4<00000000000000000000000000000000110>;
P_0x55debaefbda0 .param/l "DATA_CTL_B0" 0 3 24, C4<1100>;
P_0x55debaefbde0 .param/l "DATA_CTL_B1" 0 3 25, C4<1111>;
P_0x55debaefbe20 .param/l "DATA_CTL_B2" 0 3 26, C4<1111>;
P_0x55debaefbe60 .param/l "DATA_CTL_B3" 0 3 27, C4<1111>;
P_0x55debaefbea0 .param/l "DATA_CTL_B4" 0 3 28, C4<1111>;
P_0x55debaefbee0 .param/l "DATA_PRESENT" 1 3 81, C4<00000000000000001100>;
P_0x55debaefbf20 .param/l "DETECT_DQSFOUND" 1 3 111, C4<1001>;
P_0x55debaefbf60 .param/l "DETECT_PREWAIT" 1 3 110, C4<1000>;
P_0x55debaefbfa0 .param/l "DQS_CNT_WIDTH" 0 3 10, +C4<00000000000000000000000000000011>;
P_0x55debaefbfe0 .param/l "DQS_WIDTH" 0 3 11, +C4<00000000000000000000000000001000>;
P_0x55debaefc020 .param/str "DRAM_TYPE" 0 3 8, "DDR3";
P_0x55debaefc060 .param/l "DRAM_WIDTH" 0 3 12, +C4<00000000000000000000000000001000>;
P_0x55debaefc0a0 .param/l "FINAL_WAIT" 1 3 116, C4<1110>;
P_0x55debaefc0e0 .param/l "FINE_ADJ_DONE" 1 3 117, C4<1111>;
P_0x55debaefc120 .param/l "FINE_ADJ_IDLE" 1 3 102, C4<0000>;
P_0x55debaefc160 .param/l "FINE_ADJ_INIT" 1 3 106, C4<0100>;
P_0x55debaefc1a0 .param/l "FINE_DEC" 1 3 113, C4<1011>;
P_0x55debaefc1e0 .param/l "FINE_DEC_PREWAIT" 1 3 115, C4<1101>;
P_0x55debaefc220 .param/l "FINE_DEC_WAIT" 1 3 114, C4<1100>;
P_0x55debaefc260 .param/l "FINE_INC" 1 3 107, C4<0101>;
P_0x55debaefc2a0 .param/l "FINE_INC_PREWAIT" 1 3 109, C4<0111>;
P_0x55debaefc2e0 .param/l "FINE_INC_WAIT" 1 3 108, C4<0110>;
P_0x55debaefc320 .param/l "HIGHEST_BANK" 0 3 18, +C4<00000000000000000000000000000011>;
P_0x55debaefc360 .param/l "HIGHEST_LANE" 0 3 17, +C4<00000000000000000000000000001100>;
P_0x55debaefc3a0 .param/l "LATENCY_FACTOR" 1 3 77, +C4<00000000000000000000000000001101>;
P_0x55debaefc3e0 .param/l "NUM_DQSFOUND_CAL" 0 3 15, +C4<00000000000000000000000000000011>;
P_0x55debaefc420 .param/l "NUM_READS" 1 3 79, +C4<00000000000000000000000000000111>;
P_0x55debaefc460 .param/l "N_CTL_LANES" 0 3 16, +C4<00000000000000000000000000000011>;
P_0x55debaefc4a0 .param/l "PRECH_WAIT" 1 3 112, C4<1010>;
P_0x55debaefc4e0 .param/l "RANKS" 0 3 9, +C4<00000000000000000000000000000001>;
P_0x55debaefc520 .param/str "REG_CTRL" 0 3 13, "ON";
P_0x55debaefc560 .param/l "RST_POSTWAIT" 1 3 103, C4<0001>;
P_0x55debaefc5a0 .param/l "RST_POSTWAIT1" 1 3 104, C4<0010>;
P_0x55debaefc5e0 .param/l "RST_WAIT" 1 3 105, C4<0011>;
P_0x55debaefc620 .param/str "SIM_CAL_OPTION" 0 3 14, "NONE";
P_0x55debaefc660 .param/l "TCQ" 0 3 3, +C4<00000000000000000000000001100100>;
P_0x55debaefc6a0 .param/l "nAL" 1 3 71, +C4<000000000000000000000000000000000>;
P_0x55debaefc6e0 .param/l "nCK_PER_CLK" 0 3 4, +C4<00000000000000000000000000000010>;
P_0x55debaefc720 .param/l "nCL" 0 3 5, +C4<00000000000000000000000000000101>;
P_0x55debaefc760 .param/l "nCWL" 0 3 7, +C4<00000000000000000000000000000101>;
L_0x55debaf34f40 .functor BUFZ 1, v0x55debaf1d690_0, C4<0>, C4<0>, C4<0>;
L_0x55debaf34fb0 .functor BUFZ 1, v0x55debaf2f4c0_0, C4<0>, C4<0>, C4<0>;
L_0x55debaf350b0 .functor BUFZ 1, v0x55debaf1cb70_0, C4<0>, C4<0>, C4<0>;
L_0x55debaf35170 .functor BUFZ 1, v0x55debaf1dc50_0, C4<0>, C4<0>, C4<0>;
L_0x55debaf35280 .functor BUFZ 3, v0x55debaf1c730_0, C4<000>, C4<000>, C4<000>;
L_0x55debaf35340 .functor BUFZ 1, v0x55debaf1d690_0, C4<0>, C4<0>, C4<0>;
v0x55debaf1bf60_0 .net *"_ivl_11", 0 0, v0x55debaf1d830_0;  1 drivers
v0x55debaf1c060_0 .net *"_ivl_15", 0 0, v0x55debaf30560_0;  1 drivers
v0x55debaf1c140_0 .net *"_ivl_19", 0 0, L_0x55debaf34f40;  1 drivers
v0x55debaf1c200_0 .net *"_ivl_3", 5 0, v0x55debaf1d8f0_0;  1 drivers
o0x7ff66479c618 .functor BUFZ 241, C4<zzzzzzzzzzzzzzzzzzzzzzzzzzzzzzzzzzzzzzzzzzzzzzzzzzzzzzzzzzzzzzzzzzzzzzzzzzzzzzzzzzzzzzzzzzzzzzzzzzzzzzzzzzzzzzzzzzzzzzzzzzzzzzzzzzzzzzzzzzzzzzzzzzzzzzzzzzzzzzzzzzzzzzzzzzzzzzzzzzzzzzzzzzzzzzzzzzzzzzzzzzzzzzzzzzzzzzzzzzzzzzzzzzzzzzzzzzzzzzzzz>; HiZ drive
; Elide local net with no drivers, v0x55debaf1c2e0_0 name=_ivl_58
v0x55debaf1c410_0 .net *"_ivl_7", 5 0, v0x55debaf30620_0;  1 drivers
v0x55debaf1c4f0_0 .var "ck_po_stg2_f_en", 0 0;
v0x55debaf1c5b0_0 .var "ck_po_stg2_f_indec", 0 0;
v0x55debaf1c670_0 .net "clk", 0 0, L_0x55debaf325a0;  alias, 1 drivers
v0x55debaf1c730_0 .var "ctl_lane_cnt", 2 0;
v0x55debaf1c810_0 .net "dbg_dqs_found_cal", 255 0, L_0x55debaf354b0;  alias, 1 drivers
v0x55debaf1c8f0_0 .var "dec_cnt", 5 0;
v0x55debaf1c9d0_0 .net "detect_pi_found_dqs", 0 0, L_0x55debaf32990;  alias, 1 drivers
v0x55debaf1ca90_0 .var "detect_rd_cnt", 3 0;
v0x55debaf1cb70_0 .var "dqs_found_done_r", 0 0;
v0x55debaf1cc30_0 .var "dqs_found_prech_req", 0 0;
v0x55debaf1ccf0_0 .var "dqs_found_start_r", 0 0;
v0x55debaf1cdb0_0 .net "dqsfound_retry", 0 0, L_0x55debaf32780;  alias, 1 drivers
v0x55debaf1ce70_0 .var "dqsfound_retry_done", 0 0;
v0x55debaf1cf30_0 .var "dqsfound_retry_r1", 0 0;
v0x55debaf1cff0 .array "final_data_offset", 0 0, 17 0;
v0x55debaf1d0d0 .array "final_data_offset_mc", 0 0, 17 0;
v0x55debaf1d1b0_0 .var "final_dec_done", 0 0;
v0x55debaf1d270 .array "final_do_index", 0 0, 2 0;
v0x55debaf1d350 .array "final_do_max", 0 0, 5 0;
v0x55debaf1d430_0 .var "fine_adj_state_r", 3 0;
v0x55debaf1d510_0 .var "fine_adjust", 0 0;
v0x55debaf1d5d0_0 .net "fine_adjust_done", 0 0, L_0x55debaf35340;  alias, 1 drivers
v0x55debaf1d690_0 .var "fine_adjust_done_r", 0 0;
v0x55debaf1d750_0 .net "fine_adjust_lane_cnt", 2 0, L_0x55debaf35280;  alias, 1 drivers
v0x55debaf1d830_0 .var "first_fail_detect", 0 0;
v0x55debaf1d8f0_0 .var "first_fail_taps", 5 0;
v0x55debaf1d9d0_0 .var "inc_cnt", 5 0;
v0x55debaf1dab0_0 .var "init_dec_cnt", 5 0;
v0x55debaf1db90_0 .var "init_dec_done", 0 0;
v0x55debaf1dc50_0 .var "init_dqsfound_done_r", 0 0;
v0x55debaf1dd10_0 .var "init_dqsfound_done_r1", 0 0;
v0x55debaf1ddd0_0 .var "init_dqsfound_done_r2", 0 0;
v0x55debaf1de90_0 .var "init_dqsfound_done_r3", 0 0;
v0x55debaf1df50_0 .var "init_dqsfound_done_r4", 0 0;
v0x55debaf1e010_0 .var "init_dqsfound_done_r5", 0 0;
v0x55debaf1e0d0_0 .var/i "k", 31 0;
v0x55debaf1e1b0_0 .var/i "p", 31 0;
v0x55debaf1e290_0 .var "pi_dqs_found_all_bank", 2 0;
v0x55debaf1e370_0 .var "pi_dqs_found_all_bank_r", 2 0;
v0x55debaf1e450_0 .var "pi_dqs_found_any_bank", 2 0;
v0x55debaf1e530_0 .var "pi_dqs_found_any_bank_r", 2 0;
v0x55debaf1e610_0 .net "pi_dqs_found_done", 0 0, L_0x55debaf350b0;  alias, 1 drivers
v0x55debaf1e6d0_0 .var "pi_dqs_found_err", 0 0;
v0x55debaf1e790_0 .var "pi_dqs_found_err_r", 2 0;
v0x55debaf1e870_0 .net "pi_dqs_found_lanes", 11 0, L_0x55debaf32b60;  alias, 1 drivers
v0x55debaf1e950_0 .net "pi_dqs_found_lanes_int", 11 0, L_0x55debaeb4860;  1 drivers
v0x55debaf1ea30_0 .var "pi_dqs_found_lanes_r1", 11 0;
v0x55debaf2eb40_0 .var "pi_dqs_found_lanes_r2", 11 0;
v0x55debaf2ec40_0 .var "pi_dqs_found_lanes_r3", 11 0;
v0x55debaf2ed40_0 .net "pi_dqs_found_rank_done", 0 0, L_0x55debaf34fb0;  alias, 1 drivers
v0x55debaf2ee00_0 .net "pi_dqs_found_start", 0 0, L_0x55debaf32870;  alias, 1 drivers
v0x55debaf2eec0_0 .var "pi_rst_stg1_cal", 2 0;
v0x55debaf2efa0_0 .var "pi_rst_stg1_cal_r", 2 0;
v0x55debaf2f080_0 .var "pi_rst_stg1_cal_r1", 2 0;
v0x55debaf2f160_0 .net "po_counter_read_val", 8 0, L_0x55debaf32d40;  alias, 1 drivers
v0x55debaf2f240_0 .net "prech_done", 0 0, L_0x55debaf32a30;  alias, 1 drivers
v0x55debaf2f300_0 .var/i "q", 31 0;
v0x55debaf2f3e0_0 .var/i "r", 31 0;
v0x55debaf2f4c0_0 .var "rank_done_r", 0 0;
v0x55debaf2f580_0 .var "rank_done_r1", 0 0;
v0x55debaf2f640 .array "rd_byte_data_offset", 0 0, 17 0;
v0x55debaf2f720_0 .net "rd_data_offset_0", 5 0, L_0x55debaf33b80;  alias, 1 drivers
v0x55debaf2f800_0 .net "rd_data_offset_1", 5 0, L_0x55debaf34420;  alias, 1 drivers
v0x55debaf2f8e0_0 .net "rd_data_offset_2", 5 0, L_0x55debaf34a80;  alias, 1 drivers
v0x55debaf2f9c0_0 .net "rd_data_offset_cal_done", 0 0, L_0x55debaf35170;  alias, 1 drivers
v0x55debaf2fa80_0 .net "rd_data_offset_ranks_0", 5 0, L_0x55debaf32ed0;  alias, 1 drivers
v0x55debaf2fb60_0 .net "rd_data_offset_ranks_1", 5 0, L_0x55debaf32fc0;  alias, 1 drivers
v0x55debaf2fc40_0 .net "rd_data_offset_ranks_2", 5 0, L_0x55debaf33100;  alias, 1 drivers
v0x55debaf2fd20_0 .net "rd_data_offset_ranks_mc_0", 5 0, L_0x55debaf331f0;  alias, 1 drivers
v0x55debaf2fe00_0 .net "rd_data_offset_ranks_mc_1", 5 0, L_0x55debaf332e0;  alias, 1 drivers
v0x55debaf2fee0_0 .net "rd_data_offset_ranks_mc_2", 5 0, L_0x55debaf33420;  alias, 1 drivers
v0x55debaf2ffc0_0 .var "retry_cnt", 29 0;
v0x55debaf300a0_0 .var "rnk_cnt_r", 1 0;
v0x55debaf30180_0 .net "rst", 0 0, L_0x55debaf32640;  alias, 1 drivers
v0x55debaf30240_0 .var "rst_dqs_find", 0 0;
v0x55debaf30300_0 .var "rst_dqs_find_r1", 0 0;
v0x55debaf303c0_0 .var "rst_dqs_find_r2", 0 0;
v0x55debaf30480_0 .var/i "s", 31 0;
v0x55debaf30560_0 .var "second_fail_detect", 0 0;
v0x55debaf30620_0 .var "second_fail_taps", 5 0;
v0x55debaf30700_0 .var "stable_pass_cnt", 5 0;
LS_0x55debaf354b0_0_0 .concat [ 6 6 1 1], v0x55debaf1d8f0_0, v0x55debaf30620_0, v0x55debaf1d830_0, v0x55debaf30560_0;
LS_0x55debaf354b0_0_4 .concat [ 1 241 0 0], L_0x55debaf34f40, o0x7ff66479c618;
L_0x55debaf354b0 .concat [ 14 242 0 0], LS_0x55debaf354b0_0_0, LS_0x55debaf354b0_0_4;
S_0x55debaec4a20 .scope begin, "assign_pi_dqs_found" "assign_pi_dqs_found" 3 275, 3 275 0, S_0x55debaeecdd0;
 .timescale 0 0;
S_0x55debaea4e00 .scope generate, "genblk1" "genblk1" 3 191, 3 191 0, S_0x55debaeecdd0;
 .timescale 0 0;
S_0x55debaec46a0 .scope generate, "rnk_loop[0]" "rnk_loop[0]" 3 192, 3 192 0, S_0x55debaea4e00;
 .timescale 0 0;
P_0x55debaec2ad0 .param/l "rnk_cnt" 0 3 192, +C4<00>;
v0x55debaf1cff0_0 .array/port v0x55debaf1cff0, 0;
L_0x55debaf32ed0 .part v0x55debaf1cff0_0, 0, 6;
L_0x55debaf32fc0 .part v0x55debaf1cff0_0, 6, 6;
L_0x55debaf33100 .part v0x55debaf1cff0_0, 12, 6;
v0x55debaf1d0d0_0 .array/port v0x55debaf1d0d0, 0;
L_0x55debaf331f0 .part v0x55debaf1d0d0_0, 0, 6;
L_0x55debaf332e0 .part v0x55debaf1d0d0_0, 6, 6;
L_0x55debaf33420 .part v0x55debaf1d0d0_0, 12, 6;
S_0x55debadd9f50 .scope generate, "genblk12" "genblk12" 3 258, 3 258 0, S_0x55debaeecdd0;
 .timescale 0 0;
L_0x55debaeb4860 .functor BUFZ 12, v0x55debaf2ec40_0, C4<000000000000>, C4<000000000000>, C4<000000000000>;
S_0x55debadd9d60 .scope generate, "genblk19" "genblk19" 3 628, 3 628 0, S_0x55debaeecdd0;
 .timescale 0 0;
E_0x55debae761a0 .event posedge, v0x55debaf1c670_0;
S_0x55debaea4830 .scope begin, "three_bank0_rst_loop" "three_bank0_rst_loop" 3 753, 3 753 0, S_0x55debadd9d60;
 .timescale 0 0;
S_0x55debaea23c0 .scope begin, "three_bank1_rst_loop" "three_bank1_rst_loop" 3 768, 3 768 0, S_0x55debadd9d60;
 .timescale 0 0;
S_0x55debaea0070 .scope begin, "three_bank2_rst_loop" "three_bank2_rst_loop" 3 783, 3 783 0, S_0x55debadd9d60;
 .timescale 0 0;
S_0x55debae9b010 .scope generate, "genblk8" "genblk8" 3 225, 3 225 0, S_0x55debaeecdd0;
 .timescale 0 0;
L_0x55debaeb2300 .functor NOT 1, v0x55debaf1ddd0_0, C4<0>, C4<0>, C4<0>;
L_0x55debaeb35b0 .functor NOT 1, v0x55debaf1ddd0_0, C4<0>, C4<0>, C4<0>;
L_0x55debaf34270 .functor NOT 1, v0x55debaf1ddd0_0, C4<0>, C4<0>, C4<0>;
v0x55debaeeb150_0 .net *"_ivl_0", 0 0, L_0x55debaeb2300;  1 drivers
v0x55debaec3730_0 .net *"_ivl_10", 17 0, L_0x55debaf33820;  1 drivers
v0x55debaebf5f0_0 .net *"_ivl_12", 2 0, L_0x55debaf338c0;  1 drivers
L_0x7ff6647530a8 .functor BUFT 1, C4<0>, C4<0>, C4<0>, C4<0>;
v0x55debaebf730_0 .net *"_ivl_15", 0 0, L_0x7ff6647530a8;  1 drivers
v0x55debaebf550_0 .net *"_ivl_17", 5 0, L_0x55debaf33a50;  1 drivers
v0x55debaebbdf0_0 .net *"_ivl_2", 17 0, L_0x55debaf33550;  1 drivers
v0x55debaeeb1f0_0 .net *"_ivl_20", 0 0, L_0x55debaeb35b0;  1 drivers
v0x55debaf19df0_0 .net *"_ivl_22", 17 0, L_0x55debaf33db0;  1 drivers
v0x55debaf19ed0_0 .net *"_ivl_24", 2 0, L_0x55debaf33ea0;  1 drivers
L_0x7ff6647530f0 .functor BUFT 1, C4<0>, C4<0>, C4<0>, C4<0>;
v0x55debaf19fb0_0 .net *"_ivl_27", 0 0, L_0x7ff6647530f0;  1 drivers
v0x55debaf1a090_0 .net *"_ivl_29", 5 0, L_0x55debaf33fe0;  1 drivers
v0x55debaf1a170_0 .net *"_ivl_30", 17 0, L_0x55debaf34130;  1 drivers
v0x55debaf1a250_0 .net *"_ivl_32", 2 0, L_0x55debaf341d0;  1 drivers
L_0x7ff664753138 .functor BUFT 1, C4<0>, C4<0>, C4<0>, C4<0>;
v0x55debaf1a330_0 .net *"_ivl_35", 0 0, L_0x7ff664753138;  1 drivers
v0x55debaf1a410_0 .net *"_ivl_37", 5 0, L_0x55debaf34330;  1 drivers
v0x55debaf1a4f0_0 .net *"_ivl_4", 2 0, L_0x55debaf335f0;  1 drivers
v0x55debaf1a5d0_0 .net *"_ivl_40", 0 0, L_0x55debaf34270;  1 drivers
v0x55debaf1a6b0_0 .net *"_ivl_42", 17 0, L_0x55debaf34680;  1 drivers
v0x55debaf1a790_0 .net *"_ivl_44", 2 0, L_0x55debaf34720;  1 drivers
L_0x7ff664753180 .functor BUFT 1, C4<0>, C4<0>, C4<0>, C4<0>;
v0x55debaf1a870_0 .net *"_ivl_47", 0 0, L_0x7ff664753180;  1 drivers
v0x55debaf1a950_0 .net *"_ivl_49", 5 0, L_0x55debaf348f0;  1 drivers
v0x55debaf1aa30_0 .net *"_ivl_50", 17 0, L_0x55debaf349e0;  1 drivers
v0x55debaf1ab10_0 .net *"_ivl_52", 2 0, L_0x55debaf34b20;  1 drivers
L_0x7ff6647531c8 .functor BUFT 1, C4<0>, C4<0>, C4<0>, C4<0>;
v0x55debaf1abf0_0 .net *"_ivl_55", 0 0, L_0x7ff6647531c8;  1 drivers
v0x55debaf1acd0_0 .net *"_ivl_57", 5 0, L_0x55debaf34c60;  1 drivers
L_0x7ff664753060 .functor BUFT 1, C4<0>, C4<0>, C4<0>, C4<0>;
v0x55debaf1adb0_0 .net *"_ivl_7", 0 0, L_0x7ff664753060;  1 drivers
v0x55debaf1ae90_0 .net *"_ivl_9", 5 0, L_0x55debaf33730;  1 drivers
L_0x55debaf33550 .array/port v0x55debaf2f640, L_0x55debaf335f0;
L_0x55debaf335f0 .concat [ 2 1 0 0], v0x55debaf300a0_0, L_0x7ff664753060;
L_0x55debaf33730 .part L_0x55debaf33550, 0, 6;
L_0x55debaf33820 .array/port v0x55debaf1cff0, L_0x55debaf338c0;
L_0x55debaf338c0 .concat [ 2 1 0 0], v0x55debaf300a0_0, L_0x7ff6647530a8;
L_0x55debaf33a50 .part L_0x55debaf33820, 0, 6;
L_0x55debaf33b80 .functor MUXZ 6, L_0x55debaf33a50, L_0x55debaf33730, L_0x55debaeb2300, C4<>;
L_0x55debaf33db0 .array/port v0x55debaf2f640, L_0x55debaf33ea0;
L_0x55debaf33ea0 .concat [ 2 1 0 0], v0x55debaf300a0_0, L_0x7ff6647530f0;
L_0x55debaf33fe0 .part L_0x55debaf33db0, 6, 6;
L_0x55debaf34130 .array/port v0x55debaf1cff0, L_0x55debaf341d0;
L_0x55debaf341d0 .concat [ 2 1 0 0], v0x55debaf300a0_0, L_0x7ff664753138;
L_0x55debaf34330 .part L_0x55debaf34130, 6, 6;
L_0x55debaf34420 .functor MUXZ 6, L_0x55debaf34330, L_0x55debaf33fe0, L_0x55debaeb35b0, C4<>;
L_0x55debaf34680 .array/port v0x55debaf2f640, L_0x55debaf34720;
L_0x55debaf34720 .concat [ 2 1 0 0], v0x55debaf300a0_0, L_0x7ff664753180;
L_0x55debaf348f0 .part L_0x55debaf34680, 12, 6;
L_0x55debaf349e0 .array/port v0x55debaf1cff0, L_0x55debaf34b20;
L_0x55debaf34b20 .concat [ 2 1 0 0], v0x55debaf300a0_0, L_0x7ff6647531c8;
L_0x55debaf34c60 .part L_0x55debaf349e0, 12, 6;
L_0x55debaf34a80 .functor MUXZ 6, L_0x55debaf34c60, L_0x55debaf348f0, L_0x55debaf34270, C4<>;
S_0x55debaf1af70 .scope generate, "rank_final_loop[0]" "rank_final_loop[0]" 3 1003, 3 1003 0, S_0x55debaeecdd0;
 .timescale 0 0;
P_0x55debaf1b120 .param/l "i" 0 3 1003, +C4<00>;
v0x55debaf1bc80 .array "final_do_cand", 0 0, 5 0;
E_0x55debadf76b0 .event posedge, v0x55debaf30180_0, v0x55debaf1c670_0;
S_0x55debaf1b220 .scope generate, "bank_final_loop[0]" "bank_final_loop[0]" 3 1074, 3 1074 0, S_0x55debaf1af70;
 .timescale 0 0;
P_0x55debaf1b440 .param/l "j" 0 3 1074, +C4<00>;
S_0x55debaf1b520 .scope generate, "bank_final_loop[1]" "bank_final_loop[1]" 3 1074, 3 1074 0, S_0x55debaf1af70;
 .timescale 0 0;
P_0x55debaf1b720 .param/l "j" 0 3 1074, +C4<01>;
S_0x55debaf1b7e0 .scope generate, "bank_final_loop[2]" "bank_final_loop[2]" 3 1074, 3 1074 0, S_0x55debaf1af70;
 .timescale 0 0;
P_0x55debaf1b9c0 .param/l "j" 0 3 1074, +C4<010>;
S_0x55debaf1ba80 .scope generate, "genblk24" "genblk24" 3 1007, 3 1007 0, S_0x55debaf1af70;
 .timescale 0 0;
v0x55debaf1d270_0 .array/port v0x55debaf1d270, 0;
E_0x55debae93780 .event edge, v0x55debaf1d270_0, v0x55debaf1cff0_0;
S_0x55debaf1bd80 .scope begin, "rst_pi_dqs_found" "rst_pi_dqs_found" 3 270, 3 270 0, S_0x55debaeecdd0;
 .timescale 0 0;
    .scope S_0x55debadd9d60;
T_0 ;
    %wait E_0x55debae761a0;
    %load/vec4 v0x55debaf30180_0;
    %flag_set/vec4 8;
    %load/vec4 v0x55debaf2f080_0;
    %parti/s 1, 0, 2;
    %flag_set/vec4 9;
    %flag_or 9, 8;
    %load/vec4 v0x55debaf1d510_0;
    %flag_set/vec4 8;
    %flag_or 8, 9;
    %jmp/0xz  T_0.0, 8;
    %pushi/vec4 0, 0, 1;
    %ix/load 4, 0, 0;
    %ix/load 5, 100, 0;
    %flag_set/imm 4, 0;
    %assign/vec4/off/d v0x55debaf2efa0_0, 4, 5;
    %jmp T_0.1;
T_0.0 ;
    %load/vec4 v0x55debaf2ee00_0;
    %load/vec4 v0x55debaf1ccf0_0;
    %inv;
    %and;
    %flag_set/vec4 8;
    %load/vec4 v0x55debaf1e530_0;
    %parti/s 1, 0, 2;
    %load/vec4 v0x55debaf1e290_0;
    %parti/s 1, 0, 2;
    %inv;
    %and;
    %flag_set/vec4 9;
    %flag_or 9, 8;
    %load/vec4 v0x55debaf300a0_0;
    %pad/u 3;
    %ix/vec4 4;
    %load/vec4a v0x55debaf2f640, 4;
    %parti/s 6, 0, 2;
    %pad/u 33;
    %cmpi/u 17, 0, 33;
    %flag_or 5, 4; GT is !LE
    %flag_inv 5;
    %flag_or 5, 9;
    %jmp/0xz  T_0.2, 5;
    %pushi/vec4 1, 0, 1;
    %ix/load 4, 0, 0;
    %ix/load 5, 100, 0;
    %flag_set/imm 4, 0;
    %assign/vec4/off/d v0x55debaf2efa0_0, 4, 5;
T_0.2 ;
T_0.1 ;
    %jmp T_0;
    .thread T_0;
    .scope S_0x55debadd9d60;
T_1 ;
    %wait E_0x55debae761a0;
    %load/vec4 v0x55debaf30180_0;
    %flag_set/vec4 8;
    %load/vec4 v0x55debaf2f080_0;
    %parti/s 1, 1, 2;
    %flag_set/vec4 9;
    %flag_or 9, 8;
    %load/vec4 v0x55debaf1d510_0;
    %flag_set/vec4 8;
    %flag_or 8, 9;
    %jmp/0xz  T_1.0, 8;
    %pushi/vec4 0, 0, 1;
    %ix/load 4, 1, 0;
    %ix/load 5, 100, 0;
    %flag_set/imm 4, 0;
    %assign/vec4/off/d v0x55debaf2efa0_0, 4, 5;
    %jmp T_1.1;
T_1.0 ;
    %load/vec4 v0x55debaf2ee00_0;
    %load/vec4 v0x55debaf1ccf0_0;
    %inv;
    %and;
    %flag_set/vec4 8;
    %load/vec4 v0x55debaf1e530_0;
    %parti/s 1, 1, 2;
    %load/vec4 v0x55debaf1e290_0;
    %parti/s 1, 1, 2;
    %inv;
    %and;
    %flag_set/vec4 9;
    %flag_or 9, 8;
    %load/vec4 v0x55debaf300a0_0;
    %pad/u 3;
    %ix/vec4 4;
    %load/vec4a v0x55debaf2f640, 4;
    %parti/s 6, 6, 4;
    %pad/u 33;
    %cmpi/u 17, 0, 33;
    %flag_or 5, 4; GT is !LE
    %flag_inv 5;
    %flag_or 5, 9;
    %jmp/0xz  T_1.2, 5;
    %pushi/vec4 1, 0, 1;
    %ix/load 4, 1, 0;
    %ix/load 5, 100, 0;
    %flag_set/imm 4, 0;
    %assign/vec4/off/d v0x55debaf2efa0_0, 4, 5;
T_1.2 ;
T_1.1 ;
    %jmp T_1;
    .thread T_1;
    .scope S_0x55debadd9d60;
T_2 ;
    %wait E_0x55debae761a0;
    %load/vec4 v0x55debaf30180_0;
    %flag_set/vec4 8;
    %load/vec4 v0x55debaf2f080_0;
    %parti/s 1, 2, 3;
    %flag_set/vec4 9;
    %flag_or 9, 8;
    %load/vec4 v0x55debaf1d510_0;
    %flag_set/vec4 8;
    %flag_or 8, 9;
    %jmp/0xz  T_2.0, 8;
    %pushi/vec4 0, 0, 1;
    %ix/load 4, 2, 0;
    %ix/load 5, 100, 0;
    %flag_set/imm 4, 0;
    %assign/vec4/off/d v0x55debaf2efa0_0, 4, 5;
    %jmp T_2.1;
T_2.0 ;
    %load/vec4 v0x55debaf2ee00_0;
    %load/vec4 v0x55debaf1ccf0_0;
    %inv;
    %and;
    %flag_set/vec4 8;
    %load/vec4 v0x55debaf1e530_0;
    %parti/s 1, 2, 3;
    %load/vec4 v0x55debaf1e290_0;
    %parti/s 1, 2, 3;
    %inv;
    %and;
    %flag_set/vec4 9;
    %flag_or 9, 8;
    %load/vec4 v0x55debaf300a0_0;
    %pad/u 3;
    %ix/vec4 4;
    %load/vec4a v0x55debaf2f640, 4;
    %parti/s 6, 12, 5;
    %pad/u 33;
    %cmpi/u 17, 0, 33;
    %flag_or 5, 4; GT is !LE
    %flag_inv 5;
    %flag_or 5, 9;
    %jmp/0xz  T_2.2, 5;
    %pushi/vec4 1, 0, 1;
    %ix/load 4, 2, 0;
    %ix/load 5, 100, 0;
    %flag_set/imm 4, 0;
    %assign/vec4/off/d v0x55debaf2efa0_0, 4, 5;
T_2.2 ;
T_2.1 ;
    %jmp T_2;
    .thread T_2;
    .scope S_0x55debadd9d60;
T_3 ;
    %wait E_0x55debae761a0;
    %load/vec4 v0x55debaf30180_0;
    %flag_set/vec4 8;
    %load/vec4 v0x55debaf1d510_0;
    %flag_set/vec4 9;
    %flag_or 9, 8;
    %jmp/0xz  T_3.0, 9;
    %pushi/vec4 0, 0, 1;
    %ix/load 4, 0, 0;
    %ix/load 5, 100, 0;
    %flag_set/imm 4, 0;
    %assign/vec4/off/d v0x55debaf2f080_0, 4, 5;
    %jmp T_3.1;
T_3.0 ;
    %load/vec4 v0x55debaf2efa0_0;
    %parti/s 1, 0, 2;
    %flag_set/vec4 8;
    %jmp/0xz  T_3.2, 8;
    %pushi/vec4 1, 0, 1;
    %ix/load 4, 0, 0;
    %ix/load 5, 100, 0;
    %flag_set/imm 4, 0;
    %assign/vec4/off/d v0x55debaf2f080_0, 4, 5;
    %jmp T_3.3;
T_3.2 ;
    %load/vec4 v0x55debaf1e530_0;
    %parti/s 1, 0, 2;
    %inv;
    %load/vec4 v0x55debaf1e290_0;
    %parti/s 1, 0, 2;
    %inv;
    %and;
    %flag_set/vec4 8;
    %jmp/0xz  T_3.4, 8;
    %pushi/vec4 0, 0, 1;
    %ix/load 4, 0, 0;
    %ix/load 5, 100, 0;
    %flag_set/imm 4, 0;
    %assign/vec4/off/d v0x55debaf2f080_0, 4, 5;
T_3.4 ;
T_3.3 ;
T_3.1 ;
    %jmp T_3;
    .thread T_3;
    .scope S_0x55debadd9d60;
T_4 ;
    %wait E_0x55debae761a0;
    %load/vec4 v0x55debaf30180_0;
    %flag_set/vec4 8;
    %load/vec4 v0x55debaf1d510_0;
    %flag_set/vec4 9;
    %flag_or 9, 8;
    %jmp/0xz  T_4.0, 9;
    %pushi/vec4 0, 0, 1;
    %ix/load 4, 1, 0;
    %ix/load 5, 100, 0;
    %flag_set/imm 4, 0;
    %assign/vec4/off/d v0x55debaf2f080_0, 4, 5;
    %jmp T_4.1;
T_4.0 ;
    %load/vec4 v0x55debaf2efa0_0;
    %parti/s 1, 1, 2;
    %flag_set/vec4 8;
    %jmp/0xz  T_4.2, 8;
    %pushi/vec4 1, 0, 1;
    %ix/load 4, 1, 0;
    %ix/load 5, 100, 0;
    %flag_set/imm 4, 0;
    %assign/vec4/off/d v0x55debaf2f080_0, 4, 5;
    %jmp T_4.3;
T_4.2 ;
    %load/vec4 v0x55debaf1e530_0;
    %parti/s 1, 1, 2;
    %inv;
    %load/vec4 v0x55debaf1e290_0;
    %parti/s 1, 1, 2;
    %inv;
    %and;
    %flag_set/vec4 8;
    %jmp/0xz  T_4.4, 8;
    %pushi/vec4 0, 0, 1;
    %ix/load 4, 1, 0;
    %ix/load 5, 100, 0;
    %flag_set/imm 4, 0;
    %assign/vec4/off/d v0x55debaf2f080_0, 4, 5;
T_4.4 ;
T_4.3 ;
T_4.1 ;
    %jmp T_4;
    .thread T_4;
    .scope S_0x55debadd9d60;
T_5 ;
    %wait E_0x55debae761a0;
    %load/vec4 v0x55debaf30180_0;
    %flag_set/vec4 8;
    %load/vec4 v0x55debaf1d510_0;
    %flag_set/vec4 9;
    %flag_or 9, 8;
    %jmp/0xz  T_5.0, 9;
    %pushi/vec4 0, 0, 1;
    %ix/load 4, 2, 0;
    %ix/load 5, 100, 0;
    %flag_set/imm 4, 0;
    %assign/vec4/off/d v0x55debaf2f080_0, 4, 5;
    %jmp T_5.1;
T_5.0 ;
    %load/vec4 v0x55debaf2efa0_0;
    %parti/s 1, 2, 3;
    %flag_set/vec4 8;
    %jmp/0xz  T_5.2, 8;
    %pushi/vec4 1, 0, 1;
    %ix/load 4, 2, 0;
    %ix/load 5, 100, 0;
    %flag_set/imm 4, 0;
    %assign/vec4/off/d v0x55debaf2f080_0, 4, 5;
    %jmp T_5.3;
T_5.2 ;
    %load/vec4 v0x55debaf1e530_0;
    %parti/s 1, 2, 3;
    %inv;
    %load/vec4 v0x55debaf1e290_0;
    %parti/s 1, 2, 3;
    %inv;
    %and;
    %flag_set/vec4 8;
    %jmp/0xz  T_5.4, 8;
    %pushi/vec4 0, 0, 1;
    %ix/load 4, 2, 0;
    %ix/load 5, 100, 0;
    %flag_set/imm 4, 0;
    %assign/vec4/off/d v0x55debaf2f080_0, 4, 5;
T_5.4 ;
T_5.3 ;
T_5.1 ;
    %jmp T_5;
    .thread T_5;
    .scope S_0x55debadd9d60;
T_6 ;
    %wait E_0x55debae761a0;
    %load/vec4 v0x55debaf30180_0;
    %flag_set/vec4 8;
    %load/vec4 v0x55debaf2f4c0_0;
    %flag_set/vec4 9;
    %flag_or 9, 8;
    %jmp/0xz  T_6.0, 9;
    %pushi/vec4 0, 0, 10;
    %ix/load 4, 0, 0;
    %ix/load 5, 100, 0;
    %flag_set/imm 4, 0;
    %assign/vec4/off/d v0x55debaf2ffc0_0, 4, 5;
    %jmp T_6.1;
T_6.0 ;
    %pushi/vec4 17, 0, 33;
    %load/vec4 v0x55debaf300a0_0;
    %pad/u 3;
    %ix/vec4 4;
    %load/vec4a v0x55debaf2f640, 4;
    %parti/s 6, 0, 2;
    %pad/u 33;
    %cmp/u;
    %flag_get/vec4 5;
    %load/vec4 v0x55debaf1e290_0;
    %parti/s 1, 0, 2;
    %inv;
    %and;
    %flag_set/vec4 8;
    %jmp/0xz  T_6.2, 8;
    %load/vec4 v0x55debaf2ffc0_0;
    %parti/s 10, 0, 2;
    %addi 1, 0, 10;
    %ix/load 4, 0, 0;
    %ix/load 5, 100, 0;
    %flag_set/imm 4, 0;
    %assign/vec4/off/d v0x55debaf2ffc0_0, 4, 5;
    %jmp T_6.3;
T_6.2 ;
    %load/vec4 v0x55debaf2ffc0_0;
    %parti/s 10, 0, 2;
    %ix/load 4, 0, 0;
    %ix/load 5, 100, 0;
    %flag_set/imm 4, 0;
    %assign/vec4/off/d v0x55debaf2ffc0_0, 4, 5;
T_6.3 ;
T_6.1 ;
    %jmp T_6;
    .thread T_6;
    .scope S_0x55debadd9d60;
T_7 ;
    %wait E_0x55debae761a0;
    %load/vec4 v0x55debaf30180_0;
    %flag_set/vec4 8;
    %load/vec4 v0x55debaf2f4c0_0;
    %flag_set/vec4 9;
    %flag_or 9, 8;
    %jmp/0xz  T_7.0, 9;
    %pushi/vec4 0, 0, 10;
    %ix/load 4, 10, 0;
    %ix/load 5, 100, 0;
    %flag_set/imm 4, 0;
    %assign/vec4/off/d v0x55debaf2ffc0_0, 4, 5;
    %jmp T_7.1;
T_7.0 ;
    %pushi/vec4 17, 0, 33;
    %load/vec4 v0x55debaf300a0_0;
    %pad/u 3;
    %ix/vec4 4;
    %load/vec4a v0x55debaf2f640, 4;
    %parti/s 6, 6, 4;
    %pad/u 33;
    %cmp/u;
    %flag_get/vec4 5;
    %load/vec4 v0x55debaf1e290_0;
    %parti/s 1, 1, 2;
    %inv;
    %and;
    %flag_set/vec4 8;
    %jmp/0xz  T_7.2, 8;
    %load/vec4 v0x55debaf2ffc0_0;
    %parti/s 10, 10, 5;
    %addi 1, 0, 10;
    %ix/load 4, 10, 0;
    %ix/load 5, 100, 0;
    %flag_set/imm 4, 0;
    %assign/vec4/off/d v0x55debaf2ffc0_0, 4, 5;
    %jmp T_7.3;
T_7.2 ;
    %load/vec4 v0x55debaf2ffc0_0;
    %parti/s 10, 10, 5;
    %ix/load 4, 10, 0;
    %ix/load 5, 100, 0;
    %flag_set/imm 4, 0;
    %assign/vec4/off/d v0x55debaf2ffc0_0, 4, 5;
T_7.3 ;
T_7.1 ;
    %jmp T_7;
    .thread T_7;
    .scope S_0x55debadd9d60;
T_8 ;
    %wait E_0x55debae761a0;
    %load/vec4 v0x55debaf30180_0;
    %flag_set/vec4 8;
    %load/vec4 v0x55debaf2f4c0_0;
    %flag_set/vec4 9;
    %flag_or 9, 8;
    %jmp/0xz  T_8.0, 9;
    %pushi/vec4 0, 0, 10;
    %ix/load 4, 20, 0;
    %ix/load 5, 100, 0;
    %flag_set/imm 4, 0;
    %assign/vec4/off/d v0x55debaf2ffc0_0, 4, 5;
    %jmp T_8.1;
T_8.0 ;
    %pushi/vec4 17, 0, 33;
    %load/vec4 v0x55debaf300a0_0;
    %pad/u 3;
    %ix/vec4 4;
    %load/vec4a v0x55debaf2f640, 4;
    %parti/s 6, 12, 5;
    %pad/u 33;
    %cmp/u;
    %flag_get/vec4 5;
    %load/vec4 v0x55debaf1e290_0;
    %parti/s 1, 2, 3;
    %inv;
    %and;
    %flag_set/vec4 8;
    %jmp/0xz  T_8.2, 8;
    %load/vec4 v0x55debaf2ffc0_0;
    %parti/s 10, 20, 6;
    %addi 1, 0, 10;
    %ix/load 4, 20, 0;
    %ix/load 5, 100, 0;
    %flag_set/imm 4, 0;
    %assign/vec4/off/d v0x55debaf2ffc0_0, 4, 5;
    %jmp T_8.3;
T_8.2 ;
    %load/vec4 v0x55debaf2ffc0_0;
    %parti/s 10, 20, 6;
    %ix/load 4, 20, 0;
    %ix/load 5, 100, 0;
    %flag_set/imm 4, 0;
    %assign/vec4/off/d v0x55debaf2ffc0_0, 4, 5;
T_8.3 ;
T_8.1 ;
    %jmp T_8;
    .thread T_8;
    .scope S_0x55debadd9d60;
T_9 ;
    %wait E_0x55debae761a0;
    %load/vec4 v0x55debaf30180_0;
    %flag_set/vec4 8;
    %jmp/0xz  T_9.0, 8;
    %pushi/vec4 0, 0, 1;
    %ix/load 4, 0, 0;
    %ix/load 5, 100, 0;
    %flag_set/imm 4, 0;
    %assign/vec4/off/d v0x55debaf1e790_0, 4, 5;
    %jmp T_9.1;
T_9.0 ;
    %load/vec4 v0x55debaf1e290_0;
    %parti/s 1, 0, 2;
    %inv;
    %load/vec4 v0x55debaf2ffc0_0;
    %parti/s 10, 0, 2;
    %pad/u 32;
    %pushi/vec4 3, 0, 32;
    %cmp/e;
    %flag_get/vec4 4;
    %and;
    %pushi/vec4 17, 0, 33;
    %load/vec4 v0x55debaf300a0_0;
    %pad/u 3;
    %ix/vec4 4;
    %load/vec4a v0x55debaf2f640, 4;
    %parti/s 6, 0, 2;
    %pad/u 33;
    %cmp/u;
    %flag_get/vec4 5;
    %and;
    %flag_set/vec4 8;
    %jmp/0xz  T_9.2, 8;
    %pushi/vec4 1, 0, 1;
    %ix/load 4, 0, 0;
    %ix/load 5, 100, 0;
    %flag_set/imm 4, 0;
    %assign/vec4/off/d v0x55debaf1e790_0, 4, 5;
T_9.2 ;
T_9.1 ;
    %jmp T_9;
    .thread T_9;
    .scope S_0x55debadd9d60;
T_10 ;
    %wait E_0x55debae761a0;
    %load/vec4 v0x55debaf30180_0;
    %flag_set/vec4 8;
    %jmp/0xz  T_10.0, 8;
    %pushi/vec4 0, 0, 1;
    %ix/load 4, 1, 0;
    %ix/load 5, 100, 0;
    %flag_set/imm 4, 0;
    %assign/vec4/off/d v0x55debaf1e790_0, 4, 5;
    %jmp T_10.1;
T_10.0 ;
    %load/vec4 v0x55debaf1e290_0;
    %parti/s 1, 1, 2;
    %inv;
    %load/vec4 v0x55debaf2ffc0_0;
    %parti/s 10, 10, 5;
    %pad/u 32;
    %pushi/vec4 3, 0, 32;
    %cmp/e;
    %flag_get/vec4 4;
    %and;
    %pushi/vec4 17, 0, 33;
    %load/vec4 v0x55debaf300a0_0;
    %pad/u 3;
    %ix/vec4 4;
    %load/vec4a v0x55debaf2f640, 4;
    %parti/s 6, 6, 4;
    %pad/u 33;
    %cmp/u;
    %flag_get/vec4 5;
    %and;
    %flag_set/vec4 8;
    %jmp/0xz  T_10.2, 8;
    %pushi/vec4 1, 0, 1;
    %ix/load 4, 1, 0;
    %ix/load 5, 100, 0;
    %flag_set/imm 4, 0;
    %assign/vec4/off/d v0x55debaf1e790_0, 4, 5;
T_10.2 ;
T_10.1 ;
    %jmp T_10;
    .thread T_10;
    .scope S_0x55debadd9d60;
T_11 ;
    %wait E_0x55debae761a0;
    %load/vec4 v0x55debaf30180_0;
    %flag_set/vec4 8;
    %jmp/0xz  T_11.0, 8;
    %pushi/vec4 0, 0, 1;
    %ix/load 4, 2, 0;
    %ix/load 5, 100, 0;
    %flag_set/imm 4, 0;
    %assign/vec4/off/d v0x55debaf1e790_0, 4, 5;
    %jmp T_11.1;
T_11.0 ;
    %load/vec4 v0x55debaf1e290_0;
    %parti/s 1, 2, 3;
    %inv;
    %load/vec4 v0x55debaf2ffc0_0;
    %parti/s 10, 20, 6;
    %pad/u 32;
    %pushi/vec4 3, 0, 32;
    %cmp/e;
    %flag_get/vec4 4;
    %and;
    %pushi/vec4 17, 0, 33;
    %load/vec4 v0x55debaf300a0_0;
    %pad/u 3;
    %ix/vec4 4;
    %load/vec4a v0x55debaf2f640, 4;
    %parti/s 6, 12, 5;
    %pad/u 33;
    %cmp/u;
    %flag_get/vec4 5;
    %and;
    %flag_set/vec4 8;
    %jmp/0xz  T_11.2, 8;
    %pushi/vec4 1, 0, 1;
    %ix/load 4, 2, 0;
    %ix/load 5, 100, 0;
    %flag_set/imm 4, 0;
    %assign/vec4/off/d v0x55debaf1e790_0, 4, 5;
T_11.2 ;
T_11.1 ;
    %jmp T_11;
    .thread T_11;
    .scope S_0x55debadd9d60;
T_12 ;
    %wait E_0x55debae761a0;
    %load/vec4 v0x55debaf30180_0;
    %flag_set/vec4 8;
    %jmp/0xz  T_12.0, 8;
    %pushi/vec4 0, 0, 32;
    %store/vec4 v0x55debaf2f300_0, 0, 32;
T_12.2 ;
    %load/vec4 v0x55debaf2f300_0;
    %cmpi/s 1, 0, 32;
    %jmp/0xz T_12.3, 5;
    %fork t_1, S_0x55debaea4830;
    %jmp t_0;
    .scope S_0x55debaea4830;
t_1 ;
    %pushi/vec4 3, 0, 6;
    %ix/getv/s 3, v0x55debaf2f300_0;
    %ix/load 4, 100, 0; Constant delay
    %assign/vec4/a/d v0x55debaf2f640, 0, 4;
    %end;
    .scope S_0x55debadd9d60;
t_0 %join;
    %load/vec4 v0x55debaf2f300_0;
    %addi 1, 0, 32;
    %store/vec4 v0x55debaf2f300_0, 0, 32;
    %jmp T_12.2;
T_12.3 ;
    %jmp T_12.1;
T_12.0 ;
    %load/vec4 v0x55debaf2f580_0;
    %load/vec4 v0x55debaf1dc50_0;
    %inv;
    %and;
    %flag_set/vec4 8;
    %load/vec4 v0x55debaf300a0_0;
    %pad/u 3;
    %ix/vec4 4;
    %load/vec4a v0x55debaf2f640, 4;
    %parti/s 6, 0, 2;
    %pad/u 33;
    %cmpi/u 17, 0, 33;
    %flag_or 5, 4; GT is !LE
    %flag_inv 5;
    %flag_or 5, 8;
    %jmp/0xz  T_12.4, 5;
    %pushi/vec4 3, 0, 6;
    %load/vec4 v0x55debaf300a0_0;
    %pad/u 3;
    %ix/vec4 3;
    %ix/load 4, 100, 0; Constant delay
    %assign/vec4/a/d v0x55debaf2f640, 0, 4;
    %jmp T_12.5;
T_12.4 ;
    %load/vec4 v0x55debaf1ccf0_0;
    %load/vec4 v0x55debaf1e290_0;
    %parti/s 1, 0, 2;
    %inv;
    %and;
    %load/vec4 v0x55debaf1c9d0_0;
    %load/vec4 v0x55debaf1ca90_0;
    %pad/u 32;
    %pushi/vec4 1, 0, 32;
    %cmp/e;
    %flag_get/vec4 4;
    %and;
    %and;
    %load/vec4 v0x55debaf1dc50_0;
    %inv;
    %and;
    %load/vec4 v0x55debaf1d510_0;
    %inv;
    %and;
    %flag_set/vec4 8;
    %jmp/0xz  T_12.6, 8;
    %load/vec4 v0x55debaf300a0_0;
    %pad/u 3;
    %ix/vec4 4;
    %load/vec4a v0x55debaf2f640, 4;
    %parti/s 6, 0, 2;
    %addi 1, 0, 6;
    %load/vec4 v0x55debaf300a0_0;
    %pad/u 3;
    %ix/vec4 3;
    %ix/load 4, 100, 0; Constant delay
    %assign/vec4/a/d v0x55debaf2f640, 0, 4;
T_12.6 ;
T_12.5 ;
T_12.1 ;
    %jmp T_12;
    .thread T_12;
    .scope S_0x55debadd9d60;
T_13 ;
    %wait E_0x55debae761a0;
    %load/vec4 v0x55debaf30180_0;
    %flag_set/vec4 8;
    %jmp/0xz  T_13.0, 8;
    %pushi/vec4 0, 0, 32;
    %store/vec4 v0x55debaf2f3e0_0, 0, 32;
T_13.2 ;
    %load/vec4 v0x55debaf2f3e0_0;
    %cmpi/s 1, 0, 32;
    %jmp/0xz T_13.3, 5;
    %fork t_3, S_0x55debaea23c0;
    %jmp t_2;
    .scope S_0x55debaea23c0;
t_3 ;
    %pushi/vec4 3, 0, 6;
    %ix/getv/s 3, v0x55debaf2f3e0_0;
    %ix/load 4, 6, 0; part off
    %ix/load 5, 100, 0; Constant delay
    %assign/vec4/a/d v0x55debaf2f640, 4, 5;
    %end;
    .scope S_0x55debadd9d60;
t_2 %join;
    %load/vec4 v0x55debaf2f3e0_0;
    %addi 1, 0, 32;
    %store/vec4 v0x55debaf2f3e0_0, 0, 32;
    %jmp T_13.2;
T_13.3 ;
    %jmp T_13.1;
T_13.0 ;
    %load/vec4 v0x55debaf2f580_0;
    %load/vec4 v0x55debaf1dc50_0;
    %inv;
    %and;
    %flag_set/vec4 8;
    %load/vec4 v0x55debaf300a0_0;
    %pad/u 3;
    %ix/vec4 4;
    %load/vec4a v0x55debaf2f640, 4;
    %parti/s 6, 6, 4;
    %pad/u 33;
    %cmpi/u 17, 0, 33;
    %flag_or 5, 4; GT is !LE
    %flag_inv 5;
    %flag_or 5, 8;
    %jmp/0xz  T_13.4, 5;
    %pushi/vec4 3, 0, 6;
    %load/vec4 v0x55debaf300a0_0;
    %pad/u 3;
    %ix/vec4 3;
    %ix/load 4, 6, 0; part off
    %ix/load 5, 100, 0; Constant delay
    %assign/vec4/a/d v0x55debaf2f640, 4, 5;
    %jmp T_13.5;
T_13.4 ;
    %load/vec4 v0x55debaf1ccf0_0;
    %load/vec4 v0x55debaf1e290_0;
    %parti/s 1, 1, 2;
    %inv;
    %and;
    %load/vec4 v0x55debaf1c9d0_0;
    %load/vec4 v0x55debaf1ca90_0;
    %pad/u 32;
    %pushi/vec4 1, 0, 32;
    %cmp/e;
    %flag_get/vec4 4;
    %and;
    %and;
    %load/vec4 v0x55debaf1dc50_0;
    %inv;
    %and;
    %load/vec4 v0x55debaf1d510_0;
    %inv;
    %and;
    %flag_set/vec4 8;
    %jmp/0xz  T_13.6, 8;
    %load/vec4 v0x55debaf300a0_0;
    %pad/u 3;
    %ix/vec4 4;
    %load/vec4a v0x55debaf2f640, 4;
    %parti/s 6, 6, 4;
    %addi 1, 0, 6;
    %load/vec4 v0x55debaf300a0_0;
    %pad/u 3;
    %ix/vec4 3;
    %ix/load 4, 6, 0; part off
    %ix/load 5, 100, 0; Constant delay
    %assign/vec4/a/d v0x55debaf2f640, 4, 5;
T_13.6 ;
T_13.5 ;
T_13.1 ;
    %jmp T_13;
    .thread T_13;
    .scope S_0x55debadd9d60;
T_14 ;
    %wait E_0x55debae761a0;
    %load/vec4 v0x55debaf30180_0;
    %flag_set/vec4 8;
    %jmp/0xz  T_14.0, 8;
    %pushi/vec4 0, 0, 32;
    %store/vec4 v0x55debaf30480_0, 0, 32;
T_14.2 ;
    %load/vec4 v0x55debaf30480_0;
    %cmpi/s 1, 0, 32;
    %jmp/0xz T_14.3, 5;
    %fork t_5, S_0x55debaea0070;
    %jmp t_4;
    .scope S_0x55debaea0070;
t_5 ;
    %pushi/vec4 3, 0, 6;
    %ix/getv/s 3, v0x55debaf30480_0;
    %ix/load 4, 12, 0; part off
    %ix/load 5, 100, 0; Constant delay
    %assign/vec4/a/d v0x55debaf2f640, 4, 5;
    %end;
    .scope S_0x55debadd9d60;
t_4 %join;
    %load/vec4 v0x55debaf30480_0;
    %addi 1, 0, 32;
    %store/vec4 v0x55debaf30480_0, 0, 32;
    %jmp T_14.2;
T_14.3 ;
    %jmp T_14.1;
T_14.0 ;
    %load/vec4 v0x55debaf2f580_0;
    %load/vec4 v0x55debaf1dc50_0;
    %inv;
    %and;
    %flag_set/vec4 8;
    %load/vec4 v0x55debaf300a0_0;
    %pad/u 3;
    %ix/vec4 4;
    %load/vec4a v0x55debaf2f640, 4;
    %parti/s 6, 12, 5;
    %pad/u 33;
    %cmpi/u 17, 0, 33;
    %flag_or 5, 4; GT is !LE
    %flag_inv 5;
    %flag_or 5, 8;
    %jmp/0xz  T_14.4, 5;
    %pushi/vec4 3, 0, 6;
    %load/vec4 v0x55debaf300a0_0;
    %pad/u 3;
    %ix/vec4 3;
    %ix/load 4, 12, 0; part off
    %ix/load 5, 100, 0; Constant delay
    %assign/vec4/a/d v0x55debaf2f640, 4, 5;
    %jmp T_14.5;
T_14.4 ;
    %load/vec4 v0x55debaf1ccf0_0;
    %load/vec4 v0x55debaf1e290_0;
    %parti/s 1, 2, 3;
    %inv;
    %and;
    %load/vec4 v0x55debaf1c9d0_0;
    %load/vec4 v0x55debaf1ca90_0;
    %pad/u 32;
    %pushi/vec4 1, 0, 32;
    %cmp/e;
    %flag_get/vec4 4;
    %and;
    %and;
    %load/vec4 v0x55debaf1dc50_0;
    %inv;
    %and;
    %load/vec4 v0x55debaf1d510_0;
    %inv;
    %and;
    %flag_set/vec4 8;
    %jmp/0xz  T_14.6, 8;
    %load/vec4 v0x55debaf300a0_0;
    %pad/u 3;
    %ix/vec4 4;
    %load/vec4a v0x55debaf2f640, 4;
    %parti/s 6, 12, 5;
    %addi 1, 0, 6;
    %load/vec4 v0x55debaf300a0_0;
    %pad/u 3;
    %ix/vec4 3;
    %ix/load 4, 12, 0; part off
    %ix/load 5, 100, 0; Constant delay
    %assign/vec4/a/d v0x55debaf2f640, 4, 5;
T_14.6 ;
T_14.5 ;
T_14.1 ;
    %jmp T_14;
    .thread T_14;
    .scope S_0x55debaf1af70;
T_15 ;
    %wait E_0x55debadf76b0;
    %load/vec4 v0x55debaf30180_0;
    %flag_set/vec4 8;
    %jmp/0xz  T_15.0, 8;
    %pushi/vec4 0, 0, 6;
    %ix/load 3, 0, 0;
    %flag_set/imm 4, 0;
    %ix/load 4, 100, 0; Constant delay
    %assign/vec4/a/d v0x55debaf1d350, 0, 4;
    %jmp T_15.1;
T_15.0 ;
    %ix/load 4, 0, 0;
    %flag_set/imm 4, 0;
    %load/vec4a v0x55debaf1d350, 4;
    %ix/load 3, 0, 0;
    %flag_set/imm 4, 0;
    %ix/load 4, 100, 0; Constant delay
    %assign/vec4/a/d v0x55debaf1d350, 0, 4;
    %ix/load 4, 0, 0;
    %flag_set/imm 4, 0;
    %load/vec4a v0x55debaf1d270, 4;
    %dup/vec4;
    %pushi/vec4 0, 0, 3;
    %cmp/u;
    %jmp/1 T_15.2, 6;
    %dup/vec4;
    %pushi/vec4 1, 0, 3;
    %cmp/u;
    %jmp/1 T_15.3, 6;
    %dup/vec4;
    %pushi/vec4 2, 0, 3;
    %cmp/u;
    %jmp/1 T_15.4, 6;
    %ix/load 4, 0, 0;
    %flag_set/imm 4, 0;
    %load/vec4a v0x55debaf1d350, 4;
    %ix/load 3, 0, 0;
    %flag_set/imm 4, 0;
    %ix/load 4, 100, 0; Constant delay
    %assign/vec4/a/d v0x55debaf1d350, 0, 4;
    %jmp T_15.6;
T_15.2 ;
    %ix/load 4, 0, 0;
    %flag_set/imm 4, 0;
    %load/vec4a v0x55debaf1d350, 4;
    %ix/load 4, 0, 0;
    %flag_set/imm 4, 0;
    %load/vec4a v0x55debaf1bc80, 4;
    %cmp/u;
    %jmp/0xz  T_15.7, 5;
    %ix/load 4, 0, 0;
    %flag_set/imm 4, 0;
    %load/vec4a v0x55debaf1bc80, 4;
    %ix/load 3, 0, 0;
    %flag_set/imm 4, 0;
    %ix/load 4, 100, 0; Constant delay
    %assign/vec4/a/d v0x55debaf1d350, 0, 4;
T_15.7 ;
    %jmp T_15.6;
T_15.3 ;
    %jmp T_15.6;
T_15.4 ;
    %jmp T_15.6;
T_15.6 ;
    %pop/vec4 1;
T_15.1 ;
    %jmp T_15;
    .thread T_15;
    .scope S_0x55debaf1af70;
T_16 ;
    %wait E_0x55debae761a0;
    %load/vec4 v0x55debaf30180_0;
    %flag_set/vec4 8;
    %jmp/0xz  T_16.0, 8;
    %pushi/vec4 0, 0, 3;
    %ix/load 3, 0, 0;
    %flag_set/imm 4, 0;
    %ix/load 4, 100, 0; Constant delay
    %assign/vec4/a/d v0x55debaf1d270, 0, 4;
    %jmp T_16.1;
T_16.0 ;
    %ix/load 4, 0, 0;
    %flag_set/imm 4, 0;
    %load/vec4a v0x55debaf1d270, 4;
    %addi 1, 0, 3;
    %ix/load 3, 0, 0;
    %flag_set/imm 4, 0;
    %ix/load 4, 100, 0; Constant delay
    %assign/vec4/a/d v0x55debaf1d270, 0, 4;
T_16.1 ;
    %jmp T_16;
    .thread T_16;
    .scope S_0x55debaf1ba80;
T_17 ;
    %wait E_0x55debae93780;
    %ix/load 4, 0, 0;
    %flag_set/imm 4, 0;
    %load/vec4a v0x55debaf1d270, 4;
    %dup/vec4;
    %pushi/vec4 0, 0, 3;
    %cmp/u;
    %jmp/1 T_17.0, 6;
    %dup/vec4;
    %pushi/vec4 1, 0, 3;
    %cmp/u;
    %jmp/1 T_17.1, 6;
    %dup/vec4;
    %pushi/vec4 2, 0, 3;
    %cmp/u;
    %jmp/1 T_17.2, 6;
    %pushi/vec4 0, 0, 6;
    %ix/load 4, 0, 0;
    %flag_set/imm 4, 0;
    %store/vec4a v0x55debaf1bc80, 4, 0;
    %jmp T_17.4;
T_17.0 ;
    %ix/load 4, 0, 0;
    %flag_set/imm 4, 0;
    %load/vec4a v0x55debaf1cff0, 4;
    %parti/s 6, 0, 2;
    %ix/load 4, 0, 0;
    %flag_set/imm 4, 0;
    %store/vec4a v0x55debaf1bc80, 4, 0;
    %jmp T_17.4;
T_17.1 ;
    %ix/load 4, 0, 0;
    %flag_set/imm 4, 0;
    %load/vec4a v0x55debaf1cff0, 4;
    %parti/s 6, 6, 4;
    %ix/load 4, 0, 0;
    %flag_set/imm 4, 0;
    %store/vec4a v0x55debaf1bc80, 4, 0;
    %jmp T_17.4;
T_17.2 ;
    %ix/load 4, 0, 0;
    %flag_set/imm 4, 0;
    %load/vec4a v0x55debaf1cff0, 4;
    %parti/s 6, 12, 5;
    %ix/load 4, 0, 0;
    %flag_set/imm 4, 0;
    %store/vec4a v0x55debaf1bc80, 4, 0;
    %jmp T_17.4;
T_17.4 ;
    %pop/vec4 1;
    %jmp T_17;
    .thread T_17, $push;
    .scope S_0x55debaf1b220;
T_18 ;
    %wait E_0x55debae761a0;
    %load/vec4 v0x55debaf30180_0;
    %flag_set/vec4 8;
    %jmp/0xz  T_18.0, 8;
    %pushi/vec4 0, 0, 6;
    %ix/load 3, 0, 0;
    %flag_set/imm 4, 0;
    %ix/load 4, 100, 0; Constant delay
    %assign/vec4/a/d v0x55debaf1cff0, 0, 4;
    %jmp T_18.1;
T_18.0 ;
    %load/vec4 v0x55debaf1dc50_0;
    %load/vec4 v0x55debaf1dd10_0;
    %inv;
    %and;
    %flag_set/vec4 8;
    %jmp/0xz  T_18.2, 8;
    %ix/load 4, 0, 0;
    %flag_set/imm 4, 0;
    %load/vec4a v0x55debaf2f640, 4;
    %parti/s 6, 0, 2;
    %ix/load 3, 0, 0;
    %flag_set/imm 4, 0;
    %ix/load 4, 100, 0; Constant delay
    %assign/vec4/a/d v0x55debaf1cff0, 0, 4;
    %ix/load 4, 0, 0;
    %flag_set/imm 4, 0;
    %load/vec4a v0x55debaf2f640, 4;
    %parti/s 6, 0, 2;
    %ix/load 3, 0, 0;
    %flag_set/imm 4, 0;
    %ix/load 4, 100, 0; Constant delay
    %assign/vec4/a/d v0x55debaf1d0d0, 0, 4;
    %jmp T_18.3;
T_18.2 ;
    %load/vec4 v0x55debaf1e010_0;
    %flag_set/vec4 8;
    %jmp/0xz  T_18.4, 8;
T_18.4 ;
T_18.3 ;
T_18.1 ;
    %jmp T_18;
    .thread T_18;
    .scope S_0x55debaf1b520;
T_19 ;
    %wait E_0x55debae761a0;
    %load/vec4 v0x55debaf30180_0;
    %flag_set/vec4 8;
    %jmp/0xz  T_19.0, 8;
    %pushi/vec4 0, 0, 6;
    %ix/load 3, 0, 0;
    %flag_set/imm 4, 0;
    %ix/load 4, 6, 0; part off
    %ix/load 5, 100, 0; Constant delay
    %assign/vec4/a/d v0x55debaf1cff0, 4, 5;
    %jmp T_19.1;
T_19.0 ;
    %load/vec4 v0x55debaf1dc50_0;
    %load/vec4 v0x55debaf1dd10_0;
    %inv;
    %and;
    %flag_set/vec4 8;
    %jmp/0xz  T_19.2, 8;
    %jmp T_19.3;
T_19.2 ;
    %load/vec4 v0x55debaf1e010_0;
    %flag_set/vec4 8;
    %jmp/0xz  T_19.4, 8;
    %ix/load 4, 0, 0;
    %flag_set/imm 4, 0;
    %load/vec4a v0x55debaf1d350, 4;
    %ix/load 3, 0, 0;
    %flag_set/imm 4, 0;
    %ix/load 4, 6, 0; part off
    %ix/load 5, 100, 0; Constant delay
    %assign/vec4/a/d v0x55debaf1cff0, 4, 5;
    %ix/load 4, 0, 0;
    %flag_set/imm 4, 0;
    %load/vec4a v0x55debaf1d350, 4;
    %ix/load 3, 0, 0;
    %flag_set/imm 4, 0;
    %ix/load 4, 6, 0; part off
    %ix/load 5, 100, 0; Constant delay
    %assign/vec4/a/d v0x55debaf1d0d0, 4, 5;
T_19.4 ;
T_19.3 ;
T_19.1 ;
    %jmp T_19;
    .thread T_19;
    .scope S_0x55debaf1b7e0;
T_20 ;
    %wait E_0x55debae761a0;
    %load/vec4 v0x55debaf30180_0;
    %flag_set/vec4 8;
    %jmp/0xz  T_20.0, 8;
    %pushi/vec4 0, 0, 6;
    %ix/load 3, 0, 0;
    %flag_set/imm 4, 0;
    %ix/load 4, 12, 0; part off
    %ix/load 5, 100, 0; Constant delay
    %assign/vec4/a/d v0x55debaf1cff0, 4, 5;
    %jmp T_20.1;
T_20.0 ;
    %load/vec4 v0x55debaf1dc50_0;
    %load/vec4 v0x55debaf1dd10_0;
    %inv;
    %and;
    %flag_set/vec4 8;
    %jmp/0xz  T_20.2, 8;
    %jmp T_20.3;
T_20.2 ;
    %load/vec4 v0x55debaf1e010_0;
    %flag_set/vec4 8;
    %jmp/0xz  T_20.4, 8;
    %ix/load 4, 0, 0;
    %flag_set/imm 4, 0;
    %load/vec4a v0x55debaf1d350, 4;
    %ix/load 3, 0, 0;
    %flag_set/imm 4, 0;
    %ix/load 4, 12, 0; part off
    %ix/load 5, 100, 0; Constant delay
    %assign/vec4/a/d v0x55debaf1cff0, 4, 5;
    %ix/load 4, 0, 0;
    %flag_set/imm 4, 0;
    %load/vec4a v0x55debaf1d350, 4;
    %ix/load 3, 0, 0;
    %flag_set/imm 4, 0;
    %ix/load 4, 12, 0; part off
    %ix/load 5, 100, 0; Constant delay
    %assign/vec4/a/d v0x55debaf1d0d0, 4, 5;
T_20.4 ;
T_20.3 ;
T_20.1 ;
    %jmp T_20;
    .thread T_20;
    .scope S_0x55debaeecdd0;
T_21 ;
    %wait E_0x55debae761a0;
    %load/vec4 v0x55debaf30180_0;
    %flag_set/vec4 8;
    %jmp/0xz  T_21.0, 8;
    %pushi/vec4 0, 0, 32;
    %store/vec4 v0x55debaf1e0d0_0, 0, 32;
T_21.2 ;
    %load/vec4 v0x55debaf1e0d0_0;
    %cmpi/s 3, 0, 32;
    %jmp/0xz T_21.3, 5;
    %fork t_7, S_0x55debaf1bd80;
    %jmp t_6;
    .scope S_0x55debaf1bd80;
t_7 ;
    %pushi/vec4 0, 0, 1;
    %ix/load 5, 100, 0;
    %ix/getv/s 4, v0x55debaf1e0d0_0;
    %assign/vec4/off/d v0x55debaf1e290_0, 4, 5;
    %pushi/vec4 0, 0, 1;
    %ix/load 5, 100, 0;
    %ix/getv/s 4, v0x55debaf1e0d0_0;
    %assign/vec4/off/d v0x55debaf1e450_0, 4, 5;
    %end;
    .scope S_0x55debaeecdd0;
t_6 %join;
    %load/vec4 v0x55debaf1e0d0_0;
    %addi 1, 0, 32;
    %store/vec4 v0x55debaf1e0d0_0, 0, 32;
    %jmp T_21.2;
T_21.3 ;
    %jmp T_21.1;
T_21.0 ;
    %load/vec4 v0x55debaf2ee00_0;
    %flag_set/vec4 8;
    %jmp/0xz  T_21.4, 8;
    %pushi/vec4 0, 0, 32;
    %store/vec4 v0x55debaf1e1b0_0, 0, 32;
T_21.6 ;
    %load/vec4 v0x55debaf1e1b0_0;
    %cmpi/s 3, 0, 32;
    %jmp/0xz T_21.7, 5;
    %fork t_9, S_0x55debaec4a20;
    %jmp t_8;
    .scope S_0x55debaec4a20;
t_9 ;
    %pushi/vec4 12, 0, 20;
    %load/vec4 v0x55debaf1e1b0_0;
    %muli 4, 0, 32;
    %addi 0, 0, 32;
    %part/s 1;
    %nor/r;
    %load/vec4 v0x55debaf1e950_0;
    %load/vec4 v0x55debaf1e1b0_0;
    %muli 4, 0, 32;
    %addi 0, 0, 32;
    %part/s 1;
    %or;
    %pushi/vec4 12, 0, 20;
    %load/vec4 v0x55debaf1e1b0_0;
    %muli 4, 0, 32;
    %addi 1, 0, 32;
    %part/s 1;
    %nor/r;
    %load/vec4 v0x55debaf1e950_0;
    %load/vec4 v0x55debaf1e1b0_0;
    %muli 4, 0, 32;
    %addi 1, 0, 32;
    %part/s 1;
    %or;
    %and;
    %pushi/vec4 12, 0, 20;
    %load/vec4 v0x55debaf1e1b0_0;
    %muli 4, 0, 32;
    %addi 2, 0, 32;
    %part/s 1;
    %nor/r;
    %load/vec4 v0x55debaf1e950_0;
    %load/vec4 v0x55debaf1e1b0_0;
    %muli 4, 0, 32;
    %addi 2, 0, 32;
    %part/s 1;
    %or;
    %and;
    %pushi/vec4 12, 0, 20;
    %load/vec4 v0x55debaf1e1b0_0;
    %muli 4, 0, 32;
    %addi 3, 0, 32;
    %part/s 1;
    %nor/r;
    %load/vec4 v0x55debaf1e950_0;
    %load/vec4 v0x55debaf1e1b0_0;
    %muli 4, 0, 32;
    %addi 3, 0, 32;
    %part/s 1;
    %or;
    %and;
    %ix/load 5, 100, 0;
    %ix/getv/s 4, v0x55debaf1e1b0_0;
    %assign/vec4/off/d v0x55debaf1e290_0, 4, 5;
    %pushi/vec4 12, 0, 20;
    %load/vec4 v0x55debaf1e1b0_0;
    %muli 4, 0, 32;
    %addi 0, 0, 32;
    %part/s 1;
    %load/vec4 v0x55debaf1e950_0;
    %load/vec4 v0x55debaf1e1b0_0;
    %muli 4, 0, 32;
    %addi 0, 0, 32;
    %part/s 1;
    %and;
    %pushi/vec4 12, 0, 20;
    %load/vec4 v0x55debaf1e1b0_0;
    %muli 4, 0, 32;
    %addi 1, 0, 32;
    %part/s 1;
    %load/vec4 v0x55debaf1e950_0;
    %load/vec4 v0x55debaf1e1b0_0;
    %muli 4, 0, 32;
    %addi 1, 0, 32;
    %part/s 1;
    %and;
    %or;
    %pushi/vec4 12, 0, 20;
    %load/vec4 v0x55debaf1e1b0_0;
    %muli 4, 0, 32;
    %addi 2, 0, 32;
    %part/s 1;
    %load/vec4 v0x55debaf1e950_0;
    %load/vec4 v0x55debaf1e1b0_0;
    %muli 4, 0, 32;
    %addi 2, 0, 32;
    %part/s 1;
    %and;
    %or;
    %pushi/vec4 12, 0, 20;
    %load/vec4 v0x55debaf1e1b0_0;
    %muli 4, 0, 32;
    %addi 3, 0, 32;
    %part/s 1;
    %load/vec4 v0x55debaf1e950_0;
    %load/vec4 v0x55debaf1e1b0_0;
    %muli 4, 0, 32;
    %addi 3, 0, 32;
    %part/s 1;
    %and;
    %or;
    %ix/load 5, 100, 0;
    %ix/getv/s 4, v0x55debaf1e1b0_0;
    %assign/vec4/off/d v0x55debaf1e450_0, 4, 5;
    %end;
    .scope S_0x55debaeecdd0;
t_8 %join;
    %load/vec4 v0x55debaf1e1b0_0;
    %addi 1, 0, 32;
    %store/vec4 v0x55debaf1e1b0_0, 0, 32;
    %jmp T_21.6;
T_21.7 ;
T_21.4 ;
T_21.1 ;
    %jmp T_21;
    .thread T_21;
    .scope S_0x55debaeecdd0;
T_22 ;
    %wait E_0x55debae761a0;
    %load/vec4 v0x55debaf1e290_0;
    %assign/vec4 v0x55debaf1e370_0, 100;
    %load/vec4 v0x55debaf1e450_0;
    %assign/vec4 v0x55debaf1e530_0, 100;
    %jmp T_22;
    .thread T_22;
    .scope S_0x55debaeecdd0;
T_23 ;
    %wait E_0x55debae761a0;
    %load/vec4 v0x55debaf30180_0;
    %flag_set/vec4 8;
    %load/vec4 v0x55debaf1ca90_0;
    %pad/u 32;
    %cmpi/e 0, 0, 32;
    %flag_or 4, 8;
    %jmp/0xz  T_23.0, 4;
    %pushi/vec4 7, 0, 4;
    %assign/vec4 v0x55debaf1ca90_0, 100;
    %jmp T_23.1;
T_23.0 ;
    %load/vec4 v0x55debaf1c9d0_0;
    %pushi/vec4 0, 0, 32;
    %load/vec4 v0x55debaf1ca90_0;
    %pad/u 32;
    %cmp/u;
    %flag_get/vec4 5;
    %and;
    %flag_set/vec4 8;
    %jmp/0xz  T_23.2, 8;
    %load/vec4 v0x55debaf1ca90_0;
    %subi 1, 0, 4;
    %assign/vec4 v0x55debaf1ca90_0, 100;
T_23.2 ;
T_23.1 ;
    %jmp T_23;
    .thread T_23;
    .scope S_0x55debaeecdd0;
T_24 ;
    %wait E_0x55debae761a0;
    %load/vec4 v0x55debaf30240_0;
    %assign/vec4 v0x55debaf30300_0, 100;
    %load/vec4 v0x55debaf30300_0;
    %assign/vec4 v0x55debaf303c0_0, 100;
    %jmp T_24;
    .thread T_24;
    .scope S_0x55debaeecdd0;
T_25 ;
    %wait E_0x55debae761a0;
    %load/vec4 v0x55debaf30180_0;
    %flag_set/vec4 8;
    %jmp/0xz  T_25.0, 8;
    %pushi/vec4 0, 0, 1;
    %assign/vec4 v0x55debaf1d510_0, 100;
    %pushi/vec4 0, 0, 3;
    %assign/vec4 v0x55debaf1c730_0, 100;
    %pushi/vec4 0, 0, 4;
    %assign/vec4 v0x55debaf1d430_0, 100;
    %pushi/vec4 0, 0, 1;
    %assign/vec4 v0x55debaf1d690_0, 100;
    %pushi/vec4 0, 0, 1;
    %assign/vec4 v0x55debaf1c5b0_0, 100;
    %pushi/vec4 0, 0, 1;
    %assign/vec4 v0x55debaf1c4f0_0, 100;
    %pushi/vec4 0, 0, 1;
    %assign/vec4 v0x55debaf30240_0, 100;
    %pushi/vec4 31, 0, 6;
    %assign/vec4 v0x55debaf1dab0_0, 100;
    %pushi/vec4 0, 0, 6;
    %assign/vec4 v0x55debaf1c8f0_0, 100;
    %pushi/vec4 0, 0, 6;
    %assign/vec4 v0x55debaf1d9d0_0, 100;
    %pushi/vec4 0, 0, 1;
    %assign/vec4 v0x55debaf1db90_0, 100;
    %pushi/vec4 0, 0, 1;
    %assign/vec4 v0x55debaf1d1b0_0, 100;
    %pushi/vec4 0, 0, 1;
    %assign/vec4 v0x55debaf1d830_0, 100;
    %pushi/vec4 0, 0, 1;
    %assign/vec4 v0x55debaf30560_0, 100;
    %pushi/vec4 0, 0, 6;
    %assign/vec4 v0x55debaf1d8f0_0, 100;
    %pushi/vec4 0, 0, 6;
    %assign/vec4 v0x55debaf30620_0, 100;
    %pushi/vec4 0, 0, 6;
    %assign/vec4 v0x55debaf30700_0, 100;
    %pushi/vec4 0, 0, 1;
    %assign/vec4 v0x55debaf1cc30_0, 100;
    %jmp T_25.1;
T_25.0 ;
    %load/vec4 v0x55debaf1d430_0;
    %dup/vec4;
    %pushi/vec4 0, 0, 4;
    %cmp/u;
    %jmp/1 T_25.2, 6;
    %dup/vec4;
    %pushi/vec4 3, 0, 4;
    %cmp/u;
    %jmp/1 T_25.3, 6;
    %dup/vec4;
    %pushi/vec4 1, 0, 4;
    %cmp/u;
    %jmp/1 T_25.4, 6;
    %dup/vec4;
    %pushi/vec4 2, 0, 4;
    %cmp/u;
    %jmp/1 T_25.5, 6;
    %dup/vec4;
    %pushi/vec4 4, 0, 4;
    %cmp/u;
    %jmp/1 T_25.6, 6;
    %dup/vec4;
    %pushi/vec4 5, 0, 4;
    %cmp/u;
    %jmp/1 T_25.7, 6;
    %dup/vec4;
    %pushi/vec4 6, 0, 4;
    %cmp/u;
    %jmp/1 T_25.8, 6;
    %dup/vec4;
    %pushi/vec4 7, 0, 4;
    %cmp/u;
    %jmp/1 T_25.9, 6;
    %dup/vec4;
    %pushi/vec4 8, 0, 4;
    %cmp/u;
    %jmp/1 T_25.10, 6;
    %dup/vec4;
    %pushi/vec4 9, 0, 4;
    %cmp/u;
    %jmp/1 T_25.11, 6;
    %dup/vec4;
    %pushi/vec4 10, 0, 4;
    %cmp/u;
    %jmp/1 T_25.12, 6;
    %dup/vec4;
    %pushi/vec4 11, 0, 4;
    %cmp/u;
    %jmp/1 T_25.13, 6;
    %dup/vec4;
    %pushi/vec4 12, 0, 4;
    %cmp/u;
    %jmp/1 T_25.14, 6;
    %dup/vec4;
    %pushi/vec4 13, 0, 4;
    %cmp/u;
    %jmp/1 T_25.15, 6;
    %dup/vec4;
    %pushi/vec4 14, 0, 4;
    %cmp/u;
    %jmp/1 T_25.16, 6;
    %dup/vec4;
    %pushi/vec4 15, 0, 4;
    %cmp/u;
    %jmp/1 T_25.17, 6;
    %jmp T_25.18;
T_25.2 ;
    %load/vec4 v0x55debaf1e010_0;
    %flag_set/vec4 8;
    %jmp/0xz  T_25.19, 8;
    %pushi/vec4 1, 0, 1;
    %assign/vec4 v0x55debaf1d510_0, 100;
    %pushi/vec4 3, 0, 4;
    %assign/vec4 v0x55debaf1d430_0, 100;
    %pushi/vec4 1, 0, 1;
    %assign/vec4 v0x55debaf30240_0, 100;
T_25.19 ;
    %jmp T_25.18;
T_25.3 ;
    %load/vec4 v0x55debaf1e450_0;
    %or/r;
    %inv;
    %load/vec4 v0x55debaf303c0_0;
    %and;
    %flag_set/vec4 8;
    %jmp/0xz  T_25.21, 8;
    %pushi/vec4 0, 0, 1;
    %assign/vec4 v0x55debaf30240_0, 100;
    %load/vec4 v0x55debaf1dab0_0;
    %or/r;
    %flag_set/vec4 8;
    %jmp/0xz  T_25.23, 8;
    %pushi/vec4 13, 0, 4;
    %assign/vec4 v0x55debaf1d430_0, 100;
    %jmp T_25.24;
T_25.23 ;
    %load/vec4 v0x55debaf1d1b0_0;
    %flag_set/vec4 8;
    %jmp/0xz  T_25.25, 8;
    %pushi/vec4 15, 0, 4;
    %assign/vec4 v0x55debaf1d430_0, 100;
    %jmp T_25.26;
T_25.25 ;
    %pushi/vec4 1, 0, 4;
    %assign/vec4 v0x55debaf1d430_0, 100;
T_25.26 ;
T_25.24 ;
T_25.21 ;
    %jmp T_25.18;
T_25.4 ;
    %pushi/vec4 2, 0, 4;
    %assign/vec4 v0x55debaf1d430_0, 100;
    %jmp T_25.18;
T_25.5 ;
    %pushi/vec4 4, 0, 4;
    %assign/vec4 v0x55debaf1d430_0, 100;
    %jmp T_25.18;
T_25.6 ;
    %pushi/vec4 5, 0, 4;
    %assign/vec4 v0x55debaf1d430_0, 100;
    %jmp T_25.18;
T_25.7 ;
    %pushi/vec4 6, 0, 4;
    %assign/vec4 v0x55debaf1d430_0, 100;
    %pushi/vec4 1, 0, 1;
    %assign/vec4 v0x55debaf1c5b0_0, 100;
    %pushi/vec4 1, 0, 1;
    %assign/vec4 v0x55debaf1c4f0_0, 100;
    %load/vec4 v0x55debaf1c730_0;
    %pad/u 32;
    %cmpi/e 2, 0, 32;
    %jmp/0xz  T_25.27, 4;
    %load/vec4 v0x55debaf1d9d0_0;
    %addi 1, 0, 6;
    %assign/vec4 v0x55debaf1d9d0_0, 100;
T_25.27 ;
    %jmp T_25.18;
T_25.8 ;
    %pushi/vec4 0, 0, 1;
    %assign/vec4 v0x55debaf1c5b0_0, 100;
    %pushi/vec4 0, 0, 1;
    %assign/vec4 v0x55debaf1c4f0_0, 100;
    %load/vec4 v0x55debaf1c730_0;
    %pad/u 32;
    %cmpi/ne 2, 0, 32;
    %jmp/0xz  T_25.29, 4;
    %load/vec4 v0x55debaf1c730_0;
    %addi 1, 0, 3;
    %assign/vec4 v0x55debaf1c730_0, 100;
    %pushi/vec4 7, 0, 4;
    %assign/vec4 v0x55debaf1d430_0, 100;
    %jmp T_25.30;
T_25.29 ;
    %load/vec4 v0x55debaf1c730_0;
    %pad/u 32;
    %cmpi/e 2, 0, 32;
    %jmp/0xz  T_25.31, 4;
    %pushi/vec4 0, 0, 3;
    %assign/vec4 v0x55debaf1c730_0, 100;
    %pushi/vec4 8, 0, 4;
    %assign/vec4 v0x55debaf1d430_0, 100;
T_25.31 ;
T_25.30 ;
    %jmp T_25.18;
T_25.9 ;
    %pushi/vec4 5, 0, 4;
    %assign/vec4 v0x55debaf1d430_0, 100;
    %jmp T_25.18;
T_25.10 ;
    %load/vec4 v0x55debaf1c9d0_0;
    %load/vec4 v0x55debaf1ca90_0;
    %pad/u 32;
    %pushi/vec4 1, 0, 32;
    %cmp/e;
    %flag_get/vec4 4;
    %and;
    %flag_set/vec4 8;
    %jmp/0xz  T_25.33, 8;
    %pushi/vec4 9, 0, 4;
    %assign/vec4 v0x55debaf1d430_0, 100;
    %jmp T_25.34;
T_25.33 ;
    %pushi/vec4 8, 0, 4;
    %assign/vec4 v0x55debaf1d430_0, 100;
T_25.34 ;
    %jmp T_25.18;
T_25.11 ;
    %load/vec4 v0x55debaf1c9d0_0;
    %load/vec4 v0x55debaf1e290_0;
    %and/r;
    %inv;
    %and;
    %flag_set/vec4 8;
    %jmp/0xz  T_25.35, 8;
    %pushi/vec4 0, 0, 6;
    %assign/vec4 v0x55debaf30700_0, 100;
    %load/vec4 v0x55debaf1d830_0;
    %inv;
    %load/vec4 v0x55debaf1d9d0_0;
    %pad/u 32;
    %pushi/vec4 63, 0, 32;
    %cmp/e;
    %flag_get/vec4 4;
    %and;
    %flag_set/vec4 8;
    %jmp/0xz  T_25.37, 8;
    %pushi/vec4 1, 0, 1;
    %assign/vec4 v0x55debaf1d830_0, 100;
    %load/vec4 v0x55debaf1d9d0_0;
    %assign/vec4 v0x55debaf1d8f0_0, 100;
    %pushi/vec4 11, 0, 4;
    %assign/vec4 v0x55debaf1d430_0, 100;
    %pushi/vec4 32, 0, 6;
    %assign/vec4 v0x55debaf1c8f0_0, 100;
    %jmp T_25.38;
T_25.37 ;
    %load/vec4 v0x55debaf1d830_0;
    %inv;
    %pushi/vec4 30, 0, 32;
    %load/vec4 v0x55debaf1d9d0_0;
    %pad/u 32;
    %cmp/u;
    %flag_get/vec4 5;
    %and;
    %pushi/vec4 29, 0, 32;
    %load/vec4 v0x55debaf30700_0;
    %pad/u 32;
    %cmp/u;
    %flag_get/vec4 5;
    %and;
    %flag_set/vec4 8;
    %jmp/0xz  T_25.39, 8;
    %pushi/vec4 1, 0, 1;
    %assign/vec4 v0x55debaf1d830_0, 100;
    %load/vec4 v0x55debaf1d9d0_0;
    %assign/vec4 v0x55debaf1d8f0_0, 100;
    %pushi/vec4 11, 0, 4;
    %assign/vec4 v0x55debaf1d430_0, 100;
    %load/vec4 v0x55debaf1d9d0_0;
    %pad/u 32;
    %ix/load 4, 1, 0;
    %flag_set/imm 4, 0;
    %shiftr 4;
    %addi 1, 0, 32;
    %pad/u 6;
    %assign/vec4 v0x55debaf1c8f0_0, 100;
    %jmp T_25.40;
T_25.39 ;
    %load/vec4 v0x55debaf1d830_0;
    %inv;
    %flag_set/vec4 8;
    %load/vec4 v0x55debaf1d830_0;
    %load/vec4 v0x55debaf30700_0;
    %pad/u 32;
    %cmpi/u 30, 0, 32;
    %flag_get/vec4 5;
    %and;
    %load/vec4 v0x55debaf1d9d0_0;
    %pad/u 32;
    %cmpi/u 32, 0, 32;
    %flag_get/vec4 4;
    %flag_get/vec4 5;
    %or;
    %and;
    %flag_set/vec4 9;
    %flag_or 9, 8;
    %jmp/0xz  T_25.41, 9;
    %pushi/vec4 1, 0, 1;
    %assign/vec4 v0x55debaf1d830_0, 100;
    %load/vec4 v0x55debaf1d9d0_0;
    %assign/vec4 v0x55debaf1d8f0_0, 100;
    %pushi/vec4 1, 0, 1;
    %assign/vec4 v0x55debaf30240_0, 100;
    %load/vec4 v0x55debaf1d9d0_0;
    %pad/u 32;
    %cmpi/e 12, 0, 32;
    %flag_mov 8, 4;
    %load/vec4 v0x55debaf1d9d0_0;
    %pad/u 32;
    %cmpi/e 24, 0, 32;
    %flag_or 4, 8;
    %jmp/0xz  T_25.43, 4;
    %pushi/vec4 1, 0, 1;
    %assign/vec4 v0x55debaf1cc30_0, 100;
    %pushi/vec4 10, 0, 4;
    %assign/vec4 v0x55debaf1d430_0, 100;
    %jmp T_25.44;
T_25.43 ;
    %pushi/vec4 3, 0, 4;
    %assign/vec4 v0x55debaf1d430_0, 100;
T_25.44 ;
    %jmp T_25.42;
T_25.41 ;
    %load/vec4 v0x55debaf1d830_0;
    %pushi/vec4 32, 0, 32;
    %load/vec4 v0x55debaf1d9d0_0;
    %pad/u 32;
    %cmp/u;
    %flag_get/vec4 5;
    %and;
    %load/vec4 v0x55debaf1d9d0_0;
    %pad/u 32;
    %cmpi/u 63, 0, 32;
    %flag_get/vec4 5;
    %and;
    %load/vec4 v0x55debaf30700_0;
    %pad/u 32;
    %cmpi/u 30, 0, 32;
    %flag_get/vec4 5;
    %and;
    %flag_set/vec4 8;
    %jmp/0xz  T_25.45, 8;
    %pushi/vec4 1, 0, 1;
    %assign/vec4 v0x55debaf1d830_0, 100;
    %load/vec4 v0x55debaf1d9d0_0;
    %assign/vec4 v0x55debaf1d8f0_0, 100;
    %pushi/vec4 1, 0, 1;
    %assign/vec4 v0x55debaf30240_0, 100;
    %load/vec4 v0x55debaf1d9d0_0;
    %pad/u 32;
    %cmpi/e 36, 0, 32;
    %flag_mov 8, 4;
    %load/vec4 v0x55debaf1d9d0_0;
    %pad/u 32;
    %cmpi/e 48, 0, 32;
    %flag_or 4, 8;
    %flag_mov 8, 4;
    %load/vec4 v0x55debaf1d9d0_0;
    %pad/u 32;
    %cmpi/e 60, 0, 32;
    %flag_or 4, 8;
    %jmp/0xz  T_25.47, 4;
    %pushi/vec4 1, 0, 1;
    %assign/vec4 v0x55debaf1cc30_0, 100;
    %pushi/vec4 10, 0, 4;
    %assign/vec4 v0x55debaf1d430_0, 100;
    %jmp T_25.48;
T_25.47 ;
    %pushi/vec4 3, 0, 4;
    %assign/vec4 v0x55debaf1d430_0, 100;
T_25.48 ;
    %jmp T_25.46;
T_25.45 ;
    %load/vec4 v0x55debaf1d830_0;
    %load/vec4 v0x55debaf1d9d0_0;
    %pad/u 32;
    %pushi/vec4 63, 0, 32;
    %cmp/e;
    %flag_get/vec4 4;
    %and;
    %flag_set/vec4 8;
    %jmp/0xz  T_25.49, 8;
    %load/vec4 v0x55debaf30700_0;
    %pad/u 32;
    %cmpi/u 30, 0, 32;
    %jmp/0xz  T_25.51, 5;
    %pushi/vec4 1, 0, 1;
    %assign/vec4 v0x55debaf1d830_0, 100;
    %load/vec4 v0x55debaf1d9d0_0;
    %assign/vec4 v0x55debaf1d8f0_0, 100;
    %pushi/vec4 11, 0, 4;
    %assign/vec4 v0x55debaf1d430_0, 100;
    %pushi/vec4 32, 0, 6;
    %assign/vec4 v0x55debaf1c8f0_0, 100;
    %jmp T_25.52;
T_25.51 ;
    %pushi/vec4 11, 0, 4;
    %assign/vec4 v0x55debaf1d430_0, 100;
    %load/vec4 v0x55debaf1d9d0_0;
    %load/vec4 v0x55debaf1d8f0_0;
    %sub;
    %ix/load 4, 1, 0;
    %flag_set/imm 4, 0;
    %shiftr 4;
    %assign/vec4 v0x55debaf1c8f0_0, 100;
T_25.52 ;
    %jmp T_25.50;
T_25.49 ;
    %pushi/vec4 1, 0, 1;
    %assign/vec4 v0x55debaf30560_0, 100;
    %load/vec4 v0x55debaf1d9d0_0;
    %assign/vec4 v0x55debaf30620_0, 100;
    %load/vec4 v0x55debaf1d9d0_0;
    %load/vec4 v0x55debaf1d8f0_0;
    %sub;
    %ix/load 4, 1, 0;
    %flag_set/imm 4, 0;
    %shiftr 4;
    %assign/vec4 v0x55debaf1c8f0_0, 100;
    %pushi/vec4 11, 0, 4;
    %assign/vec4 v0x55debaf1d430_0, 100;
T_25.50 ;
T_25.46 ;
T_25.42 ;
T_25.40 ;
T_25.38 ;
    %jmp T_25.36;
T_25.35 ;
    %load/vec4 v0x55debaf1c9d0_0;
    %load/vec4 v0x55debaf1e290_0;
    %and/r;
    %and;
    %flag_set/vec4 8;
    %jmp/0xz  T_25.53, 8;
    %load/vec4 v0x55debaf30700_0;
    %addi 1, 0, 6;
    %assign/vec4 v0x55debaf30700_0, 100;
    %load/vec4 v0x55debaf1d9d0_0;
    %pad/u 32;
    %cmpi/e 12, 0, 32;
    %flag_mov 8, 4;
    %load/vec4 v0x55debaf1d9d0_0;
    %pad/u 32;
    %cmpi/e 24, 0, 32;
    %flag_or 4, 8;
    %flag_mov 8, 4;
    %load/vec4 v0x55debaf1d9d0_0;
    %pad/u 32;
    %cmpi/e 36, 0, 32;
    %flag_or 4, 8;
    %flag_mov 8, 4;
    %load/vec4 v0x55debaf1d9d0_0;
    %pad/u 32;
    %cmpi/e 48, 0, 32;
    %flag_or 4, 8;
    %flag_mov 8, 4;
    %load/vec4 v0x55debaf1d9d0_0;
    %pad/u 32;
    %cmpi/e 60, 0, 32;
    %flag_or 4, 8;
    %jmp/0xz  T_25.55, 4;
    %pushi/vec4 1, 0, 1;
    %assign/vec4 v0x55debaf1cc30_0, 100;
    %pushi/vec4 10, 0, 4;
    %assign/vec4 v0x55debaf1d430_0, 100;
    %jmp T_25.56;
T_25.55 ;
    %load/vec4 v0x55debaf1d9d0_0;
    %pad/u 32;
    %cmpi/u 63, 0, 32;
    %jmp/0xz  T_25.57, 5;
    %pushi/vec4 1, 0, 1;
    %assign/vec4 v0x55debaf30240_0, 100;
    %pushi/vec4 3, 0, 4;
    %assign/vec4 v0x55debaf1d430_0, 100;
    %jmp T_25.58;
T_25.57 ;
    %pushi/vec4 11, 0, 4;
    %assign/vec4 v0x55debaf1d430_0, 100;
    %load/vec4 v0x55debaf1d830_0;
    %inv;
    %flag_set/vec4 8;
    %load/vec4 v0x55debaf1d8f0_0;
    %pad/u 32;
    %cmpi/u 33, 0, 32;
    %flag_or 5, 4; GT is !LE
    %flag_inv 5;
    %flag_or 5, 8;
    %jmp/0xz  T_25.59, 5;
    %pushi/vec4 32, 0, 6;
    %assign/vec4 v0x55debaf1c8f0_0, 100;
    %jmp T_25.60;
T_25.59 ;
    %load/vec4 v0x55debaf1d9d0_0;
    %load/vec4 v0x55debaf1d8f0_0;
    %sub;
    %ix/load 4, 1, 0;
    %flag_set/imm 4, 0;
    %shiftr 4;
    %assign/vec4 v0x55debaf1c8f0_0, 100;
T_25.60 ;
T_25.58 ;
T_25.56 ;
T_25.53 ;
T_25.36 ;
    %jmp T_25.18;
T_25.12 ;
    %load/vec4 v0x55debaf2f240_0;
    %flag_set/vec4 8;
    %jmp/0xz  T_25.61, 8;
    %pushi/vec4 0, 0, 1;
    %assign/vec4 v0x55debaf1cc30_0, 100;
    %pushi/vec4 1, 0, 1;
    %assign/vec4 v0x55debaf30240_0, 100;
    %pushi/vec4 3, 0, 4;
    %assign/vec4 v0x55debaf1d430_0, 100;
T_25.61 ;
    %jmp T_25.18;
T_25.13 ;
    %pushi/vec4 12, 0, 4;
    %assign/vec4 v0x55debaf1d430_0, 100;
    %pushi/vec4 0, 0, 1;
    %assign/vec4 v0x55debaf1c5b0_0, 100;
    %pushi/vec4 1, 0, 1;
    %assign/vec4 v0x55debaf1c4f0_0, 100;
    %load/vec4 v0x55debaf1c730_0;
    %pad/u 32;
    %pushi/vec4 2, 0, 32;
    %cmp/e;
    %flag_get/vec4 4;
    %pushi/vec4 0, 0, 32;
    %load/vec4 v0x55debaf1dab0_0;
    %pad/u 32;
    %cmp/u;
    %flag_get/vec4 5;
    %and;
    %flag_set/vec4 8;
    %jmp/0xz  T_25.63, 8;
    %load/vec4 v0x55debaf1dab0_0;
    %subi 1, 0, 6;
    %assign/vec4 v0x55debaf1dab0_0, 100;
    %jmp T_25.64;
T_25.63 ;
    %load/vec4 v0x55debaf1c730_0;
    %pad/u 32;
    %pushi/vec4 2, 0, 32;
    %cmp/e;
    %flag_get/vec4 4;
    %pushi/vec4 0, 0, 32;
    %load/vec4 v0x55debaf1c8f0_0;
    %pad/u 32;
    %cmp/u;
    %flag_get/vec4 5;
    %and;
    %flag_set/vec4 8;
    %jmp/0xz  T_25.65, 8;
    %load/vec4 v0x55debaf1c8f0_0;
    %subi 1, 0, 6;
    %assign/vec4 v0x55debaf1c8f0_0, 100;
T_25.65 ;
T_25.64 ;
    %jmp T_25.18;
T_25.14 ;
    %pushi/vec4 0, 0, 1;
    %assign/vec4 v0x55debaf1c5b0_0, 100;
    %pushi/vec4 0, 0, 1;
    %assign/vec4 v0x55debaf1c4f0_0, 100;
    %load/vec4 v0x55debaf1c730_0;
    %pad/u 32;
    %cmpi/ne 2, 0, 32;
    %jmp/0xz  T_25.67, 4;
    %load/vec4 v0x55debaf1c730_0;
    %addi 1, 0, 3;
    %assign/vec4 v0x55debaf1c730_0, 100;
    %pushi/vec4 13, 0, 4;
    %assign/vec4 v0x55debaf1d430_0, 100;
    %jmp T_25.68;
T_25.67 ;
    %load/vec4 v0x55debaf1c730_0;
    %pad/u 32;
    %cmpi/e 2, 0, 32;
    %jmp/0xz  T_25.69, 4;
    %pushi/vec4 0, 0, 3;
    %assign/vec4 v0x55debaf1c730_0, 100;
    %load/vec4 v0x55debaf1c8f0_0;
    %pad/u 32;
    %cmpi/u 0, 0, 32;
    %flag_or 5, 4; GT is !LE
    %flag_inv 5;
    %flag_mov 8, 5;
    %load/vec4 v0x55debaf1dab0_0;
    %pad/u 32;
    %cmpi/u 0, 0, 32;
    %flag_or 5, 4; GT is !LE
    %flag_inv 5;
    %flag_or 5, 8;
    %jmp/0xz  T_25.71, 5;
    %pushi/vec4 13, 0, 4;
    %assign/vec4 v0x55debaf1d430_0, 100;
    %jmp T_25.72;
T_25.71 ;
    %pushi/vec4 14, 0, 4;
    %assign/vec4 v0x55debaf1d430_0, 100;
    %load/vec4 v0x55debaf1dab0_0;
    %pad/u 32;
    %pushi/vec4 0, 0, 32;
    %cmp/e;
    %flag_get/vec4 4;
    %load/vec4 v0x55debaf1db90_0;
    %inv;
    %and;
    %flag_set/vec4 8;
    %jmp/0xz  T_25.73, 8;
    %pushi/vec4 1, 0, 1;
    %assign/vec4 v0x55debaf1db90_0, 100;
    %jmp T_25.74;
T_25.73 ;
    %pushi/vec4 1, 0, 1;
    %assign/vec4 v0x55debaf1d1b0_0, 100;
T_25.74 ;
T_25.72 ;
T_25.69 ;
T_25.68 ;
    %jmp T_25.18;
T_25.15 ;
    %pushi/vec4 11, 0, 4;
    %assign/vec4 v0x55debaf1d430_0, 100;
    %jmp T_25.18;
T_25.16 ;
    %pushi/vec4 1, 0, 1;
    %assign/vec4 v0x55debaf30240_0, 100;
    %pushi/vec4 3, 0, 4;
    %assign/vec4 v0x55debaf1d430_0, 100;
    %jmp T_25.18;
T_25.17 ;
    %load/vec4 v0x55debaf1e290_0;
    %and/r;
    %flag_set/vec4 8;
    %jmp/0xz  T_25.75, 8;
    %pushi/vec4 1, 0, 1;
    %assign/vec4 v0x55debaf1d690_0, 100;
    %pushi/vec4 0, 0, 1;
    %assign/vec4 v0x55debaf30240_0, 100;
    %pushi/vec4 15, 0, 4;
    %assign/vec4 v0x55debaf1d430_0, 100;
T_25.75 ;
    %jmp T_25.18;
T_25.18 ;
    %pop/vec4 1;
T_25.1 ;
    %jmp T_25;
    .thread T_25;
    .scope S_0x55debaeecdd0;
T_26 ;
    %wait E_0x55debae761a0;
    %load/vec4 v0x55debaf2ee00_0;
    %assign/vec4 v0x55debaf1ccf0_0, 100;
    %jmp T_26;
    .thread T_26;
    .scope S_0x55debaeecdd0;
T_27 ;
    %wait E_0x55debae761a0;
    %load/vec4 v0x55debaf30180_0;
    %flag_set/vec4 8;
    %jmp/0xz  T_27.0, 8;
    %pushi/vec4 0, 0, 2;
    %assign/vec4 v0x55debaf300a0_0, 100;
    %jmp T_27.1;
T_27.0 ;
    %load/vec4 v0x55debaf1dc50_0;
    %flag_set/vec4 8;
    %jmp/0xz  T_27.2, 8;
    %load/vec4 v0x55debaf300a0_0;
    %assign/vec4 v0x55debaf300a0_0, 100;
    %jmp T_27.3;
T_27.2 ;
    %load/vec4 v0x55debaf2f4c0_0;
    %flag_set/vec4 8;
    %jmp/0xz  T_27.4, 8;
    %load/vec4 v0x55debaf300a0_0;
    %addi 1, 0, 2;
    %assign/vec4 v0x55debaf300a0_0, 100;
T_27.4 ;
T_27.3 ;
T_27.1 ;
    %jmp T_27;
    .thread T_27;
    .scope S_0x55debaeecdd0;
T_28 ;
    %wait E_0x55debae761a0;
    %load/vec4 v0x55debaf30180_0;
    %flag_set/vec4 8;
    %load/vec4 v0x55debaf2efa0_0;
    %or/r;
    %flag_set/vec4 9;
    %flag_or 9, 8;
    %jmp/0xz  T_28.0, 9;
    %pushi/vec4 0, 0, 1;
    %assign/vec4 v0x55debaf1dc50_0, 100;
    %jmp T_28.1;
T_28.0 ;
    %load/vec4 v0x55debaf1e290_0;
    %and/r;
    %flag_set/vec4 8;
    %jmp/0xz  T_28.2, 8;
    %load/vec4 v0x55debaf300a0_0;
    %pad/u 32;
    %cmpi/e 0, 0, 32;
    %jmp/0xz  T_28.4, 4;
    %pushi/vec4 1, 0, 1;
    %assign/vec4 v0x55debaf1dc50_0, 100;
    %jmp T_28.5;
T_28.4 ;
    %pushi/vec4 0, 0, 1;
    %assign/vec4 v0x55debaf1dc50_0, 100;
T_28.5 ;
T_28.2 ;
T_28.1 ;
    %jmp T_28;
    .thread T_28;
    .scope S_0x55debaeecdd0;
T_29 ;
    %wait E_0x55debae761a0;
    %load/vec4 v0x55debaf30180_0;
    %flag_set/vec4 8;
    %load/vec4 v0x55debaf1dc50_0;
    %load/vec4 v0x55debaf300a0_0;
    %pad/u 32;
    %pushi/vec4 0, 0, 32;
    %cmp/e;
    %flag_get/vec4 4;
    %and;
    %flag_set/vec4 9;
    %flag_or 9, 8;
    %jmp/0xz  T_29.0, 9;
    %pushi/vec4 0, 0, 1;
    %assign/vec4 v0x55debaf2f4c0_0, 100;
    %jmp T_29.1;
T_29.0 ;
    %load/vec4 v0x55debaf1e290_0;
    %and/r;
    %load/vec4 v0x55debaf1e370_0;
    %and/r;
    %inv;
    %and;
    %flag_set/vec4 8;
    %jmp/0xz  T_29.2, 8;
    %pushi/vec4 1, 0, 1;
    %assign/vec4 v0x55debaf2f4c0_0, 100;
    %jmp T_29.3;
T_29.2 ;
    %pushi/vec4 0, 0, 1;
    %assign/vec4 v0x55debaf2f4c0_0, 100;
T_29.3 ;
T_29.1 ;
    %jmp T_29;
    .thread T_29;
    .scope S_0x55debaeecdd0;
T_30 ;
    %wait E_0x55debae761a0;
    %load/vec4 v0x55debaf1e870_0;
    %assign/vec4 v0x55debaf1ea30_0, 100;
    %load/vec4 v0x55debaf1ea30_0;
    %assign/vec4 v0x55debaf2eb40_0, 100;
    %load/vec4 v0x55debaf2eb40_0;
    %assign/vec4 v0x55debaf2ec40_0, 100;
    %load/vec4 v0x55debaf1dc50_0;
    %assign/vec4 v0x55debaf1dd10_0, 100;
    %load/vec4 v0x55debaf1dd10_0;
    %assign/vec4 v0x55debaf1ddd0_0, 100;
    %load/vec4 v0x55debaf1ddd0_0;
    %assign/vec4 v0x55debaf1de90_0, 100;
    %load/vec4 v0x55debaf1de90_0;
    %assign/vec4 v0x55debaf1df50_0, 100;
    %load/vec4 v0x55debaf1df50_0;
    %assign/vec4 v0x55debaf1e010_0, 100;
    %load/vec4 v0x55debaf2f4c0_0;
    %assign/vec4 v0x55debaf2f580_0, 100;
    %load/vec4 v0x55debaf1cdb0_0;
    %assign/vec4 v0x55debaf1cf30_0, 100;
    %jmp T_30;
    .thread T_30;
    .scope S_0x55debaeecdd0;
T_31 ;
    %wait E_0x55debae761a0;
    %load/vec4 v0x55debaf30180_0;
    %flag_set/vec4 8;
    %jmp/0xz  T_31.0, 8;
    %pushi/vec4 0, 0, 1;
    %assign/vec4 v0x55debaf1cb70_0, 100;
    %jmp T_31.1;
T_31.0 ;
    %load/vec4 v0x55debaf1e290_0;
    %and/r;
    %load/vec4 v0x55debaf300a0_0;
    %pad/u 32;
    %pushi/vec4 0, 0, 32;
    %cmp/e;
    %flag_get/vec4 4;
    %and;
    %load/vec4 v0x55debaf1dd10_0;
    %and;
    %load/vec4 v0x55debaf1d430_0;
    %pushi/vec4 15, 0, 4;
    %cmp/e;
    %flag_get/vec4 4;
    %and;
    %flag_set/vec4 8;
    %jmp/0xz  T_31.2, 8;
    %pushi/vec4 1, 0, 1;
    %assign/vec4 v0x55debaf1cb70_0, 100;
    %jmp T_31.3;
T_31.2 ;
    %pushi/vec4 0, 0, 1;
    %assign/vec4 v0x55debaf1cb70_0, 100;
T_31.3 ;
T_31.1 ;
    %jmp T_31;
    .thread T_31;
    .scope S_0x55debaeecdd0;
T_32 ;
    %wait E_0x55debae761a0;
    %load/vec4 v0x55debaf30180_0;
    %flag_set/vec4 8;
    %jmp/0xz  T_32.0, 8;
    %pushi/vec4 0, 0, 3;
    %assign/vec4 v0x55debaf2eec0_0, 100;
    %jmp T_32.1;
T_32.0 ;
    %load/vec4 v0x55debaf30240_0;
    %flag_set/vec4 8;
    %jmp/0xz  T_32.2, 8;
    %pushi/vec4 7, 0, 3;
    %assign/vec4 v0x55debaf2eec0_0, 100;
    %jmp T_32.3;
T_32.2 ;
    %load/vec4 v0x55debaf2efa0_0;
    %assign/vec4 v0x55debaf2eec0_0, 100;
T_32.3 ;
T_32.1 ;
    %jmp T_32;
    .thread T_32;
    .scope S_0x55debaeecdd0;
T_33 ;
    %wait E_0x55debae761a0;
    %load/vec4 v0x55debaf1e790_0;
    %or/r;
    %assign/vec4 v0x55debaf1e6d0_0, 100;
    %jmp T_33;
    .thread T_33;
    .scope S_0x55debaeecc40;
T_34 ;
    %vpi_call 2 61 "$dumpfile", "78.vcd" {0 0 0};
    %vpi_call 2 62 "$dumpvars", 32'sb00000000000000000000000000000001, S_0x55debaeecc40 {0 0 0};
    %delay 10, 0;
    %pushi/vec4 0, 0, 1;
    %store/vec4 v0x55debaf32390_0, 0, 1;
    %end;
    .thread T_34;
    .scope S_0x55debaeecc40;
T_35 ;
    %delay 5, 0;
    %vpi_func 2 68 "$random" 32 {0 0 0};
    %pad/s 26;
    %store/vec4 v0x55debaf32500_0, 0, 26;
    %jmp T_35;
    .thread T_35;
    .scope S_0x55debaeecc40;
T_36 ;
    %vpi_call 2 105 "$monitor", $time, " bench_reset = %b, clk = %b , rst = %b , dqsfound_retry = %b , pi_dqs_found_start = %b , detect_pi_found_dqs = %b , prech_done = %b , pi_dqs_found_lanes = %b , po_counter_read_val = %b , pi_rst_stg1_cal = %b , rd_data_offset_0 = %b , rd_data_offset_1 = %b , rd_data_offset_2 = %b , pi_dqs_found_rank_done = %b , pi_dqs_found_done = %b , pi_dqs_found_err = %b , rd_data_offset_ranks_0 = %b , rd_data_offset_ranks_1 = %b , rd_data_offset_ranks_2 = %b , dqsfound_retry_done = %b , dqs_found_prech_req = %b , rd_data_offset_ranks_mc_0 = %b , rd_data_offset_ranks_mc_1 = %b , rd_data_offset_ranks_mc_2 = %b , rd_data_offset_cal_done = %b , fine_adjust_done = %b , fine_adjust_lane_cnt = %b , ck_po_stg2_f_indec = %b , ck_po_stg2_f_en = %b , dbg_dqs_found_cal = %b  ", v0x55debaf32390_0, v0x55debaf30ea0_0, v0x55debaf32430_0, v0x55debaf311b0_0, v0x55debaf31830_0, v0x55debaf31010_0, v0x55debaf31aa0_0, v0x55debaf31690_0, v0x55debaf319d0_0, v0x55debaf31900_0, v0x55debaf31b70_0, v0x55debaf31c40_0, v0x55debaf31d10_0, v0x55debaf31760_0, v0x55debaf314f0_0, v0x55debaf315c0_0, v0x55debaf31eb0_0, v0x55debaf31f80_0, v0x55debaf32050_0, v0x55debaf31280_0, v0x55debaf310e0_0, v0x55debaf32120_0, v0x55debaf321f0_0, v0x55debaf322c0_0, v0x55debaf31de0_0, v0x55debaf31350_0, v0x55debaf31420_0, v0x55debaf30e00_0, v0x55debaf30d60_0, v0x55debaf30f40_0 {0 0 0};
    %end;
    .thread T_36;
    .scope S_0x55debaeecc40;
T_37 ;
    %delay 199, 0;
    %vpi_call 2 111 "$finish" {0 0 0};
    %end;
    .thread T_37;
# The file index is used to find the file name in the following table.
:file_names 4;
    "N/A";
    "<interactive>";
    "wavedrom_dataset/testbenches/78_tb.v";
    "wavedrom_dataset/verilog_modules/6.v";
