#! /usr/bin/vvp
:ivl_version "11.0 (stable)";
:ivl_delay_selection "TYPICAL";
:vpi_time_precision + 0;
:vpi_module "/usr/lib/x86_64-linux-gnu/ivl/system.vpi";
:vpi_module "/usr/lib/x86_64-linux-gnu/ivl/vhdl_sys.vpi";
:vpi_module "/usr/lib/x86_64-linux-gnu/ivl/vhdl_textio.vpi";
:vpi_module "/usr/lib/x86_64-linux-gnu/ivl/v2005_math.vpi";
:vpi_module "/usr/lib/x86_64-linux-gnu/ivl/va_math.vpi";
S_0x55db63ce7a60 .scope module, "testbench" "testbench" 2 15;
 .timescale 0 0;
L_0x7f51dd96c018 .functor BUFT 1, C4<x>, C4<0>, C4<0>, C4<0>;
v0x55db63d0b500_0 .net *"_ivl_11", 0 0, L_0x7f51dd96c018;  1 drivers
v0x55db63d0b600_0 .net *"_ivl_13", 14 0, L_0x55db63d0c990;  1 drivers
v0x55db63d0b6e0_0 .net "bench_addr", 31 0, L_0x55db63d0c6e0;  1 drivers
v0x55db63d0b780_0 .net "bench_clk", 0 0, L_0x55db63d0c500;  1 drivers
v0x55db63d0b820_0 .net "bench_din", 31 0, L_0x55db63d0c8f0;  1 drivers
v0x55db63d0b8c0_0 .net "bench_dout", 31 0, v0x55db63d0a720_0;  1 drivers
v0x55db63d0b960_0 .net "bench_drw", 0 0, L_0x55db63d0c7d0;  1 drivers
v0x55db63d0ba00_0 .net "bench_rdy", 0 0, L_0x55db63d0e800;  1 drivers
v0x55db63d0bad0_0 .var "bench_reset", 0 0;
v0x55db63d0bb70_0 .net "bench_rst", 0 0, L_0x55db63d0c5a0;  1 drivers
v0x55db63d0bc40_0 .net "bench_sram_addr", 23 1, L_0x55db63d0e0d0;  1 drivers
L_0x7f51dd96c0a8 .functor BUFT 1, C4<0>, C4<0>, C4<0>, C4<0>;
v0x55db63d0bd10_0 .net "bench_sram_adv", 0 0, L_0x7f51dd96c0a8;  1 drivers
L_0x7f51dd96c138 .functor BUFT 1, C4<0>, C4<0>, C4<0>, C4<0>;
v0x55db63d0bde0_0 .net "bench_sram_ce", 0 0, L_0x7f51dd96c138;  1 drivers
L_0x7f51dd96c060 .functor BUFT 1, C4<0>, C4<0>, C4<0>, C4<0>;
v0x55db63d0beb0_0 .net "bench_sram_clk", 0 0, L_0x7f51dd96c060;  1 drivers
L_0x7f51dd96c0f0 .functor BUFT 1, C4<0>, C4<0>, C4<0>, C4<0>;
v0x55db63d0bf80_0 .net "bench_sram_cre", 0 0, L_0x7f51dd96c0f0;  1 drivers
RS_0x7f51dd9b5888 .resolv tri, L_0x55db63d0ca70, L_0x55db63d0de70;
v0x55db63d0c050_0 .net8 "bench_sram_data", 15 0, RS_0x7f51dd9b5888;  2 drivers
L_0x7f51dd96c210 .functor BUFT 1, C4<0>, C4<0>, C4<0>, C4<0>;
v0x55db63d0c120_0 .net "bench_sram_lb", 0 0, L_0x7f51dd96c210;  1 drivers
L_0x7f51dd96c180 .functor BUFT 1, C4<0>, C4<0>, C4<0>, C4<0>;
v0x55db63d0c1f0_0 .net "bench_sram_oe", 0 0, L_0x7f51dd96c180;  1 drivers
L_0x7f51dd96c1c8 .functor BUFT 1, C4<0>, C4<0>, C4<0>, C4<0>;
v0x55db63d0c2c0_0 .net "bench_sram_ub", 0 0, L_0x7f51dd96c1c8;  1 drivers
v0x55db63d0c390_0 .net "bench_sram_we", 0 0, L_0x55db63d0e620;  1 drivers
v0x55db63d0c460_0 .var "indata_array", 0 81;
L_0x55db63d0c500 .part v0x55db63d0c460_0, 81, 1;
L_0x55db63d0c5a0 .part v0x55db63d0c460_0, 80, 1;
L_0x55db63d0c6e0 .part v0x55db63d0c460_0, 48, 32;
L_0x55db63d0c7d0 .part v0x55db63d0c460_0, 47, 1;
L_0x55db63d0c8f0 .part v0x55db63d0c460_0, 15, 32;
L_0x55db63d0c990 .part v0x55db63d0c460_0, 0, 15;
L_0x55db63d0ca70 .concat [ 1 15 0 0], L_0x7f51dd96c018, L_0x55db63d0c990;
S_0x55db63ce7bf0 .scope module, "inst" "sram_interface" 2 57, 3 1 0, S_0x55db63ce7a60;
 .timescale 0 0;
    .port_info 0 /INPUT 1 "rst";
    .port_info 1 /INPUT 1 "clk";
    .port_info 2 /INPUT 32 "addr";
    .port_info 3 /INPUT 1 "drw";
    .port_info 4 /INPUT 32 "din";
    .port_info 5 /OUTPUT 32 "dout";
    .port_info 6 /OUTPUT 1 "rdy";
    .port_info 7 /OUTPUT 1 "sram_clk";
    .port_info 8 /OUTPUT 1 "sram_adv";
    .port_info 9 /OUTPUT 1 "sram_cre";
    .port_info 10 /OUTPUT 1 "sram_ce";
    .port_info 11 /OUTPUT 1 "sram_oe";
    .port_info 12 /OUTPUT 1 "sram_we";
    .port_info 13 /OUTPUT 1 "sram_lb";
    .port_info 14 /OUTPUT 1 "sram_ub";
    .port_info 15 /INOUT 16 "sram_data";
    .port_info 16 /OUTPUT 23 "sram_addr";
L_0x55db63ce5b40 .functor OR 1, L_0x55db63d0ce80, L_0x55db63d0cf20, C4<0>, C4<0>;
L_0x55db63ce5bb0 .functor OR 1, L_0x55db63ce5b40, L_0x55db63d0d100, C4<0>, C4<0>;
L_0x55db63d0d7d0 .functor OR 1, L_0x55db63d0d5f0, L_0x55db63d0d690, C4<0>, C4<0>;
L_0x55db63d0d9d0 .functor OR 1, L_0x55db63d0d7d0, L_0x55db63d0d8e0, C4<0>, C4<0>;
L_0x55db63d0ddb0 .functor AND 1, L_0x55db63d0c7d0, L_0x55db63d0e260, C4<1>, C4<1>;
L_0x55db63d0e4d0 .functor AND 1, L_0x55db63d0ddb0, L_0x55db63d0e3e0, C4<1>, C4<1>;
v0x55db63ccce30_0 .net "UL", 0 0, L_0x55db63d0d420;  1 drivers
L_0x7f51dd96c258 .functor BUFT 1, C4<000>, C4<0>, C4<0>, C4<0>;
v0x55db63ce5d20_0 .net/2u *"_ivl_14", 2 0, L_0x7f51dd96c258;  1 drivers
v0x55db63ce5dc0_0 .net *"_ivl_16", 0 0, L_0x55db63d0ce80;  1 drivers
L_0x7f51dd96c2a0 .functor BUFT 1, C4<001>, C4<0>, C4<0>, C4<0>;
v0x55db63d08c20_0 .net/2u *"_ivl_18", 2 0, L_0x7f51dd96c2a0;  1 drivers
v0x55db63d08d00_0 .net *"_ivl_20", 0 0, L_0x55db63d0cf20;  1 drivers
v0x55db63d08dc0_0 .net *"_ivl_23", 0 0, L_0x55db63ce5b40;  1 drivers
L_0x7f51dd96c2e8 .functor BUFT 1, C4<010>, C4<0>, C4<0>, C4<0>;
v0x55db63d08e80_0 .net/2u *"_ivl_24", 2 0, L_0x7f51dd96c2e8;  1 drivers
v0x55db63d08f60_0 .net *"_ivl_26", 0 0, L_0x55db63d0d100;  1 drivers
v0x55db63d09020_0 .net *"_ivl_29", 0 0, L_0x55db63ce5bb0;  1 drivers
L_0x7f51dd96c330 .functor BUFT 1, C4<00>, C4<0>, C4<0>, C4<0>;
v0x55db63d090e0_0 .net/2s *"_ivl_30", 1 0, L_0x7f51dd96c330;  1 drivers
L_0x7f51dd96c378 .functor BUFT 1, C4<01>, C4<0>, C4<0>, C4<0>;
v0x55db63d091c0_0 .net/2s *"_ivl_32", 1 0, L_0x7f51dd96c378;  1 drivers
v0x55db63d092a0_0 .net *"_ivl_34", 1 0, L_0x55db63d0d290;  1 drivers
v0x55db63d09380_0 .net *"_ivl_39", 0 0, L_0x55db63d0d510;  1 drivers
o0x7f51dd9b5288 .functor BUFZ 16, C4<zzzzzzzzzzzzzzzz>; HiZ drive
; Elide local net with no drivers, v0x55db63d09440_0 name=_ivl_40
L_0x7f51dd96c3c0 .functor BUFT 1, C4<000>, C4<0>, C4<0>, C4<0>;
v0x55db63d09520_0 .net/2u *"_ivl_42", 2 0, L_0x7f51dd96c3c0;  1 drivers
v0x55db63d09600_0 .net *"_ivl_44", 0 0, L_0x55db63d0d5f0;  1 drivers
L_0x7f51dd96c408 .functor BUFT 1, C4<001>, C4<0>, C4<0>, C4<0>;
v0x55db63d096c0_0 .net/2u *"_ivl_46", 2 0, L_0x7f51dd96c408;  1 drivers
v0x55db63d097a0_0 .net *"_ivl_48", 0 0, L_0x55db63d0d690;  1 drivers
v0x55db63d09860_0 .net *"_ivl_51", 0 0, L_0x55db63d0d7d0;  1 drivers
L_0x7f51dd96c450 .functor BUFT 1, C4<010>, C4<0>, C4<0>, C4<0>;
v0x55db63d09920_0 .net/2u *"_ivl_52", 2 0, L_0x7f51dd96c450;  1 drivers
v0x55db63d09a00_0 .net *"_ivl_54", 0 0, L_0x55db63d0d8e0;  1 drivers
v0x55db63d09ac0_0 .net *"_ivl_57", 0 0, L_0x55db63d0d9d0;  1 drivers
v0x55db63d09b80_0 .net *"_ivl_59", 15 0, L_0x55db63d0dae0;  1 drivers
v0x55db63d09c60_0 .net *"_ivl_61", 15 0, L_0x55db63d0dbe0;  1 drivers
v0x55db63d09d40_0 .net *"_ivl_62", 15 0, L_0x55db63d0dd10;  1 drivers
v0x55db63d09e20_0 .net *"_ivl_67", 21 0, L_0x55db63d0dfb0;  1 drivers
L_0x7f51dd96c498 .functor BUFT 1, C4<010>, C4<0>, C4<0>, C4<0>;
v0x55db63d09f00_0 .net/2u *"_ivl_70", 2 0, L_0x7f51dd96c498;  1 drivers
v0x55db63d09fe0_0 .net *"_ivl_72", 0 0, L_0x55db63d0e260;  1 drivers
v0x55db63d0a0a0_0 .net *"_ivl_75", 0 0, L_0x55db63d0ddb0;  1 drivers
L_0x7f51dd96c4e0 .functor BUFT 1, C4<100>, C4<0>, C4<0>, C4<0>;
v0x55db63d0a160_0 .net/2u *"_ivl_76", 2 0, L_0x7f51dd96c4e0;  1 drivers
v0x55db63d0a240_0 .net *"_ivl_78", 0 0, L_0x55db63d0e3e0;  1 drivers
v0x55db63d0a300_0 .net *"_ivl_81", 0 0, L_0x55db63d0e4d0;  1 drivers
L_0x7f51dd96c528 .functor BUFT 1, C4<000>, C4<0>, C4<0>, C4<0>;
v0x55db63d0a3c0_0 .net/2u *"_ivl_84", 2 0, L_0x7f51dd96c528;  1 drivers
v0x55db63d0a4a0_0 .net "addr", 31 0, L_0x55db63d0c6e0;  alias, 1 drivers
v0x55db63d0a580_0 .net "clk", 0 0, L_0x55db63d0c500;  alias, 1 drivers
v0x55db63d0a640_0 .net "din", 31 0, L_0x55db63d0c8f0;  alias, 1 drivers
v0x55db63d0a720_0 .var "dout", 31 0;
v0x55db63d0a800_0 .net "drw", 0 0, L_0x55db63d0c7d0;  alias, 1 drivers
v0x55db63d0a8c0_0 .net "rdy", 0 0, L_0x55db63d0e800;  alias, 1 drivers
v0x55db63d0a980_0 .net "rst", 0 0, L_0x55db63d0c5a0;  alias, 1 drivers
v0x55db63d0aa40_0 .net "sram_addr", 23 1, L_0x55db63d0e0d0;  alias, 1 drivers
v0x55db63d0ab20_0 .net "sram_adv", 0 0, L_0x7f51dd96c0a8;  alias, 1 drivers
v0x55db63d0abe0_0 .net "sram_ce", 0 0, L_0x7f51dd96c138;  alias, 1 drivers
v0x55db63d0aca0_0 .net "sram_clk", 0 0, L_0x7f51dd96c060;  alias, 1 drivers
v0x55db63d0ad60_0 .net "sram_cre", 0 0, L_0x7f51dd96c0f0;  alias, 1 drivers
v0x55db63d0ae20_0 .net8 "sram_data", 15 0, RS_0x7f51dd9b5888;  alias, 2 drivers
v0x55db63d0af00_0 .net "sram_lb", 0 0, L_0x7f51dd96c210;  alias, 1 drivers
v0x55db63d0afc0_0 .net "sram_oe", 0 0, L_0x7f51dd96c180;  alias, 1 drivers
v0x55db63d0b080_0 .net "sram_ub", 0 0, L_0x7f51dd96c1c8;  alias, 1 drivers
v0x55db63d0b140_0 .net "sram_we", 0 0, L_0x55db63d0e620;  alias, 1 drivers
v0x55db63d0b200_0 .var "state", 2 0;
E_0x55db63cd7f60 .event posedge, v0x55db63d0a580_0;
L_0x55db63d0ce80 .cmp/eq 3, v0x55db63d0b200_0, L_0x7f51dd96c258;
L_0x55db63d0cf20 .cmp/eq 3, v0x55db63d0b200_0, L_0x7f51dd96c2a0;
L_0x55db63d0d100 .cmp/eq 3, v0x55db63d0b200_0, L_0x7f51dd96c2e8;
L_0x55db63d0d290 .functor MUXZ 2, L_0x7f51dd96c378, L_0x7f51dd96c330, L_0x55db63ce5bb0, C4<>;
L_0x55db63d0d420 .part L_0x55db63d0d290, 0, 1;
L_0x55db63d0d510 .reduce/nor L_0x55db63d0c7d0;
L_0x55db63d0d5f0 .cmp/eq 3, v0x55db63d0b200_0, L_0x7f51dd96c3c0;
L_0x55db63d0d690 .cmp/eq 3, v0x55db63d0b200_0, L_0x7f51dd96c408;
L_0x55db63d0d8e0 .cmp/eq 3, v0x55db63d0b200_0, L_0x7f51dd96c450;
L_0x55db63d0dae0 .part L_0x55db63d0c8f0, 16, 16;
L_0x55db63d0dbe0 .part L_0x55db63d0c8f0, 0, 16;
L_0x55db63d0dd10 .functor MUXZ 16, L_0x55db63d0dbe0, L_0x55db63d0dae0, L_0x55db63d0d9d0, C4<>;
L_0x55db63d0de70 .functor MUXZ 16, L_0x55db63d0dd10, o0x7f51dd9b5288, L_0x55db63d0d510, C4<>;
L_0x55db63d0dfb0 .part L_0x55db63d0c6e0, 2, 22;
L_0x55db63d0e0d0 .concat [ 1 22 0 0], L_0x55db63d0d420, L_0x55db63d0dfb0;
L_0x55db63d0e260 .cmp/ne 3, v0x55db63d0b200_0, L_0x7f51dd96c498;
L_0x55db63d0e3e0 .cmp/ne 3, v0x55db63d0b200_0, L_0x7f51dd96c4e0;
L_0x55db63d0e620 .reduce/nor L_0x55db63d0e4d0;
L_0x55db63d0e800 .cmp/eq 3, v0x55db63d0b200_0, L_0x7f51dd96c528;
    .scope S_0x55db63ce7bf0;
T_0 ;
    %pushi/vec4 0, 0, 3;
    %store/vec4 v0x55db63d0b200_0, 0, 3;
    %end;
    .thread T_0;
    .scope S_0x55db63ce7bf0;
T_1 ;
    %wait E_0x55db63cd7f60;
    %load/vec4 v0x55db63d0a980_0;
    %nor/r;
    %flag_set/vec4 8;
    %jmp/0xz  T_1.0, 8;
    %load/vec4 v0x55db63d0b200_0;
    %cmpi/e 2, 0, 3;
    %jmp/0xz  T_1.2, 4;
    %load/vec4 v0x55db63d0ae20_0;
    %ix/load 4, 16, 0;
    %ix/load 5, 0, 0;
    %flag_set/imm 4, 0;
    %assign/vec4/off/d v0x55db63d0a720_0, 4, 5;
T_1.2 ;
    %load/vec4 v0x55db63d0b200_0;
    %cmpi/e 4, 0, 3;
    %jmp/0xz  T_1.4, 4;
    %load/vec4 v0x55db63d0ae20_0;
    %ix/load 4, 0, 0;
    %ix/load 5, 0, 0;
    %flag_set/imm 4, 0;
    %assign/vec4/off/d v0x55db63d0a720_0, 4, 5;
T_1.4 ;
    %load/vec4 v0x55db63d0b200_0;
    %pushi/vec4 5, 0, 3;
    %cmp/e;
    %flag_get/vec4 4;
    %load/vec4 v0x55db63d0a800_0;
    %and;
    %flag_set/vec4 8;
    %load/vec4 v0x55db63d0b200_0;
    %pushi/vec4 4, 0, 3;
    %cmp/e;
    %flag_get/vec4 4;
    %load/vec4 v0x55db63d0a800_0;
    %nor/r;
    %and;
    %flag_set/vec4 9;
    %flag_or 9, 8;
    %jmp/0xz  T_1.6, 9;
    %pushi/vec4 0, 0, 3;
    %assign/vec4 v0x55db63d0b200_0, 0;
    %jmp T_1.7;
T_1.6 ;
    %load/vec4 v0x55db63d0b200_0;
    %addi 1, 0, 3;
    %assign/vec4 v0x55db63d0b200_0, 0;
T_1.7 ;
    %jmp T_1.1;
T_1.0 ;
    %pushi/vec4 0, 0, 3;
    %assign/vec4 v0x55db63d0b200_0, 0;
T_1.1 ;
    %jmp T_1;
    .thread T_1;
    .scope S_0x55db63ce7a60;
T_2 ;
    %vpi_call 2 47 "$dumpfile", "79.vcd" {0 0 0};
    %vpi_call 2 48 "$dumpvars", 32'sb00000000000000000000000000000001, S_0x55db63ce7a60 {0 0 0};
    %delay 10, 0;
    %pushi/vec4 0, 0, 1;
    %store/vec4 v0x55db63d0bad0_0, 0, 1;
    %end;
    .thread T_2;
    .scope S_0x55db63ce7a60;
T_3 ;
    %delay 5, 0;
    %vpi_func 2 54 "$random" 32 {0 0 0};
    %pad/s 82;
    %store/vec4 v0x55db63d0c460_0, 0, 82;
    %jmp T_3;
    .thread T_3;
    .scope S_0x55db63ce7a60;
T_4 ;
    %vpi_call 2 79 "$monitor", $time, " bench_reset = %b, clk = %b , rst = %b , addr = %b , drw = %b , din = %b , sram_data = %b , dout = %b , rdy = %b , sram_clk = %b , sram_adv = %b , sram_cre = %b , sram_ce = %b , sram_oe = %b , sram_lb = %b , sram_ub = %b , sram_addr = %b , sram_we = %b  ", v0x55db63d0bad0_0, v0x55db63d0b780_0, v0x55db63d0bb70_0, v0x55db63d0b6e0_0, v0x55db63d0b960_0, v0x55db63d0b820_0, v0x55db63d0c050_0, v0x55db63d0b8c0_0, v0x55db63d0ba00_0, v0x55db63d0beb0_0, v0x55db63d0bd10_0, v0x55db63d0bf80_0, v0x55db63d0bde0_0, v0x55db63d0c1f0_0, v0x55db63d0c120_0, v0x55db63d0c2c0_0, v0x55db63d0bc40_0, v0x55db63d0c390_0 {0 0 0};
    %end;
    .thread T_4;
    .scope S_0x55db63ce7a60;
T_5 ;
    %delay 199, 0;
    %vpi_call 2 85 "$finish" {0 0 0};
    %end;
    .thread T_5;
# The file index is used to find the file name in the following table.
:file_names 4;
    "N/A";
    "<interactive>";
    "wavedrom_dataset/testbenches/79_tb.v";
    "wavedrom_dataset/verilog_modules/8.v";
