#! /usr/bin/vvp
:ivl_version "11.0 (stable)";
:ivl_delay_selection "TYPICAL";
:vpi_time_precision + 0;
:vpi_module "/usr/lib/x86_64-linux-gnu/ivl/system.vpi";
:vpi_module "/usr/lib/x86_64-linux-gnu/ivl/vhdl_sys.vpi";
:vpi_module "/usr/lib/x86_64-linux-gnu/ivl/vhdl_textio.vpi";
:vpi_module "/usr/lib/x86_64-linux-gnu/ivl/v2005_math.vpi";
:vpi_module "/usr/lib/x86_64-linux-gnu/ivl/va_math.vpi";
S_0x5630588300d0 .scope module, "testbench" "testbench" 2 15;
 .timescale 0 0;
v0x5630588516c0_0 .net "bench_A", 63 0, L_0x563058851b20;  1 drivers
v0x5630588517a0_0 .net "bench_B", 50 0, L_0x563058851c10;  1 drivers
v0x563058851840_0 .net "bench_Qout", 15 0, v0x56305884e990_0;  1 drivers
v0x563058851910_0 .net "bench_clk", 0 0, L_0x563058851d50;  1 drivers
v0x5630588519e0_0 .var "bench_reset", 0 0;
v0x563058851a80_0 .var "indata_array", 0 115;
L_0x563058851b20 .part v0x563058851a80_0, 52, 64;
L_0x563058851c10 .part v0x563058851a80_0, 1, 51;
L_0x563058851d50 .part v0x563058851a80_0, 0, 1;
S_0x563058820850 .scope module, "inst" "divide64x16x51x16" 2 41, 3 1 0, S_0x5630588300d0;
 .timescale 0 0;
    .port_info 0 /INPUT 1 "reset";
    .port_info 1 /INPUT 64 "A";
    .port_info 2 /INPUT 51 "B";
    .port_info 3 /OUTPUT 16 "Qout";
    .port_info 4 /INPUT 1 "clk";
v0x563058820a30_0 .net "A", 63 0, L_0x563058851b20;  alias, 1 drivers
v0x56305884e8b0_0 .net "B", 50 0, L_0x563058851c10;  alias, 1 drivers
v0x56305884e990_0 .var "Qout", 15 0;
v0x56305884ea50_0 .var "bp0", 50 0;
v0x56305884eb30_0 .var "bp1", 50 0;
v0x56305884ec60_0 .var "bp10", 50 0;
v0x56305884ed40_0 .var "bp11", 50 0;
v0x56305884ee20_0 .var "bp12", 50 0;
v0x56305884ef00_0 .var "bp13", 50 0;
v0x56305884efe0_0 .var "bp14", 50 0;
v0x56305884f0c0_0 .var "bp15", 50 0;
v0x56305884f1a0_0 .var "bp2", 50 0;
v0x56305884f280_0 .var "bp3", 50 0;
v0x56305884f360_0 .var "bp4", 50 0;
v0x56305884f440_0 .var "bp5", 50 0;
v0x56305884f520_0 .var "bp6", 50 0;
v0x56305884f600_0 .var "bp7", 50 0;
v0x56305884f6e0_0 .var "bp8", 50 0;
v0x56305884f7c0_0 .var "bp9", 50 0;
v0x56305884f8a0_0 .var "c0", 79 0;
v0x56305884f980_0 .var "c1", 79 0;
v0x56305884fa60_0 .var "c10", 79 0;
v0x56305884fb40_0 .var "c11", 79 0;
v0x56305884fc20_0 .var "c12", 79 0;
v0x56305884fd00_0 .var "c13", 79 0;
v0x56305884fde0_0 .var "c14", 79 0;
v0x56305884fec0_0 .var "c15", 79 0;
v0x56305884ffa0_0 .var "c2", 79 0;
v0x563058850080_0 .var "c3", 79 0;
v0x563058850160_0 .var "c4", 79 0;
v0x563058850240_0 .var "c5", 79 0;
v0x563058850320_0 .var "c6", 79 0;
v0x563058850400_0 .var "c7", 79 0;
v0x5630588504e0_0 .var "c8", 79 0;
v0x5630588505c0_0 .var "c9", 79 0;
v0x5630588506a0_0 .net "clk", 0 0, L_0x563058851d50;  alias, 1 drivers
v0x563058850760_0 .var "q0", 15 0;
v0x563058850840_0 .var "q1", 15 0;
v0x563058850920_0 .var "q10", 15 0;
v0x563058850a00_0 .var "q11", 15 0;
v0x563058850ae0_0 .var "q12", 15 0;
v0x563058850bc0_0 .var "q13", 15 0;
v0x563058850ca0_0 .var "q14", 15 0;
v0x563058850d80_0 .var "q15", 15 0;
v0x563058850e60_0 .var "q2", 15 0;
v0x563058850f40_0 .var "q3", 15 0;
v0x563058851020_0 .var "q4", 15 0;
v0x563058851100_0 .var "q5", 15 0;
v0x5630588511e0_0 .var "q6", 15 0;
v0x5630588512c0_0 .var "q7", 15 0;
v0x5630588513a0_0 .var "q8", 15 0;
v0x563058851480_0 .var "q9", 15 0;
v0x563058851560_0 .net "reset", 0 0, v0x5630588519e0_0;  1 drivers
E_0x5630587edba0/0 .event negedge, v0x563058851560_0;
E_0x5630587edba0/1 .event posedge, v0x5630588506a0_0;
E_0x5630587edba0 .event/or E_0x5630587edba0/0, E_0x5630587edba0/1;
    .scope S_0x563058820850;
T_0 ;
    %wait E_0x5630587edba0;
    %load/vec4 v0x563058851560_0;
    %cmpi/e 0, 0, 1;
    %jmp/0xz  T_0.0, 4;
    %pushi/vec4 0, 0, 80;
    %assign/vec4 v0x56305884f8a0_0, 0;
    %pushi/vec4 0, 0, 80;
    %assign/vec4 v0x56305884f980_0, 0;
    %pushi/vec4 0, 0, 80;
    %assign/vec4 v0x56305884ffa0_0, 0;
    %pushi/vec4 0, 0, 80;
    %assign/vec4 v0x563058850080_0, 0;
    %pushi/vec4 0, 0, 80;
    %assign/vec4 v0x563058850160_0, 0;
    %pushi/vec4 0, 0, 80;
    %assign/vec4 v0x563058850240_0, 0;
    %pushi/vec4 0, 0, 80;
    %assign/vec4 v0x563058850320_0, 0;
    %pushi/vec4 0, 0, 80;
    %assign/vec4 v0x563058850400_0, 0;
    %pushi/vec4 0, 0, 80;
    %assign/vec4 v0x5630588504e0_0, 0;
    %pushi/vec4 0, 0, 80;
    %assign/vec4 v0x5630588505c0_0, 0;
    %pushi/vec4 0, 0, 80;
    %assign/vec4 v0x56305884fa60_0, 0;
    %pushi/vec4 0, 0, 80;
    %assign/vec4 v0x56305884fb40_0, 0;
    %pushi/vec4 0, 0, 80;
    %assign/vec4 v0x56305884fc20_0, 0;
    %pushi/vec4 0, 0, 80;
    %assign/vec4 v0x56305884fd00_0, 0;
    %pushi/vec4 0, 0, 80;
    %assign/vec4 v0x56305884fde0_0, 0;
    %pushi/vec4 0, 0, 80;
    %assign/vec4 v0x56305884fec0_0, 0;
    %pushi/vec4 0, 0, 16;
    %assign/vec4 v0x563058850760_0, 0;
    %pushi/vec4 0, 0, 16;
    %assign/vec4 v0x563058850840_0, 0;
    %pushi/vec4 0, 0, 16;
    %assign/vec4 v0x563058850e60_0, 0;
    %pushi/vec4 0, 0, 16;
    %assign/vec4 v0x563058850f40_0, 0;
    %pushi/vec4 0, 0, 16;
    %assign/vec4 v0x563058851020_0, 0;
    %pushi/vec4 0, 0, 16;
    %assign/vec4 v0x563058851100_0, 0;
    %pushi/vec4 0, 0, 16;
    %assign/vec4 v0x5630588511e0_0, 0;
    %pushi/vec4 0, 0, 16;
    %assign/vec4 v0x5630588512c0_0, 0;
    %pushi/vec4 0, 0, 16;
    %assign/vec4 v0x5630588513a0_0, 0;
    %pushi/vec4 0, 0, 16;
    %assign/vec4 v0x563058851480_0, 0;
    %pushi/vec4 0, 0, 16;
    %assign/vec4 v0x563058850920_0, 0;
    %pushi/vec4 0, 0, 16;
    %assign/vec4 v0x563058850a00_0, 0;
    %pushi/vec4 0, 0, 16;
    %assign/vec4 v0x563058850ae0_0, 0;
    %pushi/vec4 0, 0, 16;
    %assign/vec4 v0x563058850bc0_0, 0;
    %pushi/vec4 0, 0, 16;
    %assign/vec4 v0x563058850ca0_0, 0;
    %pushi/vec4 0, 0, 51;
    %assign/vec4 v0x56305884ea50_0, 0;
    %pushi/vec4 0, 0, 51;
    %assign/vec4 v0x56305884eb30_0, 0;
    %pushi/vec4 0, 0, 51;
    %assign/vec4 v0x56305884f1a0_0, 0;
    %pushi/vec4 0, 0, 51;
    %assign/vec4 v0x56305884f280_0, 0;
    %pushi/vec4 0, 0, 51;
    %assign/vec4 v0x56305884f360_0, 0;
    %pushi/vec4 0, 0, 51;
    %assign/vec4 v0x56305884f440_0, 0;
    %pushi/vec4 0, 0, 51;
    %assign/vec4 v0x56305884f520_0, 0;
    %pushi/vec4 0, 0, 51;
    %assign/vec4 v0x56305884f600_0, 0;
    %pushi/vec4 0, 0, 51;
    %assign/vec4 v0x56305884f6e0_0, 0;
    %pushi/vec4 0, 0, 51;
    %assign/vec4 v0x56305884f7c0_0, 0;
    %pushi/vec4 0, 0, 51;
    %assign/vec4 v0x56305884ec60_0, 0;
    %pushi/vec4 0, 0, 51;
    %assign/vec4 v0x56305884ed40_0, 0;
    %pushi/vec4 0, 0, 51;
    %assign/vec4 v0x56305884ee20_0, 0;
    %pushi/vec4 0, 0, 51;
    %assign/vec4 v0x56305884ef00_0, 0;
    %pushi/vec4 0, 0, 51;
    %assign/vec4 v0x56305884efe0_0, 0;
    %pushi/vec4 0, 0, 51;
    %assign/vec4 v0x56305884f0c0_0, 0;
    %jmp T_0.1;
T_0.0 ;
    %load/vec4 v0x563058820a30_0;
    %ix/load 4, 16, 0;
    %ix/load 5, 0, 0;
    %flag_set/imm 4, 0;
    %assign/vec4/off/d v0x56305884f8a0_0, 4, 5;
    %pushi/vec4 0, 0, 16;
    %ix/load 4, 0, 0;
    %ix/load 5, 0, 0;
    %flag_set/imm 4, 0;
    %assign/vec4/off/d v0x56305884f8a0_0, 4, 5;
    %pushi/vec4 0, 0, 16;
    %assign/vec4 v0x563058850760_0, 0;
    %load/vec4 v0x56305884e8b0_0;
    %assign/vec4 v0x56305884ea50_0, 0;
    %load/vec4 v0x56305884ea50_0;
    %assign/vec4 v0x56305884eb30_0, 0;
    %load/vec4 v0x56305884eb30_0;
    %assign/vec4 v0x56305884f1a0_0, 0;
    %load/vec4 v0x56305884f1a0_0;
    %assign/vec4 v0x56305884f280_0, 0;
    %load/vec4 v0x56305884f280_0;
    %assign/vec4 v0x56305884f360_0, 0;
    %load/vec4 v0x56305884f360_0;
    %assign/vec4 v0x56305884f440_0, 0;
    %load/vec4 v0x56305884f440_0;
    %assign/vec4 v0x56305884f520_0, 0;
    %load/vec4 v0x56305884f520_0;
    %assign/vec4 v0x56305884f600_0, 0;
    %load/vec4 v0x56305884f600_0;
    %assign/vec4 v0x56305884f6e0_0, 0;
    %load/vec4 v0x56305884f6e0_0;
    %assign/vec4 v0x56305884f7c0_0, 0;
    %load/vec4 v0x56305884f7c0_0;
    %assign/vec4 v0x56305884ec60_0, 0;
    %load/vec4 v0x56305884ec60_0;
    %assign/vec4 v0x56305884ed40_0, 0;
    %load/vec4 v0x56305884ed40_0;
    %assign/vec4 v0x56305884ee20_0, 0;
    %load/vec4 v0x56305884ee20_0;
    %assign/vec4 v0x56305884ef00_0, 0;
    %load/vec4 v0x56305884ef00_0;
    %assign/vec4 v0x56305884efe0_0, 0;
    %load/vec4 v0x56305884efe0_0;
    %assign/vec4 v0x56305884f0c0_0, 0;
    %load/vec4 v0x56305884ea50_0;
    %parti/s 48, 0, 2;
    %pad/u 65;
    %load/vec4 v0x56305884f8a0_0;
    %parti/s 65, 15, 5;
    %cmp/u;
    %flag_or 5, 4;
    %jmp/0xz  T_0.2, 5;
    %load/vec4 v0x563058850760_0;
    %parti/s 15, 0, 2;
    %concati/vec4 1, 0, 1;
    %assign/vec4 v0x563058850840_0, 0;
    %load/vec4 v0x56305884f8a0_0;
    %parti/s 65, 15, 5;
    %load/vec4 v0x56305884ea50_0;
    %parti/s 48, 0, 2;
    %pad/u 65;
    %sub;
    %load/vec4 v0x56305884f8a0_0;
    %parti/s 15, 0, 2;
    %concat/vec4; draw_concat_vec4
    %assign/vec4 v0x56305884f980_0, 0;
    %jmp T_0.3;
T_0.2 ;
    %load/vec4 v0x563058850760_0;
    %parti/s 15, 0, 2;
    %concati/vec4 0, 0, 1;
    %assign/vec4 v0x563058850840_0, 0;
    %load/vec4 v0x56305884f8a0_0;
    %assign/vec4 v0x56305884f980_0, 0;
T_0.3 ;
    %load/vec4 v0x56305884eb30_0;
    %parti/s 48, 0, 2;
    %pad/u 66;
    %load/vec4 v0x56305884f980_0;
    %parti/s 66, 14, 5;
    %cmp/u;
    %flag_or 5, 4;
    %jmp/0xz  T_0.4, 5;
    %load/vec4 v0x563058850840_0;
    %parti/s 15, 0, 2;
    %concati/vec4 1, 0, 1;
    %assign/vec4 v0x563058850e60_0, 0;
    %load/vec4 v0x56305884f980_0;
    %parti/s 66, 14, 5;
    %load/vec4 v0x56305884eb30_0;
    %parti/s 48, 0, 2;
    %pad/u 66;
    %sub;
    %load/vec4 v0x56305884f980_0;
    %parti/s 14, 0, 2;
    %concat/vec4; draw_concat_vec4
    %assign/vec4 v0x56305884ffa0_0, 0;
    %jmp T_0.5;
T_0.4 ;
    %load/vec4 v0x563058850840_0;
    %parti/s 15, 0, 2;
    %concati/vec4 0, 0, 1;
    %assign/vec4 v0x563058850e60_0, 0;
    %load/vec4 v0x56305884f980_0;
    %assign/vec4 v0x56305884ffa0_0, 0;
T_0.5 ;
    %load/vec4 v0x56305884f1a0_0;
    %parti/s 48, 0, 2;
    %pad/u 67;
    %load/vec4 v0x56305884ffa0_0;
    %parti/s 67, 13, 5;
    %cmp/u;
    %flag_or 5, 4;
    %jmp/0xz  T_0.6, 5;
    %load/vec4 v0x563058850e60_0;
    %parti/s 15, 0, 2;
    %concati/vec4 1, 0, 1;
    %assign/vec4 v0x563058850f40_0, 0;
    %load/vec4 v0x56305884ffa0_0;
    %parti/s 67, 13, 5;
    %load/vec4 v0x56305884f1a0_0;
    %parti/s 48, 0, 2;
    %pad/u 67;
    %sub;
    %load/vec4 v0x56305884ffa0_0;
    %parti/s 13, 0, 2;
    %concat/vec4; draw_concat_vec4
    %assign/vec4 v0x563058850080_0, 0;
    %jmp T_0.7;
T_0.6 ;
    %load/vec4 v0x563058850e60_0;
    %parti/s 15, 0, 2;
    %concati/vec4 0, 0, 1;
    %assign/vec4 v0x563058850f40_0, 0;
    %load/vec4 v0x56305884ffa0_0;
    %assign/vec4 v0x563058850080_0, 0;
T_0.7 ;
    %load/vec4 v0x56305884f280_0;
    %parti/s 48, 0, 2;
    %pad/u 68;
    %load/vec4 v0x563058850080_0;
    %parti/s 68, 12, 5;
    %cmp/u;
    %flag_or 5, 4;
    %jmp/0xz  T_0.8, 5;
    %load/vec4 v0x563058850f40_0;
    %parti/s 15, 0, 2;
    %concati/vec4 1, 0, 1;
    %assign/vec4 v0x563058851020_0, 0;
    %load/vec4 v0x563058850080_0;
    %parti/s 68, 12, 5;
    %load/vec4 v0x56305884f280_0;
    %parti/s 48, 0, 2;
    %pad/u 68;
    %sub;
    %load/vec4 v0x563058850080_0;
    %parti/s 12, 0, 2;
    %concat/vec4; draw_concat_vec4
    %assign/vec4 v0x563058850160_0, 0;
    %jmp T_0.9;
T_0.8 ;
    %load/vec4 v0x563058850f40_0;
    %parti/s 15, 0, 2;
    %concati/vec4 0, 0, 1;
    %assign/vec4 v0x563058851020_0, 0;
    %load/vec4 v0x563058850080_0;
    %assign/vec4 v0x563058850160_0, 0;
T_0.9 ;
    %load/vec4 v0x56305884f360_0;
    %parti/s 48, 0, 2;
    %pad/u 69;
    %load/vec4 v0x563058850160_0;
    %parti/s 69, 11, 5;
    %cmp/u;
    %flag_or 5, 4;
    %jmp/0xz  T_0.10, 5;
    %load/vec4 v0x563058851020_0;
    %parti/s 15, 0, 2;
    %concati/vec4 1, 0, 1;
    %assign/vec4 v0x563058851100_0, 0;
    %load/vec4 v0x563058850160_0;
    %parti/s 69, 11, 5;
    %load/vec4 v0x56305884f360_0;
    %parti/s 48, 0, 2;
    %pad/u 69;
    %sub;
    %load/vec4 v0x563058850160_0;
    %parti/s 11, 0, 2;
    %concat/vec4; draw_concat_vec4
    %assign/vec4 v0x563058850240_0, 0;
    %jmp T_0.11;
T_0.10 ;
    %load/vec4 v0x563058851020_0;
    %parti/s 15, 0, 2;
    %concati/vec4 0, 0, 1;
    %assign/vec4 v0x563058851100_0, 0;
    %load/vec4 v0x563058850160_0;
    %assign/vec4 v0x563058850240_0, 0;
T_0.11 ;
    %load/vec4 v0x56305884f440_0;
    %parti/s 48, 0, 2;
    %pad/u 70;
    %load/vec4 v0x563058850240_0;
    %parti/s 70, 10, 5;
    %cmp/u;
    %flag_or 5, 4;
    %jmp/0xz  T_0.12, 5;
    %load/vec4 v0x563058851100_0;
    %parti/s 15, 0, 2;
    %concati/vec4 1, 0, 1;
    %assign/vec4 v0x5630588511e0_0, 0;
    %load/vec4 v0x563058850240_0;
    %parti/s 70, 10, 5;
    %load/vec4 v0x56305884f440_0;
    %parti/s 48, 0, 2;
    %pad/u 70;
    %sub;
    %load/vec4 v0x563058850240_0;
    %parti/s 10, 0, 2;
    %concat/vec4; draw_concat_vec4
    %assign/vec4 v0x563058850320_0, 0;
    %jmp T_0.13;
T_0.12 ;
    %load/vec4 v0x563058851100_0;
    %parti/s 15, 0, 2;
    %concati/vec4 0, 0, 1;
    %assign/vec4 v0x5630588511e0_0, 0;
    %load/vec4 v0x563058850240_0;
    %assign/vec4 v0x563058850320_0, 0;
T_0.13 ;
    %load/vec4 v0x56305884f520_0;
    %parti/s 48, 0, 2;
    %pad/u 71;
    %load/vec4 v0x563058850320_0;
    %parti/s 71, 9, 5;
    %cmp/u;
    %flag_or 5, 4;
    %jmp/0xz  T_0.14, 5;
    %load/vec4 v0x5630588511e0_0;
    %parti/s 15, 0, 2;
    %concati/vec4 1, 0, 1;
    %assign/vec4 v0x5630588512c0_0, 0;
    %load/vec4 v0x563058850320_0;
    %parti/s 71, 9, 5;
    %load/vec4 v0x56305884f520_0;
    %parti/s 48, 0, 2;
    %pad/u 71;
    %sub;
    %load/vec4 v0x563058850320_0;
    %parti/s 9, 0, 2;
    %concat/vec4; draw_concat_vec4
    %assign/vec4 v0x563058850400_0, 0;
    %jmp T_0.15;
T_0.14 ;
    %load/vec4 v0x5630588511e0_0;
    %parti/s 15, 0, 2;
    %concati/vec4 0, 0, 1;
    %assign/vec4 v0x5630588512c0_0, 0;
    %load/vec4 v0x563058850320_0;
    %assign/vec4 v0x563058850400_0, 0;
T_0.15 ;
    %load/vec4 v0x56305884f600_0;
    %parti/s 48, 0, 2;
    %pad/u 72;
    %load/vec4 v0x563058850400_0;
    %parti/s 72, 8, 5;
    %cmp/u;
    %flag_or 5, 4;
    %jmp/0xz  T_0.16, 5;
    %load/vec4 v0x5630588512c0_0;
    %parti/s 15, 0, 2;
    %concati/vec4 1, 0, 1;
    %assign/vec4 v0x5630588513a0_0, 0;
    %load/vec4 v0x563058850400_0;
    %parti/s 72, 8, 5;
    %load/vec4 v0x56305884f600_0;
    %parti/s 48, 0, 2;
    %pad/u 72;
    %sub;
    %load/vec4 v0x563058850400_0;
    %parti/s 8, 0, 2;
    %concat/vec4; draw_concat_vec4
    %assign/vec4 v0x5630588504e0_0, 0;
    %jmp T_0.17;
T_0.16 ;
    %load/vec4 v0x5630588512c0_0;
    %parti/s 15, 0, 2;
    %concati/vec4 0, 0, 1;
    %assign/vec4 v0x5630588513a0_0, 0;
    %load/vec4 v0x563058850400_0;
    %assign/vec4 v0x5630588504e0_0, 0;
T_0.17 ;
    %load/vec4 v0x56305884f6e0_0;
    %parti/s 48, 0, 2;
    %pad/u 73;
    %load/vec4 v0x5630588504e0_0;
    %parti/s 73, 7, 4;
    %cmp/u;
    %flag_or 5, 4;
    %jmp/0xz  T_0.18, 5;
    %load/vec4 v0x5630588513a0_0;
    %parti/s 15, 0, 2;
    %concati/vec4 1, 0, 1;
    %assign/vec4 v0x563058851480_0, 0;
    %load/vec4 v0x5630588504e0_0;
    %parti/s 73, 7, 4;
    %load/vec4 v0x56305884f6e0_0;
    %parti/s 48, 0, 2;
    %pad/u 73;
    %sub;
    %load/vec4 v0x5630588504e0_0;
    %parti/s 7, 0, 2;
    %concat/vec4; draw_concat_vec4
    %assign/vec4 v0x5630588505c0_0, 0;
    %jmp T_0.19;
T_0.18 ;
    %load/vec4 v0x5630588513a0_0;
    %parti/s 15, 0, 2;
    %concati/vec4 0, 0, 1;
    %assign/vec4 v0x563058851480_0, 0;
    %load/vec4 v0x5630588504e0_0;
    %assign/vec4 v0x5630588505c0_0, 0;
T_0.19 ;
    %load/vec4 v0x56305884f7c0_0;
    %parti/s 48, 0, 2;
    %pad/u 74;
    %load/vec4 v0x5630588505c0_0;
    %parti/s 74, 6, 4;
    %cmp/u;
    %flag_or 5, 4;
    %jmp/0xz  T_0.20, 5;
    %load/vec4 v0x563058851480_0;
    %parti/s 15, 0, 2;
    %concati/vec4 1, 0, 1;
    %assign/vec4 v0x563058850920_0, 0;
    %load/vec4 v0x5630588505c0_0;
    %parti/s 74, 6, 4;
    %load/vec4 v0x56305884f7c0_0;
    %parti/s 48, 0, 2;
    %pad/u 74;
    %sub;
    %load/vec4 v0x5630588505c0_0;
    %parti/s 6, 0, 2;
    %concat/vec4; draw_concat_vec4
    %assign/vec4 v0x56305884fa60_0, 0;
    %jmp T_0.21;
T_0.20 ;
    %load/vec4 v0x563058851480_0;
    %parti/s 15, 0, 2;
    %concati/vec4 0, 0, 1;
    %assign/vec4 v0x563058850920_0, 0;
    %load/vec4 v0x5630588505c0_0;
    %assign/vec4 v0x56305884fa60_0, 0;
T_0.21 ;
    %load/vec4 v0x56305884ec60_0;
    %parti/s 48, 0, 2;
    %pad/u 75;
    %load/vec4 v0x56305884fa60_0;
    %parti/s 75, 5, 4;
    %cmp/u;
    %flag_or 5, 4;
    %jmp/0xz  T_0.22, 5;
    %load/vec4 v0x563058850920_0;
    %parti/s 15, 0, 2;
    %concati/vec4 1, 0, 1;
    %assign/vec4 v0x563058850a00_0, 0;
    %load/vec4 v0x56305884fa60_0;
    %parti/s 75, 5, 4;
    %load/vec4 v0x56305884ec60_0;
    %parti/s 48, 0, 2;
    %pad/u 75;
    %sub;
    %load/vec4 v0x56305884fa60_0;
    %parti/s 5, 0, 2;
    %concat/vec4; draw_concat_vec4
    %assign/vec4 v0x56305884fb40_0, 0;
    %jmp T_0.23;
T_0.22 ;
    %load/vec4 v0x563058850920_0;
    %parti/s 15, 0, 2;
    %concati/vec4 0, 0, 1;
    %assign/vec4 v0x563058850a00_0, 0;
    %load/vec4 v0x56305884fa60_0;
    %assign/vec4 v0x56305884fb40_0, 0;
T_0.23 ;
    %load/vec4 v0x56305884ed40_0;
    %parti/s 48, 0, 2;
    %pad/u 76;
    %load/vec4 v0x56305884fb40_0;
    %parti/s 76, 4, 4;
    %cmp/u;
    %flag_or 5, 4;
    %jmp/0xz  T_0.24, 5;
    %load/vec4 v0x563058850a00_0;
    %parti/s 15, 0, 2;
    %concati/vec4 1, 0, 1;
    %assign/vec4 v0x563058850ae0_0, 0;
    %load/vec4 v0x56305884fb40_0;
    %parti/s 76, 4, 4;
    %load/vec4 v0x56305884ed40_0;
    %parti/s 48, 0, 2;
    %pad/u 76;
    %sub;
    %load/vec4 v0x56305884fb40_0;
    %parti/s 4, 0, 2;
    %concat/vec4; draw_concat_vec4
    %assign/vec4 v0x56305884fc20_0, 0;
    %jmp T_0.25;
T_0.24 ;
    %load/vec4 v0x563058850a00_0;
    %parti/s 15, 0, 2;
    %concati/vec4 0, 0, 1;
    %assign/vec4 v0x563058850ae0_0, 0;
    %load/vec4 v0x56305884fb40_0;
    %assign/vec4 v0x56305884fc20_0, 0;
T_0.25 ;
    %load/vec4 v0x56305884ee20_0;
    %parti/s 48, 0, 2;
    %pad/u 77;
    %load/vec4 v0x56305884fc20_0;
    %parti/s 77, 3, 3;
    %cmp/u;
    %flag_or 5, 4;
    %jmp/0xz  T_0.26, 5;
    %load/vec4 v0x563058850ae0_0;
    %parti/s 15, 0, 2;
    %concati/vec4 1, 0, 1;
    %assign/vec4 v0x563058850bc0_0, 0;
    %load/vec4 v0x56305884fc20_0;
    %parti/s 77, 3, 3;
    %load/vec4 v0x56305884ee20_0;
    %parti/s 48, 0, 2;
    %pad/u 77;
    %sub;
    %load/vec4 v0x56305884fc20_0;
    %parti/s 3, 0, 2;
    %concat/vec4; draw_concat_vec4
    %assign/vec4 v0x56305884fd00_0, 0;
    %jmp T_0.27;
T_0.26 ;
    %load/vec4 v0x563058850ae0_0;
    %parti/s 15, 0, 2;
    %concati/vec4 0, 0, 1;
    %assign/vec4 v0x563058850bc0_0, 0;
    %load/vec4 v0x56305884fc20_0;
    %assign/vec4 v0x56305884fd00_0, 0;
T_0.27 ;
    %load/vec4 v0x56305884ef00_0;
    %parti/s 48, 0, 2;
    %pad/u 78;
    %load/vec4 v0x56305884fd00_0;
    %parti/s 78, 2, 3;
    %cmp/u;
    %flag_or 5, 4;
    %jmp/0xz  T_0.28, 5;
    %load/vec4 v0x563058850bc0_0;
    %parti/s 15, 0, 2;
    %concati/vec4 1, 0, 1;
    %assign/vec4 v0x563058850ca0_0, 0;
    %load/vec4 v0x56305884fd00_0;
    %parti/s 78, 2, 3;
    %load/vec4 v0x56305884ef00_0;
    %parti/s 48, 0, 2;
    %pad/u 78;
    %sub;
    %load/vec4 v0x56305884fd00_0;
    %parti/s 2, 0, 2;
    %concat/vec4; draw_concat_vec4
    %assign/vec4 v0x56305884fde0_0, 0;
    %jmp T_0.29;
T_0.28 ;
    %load/vec4 v0x563058850bc0_0;
    %parti/s 15, 0, 2;
    %concati/vec4 0, 0, 1;
    %assign/vec4 v0x563058850ca0_0, 0;
    %load/vec4 v0x56305884fd00_0;
    %assign/vec4 v0x56305884fde0_0, 0;
T_0.29 ;
    %load/vec4 v0x56305884efe0_0;
    %parti/s 48, 0, 2;
    %pad/u 79;
    %load/vec4 v0x56305884fde0_0;
    %parti/s 79, 1, 2;
    %cmp/u;
    %flag_or 5, 4;
    %jmp/0xz  T_0.30, 5;
    %load/vec4 v0x563058850ca0_0;
    %parti/s 15, 0, 2;
    %concati/vec4 1, 0, 1;
    %assign/vec4 v0x563058850d80_0, 0;
    %load/vec4 v0x56305884fde0_0;
    %parti/s 79, 1, 2;
    %load/vec4 v0x56305884efe0_0;
    %parti/s 48, 0, 2;
    %pad/u 79;
    %sub;
    %load/vec4 v0x56305884fde0_0;
    %parti/s 1, 0, 2;
    %concat/vec4; draw_concat_vec4
    %assign/vec4 v0x56305884fec0_0, 0;
    %jmp T_0.31;
T_0.30 ;
    %load/vec4 v0x563058850ca0_0;
    %parti/s 15, 0, 2;
    %concati/vec4 0, 0, 1;
    %assign/vec4 v0x563058850d80_0, 0;
    %load/vec4 v0x56305884fde0_0;
    %assign/vec4 v0x56305884fec0_0, 0;
T_0.31 ;
    %load/vec4 v0x56305884f0c0_0;
    %pad/u 80;
    %load/vec4 v0x56305884fec0_0;
    %cmp/u;
    %flag_or 5, 4;
    %jmp/0xz  T_0.32, 5;
    %load/vec4 v0x563058850d80_0;
    %parti/s 15, 0, 2;
    %concati/vec4 1, 0, 1;
    %assign/vec4 v0x56305884e990_0, 0;
    %jmp T_0.33;
T_0.32 ;
    %load/vec4 v0x563058850d80_0;
    %parti/s 15, 0, 2;
    %concati/vec4 0, 0, 1;
    %assign/vec4 v0x56305884e990_0, 0;
T_0.33 ;
T_0.1 ;
    %jmp T_0;
    .thread T_0;
    .scope S_0x5630588300d0;
T_1 ;
    %vpi_call 2 31 "$dumpfile", "81.vcd" {0 0 0};
    %vpi_call 2 32 "$dumpvars", 32'sb00000000000000000000000000000001, S_0x5630588300d0 {0 0 0};
    %delay 10, 0;
    %pushi/vec4 0, 0, 1;
    %store/vec4 v0x5630588519e0_0, 0, 1;
    %end;
    .thread T_1;
    .scope S_0x5630588300d0;
T_2 ;
    %delay 5, 0;
    %vpi_func 2 38 "$random" 32 {0 0 0};
    %pad/s 116;
    %store/vec4 v0x563058851a80_0, 0, 116;
    %jmp T_2;
    .thread T_2;
    .scope S_0x5630588300d0;
T_3 ;
    %vpi_call 2 51 "$monitor", $time, " bench_reset = %b, A = %b , B = %b , clk = %b , Qout = %b  ", v0x5630588519e0_0, v0x5630588516c0_0, v0x5630588517a0_0, v0x563058851910_0, v0x563058851840_0 {0 0 0};
    %end;
    .thread T_3;
    .scope S_0x5630588300d0;
T_4 ;
    %delay 199, 0;
    %vpi_call 2 57 "$finish" {0 0 0};
    %end;
    .thread T_4;
# The file index is used to find the file name in the following table.
:file_names 4;
    "N/A";
    "<interactive>";
    "wavedrom_dataset/testbenches/81_tb.v";
    "wavedrom_dataset/verilog_modules/32.v";
