#! /usr/bin/vvp
:ivl_version "11.0 (stable)";
:ivl_delay_selection "TYPICAL";
:vpi_time_precision + 0;
:vpi_module "/usr/lib/x86_64-linux-gnu/ivl/system.vpi";
:vpi_module "/usr/lib/x86_64-linux-gnu/ivl/vhdl_sys.vpi";
:vpi_module "/usr/lib/x86_64-linux-gnu/ivl/vhdl_textio.vpi";
:vpi_module "/usr/lib/x86_64-linux-gnu/ivl/v2005_math.vpi";
:vpi_module "/usr/lib/x86_64-linux-gnu/ivl/va_math.vpi";
S_0x563de9040720 .scope module, "testbench" "testbench" 2 15;
 .timescale 0 0;
v0x563de90552c0_0 .net "bench_clk", 0 0, L_0x563de90556e0;  1 drivers
v0x563de9055380_0 .net "bench_in", 0 0, L_0x563de90557d0;  1 drivers
v0x563de9055420_0 .net "bench_out", 0 0, v0x563de9054fb0_0;  1 drivers
v0x563de9055520_0 .var "bench_reset", 0 0;
v0x563de90555f0_0 .var "indata_array", 0 1;
L_0x563de90556e0 .part v0x563de90555f0_0, 1, 1;
L_0x563de90557d0 .part v0x563de90555f0_0, 0, 1;
S_0x563de90408b0 .scope module, "inst" "e16_pulse2toggle" 2 39, 3 1 0, S_0x563de9040720;
 .timescale 0 0;
    .port_info 0 /OUTPUT 1 "out";
    .port_info 1 /INPUT 1 "clk";
    .port_info 2 /INPUT 1 "in";
    .port_info 3 /INPUT 1 "reset";
L_0x563de902f320 .functor NOT 1, v0x563de9054fb0_0, C4<0>, C4<0>, C4<0>;
v0x563de9040a90_0 .net *"_ivl_0", 0 0, L_0x563de902f320;  1 drivers
v0x563de9054e50_0 .net "clk", 0 0, L_0x563de90556e0;  alias, 1 drivers
v0x563de9054f10_0 .net "in", 0 0, L_0x563de90557d0;  alias, 1 drivers
v0x563de9054fb0_0 .var "out", 0 0;
v0x563de9055070_0 .net "reset", 0 0, v0x563de9055520_0;  1 drivers
v0x563de9055180_0 .net "toggle", 0 0, L_0x563de9055960;  1 drivers
E_0x563de9007890 .event posedge, v0x563de9055070_0, v0x563de9054e50_0;
L_0x563de9055960 .functor MUXZ 1, v0x563de9054fb0_0, L_0x563de902f320, L_0x563de90557d0, C4<>;
    .scope S_0x563de90408b0;
T_0 ;
    %wait E_0x563de9007890;
    %load/vec4 v0x563de9055070_0;
    %flag_set/vec4 8;
    %jmp/0xz  T_0.0, 8;
    %pushi/vec4 0, 0, 1;
    %assign/vec4 v0x563de9054fb0_0, 0;
    %jmp T_0.1;
T_0.0 ;
    %load/vec4 v0x563de9055180_0;
    %assign/vec4 v0x563de9054fb0_0, 0;
T_0.1 ;
    %jmp T_0;
    .thread T_0;
    .scope S_0x563de9040720;
T_1 ;
    %vpi_call 2 29 "$dumpfile", "82.vcd" {0 0 0};
    %vpi_call 2 30 "$dumpvars", 32'sb00000000000000000000000000000001, S_0x563de9040720 {0 0 0};
    %delay 10, 0;
    %pushi/vec4 0, 0, 1;
    %store/vec4 v0x563de9055520_0, 0, 1;
    %end;
    .thread T_1;
    .scope S_0x563de9040720;
T_2 ;
    %delay 5, 0;
    %vpi_func 2 36 "$random" 32 {0 0 0};
    %pad/s 2;
    %store/vec4 v0x563de90555f0_0, 0, 2;
    %jmp T_2;
    .thread T_2;
    .scope S_0x563de9040720;
T_3 ;
    %vpi_call 2 48 "$monitor", $time, " bench_reset = %b, clk = %b , in = %b , out = %b  ", v0x563de9055520_0, v0x563de90552c0_0, v0x563de9055380_0, v0x563de9055420_0 {0 0 0};
    %end;
    .thread T_3;
    .scope S_0x563de9040720;
T_4 ;
    %delay 199, 0;
    %vpi_call 2 54 "$finish" {0 0 0};
    %end;
    .thread T_4;
# The file index is used to find the file name in the following table.
:file_names 4;
    "N/A";
    "<interactive>";
    "wavedrom_dataset/testbenches/82_tb.v";
    "wavedrom_dataset/verilog_modules/23.v";
