#! /usr/bin/vvp
:ivl_version "11.0 (stable)";
:ivl_delay_selection "TYPICAL";
:vpi_time_precision + 0;
:vpi_module "/usr/lib/x86_64-linux-gnu/ivl/system.vpi";
:vpi_module "/usr/lib/x86_64-linux-gnu/ivl/vhdl_sys.vpi";
:vpi_module "/usr/lib/x86_64-linux-gnu/ivl/vhdl_textio.vpi";
:vpi_module "/usr/lib/x86_64-linux-gnu/ivl/v2005_math.vpi";
:vpi_module "/usr/lib/x86_64-linux-gnu/ivl/va_math.vpi";
S_0x561cb3a14440 .scope module, "testbench" "testbench" 2 15;
 .timescale 0 0;
L_0x7f792c479018 .functor BUFT 1, C4<x>, C4<0>, C4<0>, C4<0>;
v0x561cb3a41d00_0 .net *"_ivl_37", 0 0, L_0x7f792c479018;  1 drivers
v0x561cb3a41e00_0 .net *"_ivl_39", 30 0, L_0x561cb3a44430;  1 drivers
v0x561cb3a41ee0_0 .net "bench_SNES_ADDR", 23 0, L_0x561cb3a43290;  1 drivers
v0x561cb3a41f80_0 .net "bench_SNES_DATA", 7 0, L_0x561cb3a43380;  1 drivers
v0x561cb3a42020_0 .net "bench_SNES_PA", 7 0, L_0x561cb3a43150;  1 drivers
v0x561cb3a420c0_0 .net "bench_SNES_cycle_start", 0 0, L_0x561cb3a44030;  1 drivers
v0x561cb3a42160_0 .net "bench_SNES_rd_strobe", 0 0, L_0x561cb3a43540;  1 drivers
v0x561cb3a42200_0 .net "bench_SNES_reset_strobe", 0 0, L_0x561cb3a43670;  1 drivers
v0x561cb3a422a0_0 .net "bench_SNES_wr_strobe", 0 0, L_0x561cb3a434a0;  1 drivers
v0x561cb3a42340_0 .net "bench_branch1_enable", 0 0, L_0x561cb3a43ae0;  1 drivers
v0x561cb3a42410_0 .net "bench_branch2_enable", 0 0, L_0x561cb3a43b80;  1 drivers
v0x561cb3a424e0_0 .net "bench_branch3_enable", 0 0, L_0x561cb3a43ce0;  1 drivers
v0x561cb3a425b0_0 .net "bench_cheat_hit", 0 0, L_0x561cb3a5a740;  1 drivers
v0x561cb3a42680_0 .net "bench_clk", 0 0, L_0x561cb3a430b0;  1 drivers
v0x561cb3a42750_0 .net "bench_data_out", 7 0, L_0x561cb3a58fa0;  1 drivers
v0x561cb3a42820_0 .net "bench_nmicmd_enable", 0 0, L_0x561cb3a438a0;  1 drivers
v0x561cb3a428f0_0 .net "bench_pad_latch", 0 0, L_0x561cb3a43dd0;  1 drivers
v0x561cb3a429c0_0 .net "bench_pgm_idx", 2 0, L_0x561cb3a441b0;  1 drivers
v0x561cb3a42a90_0 .net "bench_pgm_in", 31 0, L_0x561cb3a444d0;  1 drivers
v0x561cb3a42b60_0 .net "bench_pgm_we", 0 0, L_0x561cb3a442a0;  1 drivers
v0x561cb3a42c30_0 .var "bench_reset", 0 0;
v0x561cb3a42cd0_0 .net "bench_return_vector_enable", 0 0, L_0x561cb3a43990;  1 drivers
v0x561cb3a42da0_0 .net "bench_snes_ajr", 0 0, L_0x561cb3a43f40;  1 drivers
v0x561cb3a42e70_0 .net "bench_snescmd_enable", 0 0, L_0x561cb3a43760;  1 drivers
v0x561cb3a42f40_0 .net "bench_snescmd_unlock", 0 0, v0x561cb3a414a0_0;  1 drivers
v0x561cb3a43010_0 .var "indata_array", 0 87;
L_0x561cb3a430b0 .part v0x561cb3a43010_0, 87, 1;
L_0x561cb3a43150 .part v0x561cb3a43010_0, 79, 8;
L_0x561cb3a43290 .part v0x561cb3a43010_0, 55, 24;
L_0x561cb3a43380 .part v0x561cb3a43010_0, 47, 8;
L_0x561cb3a434a0 .part v0x561cb3a43010_0, 46, 1;
L_0x561cb3a43540 .part v0x561cb3a43010_0, 45, 1;
L_0x561cb3a43670 .part v0x561cb3a43010_0, 44, 1;
L_0x561cb3a43760 .part v0x561cb3a43010_0, 43, 1;
L_0x561cb3a438a0 .part v0x561cb3a43010_0, 42, 1;
L_0x561cb3a43990 .part v0x561cb3a43010_0, 41, 1;
L_0x561cb3a43ae0 .part v0x561cb3a43010_0, 40, 1;
L_0x561cb3a43b80 .part v0x561cb3a43010_0, 39, 1;
L_0x561cb3a43ce0 .part v0x561cb3a43010_0, 38, 1;
L_0x561cb3a43dd0 .part v0x561cb3a43010_0, 37, 1;
L_0x561cb3a43f40 .part v0x561cb3a43010_0, 36, 1;
L_0x561cb3a44030 .part v0x561cb3a43010_0, 35, 1;
L_0x561cb3a441b0 .part v0x561cb3a43010_0, 32, 3;
L_0x561cb3a442a0 .part v0x561cb3a43010_0, 31, 1;
L_0x561cb3a44430 .part v0x561cb3a43010_0, 0, 31;
L_0x561cb3a444d0 .concat [ 1 31 0 0], L_0x7f792c479018, L_0x561cb3a44430;
S_0x561cb3a145d0 .scope module, "inst" "cheat" 2 75, 3 1 0, S_0x561cb3a14440;
 .timescale 0 0;
    .port_info 0 /INPUT 1 "clk";
    .port_info 1 /INPUT 8 "SNES_PA";
    .port_info 2 /INPUT 24 "SNES_ADDR";
    .port_info 3 /INPUT 8 "SNES_DATA";
    .port_info 4 /INPUT 1 "SNES_wr_strobe";
    .port_info 5 /INPUT 1 "SNES_rd_strobe";
    .port_info 6 /INPUT 1 "SNES_reset_strobe";
    .port_info 7 /INPUT 1 "snescmd_enable";
    .port_info 8 /INPUT 1 "nmicmd_enable";
    .port_info 9 /INPUT 1 "return_vector_enable";
    .port_info 10 /INPUT 1 "branch1_enable";
    .port_info 11 /INPUT 1 "branch2_enable";
    .port_info 12 /INPUT 1 "branch3_enable";
    .port_info 13 /INPUT 1 "pad_latch";
    .port_info 14 /INPUT 1 "snes_ajr";
    .port_info 15 /INPUT 1 "SNES_cycle_start";
    .port_info 16 /INPUT 3 "pgm_idx";
    .port_info 17 /INPUT 1 "pgm_we";
    .port_info 18 /INPUT 32 "pgm_in";
    .port_info 19 /OUTPUT 8 "data_out";
    .port_info 20 /OUTPUT 1 "cheat_hit";
    .port_info 21 /OUTPUT 1 "snescmd_unlock";
L_0x561cb3a06d20 .functor AND 1, L_0x561cb3a43760, L_0x561cb3a434a0, C4<1>, C4<1>;
L_0x561cb3a08e00 .functor AND 1, v0x561cb3a3ec50_0, v0x561cb3a41980_0, C4<1>, C4<1>;
L_0x561cb3a0a880 .functor AND 1, L_0x561cb3a447b0, L_0x561cb3a44850, C4<1>, C4<1>;
L_0x561cb3a0d0c0 .functor AND 1, L_0x561cb3a44990, L_0x561cb3a44a80, C4<1>, C4<1>;
L_0x561cb3a12560 .functor AND 1, L_0x561cb3a44bb0, L_0x561cb3a44c50, C4<1>, C4<1>;
L_0x561cb3a125d0 .functor AND 1, L_0x561cb3a44e20, L_0x561cb3a44ec0, C4<1>, C4<1>;
L_0x561cb3a45170 .functor AND 1, L_0x561cb3a44fc0, L_0x561cb3a45060, C4<1>, C4<1>;
L_0x561cb3a45100 .functor AND 1, L_0x561cb3a452d0, L_0x561cb3a45370, C4<1>, C4<1>;
L_0x561cb3a592e0 .functor AND 1, v0x561cb3a414a0_0, v0x561cb3a3f530_0, C4<1>, C4<1>;
L_0x561cb3a593b0 .functor OR 1, L_0x561cb3a438a0, L_0x561cb3a43990, C4<0>, C4<0>;
L_0x561cb3a59420 .functor OR 1, L_0x561cb3a593b0, L_0x561cb3a43ae0, C4<0>, C4<0>;
L_0x561cb3a59590 .functor OR 1, L_0x561cb3a59420, L_0x561cb3a43b80, C4<0>, C4<0>;
L_0x561cb3a59690 .functor OR 1, L_0x561cb3a59590, L_0x561cb3a43ce0, C4<0>, C4<0>;
L_0x561cb3a59520 .functor AND 1, L_0x561cb3a592e0, L_0x561cb3a59690, C4<1>, C4<1>;
L_0x561cb3a59810 .functor AND 1, L_0x561cb3a446c0, L_0x561cb3a567b0, C4<1>, C4<1>;
L_0x561cb3a59960 .functor OR 1, L_0x561cb3a59520, L_0x561cb3a59810, C4<0>, C4<0>;
L_0x561cb3a59a70 .functor AND 1, v0x561cb3a3ec50_0, L_0x561cb3a45810, C4<1>, C4<1>;
L_0x561cb3a59c20 .functor OR 1, L_0x561cb3a59960, L_0x561cb3a59a70, C4<0>, C4<0>;
L_0x561cb3a59d30 .functor AND 1, v0x561cb3a3e170_0, v0x561cb3a3fad0_0, C4<1>, C4<1>;
L_0x561cb3a59e50 .functor AND 1, L_0x561cb3a59d30, L_0x561cb3a564f0, C4<1>, C4<1>;
L_0x561cb3a59f60 .functor AND 1, L_0x561cb3a59e50, L_0x561cb3a44390, C4<1>, C4<1>;
L_0x561cb3a5a130 .functor AND 1, v0x561cb3a3dff0_0, v0x561cb3a3f6b0_0, C4<1>, C4<1>;
L_0x561cb3a5a1a0 .functor AND 1, L_0x561cb3a5a130, L_0x561cb3a566c0, C4<1>, C4<1>;
L_0x561cb3a5a380 .functor AND 1, L_0x561cb3a5a1a0, L_0x561cb3a44390, C4<1>, C4<1>;
L_0x561cb3a5a440 .functor OR 1, L_0x561cb3a59f60, L_0x561cb3a5a380, C4<0>, C4<0>;
L_0x561cb3a5a630 .functor AND 1, v0x561cb3a3f530_0, L_0x561cb3a5a440, C4<1>, C4<1>;
L_0x561cb3a5a740 .functor OR 1, L_0x561cb3a59c20, L_0x561cb3a5a630, C4<0>, C4<0>;
v0x561cb3a06ec0_0 .net "SNES_ADDR", 23 0, L_0x561cb3a43290;  alias, 1 drivers
v0x561cb3a08fa0_0 .net "SNES_DATA", 7 0, L_0x561cb3a43380;  alias, 1 drivers
v0x561cb3a09c70_0 .net "SNES_PA", 7 0, L_0x561cb3a43150;  alias, 1 drivers
v0x561cb3a0aa20_0 .net "SNES_cycle_start", 0 0, L_0x561cb3a44030;  alias, 1 drivers
v0x561cb3a0d260_0 .net "SNES_rd_strobe", 0 0, L_0x561cb3a43540;  alias, 1 drivers
v0x561cb3a12740_0 .net "SNES_reset_strobe", 0 0, L_0x561cb3a43670;  alias, 1 drivers
v0x561cb3a127e0_0 .net "SNES_wr_strobe", 0 0, L_0x561cb3a434a0;  alias, 1 drivers
v0x561cb3a39be0_0 .net *"_ivl_101", 0 0, L_0x561cb3a56ca0;  1 drivers
v0x561cb3a39cc0_0 .net *"_ivl_104", 0 0, L_0x561cb3a56e80;  1 drivers
v0x561cb3a39da0_0 .net *"_ivl_107", 0 0, L_0x561cb3a56f50;  1 drivers
v0x561cb3a39e80_0 .net *"_ivl_11", 0 0, L_0x561cb3a447b0;  1 drivers
v0x561cb3a39f60_0 .net *"_ivl_110", 0 0, L_0x561cb3a57140;  1 drivers
v0x561cb3a3a040_0 .net *"_ivl_113", 0 0, L_0x561cb3a57210;  1 drivers
L_0x7f792c479210 .functor BUFT 1, C4<00010000>, C4<0>, C4<0>, C4<0>;
v0x561cb3a3a120_0 .net/2u *"_ivl_114", 7 0, L_0x7f792c479210;  1 drivers
v0x561cb3a3a200_0 .net *"_ivl_117", 0 0, L_0x561cb3a57050;  1 drivers
L_0x7f792c479258 .functor BUFT 1, C4<00010000>, C4<0>, C4<0>, C4<0>;
v0x561cb3a3a2e0_0 .net/2u *"_ivl_118", 7 0, L_0x7f792c479258;  1 drivers
v0x561cb3a3a3c0_0 .net *"_ivl_121", 0 0, L_0x561cb3a57440;  1 drivers
L_0x7f792c4792a0 .functor BUFT 1, C4<01111101>, C4<0>, C4<0>, C4<0>;
v0x561cb3a3a4a0_0 .net/2u *"_ivl_122", 7 0, L_0x7f792c4792a0;  1 drivers
L_0x7f792c4792e8 .functor BUFT 1, C4<00101010>, C4<0>, C4<0>, C4<0>;
v0x561cb3a3a580_0 .net/2u *"_ivl_124", 7 0, L_0x7f792c4792e8;  1 drivers
v0x561cb3a3a660_0 .net *"_ivl_126", 7 0, L_0x561cb3a576b0;  1 drivers
v0x561cb3a3a740_0 .net *"_ivl_128", 7 0, L_0x561cb3a57780;  1 drivers
v0x561cb3a3a820_0 .net *"_ivl_13", 0 0, L_0x561cb3a44850;  1 drivers
v0x561cb3a3a8e0_0 .net *"_ivl_130", 7 0, L_0x561cb3a579a0;  1 drivers
v0x561cb3a3a9c0_0 .net *"_ivl_132", 7 0, L_0x561cb3a57ac0;  1 drivers
v0x561cb3a3aaa0_0 .net *"_ivl_134", 7 0, L_0x561cb3a57d40;  1 drivers
v0x561cb3a3ab80_0 .net *"_ivl_136", 7 0, L_0x561cb3a57e60;  1 drivers
v0x561cb3a3ac60_0 .net *"_ivl_138", 7 0, L_0x561cb3a58190;  1 drivers
v0x561cb3a3ad40_0 .net *"_ivl_140", 7 0, L_0x561cb3a58320;  1 drivers
v0x561cb3a3ae20_0 .net *"_ivl_142", 7 0, L_0x561cb3a58630;  1 drivers
v0x561cb3a3af00_0 .net *"_ivl_144", 7 0, L_0x561cb3a58770;  1 drivers
v0x561cb3a3afe0_0 .net *"_ivl_146", 7 0, L_0x561cb3a58a40;  1 drivers
v0x561cb3a3b0c0_0 .net *"_ivl_148", 7 0, L_0x561cb3a58b80;  1 drivers
v0x561cb3a3b1a0_0 .net *"_ivl_15", 0 0, L_0x561cb3a0a880;  1 drivers
v0x561cb3a3b280_0 .net *"_ivl_150", 7 0, L_0x561cb3a58e60;  1 drivers
v0x561cb3a3b360_0 .net *"_ivl_154", 0 0, L_0x561cb3a592e0;  1 drivers
v0x561cb3a3b440_0 .net *"_ivl_156", 0 0, L_0x561cb3a593b0;  1 drivers
v0x561cb3a3b520_0 .net *"_ivl_158", 0 0, L_0x561cb3a59420;  1 drivers
v0x561cb3a3b600_0 .net *"_ivl_160", 0 0, L_0x561cb3a59590;  1 drivers
v0x561cb3a3b6e0_0 .net *"_ivl_162", 0 0, L_0x561cb3a59690;  1 drivers
v0x561cb3a3b7c0_0 .net *"_ivl_164", 0 0, L_0x561cb3a59520;  1 drivers
v0x561cb3a3b8a0_0 .net *"_ivl_166", 0 0, L_0x561cb3a59810;  1 drivers
v0x561cb3a3b980_0 .net *"_ivl_168", 0 0, L_0x561cb3a59960;  1 drivers
v0x561cb3a3ba60_0 .net *"_ivl_170", 0 0, L_0x561cb3a59a70;  1 drivers
v0x561cb3a3bb40_0 .net *"_ivl_172", 0 0, L_0x561cb3a59c20;  1 drivers
v0x561cb3a3bc20_0 .net *"_ivl_174", 0 0, L_0x561cb3a59d30;  1 drivers
v0x561cb3a3bd00_0 .net *"_ivl_176", 0 0, L_0x561cb3a59e50;  1 drivers
v0x561cb3a3bde0_0 .net *"_ivl_178", 0 0, L_0x561cb3a59f60;  1 drivers
v0x561cb3a3bec0_0 .net *"_ivl_18", 0 0, L_0x561cb3a44990;  1 drivers
v0x561cb3a3bfa0_0 .net *"_ivl_180", 0 0, L_0x561cb3a5a130;  1 drivers
v0x561cb3a3c080_0 .net *"_ivl_182", 0 0, L_0x561cb3a5a1a0;  1 drivers
v0x561cb3a3c160_0 .net *"_ivl_184", 0 0, L_0x561cb3a5a380;  1 drivers
v0x561cb3a3c240_0 .net *"_ivl_186", 0 0, L_0x561cb3a5a440;  1 drivers
v0x561cb3a3c320_0 .net *"_ivl_188", 0 0, L_0x561cb3a5a630;  1 drivers
v0x561cb3a3c400_0 .net *"_ivl_20", 0 0, L_0x561cb3a44a80;  1 drivers
v0x561cb3a3c4c0_0 .net *"_ivl_22", 0 0, L_0x561cb3a0d0c0;  1 drivers
v0x561cb3a3c5a0_0 .net *"_ivl_25", 0 0, L_0x561cb3a44bb0;  1 drivers
v0x561cb3a3c680_0 .net *"_ivl_27", 0 0, L_0x561cb3a44c50;  1 drivers
v0x561cb3a3c740_0 .net *"_ivl_29", 0 0, L_0x561cb3a12560;  1 drivers
v0x561cb3a3c820_0 .net *"_ivl_32", 0 0, L_0x561cb3a44e20;  1 drivers
v0x561cb3a3c900_0 .net *"_ivl_34", 0 0, L_0x561cb3a44ec0;  1 drivers
v0x561cb3a3c9c0_0 .net *"_ivl_36", 0 0, L_0x561cb3a125d0;  1 drivers
v0x561cb3a3caa0_0 .net *"_ivl_39", 0 0, L_0x561cb3a44fc0;  1 drivers
v0x561cb3a3cb80_0 .net *"_ivl_41", 0 0, L_0x561cb3a45060;  1 drivers
v0x561cb3a3cc40_0 .net *"_ivl_43", 0 0, L_0x561cb3a45170;  1 drivers
v0x561cb3a3cd20_0 .net *"_ivl_46", 0 0, L_0x561cb3a452d0;  1 drivers
v0x561cb3a3d210_0 .net *"_ivl_48", 0 0, L_0x561cb3a45370;  1 drivers
v0x561cb3a3d2d0_0 .net *"_ivl_50", 0 0, L_0x561cb3a45100;  1 drivers
L_0x7f792c479060 .functor BUFT 1, C4<000000001111111111101010>, C4<0>, C4<0>, C4<0>;
v0x561cb3a3d3b0_0 .net/2u *"_ivl_56", 23 0, L_0x7f792c479060;  1 drivers
v0x561cb3a3d490_0 .net *"_ivl_58", 0 0, L_0x561cb3a3e950;  1 drivers
L_0x7f792c4790a8 .functor BUFT 1, C4<000000001111111111101011>, C4<0>, C4<0>, C4<0>;
v0x561cb3a3d550_0 .net/2u *"_ivl_60", 23 0, L_0x7f792c4790a8;  1 drivers
v0x561cb3a3d630_0 .net *"_ivl_62", 0 0, L_0x561cb3a559f0;  1 drivers
L_0x7f792c4790f0 .functor BUFT 1, C4<000000001111111111101110>, C4<0>, C4<0>, C4<0>;
v0x561cb3a3d6f0_0 .net/2u *"_ivl_66", 23 0, L_0x7f792c4790f0;  1 drivers
v0x561cb3a3d7d0_0 .net *"_ivl_68", 0 0, L_0x561cb3a55cc0;  1 drivers
L_0x7f792c479138 .functor BUFT 1, C4<000000001111111111101111>, C4<0>, C4<0>, C4<0>;
v0x561cb3a3d890_0 .net/2u *"_ivl_70", 23 0, L_0x7f792c479138;  1 drivers
v0x561cb3a3d970_0 .net *"_ivl_72", 0 0, L_0x561cb3a55ae0;  1 drivers
L_0x7f792c479180 .functor BUFT 1, C4<000000001111111111111100>, C4<0>, C4<0>, C4<0>;
v0x561cb3a3da30_0 .net/2u *"_ivl_76", 23 0, L_0x7f792c479180;  1 drivers
v0x561cb3a3db10_0 .net *"_ivl_78", 0 0, L_0x561cb3a56100;  1 drivers
L_0x7f792c4791c8 .functor BUFT 1, C4<000000001111111111111101>, C4<0>, C4<0>, C4<0>;
v0x561cb3a3dbd0_0 .net/2u *"_ivl_80", 23 0, L_0x7f792c4791c8;  1 drivers
v0x561cb3a3dcb0_0 .net *"_ivl_82", 0 0, L_0x561cb3a561f0;  1 drivers
v0x561cb3a3dd70_0 .net *"_ivl_95", 0 0, L_0x561cb3a56a30;  1 drivers
v0x561cb3a3de50_0 .net *"_ivl_98", 0 0, L_0x561cb3a56bd0;  1 drivers
v0x561cb3a3df30_0 .var "auto_irq_enable", 0 0;
v0x561cb3a3dff0_0 .var "auto_irq_enable_sync", 0 0;
v0x561cb3a3e0b0_0 .var "auto_nmi_enable", 0 0;
v0x561cb3a3e170_0 .var "auto_nmi_enable_sync", 0 0;
v0x561cb3a3e230_0 .net "branch1_enable", 0 0, L_0x561cb3a43ae0;  alias, 1 drivers
v0x561cb3a3e2f0_0 .var "branch1_offset", 7 0;
v0x561cb3a3e3d0_0 .net "branch2_enable", 0 0, L_0x561cb3a43b80;  alias, 1 drivers
v0x561cb3a3e490_0 .var "branch2_offset", 7 0;
v0x561cb3a3e570_0 .net "branch3_enable", 0 0, L_0x561cb3a43ce0;  alias, 1 drivers
v0x561cb3a3e630_0 .var "branch3_offset", 7 0;
v0x561cb3a3e710_0 .net "branch_wram", 0 0, L_0x561cb3a08e00;  1 drivers
v0x561cb3a3e7d0_0 .var "buttons_enable", 0 0;
v0x561cb3a3e890 .array "cheat_addr", 0 5, 23 0;
v0x561cb3a3ea10_0 .net "cheat_addr_match", 0 0, L_0x561cb3a45810;  1 drivers
v0x561cb3a3ead0 .array "cheat_data", 0 5, 7 0;
v0x561cb3a3ec50_0 .var "cheat_enable", 0 0;
v0x561cb3a3ed10_0 .var "cheat_enable_mask", 5 0;
v0x561cb3a3edf0_0 .net "cheat_hit", 0 0, L_0x561cb3a5a740;  alias, 1 drivers
v0x561cb3a3eeb0_0 .net "cheat_match_bits", 5 0, L_0x561cb3a45590;  1 drivers
v0x561cb3a3ef90_0 .net "clk", 0 0, L_0x561cb3a430b0;  alias, 1 drivers
v0x561cb3a3f050_0 .var "cpu_push_cnt", 2 0;
v0x561cb3a3f130_0 .net "data_out", 7 0, L_0x561cb3a58fa0;  alias, 1 drivers
v0x561cb3a3f210_0 .var "holdoff_enable", 0 0;
v0x561cb3a3f2d0_0 .var "hook_disable", 0 0;
v0x561cb3a3f390_0 .net "hook_enable", 0 0, L_0x561cb3a56990;  1 drivers
v0x561cb3a3f450_0 .var "hook_enable_count", 29 0;
v0x561cb3a3f530_0 .var "hook_enable_sync", 0 0;
v0x561cb3a3f5f0_0 .net "irq_addr_match", 0 0, L_0x561cb3a566c0;  1 drivers
v0x561cb3a3f6b0_0 .var "irq_enable", 0 0;
v0x561cb3a3f770_0 .net "irq_match_bits", 1 0, L_0x561cb3a55f00;  1 drivers
v0x561cb3a3f850_0 .var "irq_usage", 4 0;
v0x561cb3a3f930_0 .var "next_pa_addr", 7 0;
v0x561cb3a3fa10_0 .net "nmi_addr_match", 0 0, L_0x561cb3a564f0;  1 drivers
v0x561cb3a3fad0_0 .var "nmi_enable", 0 0;
v0x561cb3a3fb90_0 .net "nmi_match_bits", 1 0, L_0x561cb3a55b80;  1 drivers
v0x561cb3a3fc70_0 .var "nmi_usage", 4 0;
v0x561cb3a3fd50_0 .var "nmicmd", 7 0;
v0x561cb3a3fe30_0 .net "nmicmd_enable", 0 0, L_0x561cb3a438a0;  alias, 1 drivers
v0x561cb3a3fef0_0 .var "pad_data", 15 0;
v0x561cb3a3ffd0_0 .net "pad_latch", 0 0, L_0x561cb3a43dd0;  alias, 1 drivers
v0x561cb3a40090_0 .net "pgm_idx", 2 0, L_0x561cb3a441b0;  alias, 1 drivers
v0x561cb3a40170_0 .net "pgm_in", 31 0, L_0x561cb3a444d0;  alias, 1 drivers
v0x561cb3a40250_0 .net "pgm_we", 0 0, L_0x561cb3a442a0;  alias, 1 drivers
v0x561cb3a40310_0 .net "reset_unlock", 0 0, L_0x561cb3a446c0;  1 drivers
v0x561cb3a403d0_0 .var "reset_unlock_r", 1 0;
v0x561cb3a404b0_0 .var "return_vector", 7 0;
v0x561cb3a40590_0 .net "return_vector_enable", 0 0, L_0x561cb3a43990;  alias, 1 drivers
v0x561cb3a40650_0 .net "rst_addr_match", 0 0, L_0x561cb3a567b0;  1 drivers
v0x561cb3a40f20_0 .net "rst_match_bits", 1 0, L_0x561cb3a563b0;  1 drivers
v0x561cb3a41000_0 .net "snes_ajr", 0 0, L_0x561cb3a43f40;  alias, 1 drivers
v0x561cb3a410c0_0 .net "snescmd_enable", 0 0, L_0x561cb3a43760;  alias, 1 drivers
v0x561cb3a41180_0 .net "snescmd_unlock", 0 0, v0x561cb3a414a0_0;  alias, 1 drivers
v0x561cb3a41240_0 .var "snescmd_unlock_disable", 0 0;
v0x561cb3a41300_0 .var "snescmd_unlock_disable_countdown", 6 0;
v0x561cb3a413e0_0 .var "snescmd_unlock_disable_strobe", 0 0;
v0x561cb3a414a0_0 .var "snescmd_unlock_r", 0 0;
v0x561cb3a41560_0 .net "snescmd_wr_strobe", 0 0, L_0x561cb3a06d20;  1 drivers
v0x561cb3a41620_0 .var "sync_delay", 1 0;
v0x561cb3a41700_0 .var "usage_count", 20 0;
v0x561cb3a417e0_0 .net "vector_unlock", 0 0, L_0x561cb3a44390;  1 drivers
v0x561cb3a418a0_0 .var "vector_unlock_r", 1 0;
v0x561cb3a41980_0 .var "wram_present", 0 0;
E_0x561cb39acf30 .event edge, v0x561cb3a3fd50_0, v0x561cb3a3e710_0;
E_0x561cb39a9790/0 .event edge, v0x561cb3a3e7d0_0, v0x561cb3a41000_0, v0x561cb3a3fd50_0, v0x561cb3a3e710_0;
E_0x561cb39a9790/1 .event edge, v0x561cb3a3ffd0_0;
E_0x561cb39a9790 .event/or E_0x561cb39a9790/0, E_0x561cb39a9790/1;
E_0x561cb398f9b0 .event edge, v0x561cb3a3fef0_0;
E_0x561cb3a114f0 .event posedge, v0x561cb3a3ef90_0;
L_0x561cb3a44390 .reduce/or v0x561cb3a418a0_0;
L_0x561cb3a446c0 .reduce/or v0x561cb3a403d0_0;
L_0x561cb3a447b0 .part v0x561cb3a3ed10_0, 5, 1;
v0x561cb3a3e890_5 .array/port v0x561cb3a3e890, 5;
L_0x561cb3a44850 .cmp/eq 24, L_0x561cb3a43290, v0x561cb3a3e890_5;
L_0x561cb3a44990 .part v0x561cb3a3ed10_0, 4, 1;
v0x561cb3a3e890_4 .array/port v0x561cb3a3e890, 4;
L_0x561cb3a44a80 .cmp/eq 24, L_0x561cb3a43290, v0x561cb3a3e890_4;
L_0x561cb3a44bb0 .part v0x561cb3a3ed10_0, 3, 1;
v0x561cb3a3e890_3 .array/port v0x561cb3a3e890, 3;
L_0x561cb3a44c50 .cmp/eq 24, L_0x561cb3a43290, v0x561cb3a3e890_3;
L_0x561cb3a44e20 .part v0x561cb3a3ed10_0, 2, 1;
v0x561cb3a3e890_2 .array/port v0x561cb3a3e890, 2;
L_0x561cb3a44ec0 .cmp/eq 24, L_0x561cb3a43290, v0x561cb3a3e890_2;
L_0x561cb3a44fc0 .part v0x561cb3a3ed10_0, 1, 1;
v0x561cb3a3e890_1 .array/port v0x561cb3a3e890, 1;
L_0x561cb3a45060 .cmp/eq 24, L_0x561cb3a43290, v0x561cb3a3e890_1;
L_0x561cb3a452d0 .part v0x561cb3a3ed10_0, 0, 1;
v0x561cb3a3e890_0 .array/port v0x561cb3a3e890, 0;
L_0x561cb3a45370 .cmp/eq 24, L_0x561cb3a43290, v0x561cb3a3e890_0;
LS_0x561cb3a45590_0_0 .concat [ 1 1 1 1], L_0x561cb3a45100, L_0x561cb3a45170, L_0x561cb3a125d0, L_0x561cb3a12560;
LS_0x561cb3a45590_0_4 .concat [ 1 1 0 0], L_0x561cb3a0d0c0, L_0x561cb3a0a880;
L_0x561cb3a45590 .concat [ 4 2 0 0], LS_0x561cb3a45590_0_0, LS_0x561cb3a45590_0_4;
L_0x561cb3a45810 .reduce/or L_0x561cb3a45590;
L_0x561cb3a3e950 .cmp/eq 24, L_0x561cb3a43290, L_0x7f792c479060;
L_0x561cb3a559f0 .cmp/eq 24, L_0x561cb3a43290, L_0x7f792c4790a8;
L_0x561cb3a55b80 .concat [ 1 1 0 0], L_0x561cb3a559f0, L_0x561cb3a3e950;
L_0x561cb3a55cc0 .cmp/eq 24, L_0x561cb3a43290, L_0x7f792c4790f0;
L_0x561cb3a55ae0 .cmp/eq 24, L_0x561cb3a43290, L_0x7f792c479138;
L_0x561cb3a55f00 .concat [ 1 1 0 0], L_0x561cb3a55ae0, L_0x561cb3a55cc0;
L_0x561cb3a56100 .cmp/eq 24, L_0x561cb3a43290, L_0x7f792c479180;
L_0x561cb3a561f0 .cmp/eq 24, L_0x561cb3a43290, L_0x7f792c4791c8;
L_0x561cb3a563b0 .concat [ 1 1 0 0], L_0x561cb3a561f0, L_0x561cb3a56100;
L_0x561cb3a564f0 .reduce/or L_0x561cb3a55b80;
L_0x561cb3a566c0 .reduce/or L_0x561cb3a55f00;
L_0x561cb3a567b0 .reduce/or L_0x561cb3a563b0;
L_0x561cb3a56990 .reduce/nor v0x561cb3a3f450_0;
L_0x561cb3a56a30 .part L_0x561cb3a45590, 0, 1;
L_0x561cb3a56bd0 .part L_0x561cb3a45590, 1, 1;
L_0x561cb3a56ca0 .part L_0x561cb3a45590, 2, 1;
L_0x561cb3a56e80 .part L_0x561cb3a45590, 3, 1;
L_0x561cb3a56f50 .part L_0x561cb3a45590, 4, 1;
L_0x561cb3a57140 .part L_0x561cb3a45590, 5, 1;
L_0x561cb3a57210 .part L_0x561cb3a55b80, 1, 1;
L_0x561cb3a57050 .part L_0x561cb3a55f00, 1, 1;
L_0x561cb3a57440 .part L_0x561cb3a563b0, 1, 1;
L_0x561cb3a576b0 .functor MUXZ 8, L_0x7f792c4792e8, v0x561cb3a3e630_0, L_0x561cb3a43ce0, C4<>;
L_0x561cb3a57780 .functor MUXZ 8, L_0x561cb3a576b0, v0x561cb3a3e490_0, L_0x561cb3a43b80, C4<>;
L_0x561cb3a579a0 .functor MUXZ 8, L_0x561cb3a57780, v0x561cb3a3e2f0_0, L_0x561cb3a43ae0, C4<>;
L_0x561cb3a57ac0 .functor MUXZ 8, L_0x561cb3a579a0, v0x561cb3a404b0_0, L_0x561cb3a43990, C4<>;
L_0x561cb3a57d40 .functor MUXZ 8, L_0x561cb3a57ac0, v0x561cb3a3fd50_0, L_0x561cb3a438a0, C4<>;
L_0x561cb3a57e60 .functor MUXZ 8, L_0x561cb3a57d40, L_0x7f792c4792a0, L_0x561cb3a57440, C4<>;
L_0x561cb3a58190 .functor MUXZ 8, L_0x561cb3a57e60, L_0x7f792c479258, L_0x561cb3a57050, C4<>;
L_0x561cb3a58320 .functor MUXZ 8, L_0x561cb3a58190, L_0x7f792c479210, L_0x561cb3a57210, C4<>;
v0x561cb3a3ead0_5 .array/port v0x561cb3a3ead0, 5;
L_0x561cb3a58630 .functor MUXZ 8, L_0x561cb3a58320, v0x561cb3a3ead0_5, L_0x561cb3a57140, C4<>;
v0x561cb3a3ead0_4 .array/port v0x561cb3a3ead0, 4;
L_0x561cb3a58770 .functor MUXZ 8, L_0x561cb3a58630, v0x561cb3a3ead0_4, L_0x561cb3a56f50, C4<>;
v0x561cb3a3ead0_3 .array/port v0x561cb3a3ead0, 3;
L_0x561cb3a58a40 .functor MUXZ 8, L_0x561cb3a58770, v0x561cb3a3ead0_3, L_0x561cb3a56e80, C4<>;
v0x561cb3a3ead0_2 .array/port v0x561cb3a3ead0, 2;
L_0x561cb3a58b80 .functor MUXZ 8, L_0x561cb3a58a40, v0x561cb3a3ead0_2, L_0x561cb3a56ca0, C4<>;
v0x561cb3a3ead0_1 .array/port v0x561cb3a3ead0, 1;
L_0x561cb3a58e60 .functor MUXZ 8, L_0x561cb3a58b80, v0x561cb3a3ead0_1, L_0x561cb3a56bd0, C4<>;
v0x561cb3a3ead0_0 .array/port v0x561cb3a3ead0, 0;
L_0x561cb3a58fa0 .functor MUXZ 8, L_0x561cb3a58e60, v0x561cb3a3ead0_0, L_0x561cb3a56a30, C4<>;
    .scope S_0x561cb3a145d0;
T_0 ;
    %pushi/vec4 0, 0, 1;
    %store/vec4 v0x561cb3a3ec50_0, 0, 1;
    %pushi/vec4 0, 0, 1;
    %store/vec4 v0x561cb3a3fad0_0, 0, 1;
    %pushi/vec4 0, 0, 1;
    %store/vec4 v0x561cb3a3f6b0_0, 0, 1;
    %pushi/vec4 0, 0, 1;
    %store/vec4 v0x561cb3a3f210_0, 0, 1;
    %pushi/vec4 0, 0, 1;
    %store/vec4 v0x561cb3a3e7d0_0, 0, 1;
    %pushi/vec4 0, 0, 1;
    %store/vec4 v0x561cb3a41980_0, 0, 1;
    %pushi/vec4 1, 0, 1;
    %store/vec4 v0x561cb3a3e0b0_0, 0, 1;
    %pushi/vec4 0, 0, 1;
    %store/vec4 v0x561cb3a3df30_0, 0, 1;
    %pushi/vec4 0, 0, 1;
    %store/vec4 v0x561cb3a3e170_0, 0, 1;
    %pushi/vec4 0, 0, 1;
    %store/vec4 v0x561cb3a3dff0_0, 0, 1;
    %pushi/vec4 0, 0, 1;
    %store/vec4 v0x561cb3a3f530_0, 0, 1;
    %pushi/vec4 2, 0, 2;
    %store/vec4 v0x561cb3a41620_0, 0, 2;
    %pushi/vec4 0, 0, 5;
    %store/vec4 v0x561cb3a3fc70_0, 0, 5;
    %pushi/vec4 0, 0, 5;
    %store/vec4 v0x561cb3a3f850_0, 0, 5;
    %pushi/vec4 2097151, 0, 21;
    %store/vec4 v0x561cb3a41700_0, 0, 21;
    %pushi/vec4 0, 0, 30;
    %store/vec4 v0x561cb3a3f450_0, 0, 30;
    %pushi/vec4 0, 0, 1;
    %store/vec4 v0x561cb3a3f2d0_0, 0, 1;
    %pushi/vec4 0, 0, 2;
    %store/vec4 v0x561cb3a418a0_0, 0, 2;
    %pushi/vec4 2, 0, 2;
    %store/vec4 v0x561cb3a403d0_0, 0, 2;
    %pushi/vec4 0, 0, 1;
    %store/vec4 v0x561cb3a414a0_0, 0, 1;
    %pushi/vec4 0, 0, 8;
    %store/vec4 v0x561cb3a3fd50_0, 0, 8;
    %pushi/vec4 234, 0, 8;
    %store/vec4 v0x561cb3a404b0_0, 0, 8;
    %pushi/vec4 0, 0, 8;
    %store/vec4 v0x561cb3a3e2f0_0, 0, 8;
    %pushi/vec4 0, 0, 8;
    %store/vec4 v0x561cb3a3e490_0, 0, 8;
    %pushi/vec4 4, 0, 8;
    %store/vec4 v0x561cb3a3e630_0, 0, 8;
    %pushi/vec4 0, 0, 16;
    %store/vec4 v0x561cb3a3fef0_0, 0, 16;
    %pushi/vec4 0, 0, 8;
    %store/vec4 v0x561cb3a3f930_0, 0, 8;
    %pushi/vec4 0, 0, 3;
    %store/vec4 v0x561cb3a3f050_0, 0, 3;
    %pushi/vec4 0, 0, 1;
    %store/vec4 v0x561cb3a413e0_0, 0, 1;
    %pushi/vec4 0, 0, 7;
    %store/vec4 v0x561cb3a41300_0, 0, 7;
    %pushi/vec4 0, 0, 1;
    %store/vec4 v0x561cb3a41240_0, 0, 1;
    %end;
    .thread T_0;
    .scope S_0x561cb3a145d0;
T_1 ;
    %wait E_0x561cb3a114f0;
    %load/vec4 v0x561cb3a12740_0;
    %flag_set/vec4 8;
    %jmp/0xz  T_1.0, 8;
    %pushi/vec4 0, 0, 3;
    %assign/vec4 v0x561cb3a3f050_0, 0;
    %jmp T_1.1;
T_1.0 ;
    %load/vec4 v0x561cb3a127e0_0;
    %flag_set/vec4 8;
    %jmp/0xz  T_1.2, 8;
    %load/vec4 v0x561cb3a3f050_0;
    %addi 1, 0, 3;
    %assign/vec4 v0x561cb3a3f050_0, 0;
    %load/vec4 v0x561cb3a3f050_0;
    %cmpi/e 0, 0, 3;
    %jmp/0xz  T_1.4, 4;
    %load/vec4 v0x561cb3a09c70_0;
    %subi 1, 0, 8;
    %assign/vec4 v0x561cb3a3f930_0, 0;
    %jmp T_1.5;
T_1.4 ;
    %load/vec4 v0x561cb3a09c70_0;
    %load/vec4 v0x561cb3a3f930_0;
    %cmp/e;
    %jmp/0xz  T_1.6, 4;
    %load/vec4 v0x561cb3a3f930_0;
    %subi 1, 0, 8;
    %assign/vec4 v0x561cb3a3f930_0, 0;
    %jmp T_1.7;
T_1.6 ;
    %pushi/vec4 0, 0, 3;
    %assign/vec4 v0x561cb3a3f050_0, 0;
T_1.7 ;
T_1.5 ;
    %jmp T_1.3;
T_1.2 ;
    %load/vec4 v0x561cb3a0d260_0;
    %flag_set/vec4 8;
    %jmp/0xz  T_1.8, 8;
    %pushi/vec4 0, 0, 3;
    %assign/vec4 v0x561cb3a3f050_0, 0;
T_1.8 ;
T_1.3 ;
T_1.1 ;
    %jmp T_1;
    .thread T_1;
    .scope S_0x561cb3a145d0;
T_2 ;
    %wait E_0x561cb3a114f0;
    %load/vec4 v0x561cb3a12740_0;
    %flag_set/vec4 8;
    %jmp/0xz  T_2.0, 8;
    %pushi/vec4 0, 0, 2;
    %assign/vec4 v0x561cb3a418a0_0, 0;
    %jmp T_2.1;
T_2.0 ;
    %load/vec4 v0x561cb3a0d260_0;
    %flag_set/vec4 8;
    %jmp/0xz  T_2.2, 8;
    %load/vec4 v0x561cb3a3f530_0;
    %load/vec4 v0x561cb3a3e170_0;
    %load/vec4 v0x561cb3a3fad0_0;
    %and;
    %load/vec4 v0x561cb3a3fb90_0;
    %parti/s 1, 1, 2;
    %and;
    %load/vec4 v0x561cb3a3dff0_0;
    %load/vec4 v0x561cb3a3f6b0_0;
    %and;
    %load/vec4 v0x561cb3a3f770_0;
    %parti/s 1, 1, 2;
    %and;
    %or;
    %and;
    %load/vec4 v0x561cb3a3f050_0;
    %pad/u 32;
    %pushi/vec4 4, 0, 32;
    %cmp/e;
    %flag_get/vec4 4;
    %and;
    %flag_set/vec4 8;
    %jmp/0xz  T_2.4, 8;
    %pushi/vec4 3, 0, 2;
    %assign/vec4 v0x561cb3a418a0_0, 0;
    %jmp T_2.5;
T_2.4 ;
    %load/vec4 v0x561cb3a418a0_0;
    %or/r;
    %flag_set/vec4 8;
    %jmp/0xz  T_2.6, 8;
    %load/vec4 v0x561cb3a418a0_0;
    %subi 1, 0, 2;
    %assign/vec4 v0x561cb3a418a0_0, 0;
T_2.6 ;
T_2.5 ;
T_2.2 ;
T_2.1 ;
    %jmp T_2;
    .thread T_2;
    .scope S_0x561cb3a145d0;
T_3 ;
    %wait E_0x561cb3a114f0;
    %load/vec4 v0x561cb3a12740_0;
    %flag_set/vec4 8;
    %jmp/0xz  T_3.0, 8;
    %pushi/vec4 3, 0, 2;
    %assign/vec4 v0x561cb3a403d0_0, 0;
    %jmp T_3.1;
T_3.0 ;
    %load/vec4 v0x561cb3a0aa20_0;
    %flag_set/vec4 8;
    %jmp/0xz  T_3.2, 8;
    %load/vec4 v0x561cb3a40650_0;
    %load/vec4 v0x561cb3a403d0_0;
    %or/r;
    %and;
    %flag_set/vec4 8;
    %jmp/0xz  T_3.4, 8;
    %load/vec4 v0x561cb3a403d0_0;
    %subi 1, 0, 2;
    %assign/vec4 v0x561cb3a403d0_0, 0;
T_3.4 ;
T_3.2 ;
T_3.1 ;
    %jmp T_3;
    .thread T_3;
    .scope S_0x561cb3a145d0;
T_4 ;
    %wait E_0x561cb3a114f0;
    %load/vec4 v0x561cb3a12740_0;
    %flag_set/vec4 8;
    %jmp/0xz  T_4.0, 8;
    %pushi/vec4 0, 0, 1;
    %assign/vec4 v0x561cb3a414a0_0, 0;
    %pushi/vec4 0, 0, 1;
    %assign/vec4 v0x561cb3a41240_0, 0;
    %jmp T_4.1;
T_4.0 ;
    %load/vec4 v0x561cb3a0d260_0;
    %flag_set/vec4 8;
    %jmp/0xz  T_4.2, 8;
    %load/vec4 v0x561cb3a3f530_0;
    %load/vec4 v0x561cb3a3e170_0;
    %load/vec4 v0x561cb3a3fad0_0;
    %and;
    %load/vec4 v0x561cb3a3fb90_0;
    %parti/s 1, 1, 2;
    %and;
    %load/vec4 v0x561cb3a3dff0_0;
    %load/vec4 v0x561cb3a3f6b0_0;
    %and;
    %load/vec4 v0x561cb3a3f770_0;
    %parti/s 1, 1, 2;
    %and;
    %or;
    %and;
    %load/vec4 v0x561cb3a3f050_0;
    %pad/u 32;
    %pushi/vec4 4, 0, 32;
    %cmp/e;
    %flag_get/vec4 4;
    %and;
    %flag_set/vec4 8;
    %jmp/0xz  T_4.4, 8;
    %load/vec4 v0x561cb3a06ec0_0;
    %parti/s 8, 0, 2;
    %assign/vec4 v0x561cb3a404b0_0, 0;
    %pushi/vec4 1, 0, 1;
    %assign/vec4 v0x561cb3a414a0_0, 0;
T_4.4 ;
    %load/vec4 v0x561cb3a40f20_0;
    %parti/s 1, 1, 2;
    %load/vec4 v0x561cb3a403d0_0;
    %or/r;
    %and;
    %flag_set/vec4 8;
    %jmp/0xz  T_4.6, 8;
    %pushi/vec4 1, 0, 1;
    %assign/vec4 v0x561cb3a414a0_0, 0;
T_4.6 ;
T_4.2 ;
    %load/vec4 v0x561cb3a0aa20_0;
    %flag_set/vec4 8;
    %jmp/0xz  T_4.8, 8;
    %load/vec4 v0x561cb3a41240_0;
    %flag_set/vec4 8;
    %jmp/0xz  T_4.10, 8;
    %load/vec4 v0x561cb3a41300_0;
    %or/r;
    %flag_set/vec4 8;
    %jmp/0xz  T_4.12, 8;
    %load/vec4 v0x561cb3a41300_0;
    %subi 1, 0, 7;
    %assign/vec4 v0x561cb3a41300_0, 0;
    %jmp T_4.13;
T_4.12 ;
    %load/vec4 v0x561cb3a41300_0;
    %pad/u 32;
    %cmpi/e 0, 0, 32;
    %jmp/0xz  T_4.14, 4;
    %pushi/vec4 0, 0, 1;
    %assign/vec4 v0x561cb3a414a0_0, 0;
    %pushi/vec4 0, 0, 1;
    %assign/vec4 v0x561cb3a41240_0, 0;
T_4.14 ;
T_4.13 ;
T_4.10 ;
T_4.8 ;
    %load/vec4 v0x561cb3a413e0_0;
    %flag_set/vec4 8;
    %jmp/0xz  T_4.16, 8;
    %pushi/vec4 6, 0, 7;
    %assign/vec4 v0x561cb3a41300_0, 0;
    %pushi/vec4 1, 0, 1;
    %assign/vec4 v0x561cb3a41240_0, 0;
T_4.16 ;
T_4.1 ;
    %jmp T_4;
    .thread T_4;
    .scope S_0x561cb3a145d0;
T_5 ;
    %wait E_0x561cb3a114f0;
    %load/vec4 v0x561cb3a41700_0;
    %subi 1, 0, 21;
    %assign/vec4 v0x561cb3a41700_0, 0;
    %jmp T_5;
    .thread T_5;
    .scope S_0x561cb3a145d0;
T_6 ;
    %wait E_0x561cb3a114f0;
    %load/vec4 v0x561cb3a41700_0;
    %cmpi/e 0, 0, 21;
    %jmp/0xz  T_6.0, 4;
    %load/vec4 v0x561cb3a0aa20_0;
    %pad/u 5;
    %load/vec4 v0x561cb3a3fb90_0;
    %parti/s 1, 1, 2;
    %pad/u 5;
    %and;
    %assign/vec4 v0x561cb3a3fc70_0, 0;
    %load/vec4 v0x561cb3a0aa20_0;
    %pad/u 5;
    %load/vec4 v0x561cb3a3f770_0;
    %parti/s 1, 1, 2;
    %pad/u 5;
    %and;
    %assign/vec4 v0x561cb3a3f850_0, 0;
    %load/vec4 v0x561cb3a3fc70_0;
    %or/r;
    %load/vec4 v0x561cb3a3f850_0;
    %or/r;
    %and;
    %flag_set/vec4 8;
    %jmp/0xz  T_6.2, 8;
    %pushi/vec4 1, 0, 1;
    %assign/vec4 v0x561cb3a3e0b0_0, 0;
    %pushi/vec4 0, 0, 1;
    %assign/vec4 v0x561cb3a3df30_0, 0;
    %jmp T_6.3;
T_6.2 ;
    %load/vec4 v0x561cb3a3f850_0;
    %cmpi/e 0, 0, 5;
    %jmp/0xz  T_6.4, 4;
    %pushi/vec4 1, 0, 1;
    %assign/vec4 v0x561cb3a3e0b0_0, 0;
    %pushi/vec4 0, 0, 1;
    %assign/vec4 v0x561cb3a3df30_0, 0;
    %jmp T_6.5;
T_6.4 ;
    %load/vec4 v0x561cb3a3fc70_0;
    %cmpi/e 0, 0, 5;
    %jmp/0xz  T_6.6, 4;
    %pushi/vec4 0, 0, 1;
    %assign/vec4 v0x561cb3a3e0b0_0, 0;
    %pushi/vec4 1, 0, 1;
    %assign/vec4 v0x561cb3a3df30_0, 0;
T_6.6 ;
T_6.5 ;
T_6.3 ;
    %jmp T_6.1;
T_6.0 ;
    %load/vec4 v0x561cb3a0aa20_0;
    %load/vec4 v0x561cb3a3fb90_0;
    %parti/s 1, 0, 2;
    %and;
    %flag_set/vec4 8;
    %jmp/0xz  T_6.8, 8;
    %load/vec4 v0x561cb3a3fc70_0;
    %addi 1, 0, 5;
    %assign/vec4 v0x561cb3a3fc70_0, 0;
T_6.8 ;
    %load/vec4 v0x561cb3a0aa20_0;
    %load/vec4 v0x561cb3a3f770_0;
    %parti/s 1, 0, 2;
    %and;
    %flag_set/vec4 8;
    %jmp/0xz  T_6.10, 8;
    %load/vec4 v0x561cb3a3f850_0;
    %addi 1, 0, 5;
    %assign/vec4 v0x561cb3a3f850_0, 0;
T_6.10 ;
T_6.1 ;
    %jmp T_6;
    .thread T_6;
    .scope S_0x561cb3a145d0;
T_7 ;
    %wait E_0x561cb3a114f0;
    %load/vec4 v0x561cb3a0aa20_0;
    %flag_set/vec4 8;
    %jmp/0xz  T_7.0, 8;
    %load/vec4 v0x561cb3a3fa10_0;
    %load/vec4 v0x561cb3a3f5f0_0;
    %or;
    %flag_set/vec4 8;
    %jmp/0xz  T_7.2, 8;
    %pushi/vec4 2, 0, 2;
    %assign/vec4 v0x561cb3a41620_0, 0;
    %jmp T_7.3;
T_7.2 ;
    %load/vec4 v0x561cb3a41620_0;
    %or/r;
    %flag_set/vec4 8;
    %jmp/0xz  T_7.4, 8;
    %load/vec4 v0x561cb3a41620_0;
    %subi 1, 0, 2;
    %assign/vec4 v0x561cb3a41620_0, 0;
T_7.4 ;
    %load/vec4 v0x561cb3a41620_0;
    %cmpi/e 0, 0, 2;
    %jmp/0xz  T_7.6, 4;
    %load/vec4 v0x561cb3a3e0b0_0;
    %assign/vec4 v0x561cb3a3e170_0, 0;
    %load/vec4 v0x561cb3a3df30_0;
    %assign/vec4 v0x561cb3a3dff0_0, 0;
    %load/vec4 v0x561cb3a3f390_0;
    %assign/vec4 v0x561cb3a3f530_0, 0;
T_7.6 ;
T_7.3 ;
T_7.0 ;
    %jmp T_7;
    .thread T_7;
    .scope S_0x561cb3a145d0;
T_8 ;
    %wait E_0x561cb3a114f0;
    %load/vec4 v0x561cb3a41180_0;
    %load/vec4 v0x561cb3a41560_0;
    %and;
    %load/vec4 v0x561cb3a06ec0_0;
    %parti/s 9, 0, 2;
    %nor/r;
    %and;
    %load/vec4 v0x561cb3a08fa0_0;
    %pushi/vec4 133, 0, 8;
    %cmp/e;
    %flag_get/vec4 4;
    %and;
    %load/vec4 v0x561cb3a3f210_0;
    %load/vec4 v0x561cb3a12740_0;
    %and;
    %or;
    %flag_set/vec4 8;
    %jmp/0xz  T_8.0, 8;
    %pushi/vec4 960000000, 0, 30;
    %assign/vec4 v0x561cb3a3f450_0, 0;
    %jmp T_8.1;
T_8.0 ;
    %load/vec4 v0x561cb3a3f450_0;
    %or/r;
    %flag_set/vec4 8;
    %jmp/0xz  T_8.2, 8;
    %load/vec4 v0x561cb3a3f450_0;
    %subi 1, 0, 30;
    %assign/vec4 v0x561cb3a3f450_0, 0;
T_8.2 ;
T_8.1 ;
    %jmp T_8;
    .thread T_8;
    .scope S_0x561cb3a145d0;
T_9 ;
    %wait E_0x561cb3a114f0;
    %load/vec4 v0x561cb3a12740_0;
    %flag_set/vec4 8;
    %jmp/0xz  T_9.0, 8;
    %pushi/vec4 0, 0, 1;
    %assign/vec4 v0x561cb3a413e0_0, 0;
    %jmp T_9.1;
T_9.0 ;
    %pushi/vec4 0, 0, 1;
    %assign/vec4 v0x561cb3a413e0_0, 0;
    %load/vec4 v0x561cb3a41180_0;
    %load/vec4 v0x561cb3a41560_0;
    %and;
    %flag_set/vec4 8;
    %jmp/0xz  T_9.2, 8;
    %load/vec4 v0x561cb3a06ec0_0;
    %parti/s 9, 0, 2;
    %nor/r;
    %flag_set/vec4 8;
    %jmp/0xz  T_9.4, 8;
    %load/vec4 v0x561cb3a08fa0_0;
    %dup/vec4;
    %pushi/vec4 130, 0, 8;
    %cmp/u;
    %jmp/1 T_9.6, 6;
    %dup/vec4;
    %pushi/vec4 131, 0, 8;
    %cmp/u;
    %jmp/1 T_9.7, 6;
    %dup/vec4;
    %pushi/vec4 132, 0, 8;
    %cmp/u;
    %jmp/1 T_9.8, 6;
    %jmp T_9.9;
T_9.6 ;
    %pushi/vec4 1, 0, 1;
    %assign/vec4 v0x561cb3a3ec50_0, 0;
    %jmp T_9.9;
T_9.7 ;
    %pushi/vec4 0, 0, 1;
    %assign/vec4 v0x561cb3a3ec50_0, 0;
    %jmp T_9.9;
T_9.8 ;
    %pushi/vec4 0, 0, 2;
    %split/vec4 1;
    %assign/vec4 v0x561cb3a3f6b0_0, 0;
    %assign/vec4 v0x561cb3a3fad0_0, 0;
    %jmp T_9.9;
T_9.9 ;
    %pop/vec4 1;
    %jmp T_9.5;
T_9.4 ;
    %load/vec4 v0x561cb3a06ec0_0;
    %parti/s 9, 0, 2;
    %cmpi/e 509, 0, 9;
    %jmp/0xz  T_9.10, 4;
    %pushi/vec4 1, 0, 1;
    %assign/vec4 v0x561cb3a413e0_0, 0;
T_9.10 ;
T_9.5 ;
    %jmp T_9.3;
T_9.2 ;
    %load/vec4 v0x561cb3a40250_0;
    %flag_set/vec4 8;
    %jmp/0xz  T_9.12, 8;
    %load/vec4 v0x561cb3a40090_0;
    %pad/u 32;
    %cmpi/u 6, 0, 32;
    %jmp/0xz  T_9.14, 5;
    %load/vec4 v0x561cb3a40170_0;
    %parti/s 24, 8, 5;
    %load/vec4 v0x561cb3a40090_0;
    %pad/u 4;
    %ix/vec4 3;
    %ix/load 4, 0, 0; Constant delay
    %assign/vec4/a/d v0x561cb3a3e890, 0, 4;
    %load/vec4 v0x561cb3a40170_0;
    %parti/s 8, 0, 2;
    %load/vec4 v0x561cb3a40090_0;
    %pad/u 4;
    %ix/vec4 3;
    %ix/load 4, 0, 0; Constant delay
    %assign/vec4/a/d v0x561cb3a3ead0, 0, 4;
    %jmp T_9.15;
T_9.14 ;
    %load/vec4 v0x561cb3a40090_0;
    %pad/u 32;
    %cmpi/e 6, 0, 32;
    %jmp/0xz  T_9.16, 4;
    %load/vec4 v0x561cb3a40170_0;
    %parti/s 6, 0, 2;
    %assign/vec4 v0x561cb3a3ed10_0, 0;
    %jmp T_9.17;
T_9.16 ;
    %load/vec4 v0x561cb3a40090_0;
    %pad/u 32;
    %cmpi/e 7, 0, 32;
    %jmp/0xz  T_9.18, 4;
    %load/vec4 v0x561cb3a41980_0;
    %load/vec4 v0x561cb3a3e7d0_0;
    %concat/vec4; draw_concat_vec4
    %load/vec4 v0x561cb3a3f210_0;
    %concat/vec4; draw_concat_vec4
    %load/vec4 v0x561cb3a3f6b0_0;
    %concat/vec4; draw_concat_vec4
    %load/vec4 v0x561cb3a3fad0_0;
    %concat/vec4; draw_concat_vec4
    %load/vec4 v0x561cb3a3ec50_0;
    %concat/vec4; draw_concat_vec4
    %load/vec4 v0x561cb3a40170_0;
    %parti/s 6, 8, 5;
    %inv;
    %and;
    %load/vec4 v0x561cb3a40170_0;
    %parti/s 6, 0, 2;
    %or;
    %split/vec4 1;
    %assign/vec4 v0x561cb3a3ec50_0, 0;
    %split/vec4 1;
    %assign/vec4 v0x561cb3a3fad0_0, 0;
    %split/vec4 1;
    %assign/vec4 v0x561cb3a3f6b0_0, 0;
    %split/vec4 1;
    %assign/vec4 v0x561cb3a3f210_0, 0;
    %split/vec4 1;
    %assign/vec4 v0x561cb3a3e7d0_0, 0;
    %assign/vec4 v0x561cb3a41980_0, 0;
T_9.18 ;
T_9.17 ;
T_9.15 ;
T_9.12 ;
T_9.3 ;
T_9.1 ;
    %jmp T_9;
    .thread T_9;
    .scope S_0x561cb3a145d0;
T_10 ;
    %wait E_0x561cb3a114f0;
    %load/vec4 v0x561cb3a41560_0;
    %flag_set/vec4 8;
    %jmp/0xz  T_10.0, 8;
    %load/vec4 v0x561cb3a06ec0_0;
    %parti/s 9, 0, 2;
    %cmpi/e 496, 0, 9;
    %jmp/0xz  T_10.2, 4;
    %load/vec4 v0x561cb3a08fa0_0;
    %ix/load 4, 0, 0;
    %ix/load 5, 0, 0;
    %flag_set/imm 4, 0;
    %assign/vec4/off/d v0x561cb3a3fef0_0, 4, 5;
    %jmp T_10.3;
T_10.2 ;
    %load/vec4 v0x561cb3a06ec0_0;
    %parti/s 9, 0, 2;
    %cmpi/e 497, 0, 9;
    %jmp/0xz  T_10.4, 4;
    %load/vec4 v0x561cb3a08fa0_0;
    %ix/load 4, 8, 0;
    %ix/load 5, 0, 0;
    %flag_set/imm 4, 0;
    %assign/vec4/off/d v0x561cb3a3fef0_0, 4, 5;
T_10.4 ;
T_10.3 ;
T_10.0 ;
    %jmp T_10;
    .thread T_10;
    .scope S_0x561cb3a145d0;
T_11 ;
    %wait E_0x561cb398f9b0;
    %load/vec4 v0x561cb3a3fef0_0;
    %dup/vec4;
    %pushi/vec4 12336, 0, 16;
    %cmp/u;
    %jmp/1 T_11.0, 6;
    %dup/vec4;
    %pushi/vec4 8304, 0, 16;
    %cmp/u;
    %jmp/1 T_11.1, 6;
    %dup/vec4;
    %pushi/vec4 4272, 0, 16;
    %cmp/u;
    %jmp/1 T_11.2, 6;
    %dup/vec4;
    %pushi/vec4 36912, 0, 16;
    %cmp/u;
    %jmp/1 T_11.3, 6;
    %dup/vec4;
    %pushi/vec4 20528, 0, 16;
    %cmp/u;
    %jmp/1 T_11.4, 6;
    %dup/vec4;
    %pushi/vec4 4208, 0, 16;
    %cmp/u;
    %jmp/1 T_11.5, 6;
    %pushi/vec4 0, 0, 8;
    %store/vec4 v0x561cb3a3fd50_0, 0, 8;
    %jmp T_11.7;
T_11.0 ;
    %pushi/vec4 128, 0, 8;
    %store/vec4 v0x561cb3a3fd50_0, 0, 8;
    %jmp T_11.7;
T_11.1 ;
    %pushi/vec4 129, 0, 8;
    %store/vec4 v0x561cb3a3fd50_0, 0, 8;
    %jmp T_11.7;
T_11.2 ;
    %pushi/vec4 130, 0, 8;
    %store/vec4 v0x561cb3a3fd50_0, 0, 8;
    %jmp T_11.7;
T_11.3 ;
    %pushi/vec4 131, 0, 8;
    %store/vec4 v0x561cb3a3fd50_0, 0, 8;
    %jmp T_11.7;
T_11.4 ;
    %pushi/vec4 132, 0, 8;
    %store/vec4 v0x561cb3a3fd50_0, 0, 8;
    %jmp T_11.7;
T_11.5 ;
    %pushi/vec4 133, 0, 8;
    %store/vec4 v0x561cb3a3fd50_0, 0, 8;
    %jmp T_11.7;
T_11.7 ;
    %pop/vec4 1;
    %jmp T_11;
    .thread T_11, $push;
    .scope S_0x561cb3a145d0;
T_12 ;
    %wait E_0x561cb39a9790;
    %load/vec4 v0x561cb3a3e7d0_0;
    %flag_set/vec4 8;
    %jmp/0xz  T_12.0, 8;
    %load/vec4 v0x561cb3a41000_0;
    %flag_set/vec4 8;
    %jmp/0xz  T_12.2, 8;
    %load/vec4 v0x561cb3a3fd50_0;
    %cmpi/ne 0, 0, 8;
    %jmp/0xz  T_12.4, 4;
    %pushi/vec4 48, 0, 8;
    %store/vec4 v0x561cb3a3e2f0_0, 0, 8;
    %jmp T_12.5;
T_12.4 ;
    %load/vec4 v0x561cb3a3e710_0;
    %flag_set/vec4 8;
    %jmp/0xz  T_12.6, 8;
    %pushi/vec4 58, 0, 8;
    %store/vec4 v0x561cb3a3e2f0_0, 0, 8;
    %jmp T_12.7;
T_12.6 ;
    %pushi/vec4 67, 0, 8;
    %store/vec4 v0x561cb3a3e2f0_0, 0, 8;
T_12.7 ;
T_12.5 ;
    %jmp T_12.3;
T_12.2 ;
    %load/vec4 v0x561cb3a3ffd0_0;
    %flag_set/vec4 8;
    %jmp/0xz  T_12.8, 8;
    %load/vec4 v0x561cb3a3e710_0;
    %flag_set/vec4 8;
    %jmp/0xz  T_12.10, 8;
    %pushi/vec4 58, 0, 8;
    %store/vec4 v0x561cb3a3e2f0_0, 0, 8;
    %jmp T_12.11;
T_12.10 ;
    %pushi/vec4 67, 0, 8;
    %store/vec4 v0x561cb3a3e2f0_0, 0, 8;
T_12.11 ;
    %jmp T_12.9;
T_12.8 ;
    %pushi/vec4 0, 0, 8;
    %store/vec4 v0x561cb3a3e2f0_0, 0, 8;
T_12.9 ;
T_12.3 ;
    %jmp T_12.1;
T_12.0 ;
    %load/vec4 v0x561cb3a3e710_0;
    %flag_set/vec4 8;
    %jmp/0xz  T_12.12, 8;
    %pushi/vec4 58, 0, 8;
    %store/vec4 v0x561cb3a3e2f0_0, 0, 8;
    %jmp T_12.13;
T_12.12 ;
    %pushi/vec4 67, 0, 8;
    %store/vec4 v0x561cb3a3e2f0_0, 0, 8;
T_12.13 ;
T_12.1 ;
    %jmp T_12;
    .thread T_12, $push;
    .scope S_0x561cb3a145d0;
T_13 ;
    %wait E_0x561cb39acf30;
    %load/vec4 v0x561cb3a3fd50_0;
    %cmpi/e 129, 0, 8;
    %jmp/0xz  T_13.0, 4;
    %pushi/vec4 20, 0, 8;
    %store/vec4 v0x561cb3a3e490_0, 0, 8;
    %jmp T_13.1;
T_13.0 ;
    %load/vec4 v0x561cb3a3e710_0;
    %flag_set/vec4 8;
    %jmp/0xz  T_13.2, 8;
    %pushi/vec4 0, 0, 8;
    %store/vec4 v0x561cb3a3e490_0, 0, 8;
    %jmp T_13.3;
T_13.2 ;
    %pushi/vec4 9, 0, 8;
    %store/vec4 v0x561cb3a3e490_0, 0, 8;
T_13.3 ;
T_13.1 ;
    %jmp T_13;
    .thread T_13, $push;
    .scope S_0x561cb3a14440;
T_14 ;
    %vpi_call 2 65 "$dumpfile", "89.vcd" {0 0 0};
    %vpi_call 2 66 "$dumpvars", 32'sb00000000000000000000000000000001, S_0x561cb3a14440 {0 0 0};
    %delay 10, 0;
    %pushi/vec4 0, 0, 1;
    %store/vec4 v0x561cb3a42c30_0, 0, 1;
    %end;
    .thread T_14;
    .scope S_0x561cb3a14440;
T_15 ;
    %delay 5, 0;
    %vpi_func 2 72 "$random" 32 {0 0 0};
    %pad/s 88;
    %store/vec4 v0x561cb3a43010_0, 0, 88;
    %jmp T_15;
    .thread T_15;
    .scope S_0x561cb3a14440;
T_16 ;
    %vpi_call 2 102 "$monitor", $time, " bench_reset = %b, clk = %b , SNES_PA = %b , SNES_ADDR = %b , SNES_DATA = %b , SNES_wr_strobe = %b , SNES_rd_strobe = %b , SNES_reset_strobe = %b , snescmd_enable = %b , nmicmd_enable = %b , return_vector_enable = %b , branch1_enable = %b , branch2_enable = %b , branch3_enable = %b , pad_latch = %b , snes_ajr = %b , SNES_cycle_start = %b , pgm_idx = %b , pgm_we = %b , pgm_in = %b , data_out = %b , cheat_hit = %b , snescmd_unlock = %b  ", v0x561cb3a42c30_0, v0x561cb3a42680_0, v0x561cb3a42020_0, v0x561cb3a41ee0_0, v0x561cb3a41f80_0, v0x561cb3a422a0_0, v0x561cb3a42160_0, v0x561cb3a42200_0, v0x561cb3a42e70_0, v0x561cb3a42820_0, v0x561cb3a42cd0_0, v0x561cb3a42340_0, v0x561cb3a42410_0, v0x561cb3a424e0_0, v0x561cb3a428f0_0, v0x561cb3a42da0_0, v0x561cb3a420c0_0, v0x561cb3a429c0_0, v0x561cb3a42b60_0, v0x561cb3a42a90_0, v0x561cb3a42750_0, v0x561cb3a425b0_0, v0x561cb3a42f40_0 {0 0 0};
    %end;
    .thread T_16;
    .scope S_0x561cb3a14440;
T_17 ;
    %delay 199, 0;
    %vpi_call 2 108 "$finish" {0 0 0};
    %end;
    .thread T_17;
# The file index is used to find the file name in the following table.
:file_names 4;
    "N/A";
    "<interactive>";
    "wavedrom_dataset/testbenches/89_tb.v";
    "wavedrom_dataset/verilog_modules/48.v";
