#! /usr/bin/vvp
:ivl_version "11.0 (stable)";
:ivl_delay_selection "TYPICAL";
:vpi_time_precision + 0;
:vpi_module "/usr/lib/x86_64-linux-gnu/ivl/system.vpi";
:vpi_module "/usr/lib/x86_64-linux-gnu/ivl/vhdl_sys.vpi";
:vpi_module "/usr/lib/x86_64-linux-gnu/ivl/vhdl_textio.vpi";
:vpi_module "/usr/lib/x86_64-linux-gnu/ivl/v2005_math.vpi";
:vpi_module "/usr/lib/x86_64-linux-gnu/ivl/va_math.vpi";
S_0x55a812a6b600 .scope module, "testbench" "testbench" 2 15;
 .timescale 0 0;
v0x55a812a99460_0 .net "bench_clk", 0 0, L_0x55a812a9a7e0;  1 drivers
v0x55a812a99520_0 .net "bench_m0_address", 9 0, L_0x55a812a9b950;  1 drivers
v0x55a812a995c0_0 .net "bench_m0_burstcount", 0 0, L_0x55a812a9b7d0;  1 drivers
v0x55a812a99660_0 .net "bench_m0_byteenable", 3 0, L_0x55a812a9bc30;  1 drivers
v0x55a812a99730_0 .net "bench_m0_debugaccess", 0 0, L_0x55a812a9bd30;  1 drivers
v0x55a812a997d0_0 .net "bench_m0_read", 0 0, L_0x55a812a9bb20;  1 drivers
v0x55a812a998a0_0 .net "bench_m0_readdata", 31 0, L_0x55a812a9b0c0;  1 drivers
v0x55a812a99970_0 .net "bench_m0_readdatavalid", 0 0, L_0x55a812a9b210;  1 drivers
v0x55a812a99a40_0 .net "bench_m0_response", 1 0, L_0x55a812a9b2b0;  1 drivers
v0x55a812a99b10_0 .net "bench_m0_waitrequest", 0 0, L_0x55a812a9afd0;  1 drivers
v0x55a812a99be0_0 .net "bench_m0_write", 0 0, L_0x55a812a9ba10;  1 drivers
v0x55a812a99cb0_0 .net "bench_m0_writedata", 31 0, L_0x55a812a9b890;  1 drivers
v0x55a812a99d80_0 .var "bench_reset", 0 0;
v0x55a812a99e50_0 .net "bench_s0_address", 9 0, L_0x55a812a9aab0;  1 drivers
v0x55a812a99f20_0 .net "bench_s0_burstcount", 0 0, L_0x55a812a9a880;  1 drivers
v0x55a812a99ff0_0 .net "bench_s0_byteenable", 3 0, L_0x55a812a9ada0;  1 drivers
v0x55a812a9a0c0_0 .net "bench_s0_debugaccess", 0 0, L_0x55a812a9ae90;  1 drivers
v0x55a812a9a190_0 .net "bench_s0_read", 0 0, L_0x55a812a9ac70;  1 drivers
v0x55a812a9a260_0 .net "bench_s0_readdata", 31 0, L_0x55a812a9bf00;  1 drivers
v0x55a812a9a330_0 .net "bench_s0_readdatavalid", 0 0, L_0x55a812a9bdf0;  1 drivers
v0x55a812a9a400_0 .net "bench_s0_response", 1 0, L_0x55a812a9bfc0;  1 drivers
v0x55a812a9a4d0_0 .net "bench_s0_waitrequest", 0 0, L_0x55a812a65900;  1 drivers
v0x55a812a9a5a0_0 .net "bench_s0_write", 0 0, L_0x55a812a9abd0;  1 drivers
v0x55a812a9a670_0 .net "bench_s0_writedata", 31 0, L_0x55a812a9a9c0;  1 drivers
v0x55a812a9a740_0 .var "indata_array", 0 86;
L_0x55a812a9a7e0 .part v0x55a812a9a740_0, 86, 1;
L_0x55a812a9a880 .part v0x55a812a9a740_0, 85, 1;
L_0x55a812a9a9c0 .part v0x55a812a9a740_0, 53, 32;
L_0x55a812a9aab0 .part v0x55a812a9a740_0, 43, 10;
L_0x55a812a9abd0 .part v0x55a812a9a740_0, 42, 1;
L_0x55a812a9ac70 .part v0x55a812a9a740_0, 41, 1;
L_0x55a812a9ada0 .part v0x55a812a9a740_0, 37, 4;
L_0x55a812a9ae90 .part v0x55a812a9a740_0, 36, 1;
L_0x55a812a9afd0 .part v0x55a812a9a740_0, 35, 1;
L_0x55a812a9b0c0 .part v0x55a812a9a740_0, 3, 32;
L_0x55a812a9b210 .part v0x55a812a9a740_0, 2, 1;
L_0x55a812a9b2b0 .part v0x55a812a9a740_0, 0, 2;
S_0x55a812a6b790 .scope module, "inst" "altera_avalon_mm_bridge" 2 69, 3 1 0, S_0x55a812a6b600;
 .timescale 0 0;
    .port_info 0 /INPUT 1 "clk";
    .port_info 1 /INPUT 1 "reset";
    .port_info 2 /OUTPUT 1 "s0_waitrequest";
    .port_info 3 /OUTPUT 32 "s0_readdata";
    .port_info 4 /OUTPUT 1 "s0_readdatavalid";
    .port_info 5 /OUTPUT 2 "s0_response";
    .port_info 6 /INPUT 1 "s0_burstcount";
    .port_info 7 /INPUT 32 "s0_writedata";
    .port_info 8 /INPUT 10 "s0_address";
    .port_info 9 /INPUT 1 "s0_write";
    .port_info 10 /INPUT 1 "s0_read";
    .port_info 11 /INPUT 4 "s0_byteenable";
    .port_info 12 /INPUT 1 "s0_debugaccess";
    .port_info 13 /INPUT 1 "m0_waitrequest";
    .port_info 14 /INPUT 32 "m0_readdata";
    .port_info 15 /INPUT 1 "m0_readdatavalid";
    .port_info 16 /INPUT 2 "m0_response";
    .port_info 17 /OUTPUT 1 "m0_burstcount";
    .port_info 18 /OUTPUT 32 "m0_writedata";
    .port_info 19 /OUTPUT 10 "m0_address";
    .port_info 20 /OUTPUT 1 "m0_write";
    .port_info 21 /OUTPUT 1 "m0_read";
    .port_info 22 /OUTPUT 4 "m0_byteenable";
    .port_info 23 /OUTPUT 1 "m0_debugaccess";
P_0x55a812a6cee0 .param/l "BURSTCOUNT_WIDTH" 0 3 7, +C4<00000000000000000000000000000001>;
P_0x55a812a6cf20 .param/l "BYTEEN_WIDTH" 0 3 15, +C4<00000000000000000000000000000100>;
P_0x55a812a6cf60 .param/l "DATA_WIDTH" 0 3 3, +C4<00000000000000000000000000100000>;
P_0x55a812a6cfa0 .param/l "HDL_ADDR_WIDTH" 0 3 6, +C4<00000000000000000000000000001010>;
P_0x55a812a6cfe0 .param/l "PIPELINE_COMMAND" 0 3 9, +C4<00000000000000000000000000000001>;
P_0x55a812a6d020 .param/l "PIPELINE_RESPONSE" 0 3 10, +C4<00000000000000000000000000000001>;
P_0x55a812a6d060 .param/l "RESPONSE_WIDTH" 0 3 5, +C4<00000000000000000000000000000010>;
P_0x55a812a6d0a0 .param/l "SYMBOL_WIDTH" 0 3 4, +C4<00000000000000000000000000001000>;
L_0x55a812a9b7d0 .functor BUFZ 1, v0x55a812a69b20_0, C4<0>, C4<0>, C4<0>;
L_0x55a812a9b890 .functor BUFZ 32, v0x55a812a96d80_0, C4<00000000000000000000000000000000>, C4<00000000000000000000000000000000>, C4<00000000000000000000000000000000>;
L_0x55a812a9b950 .functor BUFZ 10, v0x55a812a69a80_0, C4<0000000000>, C4<0000000000>, C4<0000000000>;
L_0x55a812a9ba10 .functor BUFZ 1, v0x55a812a96cc0_0, C4<0>, C4<0>, C4<0>;
L_0x55a812a9bb20 .functor BUFZ 1, v0x55a812a96b40_0, C4<0>, C4<0>, C4<0>;
L_0x55a812a9bc30 .functor BUFZ 4, v0x55a812a96950_0, C4<0000>, C4<0000>, C4<0000>;
L_0x55a812a9bd30 .functor BUFZ 1, v0x55a812a96a30_0, C4<0>, C4<0>, C4<0>;
L_0x55a812a9bdf0 .functor BUFZ 1, v0x55a812a97900_0, C4<0>, C4<0>, C4<0>;
L_0x55a812a9bf00 .functor BUFZ 32, v0x55a812a97820_0, C4<00000000000000000000000000000000>, C4<00000000000000000000000000000000>, C4<00000000000000000000000000000000>;
L_0x55a812a9bfc0 .functor BUFZ 2, v0x55a812a979c0_0, C4<00>, C4<00>, C4<00>;
v0x55a812a3b7c0_0 .net "clk", 0 0, L_0x55a812a9a7e0;  alias, 1 drivers
v0x55a812a69a80_0 .var "cmd_address", 9 0;
v0x55a812a69b20_0 .var "cmd_burstcount", 0 0;
v0x55a812a96950_0 .var "cmd_byteenable", 3 0;
v0x55a812a96a30_0 .var "cmd_debugaccess", 0 0;
v0x55a812a96b40_0 .var "cmd_read", 0 0;
v0x55a812a96c00_0 .net "cmd_waitrequest", 0 0, L_0x55a812a9b6c0;  1 drivers
v0x55a812a96cc0_0 .var "cmd_write", 0 0;
v0x55a812a96d80_0 .var "cmd_writedata", 31 0;
v0x55a812a96e60_0 .net "m0_address", 9 0, L_0x55a812a9b950;  alias, 1 drivers
v0x55a812a96f40_0 .net "m0_burstcount", 0 0, L_0x55a812a9b7d0;  alias, 1 drivers
v0x55a812a97020_0 .net "m0_byteenable", 3 0, L_0x55a812a9bc30;  alias, 1 drivers
v0x55a812a97100_0 .net "m0_debugaccess", 0 0, L_0x55a812a9bd30;  alias, 1 drivers
v0x55a812a971c0_0 .net "m0_read", 0 0, L_0x55a812a9bb20;  alias, 1 drivers
v0x55a812a97280_0 .net "m0_readdata", 31 0, L_0x55a812a9b0c0;  alias, 1 drivers
v0x55a812a97360_0 .net "m0_readdatavalid", 0 0, L_0x55a812a9b210;  alias, 1 drivers
v0x55a812a97420_0 .net "m0_response", 1 0, L_0x55a812a9b2b0;  alias, 1 drivers
v0x55a812a97500_0 .net "m0_waitrequest", 0 0, L_0x55a812a9afd0;  alias, 1 drivers
v0x55a812a975c0_0 .net "m0_write", 0 0, L_0x55a812a9ba10;  alias, 1 drivers
v0x55a812a97680_0 .net "m0_writedata", 31 0, L_0x55a812a9b890;  alias, 1 drivers
v0x55a812a97760_0 .net "reset", 0 0, v0x55a812a99d80_0;  1 drivers
v0x55a812a97820_0 .var "rsp_readdata", 31 0;
v0x55a812a97900_0 .var "rsp_readdatavalid", 0 0;
v0x55a812a979c0_0 .var "rsp_response", 1 0;
v0x55a812a97aa0_0 .net "s0_address", 9 0, L_0x55a812a9aab0;  alias, 1 drivers
v0x55a812a97b80_0 .net "s0_burstcount", 0 0, L_0x55a812a9a880;  alias, 1 drivers
v0x55a812a97c60_0 .net "s0_byteenable", 3 0, L_0x55a812a9ada0;  alias, 1 drivers
v0x55a812a97d40_0 .net "s0_debugaccess", 0 0, L_0x55a812a9ae90;  alias, 1 drivers
v0x55a812a97e00_0 .net "s0_read", 0 0, L_0x55a812a9ac70;  alias, 1 drivers
v0x55a812a97ec0_0 .net "s0_readdata", 31 0, L_0x55a812a9bf00;  alias, 1 drivers
v0x55a812a97fa0_0 .net "s0_readdatavalid", 0 0, L_0x55a812a9bdf0;  alias, 1 drivers
v0x55a812a98060_0 .net "s0_response", 1 0, L_0x55a812a9bfc0;  alias, 1 drivers
v0x55a812a98140_0 .net "s0_waitrequest", 0 0, L_0x55a812a65900;  alias, 1 drivers
v0x55a812a98200_0 .net "s0_write", 0 0, L_0x55a812a9abd0;  alias, 1 drivers
v0x55a812a982c0_0 .net "s0_writedata", 31 0, L_0x55a812a9a9c0;  alias, 1 drivers
v0x55a812a983a0_0 .var "use_reg", 0 0;
v0x55a812a98460_0 .net "wait_rise", 0 0, L_0x55a812a698a0;  1 drivers
v0x55a812a98520_0 .var "wr_address", 9 0;
v0x55a812a98600_0 .var "wr_burstcount", 0 0;
v0x55a812a986e0_0 .var "wr_byteenable", 3 0;
v0x55a812a987c0_0 .var "wr_debugaccess", 0 0;
v0x55a812a98880_0 .var "wr_read", 0 0;
v0x55a812a98940_0 .var "wr_reg_address", 9 0;
v0x55a812a98a20_0 .var "wr_reg_burstcount", 0 0;
v0x55a812a98b00_0 .var "wr_reg_byteenable", 3 0;
v0x55a812a98be0_0 .var "wr_reg_debugaccess", 0 0;
v0x55a812a98ca0_0 .var "wr_reg_read", 0 0;
v0x55a812a98d60_0 .var "wr_reg_waitrequest", 0 0;
v0x55a812a98e20_0 .var "wr_reg_write", 0 0;
v0x55a812a98ee0_0 .var "wr_reg_writedata", 31 0;
v0x55a812a98fc0_0 .var "wr_write", 0 0;
v0x55a812a99080_0 .var "wr_writedata", 31 0;
S_0x55a812a37250 .scope generate, "genblk1" "genblk1" 3 86, 3 86 0, S_0x55a812a6b790;
 .timescale 0 0;
L_0x55a812a65900 .functor BUFZ 1, v0x55a812a98d60_0, C4<0>, C4<0>, C4<0>;
L_0x55a812a3b590 .functor NOT 1, v0x55a812a98d60_0, C4<0>, C4<0>, C4<0>;
L_0x55a812a698a0 .functor AND 1, L_0x55a812a3b590, L_0x55a812a9b6c0, C4<1>, C4<1>;
L_0x55a812a69910 .functor OR 1, v0x55a812a96b40_0, v0x55a812a96cc0_0, C4<0>, C4<0>;
L_0x55a812a9b500 .functor NOT 1, L_0x55a812a69910, C4<0>, C4<0>, C4<0>;
L_0x55a812a9b5c0 .functor NOT 1, L_0x55a812a9b500, C4<0>, C4<0>, C4<0>;
L_0x55a812a9b6c0 .functor AND 1, L_0x55a812a9afd0, L_0x55a812a9b5c0, C4<1>, C4<1>;
v0x55a812a06730_0 .net *"_ivl_10", 0 0, L_0x55a812a9b5c0;  1 drivers
v0x55a812a65a20_0 .net *"_ivl_2", 0 0, L_0x55a812a3b590;  1 drivers
v0x55a812a65ac0_0 .net *"_ivl_7", 0 0, L_0x55a812a69910;  1 drivers
v0x55a812a3b6f0_0 .net "no_command", 0 0, L_0x55a812a9b500;  1 drivers
E_0x55a812a46ed0 .event posedge, v0x55a812a97760_0, v0x55a812a3b7c0_0;
E_0x55a812a46860/0 .event edge, v0x55a812a97b80_0, v0x55a812a982c0_0, v0x55a812a97aa0_0, v0x55a812a98200_0;
E_0x55a812a46860/1 .event edge, v0x55a812a97e00_0, v0x55a812a97c60_0, v0x55a812a97d40_0, v0x55a812a983a0_0;
E_0x55a812a46860/2 .event edge, v0x55a812a98a20_0, v0x55a812a98ee0_0, v0x55a812a98940_0, v0x55a812a98e20_0;
E_0x55a812a46860/3 .event edge, v0x55a812a98ca0_0, v0x55a812a98b00_0, v0x55a812a98be0_0;
E_0x55a812a46860 .event/or E_0x55a812a46860/0, E_0x55a812a46860/1, E_0x55a812a46860/2, E_0x55a812a46860/3;
S_0x55a812a67010 .scope generate, "genblk3" "genblk3" 3 246, 3 246 0, S_0x55a812a6b790;
 .timescale 0 0;
    .scope S_0x55a812a37250;
T_0 ;
    %wait E_0x55a812a46ed0;
    %load/vec4 v0x55a812a97760_0;
    %flag_set/vec4 8;
    %jmp/0xz  T_0.0, 8;
    %pushi/vec4 1, 0, 1;
    %assign/vec4 v0x55a812a98d60_0, 0;
    %pushi/vec4 1, 0, 1;
    %assign/vec4 v0x55a812a983a0_0, 0;
    %pushi/vec4 1, 0, 1;
    %assign/vec4 v0x55a812a98a20_0, 0;
    %pushi/vec4 0, 0, 32;
    %assign/vec4 v0x55a812a98ee0_0, 0;
    %pushi/vec4 15, 0, 4;
    %assign/vec4 v0x55a812a98b00_0, 0;
    %pushi/vec4 0, 0, 10;
    %assign/vec4 v0x55a812a98940_0, 0;
    %pushi/vec4 0, 0, 1;
    %assign/vec4 v0x55a812a98e20_0, 0;
    %pushi/vec4 0, 0, 1;
    %assign/vec4 v0x55a812a98ca0_0, 0;
    %pushi/vec4 0, 0, 1;
    %assign/vec4 v0x55a812a98be0_0, 0;
    %jmp T_0.1;
T_0.0 ;
    %load/vec4 v0x55a812a96c00_0;
    %assign/vec4 v0x55a812a98d60_0, 0;
    %load/vec4 v0x55a812a98460_0;
    %flag_set/vec4 8;
    %jmp/0xz  T_0.2, 8;
    %load/vec4 v0x55a812a982c0_0;
    %assign/vec4 v0x55a812a98ee0_0, 0;
    %load/vec4 v0x55a812a97c60_0;
    %assign/vec4 v0x55a812a98b00_0, 0;
    %load/vec4 v0x55a812a97aa0_0;
    %assign/vec4 v0x55a812a98940_0, 0;
    %load/vec4 v0x55a812a98200_0;
    %assign/vec4 v0x55a812a98e20_0, 0;
    %load/vec4 v0x55a812a97e00_0;
    %assign/vec4 v0x55a812a98ca0_0, 0;
    %load/vec4 v0x55a812a97b80_0;
    %assign/vec4 v0x55a812a98a20_0, 0;
    %load/vec4 v0x55a812a97d40_0;
    %assign/vec4 v0x55a812a98be0_0, 0;
T_0.2 ;
    %load/vec4 v0x55a812a96c00_0;
    %inv;
    %flag_set/vec4 8;
    %jmp/0xz  T_0.4, 8;
    %pushi/vec4 0, 0, 1;
    %assign/vec4 v0x55a812a983a0_0, 0;
    %jmp T_0.5;
T_0.4 ;
    %load/vec4 v0x55a812a98460_0;
    %flag_set/vec4 8;
    %jmp/0xz  T_0.6, 8;
    %pushi/vec4 1, 0, 1;
    %assign/vec4 v0x55a812a983a0_0, 0;
T_0.6 ;
T_0.5 ;
T_0.1 ;
    %jmp T_0;
    .thread T_0;
    .scope S_0x55a812a37250;
T_1 ;
    %wait E_0x55a812a46860;
    %load/vec4 v0x55a812a97b80_0;
    %store/vec4 v0x55a812a98600_0, 0, 1;
    %load/vec4 v0x55a812a982c0_0;
    %store/vec4 v0x55a812a99080_0, 0, 32;
    %load/vec4 v0x55a812a97aa0_0;
    %store/vec4 v0x55a812a98520_0, 0, 10;
    %load/vec4 v0x55a812a98200_0;
    %store/vec4 v0x55a812a98fc0_0, 0, 1;
    %load/vec4 v0x55a812a97e00_0;
    %store/vec4 v0x55a812a98880_0, 0, 1;
    %load/vec4 v0x55a812a97c60_0;
    %store/vec4 v0x55a812a986e0_0, 0, 4;
    %load/vec4 v0x55a812a97d40_0;
    %store/vec4 v0x55a812a987c0_0, 0, 1;
    %load/vec4 v0x55a812a983a0_0;
    %flag_set/vec4 8;
    %jmp/0xz  T_1.0, 8;
    %load/vec4 v0x55a812a98a20_0;
    %store/vec4 v0x55a812a98600_0, 0, 1;
    %load/vec4 v0x55a812a98ee0_0;
    %store/vec4 v0x55a812a99080_0, 0, 32;
    %load/vec4 v0x55a812a98940_0;
    %store/vec4 v0x55a812a98520_0, 0, 10;
    %load/vec4 v0x55a812a98e20_0;
    %store/vec4 v0x55a812a98fc0_0, 0, 1;
    %load/vec4 v0x55a812a98ca0_0;
    %store/vec4 v0x55a812a98880_0, 0, 1;
    %load/vec4 v0x55a812a98b00_0;
    %store/vec4 v0x55a812a986e0_0, 0, 4;
    %load/vec4 v0x55a812a98be0_0;
    %store/vec4 v0x55a812a987c0_0, 0, 1;
T_1.0 ;
    %jmp T_1;
    .thread T_1, $push;
    .scope S_0x55a812a37250;
T_2 ;
    %wait E_0x55a812a46ed0;
    %load/vec4 v0x55a812a97760_0;
    %flag_set/vec4 8;
    %jmp/0xz  T_2.0, 8;
    %pushi/vec4 1, 0, 1;
    %assign/vec4 v0x55a812a69b20_0, 0;
    %pushi/vec4 0, 0, 32;
    %assign/vec4 v0x55a812a96d80_0, 0;
    %pushi/vec4 15, 0, 4;
    %assign/vec4 v0x55a812a96950_0, 0;
    %pushi/vec4 0, 0, 10;
    %assign/vec4 v0x55a812a69a80_0, 0;
    %pushi/vec4 0, 0, 1;
    %assign/vec4 v0x55a812a96cc0_0, 0;
    %pushi/vec4 0, 0, 1;
    %assign/vec4 v0x55a812a96b40_0, 0;
    %pushi/vec4 0, 0, 1;
    %assign/vec4 v0x55a812a96a30_0, 0;
    %jmp T_2.1;
T_2.0 ;
    %load/vec4 v0x55a812a96c00_0;
    %inv;
    %flag_set/vec4 8;
    %jmp/0xz  T_2.2, 8;
    %load/vec4 v0x55a812a99080_0;
    %assign/vec4 v0x55a812a96d80_0, 0;
    %load/vec4 v0x55a812a986e0_0;
    %assign/vec4 v0x55a812a96950_0, 0;
    %load/vec4 v0x55a812a98520_0;
    %assign/vec4 v0x55a812a69a80_0, 0;
    %load/vec4 v0x55a812a98fc0_0;
    %assign/vec4 v0x55a812a96cc0_0, 0;
    %load/vec4 v0x55a812a98880_0;
    %assign/vec4 v0x55a812a96b40_0, 0;
    %load/vec4 v0x55a812a98600_0;
    %assign/vec4 v0x55a812a69b20_0, 0;
    %load/vec4 v0x55a812a987c0_0;
    %assign/vec4 v0x55a812a96a30_0, 0;
T_2.2 ;
T_2.1 ;
    %jmp T_2;
    .thread T_2;
    .scope S_0x55a812a67010;
T_3 ;
    %wait E_0x55a812a46ed0;
    %load/vec4 v0x55a812a97760_0;
    %flag_set/vec4 8;
    %jmp/0xz  T_3.0, 8;
    %pushi/vec4 0, 0, 1;
    %assign/vec4 v0x55a812a97900_0, 0;
    %pushi/vec4 0, 0, 32;
    %assign/vec4 v0x55a812a97820_0, 0;
    %pushi/vec4 0, 0, 2;
    %assign/vec4 v0x55a812a979c0_0, 0;
    %jmp T_3.1;
T_3.0 ;
    %load/vec4 v0x55a812a97360_0;
    %assign/vec4 v0x55a812a97900_0, 0;
    %load/vec4 v0x55a812a97280_0;
    %assign/vec4 v0x55a812a97820_0, 0;
    %load/vec4 v0x55a812a97420_0;
    %assign/vec4 v0x55a812a979c0_0, 0;
T_3.1 ;
    %jmp T_3;
    .thread T_3;
    .scope S_0x55a812a6b600;
T_4 ;
    %vpi_call 2 59 "$dumpfile", "91.vcd" {0 0 0};
    %vpi_call 2 60 "$dumpvars", 32'sb00000000000000000000000000000001, S_0x55a812a6b600 {0 0 0};
    %delay 10, 0;
    %pushi/vec4 0, 0, 1;
    %store/vec4 v0x55a812a99d80_0, 0, 1;
    %end;
    .thread T_4;
    .scope S_0x55a812a6b600;
T_5 ;
    %delay 5, 0;
    %vpi_func 2 66 "$random" 32 {0 0 0};
    %pad/s 87;
    %store/vec4 v0x55a812a9a740_0, 0, 87;
    %jmp T_5;
    .thread T_5;
    .scope S_0x55a812a6b600;
T_6 ;
    %vpi_call 2 98 "$monitor", $time, " bench_reset = %b, clk = %b , s0_burstcount = %b , s0_writedata = %b , s0_address = %b , s0_write = %b , s0_read = %b , s0_byteenable = %b , s0_debugaccess = %b , m0_waitrequest = %b , m0_readdata = %b , m0_readdatavalid = %b , m0_response = %b , s0_waitrequest = %b , s0_readdata = %b , s0_readdatavalid = %b , s0_response = %b , m0_burstcount = %b , m0_writedata = %b , m0_address = %b , m0_write = %b , m0_read = %b , m0_byteenable = %b , m0_debugaccess = %b  ", v0x55a812a99d80_0, v0x55a812a99460_0, v0x55a812a99f20_0, v0x55a812a9a670_0, v0x55a812a99e50_0, v0x55a812a9a5a0_0, v0x55a812a9a190_0, v0x55a812a99ff0_0, v0x55a812a9a0c0_0, v0x55a812a99b10_0, v0x55a812a998a0_0, v0x55a812a99970_0, v0x55a812a99a40_0, v0x55a812a9a4d0_0, v0x55a812a9a260_0, v0x55a812a9a330_0, v0x55a812a9a400_0, v0x55a812a995c0_0, v0x55a812a99cb0_0, v0x55a812a99520_0, v0x55a812a99be0_0, v0x55a812a997d0_0, v0x55a812a99660_0, v0x55a812a99730_0 {0 0 0};
    %end;
    .thread T_6;
    .scope S_0x55a812a6b600;
T_7 ;
    %delay 199, 0;
    %vpi_call 2 104 "$finish" {0 0 0};
    %end;
    .thread T_7;
# The file index is used to find the file name in the following table.
:file_names 4;
    "N/A";
    "<interactive>";
    "wavedrom_dataset/testbenches/91_tb.v";
    "wavedrom_dataset/verilog_modules/95.v";
