#! /usr/bin/vvp
:ivl_version "11.0 (stable)";
:ivl_delay_selection "TYPICAL";
:vpi_time_precision + 0;
:vpi_module "/usr/lib/x86_64-linux-gnu/ivl/system.vpi";
:vpi_module "/usr/lib/x86_64-linux-gnu/ivl/vhdl_sys.vpi";
:vpi_module "/usr/lib/x86_64-linux-gnu/ivl/vhdl_textio.vpi";
:vpi_module "/usr/lib/x86_64-linux-gnu/ivl/v2005_math.vpi";
:vpi_module "/usr/lib/x86_64-linux-gnu/ivl/va_math.vpi";
S_0x5648f474a890 .scope module, "testbench" "testbench" 2 15;
 .timescale 0 0;
v0x5648f47838e0_0 .net "bench_add_input_five_n", 0 0, L_0x5648f4784730;  1 drivers
v0x5648f47839a0_0 .net "bench_add_input_four_n", 0 0, L_0x5648f4784610;  1 drivers
v0x5648f4783a40_0 .net "bench_add_input_one", 0 0, L_0x5648f4784340;  1 drivers
v0x5648f4783ae0_0 .net "bench_add_input_six_n", 0 0, L_0x5648f47847d0;  1 drivers
v0x5648f4783bb0_0 .net "bench_add_input_three_n", 0 0, L_0x5648f4784520;  1 drivers
v0x5648f4783c50_0 .net "bench_add_input_two_n", 0 0, L_0x5648f47843e0;  1 drivers
L_0x7fad87d60018 .functor BUFT 1, C4<x>, C4<0>, C4<0>, C4<0>;
v0x5648f4783d20_0 .net "bench_clk", 0 0, L_0x7fad87d60018;  1 drivers
v0x5648f4783df0_0 .net "bench_cor_num", 2 0, L_0x5648f4720f80;  1 drivers
v0x5648f4783ec0_0 .net "bench_decr_cor", 0 0, L_0x5648f4784900;  1 drivers
v0x5648f4783f90_0 .net "bench_inc_dec_b", 0 0, L_0x5648f4761a00;  1 drivers
v0x5648f4784060_0 .net "bench_reg_decr_cor", 0 0, v0x5648f4783440_0;  1 drivers
v0x5648f4784130_0 .var "bench_reset", 0 0;
v0x5648f47841d0_0 .net "bench_rst", 0 0, L_0x5648f47849f0;  1 drivers
v0x5648f47842a0_0 .var "indata_array", 0 7;
L_0x5648f4784340 .part v0x5648f47842a0_0, 7, 1;
L_0x5648f47843e0 .part v0x5648f47842a0_0, 6, 1;
L_0x5648f4784520 .part v0x5648f47842a0_0, 5, 1;
L_0x5648f4784610 .part v0x5648f47842a0_0, 4, 1;
L_0x5648f4784730 .part v0x5648f47842a0_0, 3, 1;
L_0x5648f47847d0 .part v0x5648f47842a0_0, 2, 1;
L_0x5648f4784900 .part v0x5648f47842a0_0, 1, 1;
L_0x5648f47849f0 .part v0x5648f47842a0_0, 0, 1;
S_0x5648f4749fa0 .scope module, "inst" "cmm_errman_cor" 2 55, 3 1 0, S_0x5648f474a890;
 .timescale 0 0;
    .port_info 0 /OUTPUT 3 "cor_num";
    .port_info 1 /OUTPUT 1 "inc_dec_b";
    .port_info 2 /OUTPUT 1 "reg_decr_cor";
    .port_info 3 /INPUT 1 "add_input_one";
    .port_info 4 /INPUT 1 "add_input_two_n";
    .port_info 5 /INPUT 1 "add_input_three_n";
    .port_info 6 /INPUT 1 "add_input_four_n";
    .port_info 7 /INPUT 1 "add_input_five_n";
    .port_info 8 /INPUT 1 "add_input_six_n";
    .port_info 9 /INPUT 1 "decr_cor";
    .port_info 10 /INPUT 1 "rst";
    .port_info 11 /INPUT 1 "clk";
P_0x5648f471ccc0 .param/l "FFD" 0 3 37, +C4<00000000000000000000000000000001>;
L_0x5648f4720f80 .functor BUFZ 3, v0x5648f4783360_0, C4<000>, C4<000>, C4<000>;
L_0x5648f4761a00 .functor BUFZ 1, v0x5648f4783500_0, C4<0>, C4<0>, C4<0>;
v0x5648f47210e0_0 .net "add_input_five_n", 0 0, L_0x5648f4784730;  alias, 1 drivers
v0x5648f4761be0_0 .var "add_input_five_n_d", 0 0;
v0x5648f4761c80_0 .net "add_input_four_n", 0 0, L_0x5648f4784610;  alias, 1 drivers
v0x5648f4782870_0 .var "add_input_four_n_d", 0 0;
v0x5648f4782930_0 .net "add_input_one", 0 0, L_0x5648f4784340;  alias, 1 drivers
v0x5648f4782a40_0 .var "add_input_one_d", 0 0;
v0x5648f4782b00_0 .net "add_input_six_n", 0 0, L_0x5648f47847d0;  alias, 1 drivers
v0x5648f4782bc0_0 .var "add_input_six_n_d", 0 0;
v0x5648f4782c80_0 .net "add_input_three_n", 0 0, L_0x5648f4784520;  alias, 1 drivers
v0x5648f4782d40_0 .var "add_input_three_n_d", 0 0;
v0x5648f4782e00_0 .net "add_input_two_n", 0 0, L_0x5648f47843e0;  alias, 1 drivers
v0x5648f4782ec0_0 .var "add_input_two_n_d", 0 0;
v0x5648f4782f80_0 .var "add_sub_b", 0 0;
v0x5648f4783040_0 .net "clk", 0 0, L_0x7fad87d60018;  alias, 1 drivers
v0x5648f4783100_0 .net "cor_num", 2 0, L_0x5648f4720f80;  alias, 1 drivers
v0x5648f47831e0_0 .net "decr_cor", 0 0, L_0x5648f4784900;  alias, 1 drivers
v0x5648f47832a0_0 .net "inc_dec_b", 0 0, L_0x5648f4761a00;  alias, 1 drivers
v0x5648f4783360_0 .var "reg_cor_num", 2 0;
v0x5648f4783440_0 .var "reg_decr_cor", 0 0;
v0x5648f4783500_0 .var "reg_inc_dec_b", 0 0;
v0x5648f47835c0_0 .net "rst", 0 0, L_0x5648f47849f0;  alias, 1 drivers
v0x5648f4783680_0 .var "to_incr", 2 0;
E_0x5648f472ddf0 .event posedge, v0x5648f4783040_0;
E_0x5648f472e310/0 .event edge, v0x5648f4782bc0_0, v0x5648f4782a40_0, v0x5648f4782ec0_0, v0x5648f4782d40_0;
E_0x5648f472e310/1 .event edge, v0x5648f4782870_0, v0x5648f4761be0_0;
E_0x5648f472e310 .event/or E_0x5648f472e310/0, E_0x5648f472e310/1;
    .scope S_0x5648f4749fa0;
T_0 ;
    %wait E_0x5648f472ddf0;
    %load/vec4 v0x5648f47835c0_0;
    %flag_set/vec4 8;
    %jmp/0xz  T_0.0, 8;
    %pushi/vec4 0, 0, 1;
    %assign/vec4 v0x5648f4782a40_0, 1;
    %pushi/vec4 1, 0, 1;
    %assign/vec4 v0x5648f4782ec0_0, 1;
    %pushi/vec4 1, 0, 1;
    %assign/vec4 v0x5648f4782d40_0, 1;
    %pushi/vec4 1, 0, 1;
    %assign/vec4 v0x5648f4782870_0, 1;
    %pushi/vec4 1, 0, 1;
    %assign/vec4 v0x5648f4761be0_0, 1;
    %pushi/vec4 1, 0, 1;
    %assign/vec4 v0x5648f4782bc0_0, 1;
    %jmp T_0.1;
T_0.0 ;
    %load/vec4 v0x5648f4782930_0;
    %assign/vec4 v0x5648f4782a40_0, 1;
    %load/vec4 v0x5648f4782e00_0;
    %assign/vec4 v0x5648f4782ec0_0, 1;
    %load/vec4 v0x5648f4782c80_0;
    %assign/vec4 v0x5648f4782d40_0, 1;
    %load/vec4 v0x5648f4761c80_0;
    %assign/vec4 v0x5648f4782870_0, 1;
    %load/vec4 v0x5648f47210e0_0;
    %assign/vec4 v0x5648f4761be0_0, 1;
    %load/vec4 v0x5648f4782b00_0;
    %assign/vec4 v0x5648f4782bc0_0, 1;
T_0.1 ;
    %jmp T_0;
    .thread T_0;
    .scope S_0x5648f4749fa0;
T_1 ;
    %wait E_0x5648f472e310;
    %load/vec4 v0x5648f4782bc0_0;
    %load/vec4 v0x5648f4782a40_0;
    %concat/vec4; draw_concat_vec4
    %load/vec4 v0x5648f4782ec0_0;
    %concat/vec4; draw_concat_vec4
    %load/vec4 v0x5648f4782d40_0;
    %concat/vec4; draw_concat_vec4
    %load/vec4 v0x5648f4782870_0;
    %concat/vec4; draw_concat_vec4
    %load/vec4 v0x5648f4761be0_0;
    %concat/vec4; draw_concat_vec4
    %dup/vec4;
    %pushi/vec4 0, 0, 6;
    %cmp/u;
    %jmp/1 T_1.0, 6;
    %dup/vec4;
    %pushi/vec4 1, 0, 6;
    %cmp/u;
    %jmp/1 T_1.1, 6;
    %dup/vec4;
    %pushi/vec4 2, 0, 6;
    %cmp/u;
    %jmp/1 T_1.2, 6;
    %dup/vec4;
    %pushi/vec4 3, 0, 6;
    %cmp/u;
    %jmp/1 T_1.3, 6;
    %dup/vec4;
    %pushi/vec4 4, 0, 6;
    %cmp/u;
    %jmp/1 T_1.4, 6;
    %dup/vec4;
    %pushi/vec4 5, 0, 6;
    %cmp/u;
    %jmp/1 T_1.5, 6;
    %dup/vec4;
    %pushi/vec4 6, 0, 6;
    %cmp/u;
    %jmp/1 T_1.6, 6;
    %dup/vec4;
    %pushi/vec4 7, 0, 6;
    %cmp/u;
    %jmp/1 T_1.7, 6;
    %dup/vec4;
    %pushi/vec4 8, 0, 6;
    %cmp/u;
    %jmp/1 T_1.8, 6;
    %dup/vec4;
    %pushi/vec4 9, 0, 6;
    %cmp/u;
    %jmp/1 T_1.9, 6;
    %dup/vec4;
    %pushi/vec4 10, 0, 6;
    %cmp/u;
    %jmp/1 T_1.10, 6;
    %dup/vec4;
    %pushi/vec4 11, 0, 6;
    %cmp/u;
    %jmp/1 T_1.11, 6;
    %dup/vec4;
    %pushi/vec4 12, 0, 6;
    %cmp/u;
    %jmp/1 T_1.12, 6;
    %dup/vec4;
    %pushi/vec4 13, 0, 6;
    %cmp/u;
    %jmp/1 T_1.13, 6;
    %dup/vec4;
    %pushi/vec4 14, 0, 6;
    %cmp/u;
    %jmp/1 T_1.14, 6;
    %dup/vec4;
    %pushi/vec4 15, 0, 6;
    %cmp/u;
    %jmp/1 T_1.15, 6;
    %dup/vec4;
    %pushi/vec4 16, 0, 6;
    %cmp/u;
    %jmp/1 T_1.16, 6;
    %dup/vec4;
    %pushi/vec4 17, 0, 6;
    %cmp/u;
    %jmp/1 T_1.17, 6;
    %dup/vec4;
    %pushi/vec4 18, 0, 6;
    %cmp/u;
    %jmp/1 T_1.18, 6;
    %dup/vec4;
    %pushi/vec4 19, 0, 6;
    %cmp/u;
    %jmp/1 T_1.19, 6;
    %dup/vec4;
    %pushi/vec4 20, 0, 6;
    %cmp/u;
    %jmp/1 T_1.20, 6;
    %dup/vec4;
    %pushi/vec4 21, 0, 6;
    %cmp/u;
    %jmp/1 T_1.21, 6;
    %dup/vec4;
    %pushi/vec4 22, 0, 6;
    %cmp/u;
    %jmp/1 T_1.22, 6;
    %dup/vec4;
    %pushi/vec4 23, 0, 6;
    %cmp/u;
    %jmp/1 T_1.23, 6;
    %dup/vec4;
    %pushi/vec4 24, 0, 6;
    %cmp/u;
    %jmp/1 T_1.24, 6;
    %dup/vec4;
    %pushi/vec4 25, 0, 6;
    %cmp/u;
    %jmp/1 T_1.25, 6;
    %dup/vec4;
    %pushi/vec4 26, 0, 6;
    %cmp/u;
    %jmp/1 T_1.26, 6;
    %dup/vec4;
    %pushi/vec4 27, 0, 6;
    %cmp/u;
    %jmp/1 T_1.27, 6;
    %dup/vec4;
    %pushi/vec4 28, 0, 6;
    %cmp/u;
    %jmp/1 T_1.28, 6;
    %dup/vec4;
    %pushi/vec4 29, 0, 6;
    %cmp/u;
    %jmp/1 T_1.29, 6;
    %dup/vec4;
    %pushi/vec4 30, 0, 6;
    %cmp/u;
    %jmp/1 T_1.30, 6;
    %dup/vec4;
    %pushi/vec4 31, 0, 6;
    %cmp/u;
    %jmp/1 T_1.31, 6;
    %dup/vec4;
    %pushi/vec4 32, 0, 6;
    %cmp/u;
    %jmp/1 T_1.32, 6;
    %dup/vec4;
    %pushi/vec4 33, 0, 6;
    %cmp/u;
    %jmp/1 T_1.33, 6;
    %dup/vec4;
    %pushi/vec4 34, 0, 6;
    %cmp/u;
    %jmp/1 T_1.34, 6;
    %dup/vec4;
    %pushi/vec4 35, 0, 6;
    %cmp/u;
    %jmp/1 T_1.35, 6;
    %dup/vec4;
    %pushi/vec4 36, 0, 6;
    %cmp/u;
    %jmp/1 T_1.36, 6;
    %dup/vec4;
    %pushi/vec4 37, 0, 6;
    %cmp/u;
    %jmp/1 T_1.37, 6;
    %dup/vec4;
    %pushi/vec4 38, 0, 6;
    %cmp/u;
    %jmp/1 T_1.38, 6;
    %dup/vec4;
    %pushi/vec4 39, 0, 6;
    %cmp/u;
    %jmp/1 T_1.39, 6;
    %dup/vec4;
    %pushi/vec4 40, 0, 6;
    %cmp/u;
    %jmp/1 T_1.40, 6;
    %dup/vec4;
    %pushi/vec4 41, 0, 6;
    %cmp/u;
    %jmp/1 T_1.41, 6;
    %dup/vec4;
    %pushi/vec4 42, 0, 6;
    %cmp/u;
    %jmp/1 T_1.42, 6;
    %dup/vec4;
    %pushi/vec4 43, 0, 6;
    %cmp/u;
    %jmp/1 T_1.43, 6;
    %dup/vec4;
    %pushi/vec4 44, 0, 6;
    %cmp/u;
    %jmp/1 T_1.44, 6;
    %dup/vec4;
    %pushi/vec4 45, 0, 6;
    %cmp/u;
    %jmp/1 T_1.45, 6;
    %dup/vec4;
    %pushi/vec4 46, 0, 6;
    %cmp/u;
    %jmp/1 T_1.46, 6;
    %dup/vec4;
    %pushi/vec4 47, 0, 6;
    %cmp/u;
    %jmp/1 T_1.47, 6;
    %dup/vec4;
    %pushi/vec4 48, 0, 6;
    %cmp/u;
    %jmp/1 T_1.48, 6;
    %dup/vec4;
    %pushi/vec4 49, 0, 6;
    %cmp/u;
    %jmp/1 T_1.49, 6;
    %dup/vec4;
    %pushi/vec4 50, 0, 6;
    %cmp/u;
    %jmp/1 T_1.50, 6;
    %dup/vec4;
    %pushi/vec4 51, 0, 6;
    %cmp/u;
    %jmp/1 T_1.51, 6;
    %dup/vec4;
    %pushi/vec4 52, 0, 6;
    %cmp/u;
    %jmp/1 T_1.52, 6;
    %dup/vec4;
    %pushi/vec4 53, 0, 6;
    %cmp/u;
    %jmp/1 T_1.53, 6;
    %dup/vec4;
    %pushi/vec4 54, 0, 6;
    %cmp/u;
    %jmp/1 T_1.54, 6;
    %dup/vec4;
    %pushi/vec4 55, 0, 6;
    %cmp/u;
    %jmp/1 T_1.55, 6;
    %dup/vec4;
    %pushi/vec4 56, 0, 6;
    %cmp/u;
    %jmp/1 T_1.56, 6;
    %dup/vec4;
    %pushi/vec4 57, 0, 6;
    %cmp/u;
    %jmp/1 T_1.57, 6;
    %dup/vec4;
    %pushi/vec4 58, 0, 6;
    %cmp/u;
    %jmp/1 T_1.58, 6;
    %dup/vec4;
    %pushi/vec4 59, 0, 6;
    %cmp/u;
    %jmp/1 T_1.59, 6;
    %dup/vec4;
    %pushi/vec4 60, 0, 6;
    %cmp/u;
    %jmp/1 T_1.60, 6;
    %dup/vec4;
    %pushi/vec4 61, 0, 6;
    %cmp/u;
    %jmp/1 T_1.61, 6;
    %dup/vec4;
    %pushi/vec4 62, 0, 6;
    %cmp/u;
    %jmp/1 T_1.62, 6;
    %dup/vec4;
    %pushi/vec4 63, 0, 6;
    %cmp/u;
    %jmp/1 T_1.63, 6;
    %pushi/vec4 0, 0, 3;
    %store/vec4 v0x5648f4783680_0, 0, 3;
    %pushi/vec4 1, 0, 1;
    %store/vec4 v0x5648f4782f80_0, 0, 1;
    %jmp T_1.65;
T_1.0 ;
    %pushi/vec4 5, 0, 3;
    %store/vec4 v0x5648f4783680_0, 0, 3;
    %pushi/vec4 1, 0, 1;
    %store/vec4 v0x5648f4782f80_0, 0, 1;
    %jmp T_1.65;
T_1.1 ;
    %pushi/vec4 4, 0, 3;
    %store/vec4 v0x5648f4783680_0, 0, 3;
    %pushi/vec4 1, 0, 1;
    %store/vec4 v0x5648f4782f80_0, 0, 1;
    %jmp T_1.65;
T_1.2 ;
    %pushi/vec4 4, 0, 3;
    %store/vec4 v0x5648f4783680_0, 0, 3;
    %pushi/vec4 1, 0, 1;
    %store/vec4 v0x5648f4782f80_0, 0, 1;
    %jmp T_1.65;
T_1.3 ;
    %pushi/vec4 3, 0, 3;
    %store/vec4 v0x5648f4783680_0, 0, 3;
    %pushi/vec4 1, 0, 1;
    %store/vec4 v0x5648f4782f80_0, 0, 1;
    %jmp T_1.65;
T_1.4 ;
    %pushi/vec4 4, 0, 3;
    %store/vec4 v0x5648f4783680_0, 0, 3;
    %pushi/vec4 1, 0, 1;
    %store/vec4 v0x5648f4782f80_0, 0, 1;
    %jmp T_1.65;
T_1.5 ;
    %pushi/vec4 3, 0, 3;
    %store/vec4 v0x5648f4783680_0, 0, 3;
    %pushi/vec4 1, 0, 1;
    %store/vec4 v0x5648f4782f80_0, 0, 1;
    %jmp T_1.65;
T_1.6 ;
    %pushi/vec4 3, 0, 3;
    %store/vec4 v0x5648f4783680_0, 0, 3;
    %pushi/vec4 1, 0, 1;
    %store/vec4 v0x5648f4782f80_0, 0, 1;
    %jmp T_1.65;
T_1.7 ;
    %pushi/vec4 2, 0, 3;
    %store/vec4 v0x5648f4783680_0, 0, 3;
    %pushi/vec4 1, 0, 1;
    %store/vec4 v0x5648f4782f80_0, 0, 1;
    %jmp T_1.65;
T_1.8 ;
    %pushi/vec4 4, 0, 3;
    %store/vec4 v0x5648f4783680_0, 0, 3;
    %pushi/vec4 1, 0, 1;
    %store/vec4 v0x5648f4782f80_0, 0, 1;
    %jmp T_1.65;
T_1.9 ;
    %pushi/vec4 3, 0, 3;
    %store/vec4 v0x5648f4783680_0, 0, 3;
    %pushi/vec4 1, 0, 1;
    %store/vec4 v0x5648f4782f80_0, 0, 1;
    %jmp T_1.65;
T_1.10 ;
    %pushi/vec4 3, 0, 3;
    %store/vec4 v0x5648f4783680_0, 0, 3;
    %pushi/vec4 1, 0, 1;
    %store/vec4 v0x5648f4782f80_0, 0, 1;
    %jmp T_1.65;
T_1.11 ;
    %pushi/vec4 2, 0, 3;
    %store/vec4 v0x5648f4783680_0, 0, 3;
    %pushi/vec4 1, 0, 1;
    %store/vec4 v0x5648f4782f80_0, 0, 1;
    %jmp T_1.65;
T_1.12 ;
    %pushi/vec4 3, 0, 3;
    %store/vec4 v0x5648f4783680_0, 0, 3;
    %pushi/vec4 1, 0, 1;
    %store/vec4 v0x5648f4782f80_0, 0, 1;
    %jmp T_1.65;
T_1.13 ;
    %pushi/vec4 2, 0, 3;
    %store/vec4 v0x5648f4783680_0, 0, 3;
    %pushi/vec4 1, 0, 1;
    %store/vec4 v0x5648f4782f80_0, 0, 1;
    %jmp T_1.65;
T_1.14 ;
    %pushi/vec4 2, 0, 3;
    %store/vec4 v0x5648f4783680_0, 0, 3;
    %pushi/vec4 1, 0, 1;
    %store/vec4 v0x5648f4782f80_0, 0, 1;
    %jmp T_1.65;
T_1.15 ;
    %pushi/vec4 1, 0, 3;
    %store/vec4 v0x5648f4783680_0, 0, 3;
    %pushi/vec4 1, 0, 1;
    %store/vec4 v0x5648f4782f80_0, 0, 1;
    %jmp T_1.65;
T_1.16 ;
    %pushi/vec4 6, 0, 3;
    %store/vec4 v0x5648f4783680_0, 0, 3;
    %pushi/vec4 1, 0, 1;
    %store/vec4 v0x5648f4782f80_0, 0, 1;
    %jmp T_1.65;
T_1.17 ;
    %pushi/vec4 5, 0, 3;
    %store/vec4 v0x5648f4783680_0, 0, 3;
    %pushi/vec4 1, 0, 1;
    %store/vec4 v0x5648f4782f80_0, 0, 1;
    %jmp T_1.65;
T_1.18 ;
    %pushi/vec4 5, 0, 3;
    %store/vec4 v0x5648f4783680_0, 0, 3;
    %pushi/vec4 1, 0, 1;
    %store/vec4 v0x5648f4782f80_0, 0, 1;
    %jmp T_1.65;
T_1.19 ;
    %pushi/vec4 4, 0, 3;
    %store/vec4 v0x5648f4783680_0, 0, 3;
    %pushi/vec4 1, 0, 1;
    %store/vec4 v0x5648f4782f80_0, 0, 1;
    %jmp T_1.65;
T_1.20 ;
    %pushi/vec4 5, 0, 3;
    %store/vec4 v0x5648f4783680_0, 0, 3;
    %pushi/vec4 1, 0, 1;
    %store/vec4 v0x5648f4782f80_0, 0, 1;
    %jmp T_1.65;
T_1.21 ;
    %pushi/vec4 4, 0, 3;
    %store/vec4 v0x5648f4783680_0, 0, 3;
    %pushi/vec4 1, 0, 1;
    %store/vec4 v0x5648f4782f80_0, 0, 1;
    %jmp T_1.65;
T_1.22 ;
    %pushi/vec4 4, 0, 3;
    %store/vec4 v0x5648f4783680_0, 0, 3;
    %pushi/vec4 1, 0, 1;
    %store/vec4 v0x5648f4782f80_0, 0, 1;
    %jmp T_1.65;
T_1.23 ;
    %pushi/vec4 3, 0, 3;
    %store/vec4 v0x5648f4783680_0, 0, 3;
    %pushi/vec4 1, 0, 1;
    %store/vec4 v0x5648f4782f80_0, 0, 1;
    %jmp T_1.65;
T_1.24 ;
    %pushi/vec4 5, 0, 3;
    %store/vec4 v0x5648f4783680_0, 0, 3;
    %pushi/vec4 1, 0, 1;
    %store/vec4 v0x5648f4782f80_0, 0, 1;
    %jmp T_1.65;
T_1.25 ;
    %pushi/vec4 4, 0, 3;
    %store/vec4 v0x5648f4783680_0, 0, 3;
    %pushi/vec4 1, 0, 1;
    %store/vec4 v0x5648f4782f80_0, 0, 1;
    %jmp T_1.65;
T_1.26 ;
    %pushi/vec4 4, 0, 3;
    %store/vec4 v0x5648f4783680_0, 0, 3;
    %pushi/vec4 1, 0, 1;
    %store/vec4 v0x5648f4782f80_0, 0, 1;
    %jmp T_1.65;
T_1.27 ;
    %pushi/vec4 3, 0, 3;
    %store/vec4 v0x5648f4783680_0, 0, 3;
    %pushi/vec4 1, 0, 1;
    %store/vec4 v0x5648f4782f80_0, 0, 1;
    %jmp T_1.65;
T_1.28 ;
    %pushi/vec4 4, 0, 3;
    %store/vec4 v0x5648f4783680_0, 0, 3;
    %pushi/vec4 1, 0, 1;
    %store/vec4 v0x5648f4782f80_0, 0, 1;
    %jmp T_1.65;
T_1.29 ;
    %pushi/vec4 3, 0, 3;
    %store/vec4 v0x5648f4783680_0, 0, 3;
    %pushi/vec4 1, 0, 1;
    %store/vec4 v0x5648f4782f80_0, 0, 1;
    %jmp T_1.65;
T_1.30 ;
    %pushi/vec4 3, 0, 3;
    %store/vec4 v0x5648f4783680_0, 0, 3;
    %pushi/vec4 1, 0, 1;
    %store/vec4 v0x5648f4782f80_0, 0, 1;
    %jmp T_1.65;
T_1.31 ;
    %pushi/vec4 2, 0, 3;
    %store/vec4 v0x5648f4783680_0, 0, 3;
    %pushi/vec4 1, 0, 1;
    %store/vec4 v0x5648f4782f80_0, 0, 1;
    %jmp T_1.65;
T_1.32 ;
    %pushi/vec4 4, 0, 3;
    %store/vec4 v0x5648f4783680_0, 0, 3;
    %pushi/vec4 1, 0, 1;
    %store/vec4 v0x5648f4782f80_0, 0, 1;
    %jmp T_1.65;
T_1.33 ;
    %pushi/vec4 3, 0, 3;
    %store/vec4 v0x5648f4783680_0, 0, 3;
    %pushi/vec4 1, 0, 1;
    %store/vec4 v0x5648f4782f80_0, 0, 1;
    %jmp T_1.65;
T_1.34 ;
    %pushi/vec4 3, 0, 3;
    %store/vec4 v0x5648f4783680_0, 0, 3;
    %pushi/vec4 1, 0, 1;
    %store/vec4 v0x5648f4782f80_0, 0, 1;
    %jmp T_1.65;
T_1.35 ;
    %pushi/vec4 2, 0, 3;
    %store/vec4 v0x5648f4783680_0, 0, 3;
    %pushi/vec4 1, 0, 1;
    %store/vec4 v0x5648f4782f80_0, 0, 1;
    %jmp T_1.65;
T_1.36 ;
    %pushi/vec4 3, 0, 3;
    %store/vec4 v0x5648f4783680_0, 0, 3;
    %pushi/vec4 1, 0, 1;
    %store/vec4 v0x5648f4782f80_0, 0, 1;
    %jmp T_1.65;
T_1.37 ;
    %pushi/vec4 2, 0, 3;
    %store/vec4 v0x5648f4783680_0, 0, 3;
    %pushi/vec4 1, 0, 1;
    %store/vec4 v0x5648f4782f80_0, 0, 1;
    %jmp T_1.65;
T_1.38 ;
    %pushi/vec4 2, 0, 3;
    %store/vec4 v0x5648f4783680_0, 0, 3;
    %pushi/vec4 1, 0, 1;
    %store/vec4 v0x5648f4782f80_0, 0, 1;
    %jmp T_1.65;
T_1.39 ;
    %pushi/vec4 1, 0, 3;
    %store/vec4 v0x5648f4783680_0, 0, 3;
    %pushi/vec4 1, 0, 1;
    %store/vec4 v0x5648f4782f80_0, 0, 1;
    %jmp T_1.65;
T_1.40 ;
    %pushi/vec4 3, 0, 3;
    %store/vec4 v0x5648f4783680_0, 0, 3;
    %pushi/vec4 1, 0, 1;
    %store/vec4 v0x5648f4782f80_0, 0, 1;
    %jmp T_1.65;
T_1.41 ;
    %pushi/vec4 2, 0, 3;
    %store/vec4 v0x5648f4783680_0, 0, 3;
    %pushi/vec4 1, 0, 1;
    %store/vec4 v0x5648f4782f80_0, 0, 1;
    %jmp T_1.65;
T_1.42 ;
    %pushi/vec4 2, 0, 3;
    %store/vec4 v0x5648f4783680_0, 0, 3;
    %pushi/vec4 1, 0, 1;
    %store/vec4 v0x5648f4782f80_0, 0, 1;
    %jmp T_1.65;
T_1.43 ;
    %pushi/vec4 1, 0, 3;
    %store/vec4 v0x5648f4783680_0, 0, 3;
    %pushi/vec4 1, 0, 1;
    %store/vec4 v0x5648f4782f80_0, 0, 1;
    %jmp T_1.65;
T_1.44 ;
    %pushi/vec4 2, 0, 3;
    %store/vec4 v0x5648f4783680_0, 0, 3;
    %pushi/vec4 1, 0, 1;
    %store/vec4 v0x5648f4782f80_0, 0, 1;
    %jmp T_1.65;
T_1.45 ;
    %pushi/vec4 1, 0, 3;
    %store/vec4 v0x5648f4783680_0, 0, 3;
    %pushi/vec4 1, 0, 1;
    %store/vec4 v0x5648f4782f80_0, 0, 1;
    %jmp T_1.65;
T_1.46 ;
    %pushi/vec4 1, 0, 3;
    %store/vec4 v0x5648f4783680_0, 0, 3;
    %pushi/vec4 1, 0, 1;
    %store/vec4 v0x5648f4782f80_0, 0, 1;
    %jmp T_1.65;
T_1.47 ;
    %pushi/vec4 1, 0, 3;
    %store/vec4 v0x5648f4783680_0, 0, 3;
    %pushi/vec4 1, 0, 1;
    %store/vec4 v0x5648f4782f80_0, 0, 1;
    %jmp T_1.65;
T_1.48 ;
    %pushi/vec4 5, 0, 3;
    %store/vec4 v0x5648f4783680_0, 0, 3;
    %pushi/vec4 1, 0, 1;
    %store/vec4 v0x5648f4782f80_0, 0, 1;
    %jmp T_1.65;
T_1.49 ;
    %pushi/vec4 4, 0, 3;
    %store/vec4 v0x5648f4783680_0, 0, 3;
    %pushi/vec4 1, 0, 1;
    %store/vec4 v0x5648f4782f80_0, 0, 1;
    %jmp T_1.65;
T_1.50 ;
    %pushi/vec4 4, 0, 3;
    %store/vec4 v0x5648f4783680_0, 0, 3;
    %pushi/vec4 1, 0, 1;
    %store/vec4 v0x5648f4782f80_0, 0, 1;
    %jmp T_1.65;
T_1.51 ;
    %pushi/vec4 3, 0, 3;
    %store/vec4 v0x5648f4783680_0, 0, 3;
    %pushi/vec4 1, 0, 1;
    %store/vec4 v0x5648f4782f80_0, 0, 1;
    %jmp T_1.65;
T_1.52 ;
    %pushi/vec4 4, 0, 3;
    %store/vec4 v0x5648f4783680_0, 0, 3;
    %pushi/vec4 1, 0, 1;
    %store/vec4 v0x5648f4782f80_0, 0, 1;
    %jmp T_1.65;
T_1.53 ;
    %pushi/vec4 3, 0, 3;
    %store/vec4 v0x5648f4783680_0, 0, 3;
    %pushi/vec4 1, 0, 1;
    %store/vec4 v0x5648f4782f80_0, 0, 1;
    %jmp T_1.65;
T_1.54 ;
    %pushi/vec4 3, 0, 3;
    %store/vec4 v0x5648f4783680_0, 0, 3;
    %pushi/vec4 1, 0, 1;
    %store/vec4 v0x5648f4782f80_0, 0, 1;
    %jmp T_1.65;
T_1.55 ;
    %pushi/vec4 2, 0, 3;
    %store/vec4 v0x5648f4783680_0, 0, 3;
    %pushi/vec4 1, 0, 1;
    %store/vec4 v0x5648f4782f80_0, 0, 1;
    %jmp T_1.65;
T_1.56 ;
    %pushi/vec4 4, 0, 3;
    %store/vec4 v0x5648f4783680_0, 0, 3;
    %pushi/vec4 1, 0, 1;
    %store/vec4 v0x5648f4782f80_0, 0, 1;
    %jmp T_1.65;
T_1.57 ;
    %pushi/vec4 3, 0, 3;
    %store/vec4 v0x5648f4783680_0, 0, 3;
    %pushi/vec4 1, 0, 1;
    %store/vec4 v0x5648f4782f80_0, 0, 1;
    %jmp T_1.65;
T_1.58 ;
    %pushi/vec4 3, 0, 3;
    %store/vec4 v0x5648f4783680_0, 0, 3;
    %pushi/vec4 1, 0, 1;
    %store/vec4 v0x5648f4782f80_0, 0, 1;
    %jmp T_1.65;
T_1.59 ;
    %pushi/vec4 2, 0, 3;
    %store/vec4 v0x5648f4783680_0, 0, 3;
    %pushi/vec4 1, 0, 1;
    %store/vec4 v0x5648f4782f80_0, 0, 1;
    %jmp T_1.65;
T_1.60 ;
    %pushi/vec4 3, 0, 3;
    %store/vec4 v0x5648f4783680_0, 0, 3;
    %pushi/vec4 1, 0, 1;
    %store/vec4 v0x5648f4782f80_0, 0, 1;
    %jmp T_1.65;
T_1.61 ;
    %pushi/vec4 2, 0, 3;
    %store/vec4 v0x5648f4783680_0, 0, 3;
    %pushi/vec4 1, 0, 1;
    %store/vec4 v0x5648f4782f80_0, 0, 1;
    %jmp T_1.65;
T_1.62 ;
    %pushi/vec4 2, 0, 3;
    %store/vec4 v0x5648f4783680_0, 0, 3;
    %pushi/vec4 1, 0, 1;
    %store/vec4 v0x5648f4782f80_0, 0, 1;
    %jmp T_1.65;
T_1.63 ;
    %pushi/vec4 1, 0, 3;
    %store/vec4 v0x5648f4783680_0, 0, 3;
    %pushi/vec4 1, 0, 1;
    %store/vec4 v0x5648f4782f80_0, 0, 1;
    %jmp T_1.65;
T_1.65 ;
    %pop/vec4 1;
    %jmp T_1;
    .thread T_1, $push;
    .scope S_0x5648f4749fa0;
T_2 ;
    %wait E_0x5648f472ddf0;
    %load/vec4 v0x5648f47835c0_0;
    %flag_set/vec4 8;
    %jmp/0xz  T_2.0, 8;
    %pushi/vec4 0, 0, 3;
    %assign/vec4 v0x5648f4783360_0, 1;
    %pushi/vec4 0, 0, 1;
    %assign/vec4 v0x5648f4783500_0, 1;
    %pushi/vec4 0, 0, 1;
    %assign/vec4 v0x5648f4783440_0, 1;
    %jmp T_2.1;
T_2.0 ;
    %load/vec4 v0x5648f4783680_0;
    %assign/vec4 v0x5648f4783360_0, 1;
    %load/vec4 v0x5648f4782bc0_0;
    %load/vec4 v0x5648f4782a40_0;
    %inv;
    %and;
    %load/vec4 v0x5648f4782ec0_0;
    %and;
    %load/vec4 v0x5648f4782d40_0;
    %and;
    %load/vec4 v0x5648f4782870_0;
    %and;
    %load/vec4 v0x5648f4761be0_0;
    %and;
    %load/vec4 v0x5648f47831e0_0;
    %and;
    %inv;
    %assign/vec4 v0x5648f4783500_0, 1;
    %load/vec4 v0x5648f4782bc0_0;
    %load/vec4 v0x5648f4782a40_0;
    %inv;
    %and;
    %load/vec4 v0x5648f4782ec0_0;
    %and;
    %load/vec4 v0x5648f4782d40_0;
    %and;
    %load/vec4 v0x5648f4782870_0;
    %and;
    %load/vec4 v0x5648f4761be0_0;
    %and;
    %flag_set/vec4 8;
    %jmp/0 T_2.2, 8;
    %load/vec4 v0x5648f47831e0_0;
    %inv;
    %jmp/1 T_2.3, 8;
T_2.2 ; End of true expr.
    %load/vec4 v0x5648f47831e0_0;
    %jmp/0 T_2.3, 8;
 ; End of false expr.
    %blend;
T_2.3;
    %assign/vec4 v0x5648f4783440_0, 1;
T_2.1 ;
    %jmp T_2;
    .thread T_2;
    .scope S_0x5648f474a890;
T_3 ;
    %vpi_call 2 45 "$dumpfile", "95.vcd" {0 0 0};
    %vpi_call 2 46 "$dumpvars", 32'sb00000000000000000000000000000001, S_0x5648f474a890 {0 0 0};
    %delay 10, 0;
    %pushi/vec4 0, 0, 1;
    %store/vec4 v0x5648f4784130_0, 0, 1;
    %end;
    .thread T_3;
    .scope S_0x5648f474a890;
T_4 ;
    %delay 5, 0;
    %vpi_func 2 52 "$random" 32 {0 0 0};
    %pad/s 8;
    %store/vec4 v0x5648f47842a0_0, 0, 8;
    %jmp T_4;
    .thread T_4;
    .scope S_0x5648f474a890;
T_5 ;
    %vpi_call 2 72 "$monitor", $time, " bench_reset = %b, add_input_one = %b , add_input_two_n = %b , add_input_three_n = %b , add_input_four_n = %b , add_input_five_n = %b , add_input_six_n = %b , decr_cor = %b , rst = %b , clk = %b , cor_num = %b , inc_dec_b = %b , reg_decr_cor = %b  ", v0x5648f4784130_0, v0x5648f4783a40_0, v0x5648f4783c50_0, v0x5648f4783bb0_0, v0x5648f47839a0_0, v0x5648f47838e0_0, v0x5648f4783ae0_0, v0x5648f4783ec0_0, v0x5648f47841d0_0, v0x5648f4783d20_0, v0x5648f4783df0_0, v0x5648f4783f90_0, v0x5648f4784060_0 {0 0 0};
    %end;
    .thread T_5;
    .scope S_0x5648f474a890;
T_6 ;
    %delay 199, 0;
    %vpi_call 2 78 "$finish" {0 0 0};
    %end;
    .thread T_6;
# The file index is used to find the file name in the following table.
:file_names 4;
    "N/A";
    "<interactive>";
    "wavedrom_dataset/testbenches/95_tb.v";
    "wavedrom_dataset/verilog_modules/65.v";
