#! /usr/bin/vvp
:ivl_version "11.0 (stable)";
:ivl_delay_selection "TYPICAL";
:vpi_time_precision + 0;
:vpi_module "/usr/lib/x86_64-linux-gnu/ivl/system.vpi";
:vpi_module "/usr/lib/x86_64-linux-gnu/ivl/vhdl_sys.vpi";
:vpi_module "/usr/lib/x86_64-linux-gnu/ivl/vhdl_textio.vpi";
:vpi_module "/usr/lib/x86_64-linux-gnu/ivl/v2005_math.vpi";
:vpi_module "/usr/lib/x86_64-linux-gnu/ivl/va_math.vpi";
S_0x563a47ef7230 .scope module, "testbench" "testbench" 2 15;
 .timescale 0 0;
L_0x7fb3208be018 .functor BUFT 1, C4<x>, C4<0>, C4<0>, C4<0>;
v0x563a47f2b7c0_0 .net *"_ivl_53", 0 0, L_0x7fb3208be018;  1 drivers
v0x563a47f2b8c0_0 .net *"_ivl_55", 6 0, L_0x563a47f30eb0;  1 drivers
v0x563a47f2b9a0_0 .net "bench_DAC_STATUS", 0 0, L_0x563a47f2fe50;  1 drivers
v0x563a47f2ba40_0 .net "bench_MSU_STATUS", 6 0, L_0x563a47f2ffc0;  1 drivers
v0x563a47f2bae0_0 .net "bench_SD_DMA_EN", 0 0, L_0x563a47ee60f0;  1 drivers
v0x563a47f2bb80_0 .net "bench_SD_DMA_NEXTADDR", 0 0, L_0x563a47f2fb60;  1 drivers
v0x563a47f2bc20_0 .net "bench_SD_DMA_PARTIAL", 0 0, L_0x563a47eda5c0;  1 drivers
v0x563a47f2bcc0_0 .net "bench_SD_DMA_PARTIAL_END", 10 0, L_0x563a47ef1fa0;  1 drivers
v0x563a47f2bd90_0 .net "bench_SD_DMA_PARTIAL_START", 10 0, L_0x563a47ef0e60;  1 drivers
v0x563a47f2be60_0 .net "bench_SD_DMA_SRAM_DATA", 7 0, L_0x563a47f2fc00;  1 drivers
v0x563a47f2bf30_0 .net "bench_SD_DMA_SRAM_WE", 0 0, L_0x563a47f2fd60;  1 drivers
v0x563a47f2c000_0 .net "bench_SD_DMA_STATUS", 0 0, L_0x563a47f2fa10;  1 drivers
v0x563a47f2c0d0_0 .net "bench_SD_DMA_TGT", 1 0, L_0x563a47ef08f0;  1 drivers
v0x563a47f2c1a0_0 .net "bench_addr_out", 23 0, L_0x563a47f31a50;  1 drivers
v0x563a47f2c270_0 .net "bench_bsx_regs_reset_out", 7 0, L_0x563a47f32450;  1 drivers
v0x563a47f2c340_0 .net "bench_bsx_regs_reset_we", 0 0, L_0x563a47f32390;  1 drivers
v0x563a47f2c410_0 .net "bench_bsx_regs_set_out", 7 0, L_0x563a47f325c0;  1 drivers
v0x563a47f2c4e0_0 .net "bench_clk", 0 0, L_0x563a47f2f130;  1 drivers
v0x563a47f2c5b0_0 .net "bench_cmd_data", 7 0, L_0x563a47f2f400;  1 drivers
v0x563a47f2c680_0 .net "bench_cmd_ready", 0 0, L_0x563a47f2f1d0;  1 drivers
v0x563a47f2c750_0 .net "bench_dac_addr_out", 10 0, L_0x563a47f31b10;  1 drivers
v0x563a47f2c820_0 .net "bench_dac_play_out", 0 0, L_0x563a47f31ca0;  1 drivers
v0x563a47f2c8f0_0 .net "bench_dac_reset_out", 0 0, L_0x563a47f31dd0;  1 drivers
v0x563a47f2c9c0_0 .net "bench_dspx_dat_addr_out", 10 0, v0x563a47f27e20_0;  1 drivers
v0x563a47f2ca90_0 .net "bench_dspx_dat_data_out", 15 0, v0x563a47f27f00_0;  1 drivers
v0x563a47f2cb60_0 .net "bench_dspx_dat_we_out", 0 0, v0x563a47f27fe0_0;  1 drivers
v0x563a47f2cc30_0 .net "bench_dspx_pgm_addr_out", 10 0, v0x563a47f280a0_0;  1 drivers
v0x563a47f2cd00_0 .net "bench_dspx_pgm_data_out", 23 0, v0x563a47f28180_0;  1 drivers
v0x563a47f2cdd0_0 .net "bench_dspx_pgm_we_out", 0 0, v0x563a47f28260_0;  1 drivers
v0x563a47f2cea0_0 .net "bench_dspx_reset_out", 0 0, v0x563a47f28320_0;  1 drivers
v0x563a47f2cf70_0 .net "bench_featurebits_out", 3 0, v0x563a47f283e0_0;  1 drivers
v0x563a47f2d040_0 .net "bench_mcu_bram_addr", 12 0, v0x563a47f284c0_0;  1 drivers
v0x563a47f2d110_0 .net "bench_mcu_bram_data_in", 7 0, L_0x563a47f30f50;  1 drivers
v0x563a47f2d1e0_0 .net "bench_mcu_bram_data_out", 7 0, v0x563a47f28680_0;  1 drivers
v0x563a47f2d2b0_0 .net "bench_mcu_bram_we", 0 0, v0x563a47f28760_0;  1 drivers
v0x563a47f2d380_0 .net "bench_mcu_data_in", 7 0, L_0x563a47f2f6f0;  1 drivers
v0x563a47f2d450_0 .net "bench_mcu_data_out", 7 0, L_0x563a47f322f0;  1 drivers
v0x563a47f2d520_0 .net "bench_mcu_mapper", 2 0, L_0x563a47f32aa0;  1 drivers
v0x563a47f2d5f0_0 .net "bench_mcu_rq_rdy", 0 0, L_0x563a47f2f5c0;  1 drivers
v0x563a47f2d6c0_0 .net "bench_mcu_rrq", 0 0, L_0x563a47ef5540;  1 drivers
v0x563a47f2d790_0 .net "bench_mcu_write", 0 0, L_0x563a47f318c0;  1 drivers
v0x563a47f2d860_0 .net "bench_mcu_wrq", 0 0, L_0x563a47f314e0;  1 drivers
v0x563a47f2d930_0 .net "bench_msu_addr_out", 13 0, L_0x563a47f31c30;  1 drivers
v0x563a47f2da00_0 .net "bench_msu_addressrq", 31 0, L_0x563a47f300b0;  1 drivers
v0x563a47f2dad0_0 .net "bench_msu_ptr_out", 13 0, L_0x563a47f32230;  1 drivers
v0x563a47f2dba0_0 .net "bench_msu_reset_out", 0 0, L_0x563a47f32170;  1 drivers
v0x563a47f2dc70_0 .net "bench_msu_status_reset_out", 5 0, L_0x563a47f31d60;  1 drivers
v0x563a47f2dd40_0 .net "bench_msu_status_reset_we", 0 0, L_0x563a47f31e90;  1 drivers
v0x563a47f2de10_0 .net "bench_msu_status_set_out", 5 0, L_0x563a47f32020;  1 drivers
v0x563a47f2dee0_0 .net "bench_msu_trackrq", 15 0, L_0x563a47f30230;  1 drivers
v0x563a47f2dfb0_0 .net "bench_msu_volumerq", 7 0, L_0x563a47f30320;  1 drivers
v0x563a47f2e080_0 .net "bench_param_data", 7 0, L_0x563a47f2f520;  1 drivers
v0x563a47f2e150_0 .net "bench_param_ready", 0 0, L_0x563a47f2f310;  1 drivers
v0x563a47f2e220_0 .net "bench_ramsel_out", 0 0, v0x563a47f29ca0_0;  1 drivers
v0x563a47f2e2f0_0 .var "bench_reset", 0 0;
v0x563a47f2e390_0 .net "bench_rom_mask_out", 23 0, L_0x563a47f32b10;  1 drivers
v0x563a47f2e460_0 .net "bench_rtc_data_out", 55 0, L_0x563a47f32680;  1 drivers
v0x563a47f2e530_0 .net "bench_rtc_pgm_we", 0 0, L_0x563a47f32800;  1 drivers
v0x563a47f2e600_0 .net "bench_saveram_mask_out", 23 0, L_0x563a47f32cb0;  1 drivers
v0x563a47f2e6d0_0 .net "bench_snes_cpuclk_freq", 31 0, L_0x563a47f304b0;  1 drivers
v0x563a47f2e7a0_0 .net "bench_snes_pard_freq", 31 0, L_0x563a47f30940;  1 drivers
v0x563a47f2e870_0 .net "bench_snes_pawr_freq", 31 0, L_0x563a47f30a30;  1 drivers
v0x563a47f2e940_0 .net "bench_snes_read_freq", 31 0, L_0x563a47f30410;  1 drivers
v0x563a47f2ea10_0 .net "bench_snes_refresh_freq", 31 0, L_0x563a47f30bf0;  1 drivers
v0x563a47f2eae0_0 .net "bench_snes_romsel_freq", 31 0, L_0x563a47f30ce0;  1 drivers
v0x563a47f2ebb0_0 .net "bench_snes_sysclk_freq", 31 0, L_0x563a47f305a0;  1 drivers
v0x563a47f2ec80_0 .net "bench_snes_write_freq", 31 0, L_0x563a47f30790;  1 drivers
v0x563a47f2ed50_0 .net "bench_spi_bit_cnt", 2 0, L_0x563a47f2f920;  1 drivers
v0x563a47f2ee20_0 .net "bench_spi_byte_cnt", 31 0, L_0x563a47f2f7e0;  1 drivers
v0x563a47f2eef0_0 .net "bench_spi_data_out", 7 0, L_0x563a47ef54d0;  1 drivers
v0x563a47f2efc0_0 .net "bench_srtc_reset", 0 0, L_0x563a47f328c0;  1 drivers
v0x563a47f2f090_0 .var "indata_array", 0 400;
L_0x563a47f2f130 .part v0x563a47f2f090_0, 400, 1;
L_0x563a47f2f1d0 .part v0x563a47f2f090_0, 399, 1;
L_0x563a47f2f310 .part v0x563a47f2f090_0, 398, 1;
L_0x563a47f2f400 .part v0x563a47f2f090_0, 390, 8;
L_0x563a47f2f520 .part v0x563a47f2f090_0, 382, 8;
L_0x563a47f2f5c0 .part v0x563a47f2f090_0, 381, 1;
L_0x563a47f2f6f0 .part v0x563a47f2f090_0, 373, 8;
L_0x563a47f2f7e0 .part v0x563a47f2f090_0, 341, 32;
L_0x563a47f2f920 .part v0x563a47f2f090_0, 338, 3;
L_0x563a47f2fa10 .part v0x563a47f2f090_0, 337, 1;
L_0x563a47f2fb60 .part v0x563a47f2f090_0, 336, 1;
L_0x563a47f2fc00 .part v0x563a47f2f090_0, 328, 8;
L_0x563a47f2fd60 .part v0x563a47f2f090_0, 327, 1;
L_0x563a47f2fe50 .part v0x563a47f2f090_0, 326, 1;
L_0x563a47f2ffc0 .part v0x563a47f2f090_0, 319, 7;
L_0x563a47f300b0 .part v0x563a47f2f090_0, 287, 32;
L_0x563a47f30230 .part v0x563a47f2f090_0, 271, 16;
L_0x563a47f30320 .part v0x563a47f2f090_0, 263, 8;
L_0x563a47f304b0 .part v0x563a47f2f090_0, 231, 32;
L_0x563a47f305a0 .part v0x563a47f2f090_0, 199, 32;
L_0x563a47f30410 .part v0x563a47f2f090_0, 167, 32;
L_0x563a47f30790 .part v0x563a47f2f090_0, 135, 32;
L_0x563a47f30940 .part v0x563a47f2f090_0, 103, 32;
L_0x563a47f30a30 .part v0x563a47f2f090_0, 71, 32;
L_0x563a47f30bf0 .part v0x563a47f2f090_0, 39, 32;
L_0x563a47f30ce0 .part v0x563a47f2f090_0, 7, 32;
L_0x563a47f30eb0 .part v0x563a47f2f090_0, 0, 7;
L_0x563a47f30f50 .concat [ 1 7 0 0], L_0x7fb3208be018, L_0x563a47f30eb0;
S_0x563a47ef73c0 .scope module, "inst" "mcu_cmd" 2 129, 3 1 0, S_0x563a47ef7230;
 .timescale 0 0;
    .port_info 0 /INPUT 1 "clk";
    .port_info 1 /INPUT 1 "cmd_ready";
    .port_info 2 /INPUT 1 "param_ready";
    .port_info 3 /INPUT 8 "cmd_data";
    .port_info 4 /INPUT 8 "param_data";
    .port_info 5 /OUTPUT 3 "mcu_mapper";
    .port_info 6 /OUTPUT 1 "mcu_rrq";
    .port_info 7 /OUTPUT 1 "mcu_write";
    .port_info 8 /OUTPUT 1 "mcu_wrq";
    .port_info 9 /INPUT 1 "mcu_rq_rdy";
    .port_info 10 /OUTPUT 8 "mcu_data_out";
    .port_info 11 /INPUT 8 "mcu_data_in";
    .port_info 12 /OUTPUT 8 "spi_data_out";
    .port_info 13 /INPUT 32 "spi_byte_cnt";
    .port_info 14 /INPUT 3 "spi_bit_cnt";
    .port_info 15 /OUTPUT 24 "addr_out";
    .port_info 16 /OUTPUT 24 "saveram_mask_out";
    .port_info 17 /OUTPUT 24 "rom_mask_out";
    .port_info 18 /OUTPUT 1 "ramsel_out";
    .port_info 19 /OUTPUT 1 "SD_DMA_EN";
    .port_info 20 /INPUT 1 "SD_DMA_STATUS";
    .port_info 21 /INPUT 1 "SD_DMA_NEXTADDR";
    .port_info 22 /INPUT 8 "SD_DMA_SRAM_DATA";
    .port_info 23 /INPUT 1 "SD_DMA_SRAM_WE";
    .port_info 24 /OUTPUT 2 "SD_DMA_TGT";
    .port_info 25 /OUTPUT 1 "SD_DMA_PARTIAL";
    .port_info 26 /OUTPUT 11 "SD_DMA_PARTIAL_START";
    .port_info 27 /OUTPUT 11 "SD_DMA_PARTIAL_END";
    .port_info 28 /OUTPUT 11 "dac_addr_out";
    .port_info 29 /INPUT 1 "DAC_STATUS";
    .port_info 30 /OUTPUT 1 "dac_play_out";
    .port_info 31 /OUTPUT 1 "dac_reset_out";
    .port_info 32 /OUTPUT 14 "msu_addr_out";
    .port_info 33 /INPUT 7 "MSU_STATUS";
    .port_info 34 /OUTPUT 6 "msu_status_reset_out";
    .port_info 35 /OUTPUT 6 "msu_status_set_out";
    .port_info 36 /OUTPUT 1 "msu_status_reset_we";
    .port_info 37 /INPUT 32 "msu_addressrq";
    .port_info 38 /INPUT 16 "msu_trackrq";
    .port_info 39 /INPUT 8 "msu_volumerq";
    .port_info 40 /OUTPUT 14 "msu_ptr_out";
    .port_info 41 /OUTPUT 1 "msu_reset_out";
    .port_info 42 /OUTPUT 8 "bsx_regs_reset_out";
    .port_info 43 /OUTPUT 8 "bsx_regs_set_out";
    .port_info 44 /OUTPUT 1 "bsx_regs_reset_we";
    .port_info 45 /OUTPUT 56 "rtc_data_out";
    .port_info 46 /OUTPUT 1 "rtc_pgm_we";
    .port_info 47 /OUTPUT 1 "srtc_reset";
    .port_info 48 /OUTPUT 24 "dspx_pgm_data_out";
    .port_info 49 /OUTPUT 11 "dspx_pgm_addr_out";
    .port_info 50 /OUTPUT 1 "dspx_pgm_we_out";
    .port_info 51 /OUTPUT 16 "dspx_dat_data_out";
    .port_info 52 /OUTPUT 11 "dspx_dat_addr_out";
    .port_info 53 /OUTPUT 1 "dspx_dat_we_out";
    .port_info 54 /OUTPUT 1 "dspx_reset_out";
    .port_info 55 /OUTPUT 4 "featurebits_out";
    .port_info 56 /INPUT 32 "snes_cpuclk_freq";
    .port_info 57 /INPUT 32 "snes_sysclk_freq";
    .port_info 58 /INPUT 32 "snes_read_freq";
    .port_info 59 /INPUT 32 "snes_write_freq";
    .port_info 60 /INPUT 32 "snes_pard_freq";
    .port_info 61 /INPUT 32 "snes_pawr_freq";
    .port_info 62 /INPUT 32 "snes_refresh_freq";
    .port_info 63 /INPUT 32 "snes_romsel_freq";
    .port_info 64 /OUTPUT 13 "mcu_bram_addr";
    .port_info 65 /INPUT 8 "mcu_bram_data_in";
    .port_info 66 /OUTPUT 8 "mcu_bram_data_out";
    .port_info 67 /OUTPUT 1 "mcu_bram_we";
P_0x563a47eefd60 .param/l "ST_IDLE" 0 3 518, C4<10>;
P_0x563a47eefda0 .param/l "ST_RQ" 0 3 517, C4<01>;
L_0x563a47eda5c0 .functor BUFZ 1, v0x563a47f267e0_0, C4<0>, C4<0>, C4<0>;
L_0x563a47ee60f0 .functor BUFZ 1, v0x563a47f26220_0, C4<0>, C4<0>, C4<0>;
L_0x563a47ef08f0 .functor BUFZ 2, v0x563a47f26ca0_0, C4<00>, C4<00>, C4<00>;
L_0x563a47ef0e60 .functor BUFZ 11, v0x563a47f26700_0, C4<00000000000>, C4<00000000000>, C4<00000000000>;
L_0x563a47ef1fa0 .functor BUFZ 11, v0x563a47f26540_0, C4<00000000000>, C4<00000000000>, C4<00000000000>;
L_0x563a47ef54d0 .functor BUFZ 8, v0x563a47f259a0_0, C4<00000000>, C4<00000000>, C4<00000000>;
L_0x563a47ef5540 .functor BUFZ 1, v0x563a47f28de0_0, C4<0>, C4<0>, C4<0>;
L_0x563a47f314e0 .functor BUFZ 1, v0x563a47f29020_0, C4<0>, C4<0>, C4<0>;
L_0x563a47f31a50 .functor BUFZ 24, v0x563a47ee35d0_0, C4<000000000000000000000000>, C4<000000000000000000000000>, C4<000000000000000000000000>;
L_0x563a47f31b10 .functor BUFZ 11, v0x563a47ee6840_0, C4<00000000000>, C4<00000000000>, C4<00000000000>;
L_0x563a47f31c30 .functor BUFZ 14, v0x563a47f25b60_0, C4<00000000000000>, C4<00000000000000>, C4<00000000000000>;
L_0x563a47f31ca0 .functor BUFZ 1, v0x563a47ef0a10_0, C4<0>, C4<0>, C4<0>;
L_0x563a47f31dd0 .functor BUFZ 1, v0x563a47ef0f80_0, C4<0>, C4<0>, C4<0>;
L_0x563a47f31e90 .functor BUFZ 1, v0x563a47f296c0_0, C4<0>, C4<0>, C4<0>;
L_0x563a47f31d60 .functor BUFZ 6, v0x563a47f29520_0, C4<000000>, C4<000000>, C4<000000>;
L_0x563a47f32020 .functor BUFZ 6, v0x563a47f29860_0, C4<000000>, C4<000000>, C4<000000>;
L_0x563a47f32170 .functor BUFZ 1, v0x563a47f25d20_0, C4<0>, C4<0>, C4<0>;
L_0x563a47f32230 .functor BUFZ 14, v0x563a47f25c40_0, C4<00000000000000>, C4<00000000000000>, C4<00000000000000>;
L_0x563a47f32390 .functor BUFZ 1, v0x563a47f276e0_0, C4<0>, C4<0>, C4<0>;
L_0x563a47f32450 .functor BUFZ 8, v0x563a47f27540_0, C4<00000000>, C4<00000000>, C4<00000000>;
L_0x563a47f325c0 .functor BUFZ 8, v0x563a47f27880_0, C4<00000000>, C4<00000000>, C4<00000000>;
L_0x563a47f32680 .functor BUFZ 56, v0x563a47f2a000_0, C4<00000000000000000000000000000000000000000000000000000000>, C4<00000000000000000000000000000000000000000000000000000000>, C4<00000000000000000000000000000000000000000000000000000000>;
L_0x563a47f32800 .functor BUFZ 1, v0x563a47f2a1a0_0, C4<0>, C4<0>, C4<0>;
L_0x563a47f328c0 .functor BUFZ 1, v0x563a47f2ada0_0, C4<0>, C4<0>, C4<0>;
L_0x563a47f32aa0 .functor BUFZ 3, v0x563a47ef5750_0, C4<000>, C4<000>, C4<000>;
L_0x563a47f32b10 .functor BUFZ 24, v0x563a47f25fa0_0, C4<000000000000000000000000>, C4<000000000000000000000000>, C4<000000000000000000000000>;
L_0x563a47f32cb0 .functor BUFZ 24, v0x563a47f26080_0, C4<000000000000000000000000>, C4<000000000000000000000000>, C4<000000000000000000000000>;
v0x563a47ee35d0_0 .var "ADDR_OUT_BUF", 23 0;
v0x563a47ee6840_0 .var "DAC_ADDR_OUT_BUF", 10 0;
v0x563a47ef0a10_0 .var "DAC_PLAY_OUT_BUF", 0 0;
v0x563a47ef0f80_0 .var "DAC_RESET_OUT_BUF", 0 0;
v0x563a47ef20c0_0 .net "DAC_STATUS", 0 0, L_0x563a47f2fe50;  alias, 1 drivers
v0x563a47ef56b0_0 .var "DAC_STATUSr", 0 0;
v0x563a47ef5750_0 .var "MAPPER_BUF", 2 0;
v0x563a47f259a0_0 .var "MCU_DATA_IN_BUF", 7 0;
v0x563a47f25a80_0 .var "MCU_DATA_OUT_BUF", 7 0;
v0x563a47f25b60_0 .var "MSU_ADDR_OUT_BUF", 13 0;
v0x563a47f25c40_0 .var "MSU_PTR_OUT_BUF", 13 0;
v0x563a47f25d20_0 .var "MSU_RESET_OUT_BUF", 0 0;
v0x563a47f25de0_0 .net "MSU_STATUS", 6 0, L_0x563a47f2ffc0;  alias, 1 drivers
v0x563a47f25ec0_0 .var "MSU_STATUSr", 6 0;
v0x563a47f25fa0_0 .var "ROM_MASK", 23 0;
v0x563a47f26080_0 .var "SAVERAM_MASK", 23 0;
v0x563a47f26160_0 .net "SD_DMA_EN", 0 0, L_0x563a47ee60f0;  alias, 1 drivers
v0x563a47f26220_0 .var "SD_DMA_ENr", 0 0;
v0x563a47f262e0_0 .net "SD_DMA_NEXTADDR", 0 0, L_0x563a47f2fb60;  alias, 1 drivers
v0x563a47f263a0_0 .net "SD_DMA_PARTIAL", 0 0, L_0x563a47eda5c0;  alias, 1 drivers
v0x563a47f26460_0 .net "SD_DMA_PARTIAL_END", 10 0, L_0x563a47ef1fa0;  alias, 1 drivers
v0x563a47f26540_0 .var "SD_DMA_PARTIAL_ENDr", 10 0;
v0x563a47f26620_0 .net "SD_DMA_PARTIAL_START", 10 0, L_0x563a47ef0e60;  alias, 1 drivers
v0x563a47f26700_0 .var "SD_DMA_PARTIAL_STARTr", 10 0;
v0x563a47f267e0_0 .var "SD_DMA_PARTIALr", 0 0;
v0x563a47f268a0_0 .net "SD_DMA_SRAM_DATA", 7 0, L_0x563a47f2fc00;  alias, 1 drivers
v0x563a47f26980_0 .net "SD_DMA_SRAM_WE", 0 0, L_0x563a47f2fd60;  alias, 1 drivers
v0x563a47f26a40_0 .net "SD_DMA_STATUS", 0 0, L_0x563a47f2fa10;  alias, 1 drivers
v0x563a47f26b00_0 .var "SD_DMA_STATUSr", 0 0;
v0x563a47f26bc0_0 .net "SD_DMA_TGT", 1 0, L_0x563a47ef08f0;  alias, 1 drivers
v0x563a47f26ca0_0 .var "SD_DMA_TGTr", 1 0;
v0x563a47f26d80_0 .var "SNES_SYSCLK_FREQ_BUF", 31 0;
L_0x7fb3208be060 .functor BUFT 1, C4<01>, C4<0>, C4<0>, C4<0>;
v0x563a47f26e60_0 .net/2u *"_ivl_12", 1 0, L_0x7fb3208be060;  1 drivers
L_0x7fb3208be0a8 .functor BUFT 1, C4<00>, C4<0>, C4<0>, C4<0>;
v0x563a47f26f40_0 .net/2u *"_ivl_20", 1 0, L_0x7fb3208be0a8;  1 drivers
v0x563a47f27020_0 .net *"_ivl_22", 0 0, L_0x563a47f315f0;  1 drivers
L_0x7fb3208be0f0 .functor BUFT 1, C4<1>, C4<0>, C4<0>, C4<0>;
v0x563a47f270e0_0 .net/2u *"_ivl_24", 0 0, L_0x7fb3208be0f0;  1 drivers
v0x563a47f271c0_0 .net *"_ivl_26", 0 0, L_0x563a47f31730;  1 drivers
L_0x7fb3208be138 .functor BUFT 1, C4<1>, C4<0>, C4<0>, C4<0>;
v0x563a47f272a0_0 .net/2u *"_ivl_28", 0 0, L_0x7fb3208be138;  1 drivers
v0x563a47f27380_0 .net "addr_out", 23 0, L_0x563a47f31a50;  alias, 1 drivers
v0x563a47f27460_0 .net "bsx_regs_reset_out", 7 0, L_0x563a47f32450;  alias, 1 drivers
v0x563a47f27540_0 .var "bsx_regs_reset_out_buf", 7 0;
v0x563a47f27620_0 .net "bsx_regs_reset_we", 0 0, L_0x563a47f32390;  alias, 1 drivers
v0x563a47f276e0_0 .var "bsx_regs_reset_we_buf", 0 0;
v0x563a47f277a0_0 .net "bsx_regs_set_out", 7 0, L_0x563a47f325c0;  alias, 1 drivers
v0x563a47f27880_0 .var "bsx_regs_set_out_buf", 7 0;
v0x563a47f27960_0 .net "clk", 0 0, L_0x563a47f2f130;  alias, 1 drivers
v0x563a47f27a20_0 .net "cmd_data", 7 0, L_0x563a47f2f400;  alias, 1 drivers
v0x563a47f27b00_0 .net "cmd_ready", 0 0, L_0x563a47f2f1d0;  alias, 1 drivers
v0x563a47f27bc0_0 .net "dac_addr_out", 10 0, L_0x563a47f31b10;  alias, 1 drivers
v0x563a47f27ca0_0 .net "dac_play_out", 0 0, L_0x563a47f31ca0;  alias, 1 drivers
v0x563a47f27d60_0 .net "dac_reset_out", 0 0, L_0x563a47f31dd0;  alias, 1 drivers
v0x563a47f27e20_0 .var "dspx_dat_addr_out", 10 0;
v0x563a47f27f00_0 .var "dspx_dat_data_out", 15 0;
v0x563a47f27fe0_0 .var "dspx_dat_we_out", 0 0;
v0x563a47f280a0_0 .var "dspx_pgm_addr_out", 10 0;
v0x563a47f28180_0 .var "dspx_pgm_data_out", 23 0;
v0x563a47f28260_0 .var "dspx_pgm_we_out", 0 0;
v0x563a47f28320_0 .var "dspx_reset_out", 0 0;
v0x563a47f283e0_0 .var "featurebits_out", 3 0;
v0x563a47f284c0_0 .var "mcu_bram_addr", 12 0;
v0x563a47f285a0_0 .net "mcu_bram_data_in", 7 0, L_0x563a47f30f50;  alias, 1 drivers
v0x563a47f28680_0 .var "mcu_bram_data_out", 7 0;
v0x563a47f28760_0 .var "mcu_bram_we", 0 0;
v0x563a47f28820_0 .net "mcu_data_in", 7 0, L_0x563a47f2f6f0;  alias, 1 drivers
v0x563a47f28900_0 .net "mcu_data_out", 7 0, L_0x563a47f322f0;  alias, 1 drivers
v0x563a47f289e0_0 .net "mcu_mapper", 2 0, L_0x563a47f32aa0;  alias, 1 drivers
v0x563a47f28ac0_0 .net "mcu_nextaddr", 0 0, L_0x563a47f313a0;  1 drivers
v0x563a47f28b80_0 .var "mcu_nextaddr_buf", 1 0;
v0x563a47f28c60_0 .net "mcu_rq_rdy", 0 0, L_0x563a47f2f5c0;  alias, 1 drivers
v0x563a47f28d20_0 .net "mcu_rrq", 0 0, L_0x563a47ef5540;  alias, 1 drivers
v0x563a47f28de0_0 .var "mcu_rrq_r", 0 0;
v0x563a47f28ea0_0 .net "mcu_write", 0 0, L_0x563a47f318c0;  alias, 1 drivers
v0x563a47f28f60_0 .net "mcu_wrq", 0 0, L_0x563a47f314e0;  alias, 1 drivers
v0x563a47f29020_0 .var "mcu_wrq_r", 0 0;
v0x563a47f290e0_0 .net "msu_addr_out", 13 0, L_0x563a47f31c30;  alias, 1 drivers
v0x563a47f291c0_0 .net "msu_addressrq", 31 0, L_0x563a47f300b0;  alias, 1 drivers
v0x563a47f292a0_0 .net "msu_ptr_out", 13 0, L_0x563a47f32230;  alias, 1 drivers
v0x563a47f29380_0 .net "msu_reset_out", 0 0, L_0x563a47f32170;  alias, 1 drivers
v0x563a47f29440_0 .net "msu_status_reset_out", 5 0, L_0x563a47f31d60;  alias, 1 drivers
v0x563a47f29520_0 .var "msu_status_reset_out_buf", 5 0;
v0x563a47f29600_0 .net "msu_status_reset_we", 0 0, L_0x563a47f31e90;  alias, 1 drivers
v0x563a47f296c0_0 .var "msu_status_reset_we_buf", 0 0;
v0x563a47f29780_0 .net "msu_status_set_out", 5 0, L_0x563a47f32020;  alias, 1 drivers
v0x563a47f29860_0 .var "msu_status_set_out_buf", 5 0;
v0x563a47f29940_0 .net "msu_trackrq", 15 0, L_0x563a47f30230;  alias, 1 drivers
v0x563a47f29a20_0 .net "msu_volumerq", 7 0, L_0x563a47f30320;  alias, 1 drivers
v0x563a47f29b00_0 .net "param_data", 7 0, L_0x563a47f2f520;  alias, 1 drivers
v0x563a47f29be0_0 .net "param_ready", 0 0, L_0x563a47f2f310;  alias, 1 drivers
v0x563a47f29ca0_0 .var "ramsel_out", 0 0;
v0x563a47f29d60_0 .net "rom_mask_out", 23 0, L_0x563a47f32b10;  alias, 1 drivers
v0x563a47f29e40_0 .var "rrq_state", 1 0;
v0x563a47f29f20_0 .net "rtc_data_out", 55 0, L_0x563a47f32680;  alias, 1 drivers
v0x563a47f2a000_0 .var "rtc_data_out_buf", 55 0;
v0x563a47f2a0e0_0 .net "rtc_pgm_we", 0 0, L_0x563a47f32800;  alias, 1 drivers
v0x563a47f2a1a0_0 .var "rtc_pgm_we_buf", 0 0;
v0x563a47f2a260_0 .net "saveram_mask_out", 23 0, L_0x563a47f32cb0;  alias, 1 drivers
v0x563a47f2a340_0 .net "snes_cpuclk_freq", 31 0, L_0x563a47f304b0;  alias, 1 drivers
v0x563a47f2a420_0 .net "snes_pard_freq", 31 0, L_0x563a47f30940;  alias, 1 drivers
v0x563a47f2a500_0 .net "snes_pawr_freq", 31 0, L_0x563a47f30a30;  alias, 1 drivers
v0x563a47f2a5e0_0 .net "snes_read_freq", 31 0, L_0x563a47f30410;  alias, 1 drivers
v0x563a47f2a6c0_0 .net "snes_refresh_freq", 31 0, L_0x563a47f30bf0;  alias, 1 drivers
v0x563a47f2a7a0_0 .net "snes_romsel_freq", 31 0, L_0x563a47f30ce0;  alias, 1 drivers
v0x563a47f2a880_0 .net "snes_sysclk_freq", 31 0, L_0x563a47f305a0;  alias, 1 drivers
v0x563a47f2a960_0 .net "snes_write_freq", 31 0, L_0x563a47f30790;  alias, 1 drivers
v0x563a47f2aa40_0 .net "spi_bit_cnt", 2 0, L_0x563a47f2f920;  alias, 1 drivers
v0x563a47f2ab20_0 .net "spi_byte_cnt", 31 0, L_0x563a47f2f7e0;  alias, 1 drivers
v0x563a47f2ac00_0 .net "spi_data_out", 7 0, L_0x563a47ef54d0;  alias, 1 drivers
v0x563a47f2ace0_0 .net "srtc_reset", 0 0, L_0x563a47f328c0;  alias, 1 drivers
v0x563a47f2ada0_0 .var "srtc_reset_buf", 0 0;
v0x563a47f2ae60_0 .var "wrq_state", 1 0;
E_0x563a47e73b40 .event posedge, v0x563a47f27960_0;
L_0x563a47f313a0 .cmp/eq 2, v0x563a47f28b80_0, L_0x7fb3208be060;
L_0x563a47f315f0 .cmp/eq 2, v0x563a47f26ca0_0, L_0x7fb3208be0a8;
L_0x563a47f31730 .functor MUXZ 1, L_0x7fb3208be0f0, L_0x563a47f2fd60, L_0x563a47f315f0, C4<>;
L_0x563a47f318c0 .functor MUXZ 1, L_0x7fb3208be138, L_0x563a47f31730, L_0x563a47f2fa10, C4<>;
L_0x563a47f322f0 .functor MUXZ 8, v0x563a47f25a80_0, L_0x563a47f2fc00, L_0x563a47f2fa10, C4<>;
    .scope S_0x563a47ef73c0;
T_0 ;
    %pushi/vec4 0, 0, 11;
    %store/vec4 v0x563a47f280a0_0, 0, 11;
    %pushi/vec4 0, 0, 11;
    %store/vec4 v0x563a47f27e20_0, 0, 11;
    %pushi/vec4 1, 0, 1;
    %store/vec4 v0x563a47f28320_0, 0, 1;
    %pushi/vec4 0, 0, 1;
    %store/vec4 v0x563a47f29ca0_0, 0, 1;
    %end;
    .thread T_0;
    .scope S_0x563a47ef73c0;
T_1 ;
    %wait E_0x563a47e73b40;
    %load/vec4 v0x563a47ef20c0_0;
    %assign/vec4 v0x563a47ef56b0_0, 0;
    %load/vec4 v0x563a47f26a40_0;
    %assign/vec4 v0x563a47f26b00_0, 0;
    %load/vec4 v0x563a47f25de0_0;
    %assign/vec4 v0x563a47f25ec0_0, 0;
    %jmp T_1;
    .thread T_1;
    .scope S_0x563a47ef73c0;
T_2 ;
    %pushi/vec4 0, 0, 24;
    %store/vec4 v0x563a47ee35d0_0, 0, 24;
    %pushi/vec4 0, 0, 11;
    %store/vec4 v0x563a47ee6840_0, 0, 11;
    %pushi/vec4 0, 0, 14;
    %store/vec4 v0x563a47f25b60_0, 0, 14;
    %pushi/vec4 0, 0, 1;
    %store/vec4 v0x563a47f26220_0, 0, 1;
    %pushi/vec4 1, 0, 3;
    %store/vec4 v0x563a47ef5750_0, 0, 3;
    %end;
    .thread T_2;
    .scope S_0x563a47ef73c0;
T_3 ;
    %wait E_0x563a47e73b40;
    %load/vec4 v0x563a47f27b00_0;
    %flag_set/vec4 8;
    %jmp/0xz  T_3.0, 8;
    %load/vec4 v0x563a47f27a20_0;
    %parti/s 4, 4, 4;
    %dup/vec4;
    %pushi/vec4 3, 0, 4;
    %cmp/u;
    %jmp/1 T_3.2, 6;
    %dup/vec4;
    %pushi/vec4 4, 0, 4;
    %cmp/u;
    %jmp/1 T_3.3, 6;
    %dup/vec4;
    %pushi/vec4 8, 0, 4;
    %cmp/u;
    %jmp/1 T_3.4, 6;
    %dup/vec4;
    %pushi/vec4 9, 0, 4;
    %cmp/u;
    %jmp/1 T_3.5, 6;
    %jmp T_3.6;
T_3.2 ;
    %load/vec4 v0x563a47f27a20_0;
    %parti/s 3, 0, 2;
    %assign/vec4 v0x563a47ef5750_0, 0;
    %jmp T_3.6;
T_3.3 ;
    %pushi/vec4 1, 0, 1;
    %assign/vec4 v0x563a47f26220_0, 0;
    %load/vec4 v0x563a47f27a20_0;
    %parti/s 2, 0, 2;
    %assign/vec4 v0x563a47f26ca0_0, 0;
    %load/vec4 v0x563a47f27a20_0;
    %parti/s 1, 2, 3;
    %assign/vec4 v0x563a47f267e0_0, 0;
    %jmp T_3.6;
T_3.4 ;
    %pushi/vec4 0, 0, 2;
    %assign/vec4 v0x563a47f26ca0_0, 0;
    %jmp T_3.6;
T_3.5 ;
    %load/vec4 v0x563a47f27a20_0;
    %parti/s 2, 0, 2;
    %assign/vec4 v0x563a47f26ca0_0, 0;
    %jmp T_3.6;
T_3.6 ;
    %pop/vec4 1;
    %jmp T_3.1;
T_3.0 ;
    %load/vec4 v0x563a47f29be0_0;
    %flag_set/vec4 8;
    %jmp/0xz  T_3.7, 8;
    %load/vec4 v0x563a47f27a20_0;
    %dup/vec4;
    %pushi/vec4 31, 15, 8;
    %cmp/x;
    %jmp/1 T_3.9, 4;
    %dup/vec4;
    %pushi/vec4 47, 15, 8;
    %cmp/x;
    %jmp/1 T_3.10, 4;
    %dup/vec4;
    %pushi/vec4 79, 15, 8;
    %cmp/x;
    %jmp/1 T_3.11, 4;
    %dup/vec4;
    %pushi/vec4 111, 15, 8;
    %cmp/x;
    %jmp/1 T_3.12, 4;
    %dup/vec4;
    %pushi/vec4 159, 15, 8;
    %cmp/x;
    %jmp/1 T_3.13, 4;
    %dup/vec4;
    %pushi/vec4 224, 0, 8;
    %cmp/x;
    %jmp/1 T_3.14, 4;
    %dup/vec4;
    %pushi/vec4 225, 0, 8;
    %cmp/x;
    %jmp/1 T_3.15, 4;
    %dup/vec4;
    %pushi/vec4 226, 0, 8;
    %cmp/x;
    %jmp/1 T_3.16, 4;
    %dup/vec4;
    %pushi/vec4 227, 0, 8;
    %cmp/x;
    %jmp/1 T_3.17, 4;
    %dup/vec4;
    %pushi/vec4 228, 0, 8;
    %cmp/x;
    %jmp/1 T_3.18, 4;
    %dup/vec4;
    %pushi/vec4 229, 0, 8;
    %cmp/x;
    %jmp/1 T_3.19, 4;
    %dup/vec4;
    %pushi/vec4 230, 0, 8;
    %cmp/x;
    %jmp/1 T_3.20, 4;
    %dup/vec4;
    %pushi/vec4 231, 0, 8;
    %cmp/x;
    %jmp/1 T_3.21, 4;
    %dup/vec4;
    %pushi/vec4 232, 0, 8;
    %cmp/x;
    %jmp/1 T_3.22, 4;
    %dup/vec4;
    %pushi/vec4 233, 0, 8;
    %cmp/x;
    %jmp/1 T_3.23, 4;
    %dup/vec4;
    %pushi/vec4 238, 0, 8;
    %cmp/x;
    %jmp/1 T_3.24, 4;
    %dup/vec4;
    %pushi/vec4 245, 0, 8;
    %cmp/x;
    %jmp/1 T_3.25, 4;
    %jmp T_3.26;
T_3.9 ;
    %load/vec4 v0x563a47f2ab20_0;
    %dup/vec4;
    %pushi/vec4 2, 0, 32;
    %cmp/u;
    %jmp/1 T_3.27, 6;
    %dup/vec4;
    %pushi/vec4 3, 0, 32;
    %cmp/u;
    %jmp/1 T_3.28, 6;
    %dup/vec4;
    %pushi/vec4 4, 0, 32;
    %cmp/u;
    %jmp/1 T_3.29, 6;
    %jmp T_3.30;
T_3.27 ;
    %load/vec4 v0x563a47f29b00_0;
    %ix/load 4, 16, 0;
    %ix/load 5, 0, 0;
    %flag_set/imm 4, 0;
    %assign/vec4/off/d v0x563a47f25fa0_0, 4, 5;
    %jmp T_3.30;
T_3.28 ;
    %load/vec4 v0x563a47f29b00_0;
    %ix/load 4, 8, 0;
    %ix/load 5, 0, 0;
    %flag_set/imm 4, 0;
    %assign/vec4/off/d v0x563a47f25fa0_0, 4, 5;
    %jmp T_3.30;
T_3.29 ;
    %load/vec4 v0x563a47f29b00_0;
    %ix/load 4, 0, 0;
    %ix/load 5, 0, 0;
    %flag_set/imm 4, 0;
    %assign/vec4/off/d v0x563a47f25fa0_0, 4, 5;
    %jmp T_3.30;
T_3.30 ;
    %pop/vec4 1;
    %jmp T_3.26;
T_3.10 ;
    %load/vec4 v0x563a47f2ab20_0;
    %dup/vec4;
    %pushi/vec4 2, 0, 32;
    %cmp/u;
    %jmp/1 T_3.31, 6;
    %dup/vec4;
    %pushi/vec4 3, 0, 32;
    %cmp/u;
    %jmp/1 T_3.32, 6;
    %dup/vec4;
    %pushi/vec4 4, 0, 32;
    %cmp/u;
    %jmp/1 T_3.33, 6;
    %jmp T_3.34;
T_3.31 ;
    %load/vec4 v0x563a47f29b00_0;
    %ix/load 4, 16, 0;
    %ix/load 5, 0, 0;
    %flag_set/imm 4, 0;
    %assign/vec4/off/d v0x563a47f26080_0, 4, 5;
    %jmp T_3.34;
T_3.32 ;
    %load/vec4 v0x563a47f29b00_0;
    %ix/load 4, 8, 0;
    %ix/load 5, 0, 0;
    %flag_set/imm 4, 0;
    %assign/vec4/off/d v0x563a47f26080_0, 4, 5;
    %jmp T_3.34;
T_3.33 ;
    %load/vec4 v0x563a47f29b00_0;
    %ix/load 4, 0, 0;
    %ix/load 5, 0, 0;
    %flag_set/imm 4, 0;
    %assign/vec4/off/d v0x563a47f26080_0, 4, 5;
    %jmp T_3.34;
T_3.34 ;
    %pop/vec4 1;
    %jmp T_3.26;
T_3.11 ;
    %pushi/vec4 0, 0, 1;
    %assign/vec4 v0x563a47f26220_0, 0;
    %jmp T_3.26;
T_3.12 ;
    %load/vec4 v0x563a47f2ab20_0;
    %dup/vec4;
    %pushi/vec4 2, 0, 32;
    %cmp/u;
    %jmp/1 T_3.35, 6;
    %dup/vec4;
    %pushi/vec4 3, 0, 32;
    %cmp/u;
    %jmp/1 T_3.36, 6;
    %dup/vec4;
    %pushi/vec4 4, 0, 32;
    %cmp/u;
    %jmp/1 T_3.37, 6;
    %dup/vec4;
    %pushi/vec4 5, 0, 32;
    %cmp/u;
    %jmp/1 T_3.38, 6;
    %jmp T_3.39;
T_3.35 ;
    %load/vec4 v0x563a47f29b00_0;
    %parti/s 2, 0, 2;
    %ix/load 4, 9, 0;
    %ix/load 5, 0, 0;
    %flag_set/imm 4, 0;
    %assign/vec4/off/d v0x563a47f26700_0, 4, 5;
    %jmp T_3.39;
T_3.36 ;
    %load/vec4 v0x563a47f29b00_0;
    %concati/vec4 0, 0, 1;
    %ix/load 4, 0, 0;
    %ix/load 5, 0, 0;
    %flag_set/imm 4, 0;
    %assign/vec4/off/d v0x563a47f26700_0, 4, 5;
    %jmp T_3.39;
T_3.37 ;
    %load/vec4 v0x563a47f29b00_0;
    %parti/s 2, 0, 2;
    %ix/load 4, 9, 0;
    %ix/load 5, 0, 0;
    %flag_set/imm 4, 0;
    %assign/vec4/off/d v0x563a47f26540_0, 4, 5;
    %jmp T_3.39;
T_3.38 ;
    %load/vec4 v0x563a47f29b00_0;
    %concati/vec4 0, 0, 1;
    %ix/load 4, 0, 0;
    %ix/load 5, 0, 0;
    %flag_set/imm 4, 0;
    %assign/vec4/off/d v0x563a47f26540_0, 4, 5;
    %jmp T_3.39;
T_3.39 ;
    %pop/vec4 1;
    %jmp T_3.26;
T_3.13 ;
    %load/vec4 v0x563a47f29b00_0;
    %assign/vec4 v0x563a47f25a80_0, 0;
    %jmp T_3.26;
T_3.14 ;
    %load/vec4 v0x563a47f2ab20_0;
    %dup/vec4;
    %pushi/vec4 2, 0, 32;
    %cmp/u;
    %jmp/1 T_3.40, 6;
    %dup/vec4;
    %pushi/vec4 3, 0, 32;
    %cmp/u;
    %jmp/1 T_3.41, 6;
    %dup/vec4;
    %pushi/vec4 4, 0, 32;
    %cmp/u;
    %jmp/1 T_3.42, 6;
    %jmp T_3.43;
T_3.40 ;
    %load/vec4 v0x563a47f29b00_0;
    %parti/s 6, 0, 2;
    %assign/vec4 v0x563a47f29860_0, 0;
    %jmp T_3.43;
T_3.41 ;
    %load/vec4 v0x563a47f29b00_0;
    %parti/s 6, 0, 2;
    %assign/vec4 v0x563a47f29520_0, 0;
    %pushi/vec4 1, 0, 1;
    %assign/vec4 v0x563a47f296c0_0, 0;
    %jmp T_3.43;
T_3.42 ;
    %pushi/vec4 0, 0, 1;
    %assign/vec4 v0x563a47f296c0_0, 0;
    %jmp T_3.43;
T_3.43 ;
    %pop/vec4 1;
    %jmp T_3.26;
T_3.15 ;
    %pushi/vec4 0, 0, 1;
    %assign/vec4 v0x563a47ef0a10_0, 0;
    %jmp T_3.26;
T_3.16 ;
    %pushi/vec4 1, 0, 1;
    %assign/vec4 v0x563a47ef0a10_0, 0;
    %jmp T_3.26;
T_3.17 ;
    %load/vec4 v0x563a47f2ab20_0;
    %dup/vec4;
    %pushi/vec4 2, 0, 32;
    %cmp/u;
    %jmp/1 T_3.44, 6;
    %dup/vec4;
    %pushi/vec4 3, 0, 32;
    %cmp/u;
    %jmp/1 T_3.45, 6;
    %jmp T_3.46;
T_3.44 ;
    %pushi/vec4 1, 0, 1;
    %assign/vec4 v0x563a47ef0f80_0, 0;
    %jmp T_3.46;
T_3.45 ;
    %pushi/vec4 0, 0, 1;
    %assign/vec4 v0x563a47ef0f80_0, 0;
    %jmp T_3.46;
T_3.46 ;
    %pop/vec4 1;
    %jmp T_3.26;
T_3.18 ;
    %load/vec4 v0x563a47f2ab20_0;
    %dup/vec4;
    %pushi/vec4 2, 0, 32;
    %cmp/u;
    %jmp/1 T_3.47, 6;
    %dup/vec4;
    %pushi/vec4 3, 0, 32;
    %cmp/u;
    %jmp/1 T_3.48, 6;
    %dup/vec4;
    %pushi/vec4 4, 0, 32;
    %cmp/u;
    %jmp/1 T_3.49, 6;
    %jmp T_3.50;
T_3.47 ;
    %load/vec4 v0x563a47f29b00_0;
    %parti/s 6, 0, 2;
    %ix/load 4, 8, 0;
    %ix/load 5, 0, 0;
    %flag_set/imm 4, 0;
    %assign/vec4/off/d v0x563a47f25c40_0, 4, 5;
    %pushi/vec4 0, 0, 8;
    %ix/load 4, 0, 0;
    %ix/load 5, 0, 0;
    %flag_set/imm 4, 0;
    %assign/vec4/off/d v0x563a47f25c40_0, 4, 5;
    %jmp T_3.50;
T_3.48 ;
    %load/vec4 v0x563a47f29b00_0;
    %ix/load 4, 0, 0;
    %ix/load 5, 0, 0;
    %flag_set/imm 4, 0;
    %assign/vec4/off/d v0x563a47f25c40_0, 4, 5;
    %pushi/vec4 1, 0, 1;
    %assign/vec4 v0x563a47f25d20_0, 0;
    %jmp T_3.50;
T_3.49 ;
    %pushi/vec4 0, 0, 1;
    %assign/vec4 v0x563a47f25d20_0, 0;
    %jmp T_3.50;
T_3.50 ;
    %pop/vec4 1;
    %jmp T_3.26;
T_3.19 ;
    %load/vec4 v0x563a47f2ab20_0;
    %dup/vec4;
    %pushi/vec4 2, 0, 32;
    %cmp/u;
    %jmp/1 T_3.51, 6;
    %dup/vec4;
    %pushi/vec4 3, 0, 32;
    %cmp/u;
    %jmp/1 T_3.52, 6;
    %dup/vec4;
    %pushi/vec4 4, 0, 32;
    %cmp/u;
    %jmp/1 T_3.53, 6;
    %dup/vec4;
    %pushi/vec4 5, 0, 32;
    %cmp/u;
    %jmp/1 T_3.54, 6;
    %dup/vec4;
    %pushi/vec4 6, 0, 32;
    %cmp/u;
    %jmp/1 T_3.55, 6;
    %dup/vec4;
    %pushi/vec4 7, 0, 32;
    %cmp/u;
    %jmp/1 T_3.56, 6;
    %dup/vec4;
    %pushi/vec4 8, 0, 32;
    %cmp/u;
    %jmp/1 T_3.57, 6;
    %dup/vec4;
    %pushi/vec4 9, 0, 32;
    %cmp/u;
    %jmp/1 T_3.58, 6;
    %jmp T_3.59;
T_3.51 ;
    %load/vec4 v0x563a47f29b00_0;
    %ix/load 4, 48, 0;
    %ix/load 5, 0, 0;
    %flag_set/imm 4, 0;
    %assign/vec4/off/d v0x563a47f2a000_0, 4, 5;
    %jmp T_3.59;
T_3.52 ;
    %load/vec4 v0x563a47f29b00_0;
    %ix/load 4, 40, 0;
    %ix/load 5, 0, 0;
    %flag_set/imm 4, 0;
    %assign/vec4/off/d v0x563a47f2a000_0, 4, 5;
    %jmp T_3.59;
T_3.53 ;
    %load/vec4 v0x563a47f29b00_0;
    %ix/load 4, 32, 0;
    %ix/load 5, 0, 0;
    %flag_set/imm 4, 0;
    %assign/vec4/off/d v0x563a47f2a000_0, 4, 5;
    %jmp T_3.59;
T_3.54 ;
    %load/vec4 v0x563a47f29b00_0;
    %ix/load 4, 24, 0;
    %ix/load 5, 0, 0;
    %flag_set/imm 4, 0;
    %assign/vec4/off/d v0x563a47f2a000_0, 4, 5;
    %jmp T_3.59;
T_3.55 ;
    %load/vec4 v0x563a47f29b00_0;
    %ix/load 4, 16, 0;
    %ix/load 5, 0, 0;
    %flag_set/imm 4, 0;
    %assign/vec4/off/d v0x563a47f2a000_0, 4, 5;
    %jmp T_3.59;
T_3.56 ;
    %load/vec4 v0x563a47f29b00_0;
    %ix/load 4, 8, 0;
    %ix/load 5, 0, 0;
    %flag_set/imm 4, 0;
    %assign/vec4/off/d v0x563a47f2a000_0, 4, 5;
    %jmp T_3.59;
T_3.57 ;
    %load/vec4 v0x563a47f29b00_0;
    %ix/load 4, 0, 0;
    %ix/load 5, 0, 0;
    %flag_set/imm 4, 0;
    %assign/vec4/off/d v0x563a47f2a000_0, 4, 5;
    %pushi/vec4 1, 0, 1;
    %assign/vec4 v0x563a47f2a1a0_0, 0;
    %jmp T_3.59;
T_3.58 ;
    %pushi/vec4 0, 0, 1;
    %assign/vec4 v0x563a47f2a1a0_0, 0;
    %jmp T_3.59;
T_3.59 ;
    %pop/vec4 1;
    %jmp T_3.26;
T_3.20 ;
    %load/vec4 v0x563a47f2ab20_0;
    %dup/vec4;
    %pushi/vec4 2, 0, 32;
    %cmp/u;
    %jmp/1 T_3.60, 6;
    %dup/vec4;
    %pushi/vec4 3, 0, 32;
    %cmp/u;
    %jmp/1 T_3.61, 6;
    %dup/vec4;
    %pushi/vec4 4, 0, 32;
    %cmp/u;
    %jmp/1 T_3.62, 6;
    %jmp T_3.63;
T_3.60 ;
    %load/vec4 v0x563a47f29b00_0;
    %assign/vec4 v0x563a47f27880_0, 0;
    %jmp T_3.63;
T_3.61 ;
    %load/vec4 v0x563a47f29b00_0;
    %assign/vec4 v0x563a47f27540_0, 0;
    %pushi/vec4 1, 0, 1;
    %assign/vec4 v0x563a47f276e0_0, 0;
    %jmp T_3.63;
T_3.62 ;
    %pushi/vec4 0, 0, 1;
    %assign/vec4 v0x563a47f276e0_0, 0;
    %jmp T_3.63;
T_3.63 ;
    %pop/vec4 1;
    %jmp T_3.26;
T_3.21 ;
    %load/vec4 v0x563a47f2ab20_0;
    %dup/vec4;
    %pushi/vec4 2, 0, 32;
    %cmp/u;
    %jmp/1 T_3.64, 6;
    %dup/vec4;
    %pushi/vec4 3, 0, 32;
    %cmp/u;
    %jmp/1 T_3.65, 6;
    %jmp T_3.66;
T_3.64 ;
    %pushi/vec4 1, 0, 1;
    %assign/vec4 v0x563a47f2ada0_0, 0;
    %jmp T_3.66;
T_3.65 ;
    %pushi/vec4 0, 0, 1;
    %assign/vec4 v0x563a47f2ada0_0, 0;
    %jmp T_3.66;
T_3.66 ;
    %pop/vec4 1;
    %jmp T_3.26;
T_3.22 ;
    %load/vec4 v0x563a47f2ab20_0;
    %dup/vec4;
    %pushi/vec4 2, 0, 32;
    %cmp/u;
    %jmp/1 T_3.67, 6;
    %dup/vec4;
    %pushi/vec4 3, 0, 32;
    %cmp/u;
    %jmp/1 T_3.68, 6;
    %jmp T_3.69;
T_3.67 ;
    %load/vec4 v0x563a47f29b00_0;
    %parti/s 5, 0, 2;
    %ix/load 4, 8, 0;
    %ix/load 5, 0, 0;
    %flag_set/imm 4, 0;
    %assign/vec4/off/d v0x563a47f284c0_0, 4, 5;
    %jmp T_3.69;
T_3.68 ;
    %load/vec4 v0x563a47f29b00_0;
    %ix/load 4, 0, 0;
    %ix/load 5, 0, 0;
    %flag_set/imm 4, 0;
    %assign/vec4/off/d v0x563a47f284c0_0, 4, 5;
    %jmp T_3.69;
T_3.69 ;
    %pop/vec4 1;
    %jmp T_3.26;
T_3.23 ;
    %load/vec4 v0x563a47f2ab20_0;
    %dup/vec4;
    %pushi/vec4 2, 0, 32;
    %cmp/u;
    %jmp/1 T_3.70, 6;
    %dup/vec4;
    %pushi/vec4 3, 0, 32;
    %cmp/u;
    %jmp/1 T_3.71, 6;
    %dup/vec4;
    %pushi/vec4 4, 0, 32;
    %cmp/u;
    %jmp/1 T_3.72, 6;
    %jmp T_3.73;
T_3.70 ;
    %load/vec4 v0x563a47f29b00_0;
    %assign/vec4 v0x563a47f28680_0, 0;
    %pushi/vec4 1, 0, 1;
    %assign/vec4 v0x563a47f28760_0, 0;
    %jmp T_3.73;
T_3.71 ;
    %pushi/vec4 0, 0, 1;
    %assign/vec4 v0x563a47f28760_0, 0;
    %jmp T_3.73;
T_3.72 ;
    %load/vec4 v0x563a47f284c0_0;
    %addi 1, 0, 13;
    %assign/vec4 v0x563a47f284c0_0, 0;
    %jmp T_3.73;
T_3.73 ;
    %pop/vec4 1;
    %jmp T_3.26;
T_3.24 ;
    %load/vec4 v0x563a47f29b00_0;
    %parti/s 1, 0, 2;
    %assign/vec4 v0x563a47f29ca0_0, 0;
    %jmp T_3.26;
T_3.25 ;
    %load/vec4 v0x563a47f2ab20_0;
    %cmpi/e 3, 0, 32;
    %jmp/0xz  T_3.74, 4;
    %load/vec4 v0x563a47f284c0_0;
    %addi 1, 0, 13;
    %assign/vec4 v0x563a47f284c0_0, 0;
T_3.74 ;
    %jmp T_3.26;
T_3.26 ;
    %pop/vec4 1;
T_3.7 ;
T_3.1 ;
    %jmp T_3;
    .thread T_3;
    .scope S_0x563a47ef73c0;
T_4 ;
    %wait E_0x563a47e73b40;
    %load/vec4 v0x563a47f29be0_0;
    %load/vec4 v0x563a47f27a20_0;
    %parti/s 4, 4, 4;
    %pushi/vec4 0, 0, 4;
    %cmp/e;
    %flag_get/vec4 4;
    %and;
    %flag_set/vec4 8;
    %jmp/0xz  T_4.0, 8;
    %load/vec4 v0x563a47f27a20_0;
    %parti/s 2, 0, 2;
    %dup/vec4;
    %pushi/vec4 1, 0, 2;
    %cmp/u;
    %jmp/1 T_4.2, 6;
    %dup/vec4;
    %pushi/vec4 2, 0, 2;
    %cmp/u;
    %jmp/1 T_4.3, 6;
    %load/vec4 v0x563a47f2ab20_0;
    %dup/vec4;
    %pushi/vec4 2, 0, 32;
    %cmp/u;
    %jmp/1 T_4.6, 6;
    %dup/vec4;
    %pushi/vec4 3, 0, 32;
    %cmp/u;
    %jmp/1 T_4.7, 6;
    %dup/vec4;
    %pushi/vec4 4, 0, 32;
    %cmp/u;
    %jmp/1 T_4.8, 6;
    %jmp T_4.9;
T_4.6 ;
    %load/vec4 v0x563a47f29b00_0;
    %ix/load 4, 16, 0;
    %ix/load 5, 0, 0;
    %flag_set/imm 4, 0;
    %assign/vec4/off/d v0x563a47ee35d0_0, 4, 5;
    %pushi/vec4 0, 0, 16;
    %ix/load 4, 0, 0;
    %ix/load 5, 0, 0;
    %flag_set/imm 4, 0;
    %assign/vec4/off/d v0x563a47ee35d0_0, 4, 5;
    %jmp T_4.9;
T_4.7 ;
    %load/vec4 v0x563a47f29b00_0;
    %ix/load 4, 8, 0;
    %ix/load 5, 0, 0;
    %flag_set/imm 4, 0;
    %assign/vec4/off/d v0x563a47ee35d0_0, 4, 5;
    %jmp T_4.9;
T_4.8 ;
    %load/vec4 v0x563a47f29b00_0;
    %ix/load 4, 0, 0;
    %ix/load 5, 0, 0;
    %flag_set/imm 4, 0;
    %assign/vec4/off/d v0x563a47ee35d0_0, 4, 5;
    %jmp T_4.9;
T_4.9 ;
    %pop/vec4 1;
    %jmp T_4.5;
T_4.2 ;
    %load/vec4 v0x563a47f2ab20_0;
    %dup/vec4;
    %pushi/vec4 2, 0, 32;
    %cmp/u;
    %jmp/1 T_4.10, 6;
    %dup/vec4;
    %pushi/vec4 3, 0, 32;
    %cmp/u;
    %jmp/1 T_4.11, 6;
    %jmp T_4.12;
T_4.10 ;
    %load/vec4 v0x563a47f29b00_0;
    %parti/s 3, 0, 2;
    %ix/load 4, 8, 0;
    %ix/load 5, 0, 0;
    %flag_set/imm 4, 0;
    %assign/vec4/off/d v0x563a47ee6840_0, 4, 5;
    %pushi/vec4 0, 0, 8;
    %ix/load 4, 0, 0;
    %ix/load 5, 0, 0;
    %flag_set/imm 4, 0;
    %assign/vec4/off/d v0x563a47ee6840_0, 4, 5;
    %jmp T_4.12;
T_4.11 ;
    %load/vec4 v0x563a47f29b00_0;
    %ix/load 4, 0, 0;
    %ix/load 5, 0, 0;
    %flag_set/imm 4, 0;
    %assign/vec4/off/d v0x563a47ee6840_0, 4, 5;
    %jmp T_4.12;
T_4.12 ;
    %pop/vec4 1;
    %jmp T_4.5;
T_4.3 ;
    %load/vec4 v0x563a47f2ab20_0;
    %dup/vec4;
    %pushi/vec4 2, 0, 32;
    %cmp/u;
    %jmp/1 T_4.13, 6;
    %dup/vec4;
    %pushi/vec4 3, 0, 32;
    %cmp/u;
    %jmp/1 T_4.14, 6;
    %jmp T_4.15;
T_4.13 ;
    %load/vec4 v0x563a47f29b00_0;
    %parti/s 6, 0, 2;
    %ix/load 4, 8, 0;
    %ix/load 5, 0, 0;
    %flag_set/imm 4, 0;
    %assign/vec4/off/d v0x563a47f25b60_0, 4, 5;
    %pushi/vec4 0, 0, 8;
    %ix/load 4, 0, 0;
    %ix/load 5, 0, 0;
    %flag_set/imm 4, 0;
    %assign/vec4/off/d v0x563a47f25b60_0, 4, 5;
    %jmp T_4.15;
T_4.14 ;
    %load/vec4 v0x563a47f29b00_0;
    %ix/load 4, 0, 0;
    %ix/load 5, 0, 0;
    %flag_set/imm 4, 0;
    %assign/vec4/off/d v0x563a47f25b60_0, 4, 5;
    %jmp T_4.15;
T_4.15 ;
    %pop/vec4 1;
    %jmp T_4.5;
T_4.5 ;
    %pop/vec4 1;
    %jmp T_4.1;
T_4.0 ;
    %load/vec4 v0x563a47f262e0_0;
    %load/vec4 v0x563a47f28ac0_0;
    %load/vec4 v0x563a47f27a20_0;
    %parti/s 3, 5, 4;
    %pushi/vec4 4, 0, 3;
    %cmp/e;
    %flag_get/vec4 4;
    %and;
    %load/vec4 v0x563a47f27a20_0;
    %parti/s 1, 3, 3;
    %and;
    %pushi/vec4 1, 0, 32;
    %load/vec4 v0x563a47f27a20_0;
    %parti/s 1, 4, 4;
    %pad/u 32;
    %add;
    %load/vec4 v0x563a47f2ab20_0;
    %cmp/u;
    %flag_get/vec4 4;
    %flag_get/vec4 5;
    %or;
    %and;
    %or;
    %flag_set/vec4 8;
    %jmp/0xz  T_4.16, 8;
    %load/vec4 v0x563a47f26ca0_0;
    %dup/vec4;
    %pushi/vec4 0, 0, 2;
    %cmp/u;
    %jmp/1 T_4.18, 6;
    %dup/vec4;
    %pushi/vec4 1, 0, 2;
    %cmp/u;
    %jmp/1 T_4.19, 6;
    %dup/vec4;
    %pushi/vec4 2, 0, 2;
    %cmp/u;
    %jmp/1 T_4.20, 6;
    %jmp T_4.21;
T_4.18 ;
    %load/vec4 v0x563a47ee35d0_0;
    %addi 1, 0, 24;
    %assign/vec4 v0x563a47ee35d0_0, 0;
    %jmp T_4.21;
T_4.19 ;
    %load/vec4 v0x563a47ee6840_0;
    %addi 1, 0, 11;
    %assign/vec4 v0x563a47ee6840_0, 0;
    %jmp T_4.21;
T_4.20 ;
    %load/vec4 v0x563a47f25b60_0;
    %addi 1, 0, 14;
    %assign/vec4 v0x563a47f25b60_0, 0;
    %jmp T_4.21;
T_4.21 ;
    %pop/vec4 1;
T_4.16 ;
T_4.1 ;
    %jmp T_4;
    .thread T_4;
    .scope S_0x563a47ef73c0;
T_5 ;
    %wait E_0x563a47e73b40;
    %load/vec4 v0x563a47f27a20_0;
    %parti/s 4, 4, 4;
    %pushi/vec4 8, 0, 4;
    %cmp/e;
    %flag_get/vec4 4;
    %load/vec4 v0x563a47f28ac0_0;
    %and;
    %flag_set/vec4 8;
    %jmp/0xz  T_5.0, 8;
    %load/vec4 v0x563a47f28820_0;
    %assign/vec4 v0x563a47f259a0_0, 0;
    %jmp T_5.1;
T_5.0 ;
    %load/vec4 v0x563a47f27b00_0;
    %load/vec4 v0x563a47f29be0_0;
    %or;
    %flag_set/vec4 8;
    %jmp/0xz  T_5.2, 8;
    %load/vec4 v0x563a47f27a20_0;
    %cmpi/e 240, 0, 8;
    %jmp/0xz  T_5.4, 4;
    %pushi/vec4 165, 0, 8;
    %assign/vec4 v0x563a47f259a0_0, 0;
    %jmp T_5.5;
T_5.4 ;
    %load/vec4 v0x563a47f27a20_0;
    %cmpi/e 241, 0, 8;
    %jmp/0xz  T_5.6, 4;
    %load/vec4 v0x563a47f2ab20_0;
    %parti/s 1, 0, 2;
    %dup/vec4;
    %pushi/vec4 1, 0, 1;
    %cmp/u;
    %jmp/1 T_5.8, 6;
    %dup/vec4;
    %pushi/vec4 0, 0, 1;
    %cmp/u;
    %jmp/1 T_5.9, 6;
    %jmp T_5.10;
T_5.8 ;
    %load/vec4 v0x563a47f26b00_0;
    %load/vec4 v0x563a47ef56b0_0;
    %concat/vec4; draw_concat_vec4
    %load/vec4 v0x563a47f25ec0_0;
    %parti/s 1, 6, 4;
    %concat/vec4; draw_concat_vec4
    %concati/vec4 0, 0, 5;
    %assign/vec4 v0x563a47f259a0_0, 0;
    %jmp T_5.10;
T_5.9 ;
    %pushi/vec4 0, 0, 2;
    %load/vec4 v0x563a47f25ec0_0;
    %parti/s 6, 0, 2;
    %concat/vec4; draw_concat_vec4
    %assign/vec4 v0x563a47f259a0_0, 0;
    %jmp T_5.10;
T_5.10 ;
    %pop/vec4 1;
    %jmp T_5.7;
T_5.6 ;
    %load/vec4 v0x563a47f27a20_0;
    %cmpi/e 242, 0, 8;
    %jmp/0xz  T_5.11, 4;
    %load/vec4 v0x563a47f2ab20_0;
    %dup/vec4;
    %pushi/vec4 1, 0, 32;
    %cmp/u;
    %jmp/1 T_5.13, 6;
    %dup/vec4;
    %pushi/vec4 2, 0, 32;
    %cmp/u;
    %jmp/1 T_5.14, 6;
    %dup/vec4;
    %pushi/vec4 3, 0, 32;
    %cmp/u;
    %jmp/1 T_5.15, 6;
    %dup/vec4;
    %pushi/vec4 4, 0, 32;
    %cmp/u;
    %jmp/1 T_5.16, 6;
    %jmp T_5.17;
T_5.13 ;
    %load/vec4 v0x563a47f291c0_0;
    %parti/s 8, 24, 6;
    %assign/vec4 v0x563a47f259a0_0, 0;
    %jmp T_5.17;
T_5.14 ;
    %load/vec4 v0x563a47f291c0_0;
    %parti/s 8, 16, 6;
    %assign/vec4 v0x563a47f259a0_0, 0;
    %jmp T_5.17;
T_5.15 ;
    %load/vec4 v0x563a47f291c0_0;
    %parti/s 8, 8, 5;
    %assign/vec4 v0x563a47f259a0_0, 0;
    %jmp T_5.17;
T_5.16 ;
    %load/vec4 v0x563a47f291c0_0;
    %parti/s 8, 0, 2;
    %assign/vec4 v0x563a47f259a0_0, 0;
    %jmp T_5.17;
T_5.17 ;
    %pop/vec4 1;
    %jmp T_5.12;
T_5.11 ;
    %load/vec4 v0x563a47f27a20_0;
    %cmpi/e 243, 0, 8;
    %jmp/0xz  T_5.18, 4;
    %load/vec4 v0x563a47f2ab20_0;
    %dup/vec4;
    %pushi/vec4 1, 0, 32;
    %cmp/u;
    %jmp/1 T_5.20, 6;
    %dup/vec4;
    %pushi/vec4 2, 0, 32;
    %cmp/u;
    %jmp/1 T_5.21, 6;
    %jmp T_5.22;
T_5.20 ;
    %load/vec4 v0x563a47f29940_0;
    %parti/s 8, 8, 5;
    %assign/vec4 v0x563a47f259a0_0, 0;
    %jmp T_5.22;
T_5.21 ;
    %load/vec4 v0x563a47f29940_0;
    %parti/s 8, 0, 2;
    %assign/vec4 v0x563a47f259a0_0, 0;
    %jmp T_5.22;
T_5.22 ;
    %pop/vec4 1;
    %jmp T_5.19;
T_5.18 ;
    %load/vec4 v0x563a47f27a20_0;
    %cmpi/e 244, 0, 8;
    %jmp/0xz  T_5.23, 4;
    %load/vec4 v0x563a47f29a20_0;
    %assign/vec4 v0x563a47f259a0_0, 0;
    %jmp T_5.24;
T_5.23 ;
    %load/vec4 v0x563a47f27a20_0;
    %cmpi/e 245, 0, 8;
    %jmp/0xz  T_5.25, 4;
    %load/vec4 v0x563a47f285a0_0;
    %assign/vec4 v0x563a47f259a0_0, 0;
    %jmp T_5.26;
T_5.25 ;
    %load/vec4 v0x563a47f27a20_0;
    %cmpi/e 247, 0, 8;
    %jmp/0xz  T_5.27, 4;
    %load/vec4 v0x563a47f2ab20_0;
    %dup/vec4;
    %pushi/vec4 1, 0, 32;
    %cmp/u;
    %jmp/1 T_5.29, 6;
    %dup/vec4;
    %pushi/vec4 2, 0, 32;
    %cmp/u;
    %jmp/1 T_5.30, 6;
    %dup/vec4;
    %pushi/vec4 3, 0, 32;
    %cmp/u;
    %jmp/1 T_5.31, 6;
    %dup/vec4;
    %pushi/vec4 4, 0, 32;
    %cmp/u;
    %jmp/1 T_5.32, 6;
    %dup/vec4;
    %pushi/vec4 5, 0, 32;
    %cmp/u;
    %jmp/1 T_5.33, 6;
    %jmp T_5.34;
T_5.29 ;
    %load/vec4 v0x563a47f2a7a0_0;
    %assign/vec4 v0x563a47f26d80_0, 0;
    %jmp T_5.34;
T_5.30 ;
    %load/vec4 v0x563a47f26d80_0;
    %parti/s 8, 24, 6;
    %assign/vec4 v0x563a47f259a0_0, 0;
    %jmp T_5.34;
T_5.31 ;
    %load/vec4 v0x563a47f26d80_0;
    %parti/s 8, 16, 6;
    %assign/vec4 v0x563a47f259a0_0, 0;
    %jmp T_5.34;
T_5.32 ;
    %load/vec4 v0x563a47f26d80_0;
    %parti/s 8, 8, 5;
    %assign/vec4 v0x563a47f259a0_0, 0;
    %jmp T_5.34;
T_5.33 ;
    %load/vec4 v0x563a47f26d80_0;
    %parti/s 8, 0, 2;
    %assign/vec4 v0x563a47f259a0_0, 0;
    %jmp T_5.34;
T_5.34 ;
    %pop/vec4 1;
    %jmp T_5.28;
T_5.27 ;
    %load/vec4 v0x563a47f27a20_0;
    %cmpi/e 248, 0, 8;
    %jmp/0xz  T_5.35, 4;
    %load/vec4 v0x563a47f2ab20_0;
    %dup/vec4;
    %pushi/vec4 1, 0, 32;
    %cmp/u;
    %jmp/1 T_5.37, 6;
    %dup/vec4;
    %pushi/vec4 2, 0, 32;
    %cmp/u;
    %jmp/1 T_5.38, 6;
    %dup/vec4;
    %pushi/vec4 3, 0, 32;
    %cmp/u;
    %jmp/1 T_5.39, 6;
    %dup/vec4;
    %pushi/vec4 4, 0, 32;
    %cmp/u;
    %jmp/1 T_5.40, 6;
    %dup/vec4;
    %pushi/vec4 5, 0, 32;
    %cmp/u;
    %jmp/1 T_5.41, 6;
    %jmp T_5.42;
T_5.37 ;
    %load/vec4 v0x563a47f2a340_0;
    %assign/vec4 v0x563a47f26d80_0, 0;
    %jmp T_5.42;
T_5.38 ;
    %load/vec4 v0x563a47f26d80_0;
    %parti/s 8, 24, 6;
    %assign/vec4 v0x563a47f259a0_0, 0;
    %jmp T_5.42;
T_5.39 ;
    %load/vec4 v0x563a47f26d80_0;
    %parti/s 8, 16, 6;
    %assign/vec4 v0x563a47f259a0_0, 0;
    %jmp T_5.42;
T_5.40 ;
    %load/vec4 v0x563a47f26d80_0;
    %parti/s 8, 8, 5;
    %assign/vec4 v0x563a47f259a0_0, 0;
    %jmp T_5.42;
T_5.41 ;
    %load/vec4 v0x563a47f26d80_0;
    %parti/s 8, 0, 2;
    %assign/vec4 v0x563a47f259a0_0, 0;
    %jmp T_5.42;
T_5.42 ;
    %pop/vec4 1;
    %jmp T_5.36;
T_5.35 ;
    %load/vec4 v0x563a47f27a20_0;
    %cmpi/e 249, 0, 8;
    %jmp/0xz  T_5.43, 4;
    %load/vec4 v0x563a47f2ab20_0;
    %dup/vec4;
    %pushi/vec4 1, 0, 32;
    %cmp/u;
    %jmp/1 T_5.45, 6;
    %dup/vec4;
    %pushi/vec4 2, 0, 32;
    %cmp/u;
    %jmp/1 T_5.46, 6;
    %dup/vec4;
    %pushi/vec4 3, 0, 32;
    %cmp/u;
    %jmp/1 T_5.47, 6;
    %dup/vec4;
    %pushi/vec4 4, 0, 32;
    %cmp/u;
    %jmp/1 T_5.48, 6;
    %dup/vec4;
    %pushi/vec4 5, 0, 32;
    %cmp/u;
    %jmp/1 T_5.49, 6;
    %jmp T_5.50;
T_5.45 ;
    %load/vec4 v0x563a47f2a5e0_0;
    %assign/vec4 v0x563a47f26d80_0, 0;
    %jmp T_5.50;
T_5.46 ;
    %load/vec4 v0x563a47f26d80_0;
    %parti/s 8, 24, 6;
    %assign/vec4 v0x563a47f259a0_0, 0;
    %jmp T_5.50;
T_5.47 ;
    %load/vec4 v0x563a47f26d80_0;
    %parti/s 8, 16, 6;
    %assign/vec4 v0x563a47f259a0_0, 0;
    %jmp T_5.50;
T_5.48 ;
    %load/vec4 v0x563a47f26d80_0;
    %parti/s 8, 8, 5;
    %assign/vec4 v0x563a47f259a0_0, 0;
    %jmp T_5.50;
T_5.49 ;
    %load/vec4 v0x563a47f26d80_0;
    %parti/s 8, 0, 2;
    %assign/vec4 v0x563a47f259a0_0, 0;
    %jmp T_5.50;
T_5.50 ;
    %pop/vec4 1;
    %jmp T_5.44;
T_5.43 ;
    %load/vec4 v0x563a47f27a20_0;
    %cmpi/e 250, 0, 8;
    %jmp/0xz  T_5.51, 4;
    %load/vec4 v0x563a47f2ab20_0;
    %dup/vec4;
    %pushi/vec4 1, 0, 32;
    %cmp/u;
    %jmp/1 T_5.53, 6;
    %dup/vec4;
    %pushi/vec4 2, 0, 32;
    %cmp/u;
    %jmp/1 T_5.54, 6;
    %dup/vec4;
    %pushi/vec4 3, 0, 32;
    %cmp/u;
    %jmp/1 T_5.55, 6;
    %dup/vec4;
    %pushi/vec4 4, 0, 32;
    %cmp/u;
    %jmp/1 T_5.56, 6;
    %dup/vec4;
    %pushi/vec4 5, 0, 32;
    %cmp/u;
    %jmp/1 T_5.57, 6;
    %jmp T_5.58;
T_5.53 ;
    %load/vec4 v0x563a47f2a960_0;
    %assign/vec4 v0x563a47f26d80_0, 0;
    %jmp T_5.58;
T_5.54 ;
    %load/vec4 v0x563a47f26d80_0;
    %parti/s 8, 24, 6;
    %assign/vec4 v0x563a47f259a0_0, 0;
    %jmp T_5.58;
T_5.55 ;
    %load/vec4 v0x563a47f26d80_0;
    %parti/s 8, 16, 6;
    %assign/vec4 v0x563a47f259a0_0, 0;
    %jmp T_5.58;
T_5.56 ;
    %load/vec4 v0x563a47f26d80_0;
    %parti/s 8, 8, 5;
    %assign/vec4 v0x563a47f259a0_0, 0;
    %jmp T_5.58;
T_5.57 ;
    %load/vec4 v0x563a47f26d80_0;
    %parti/s 8, 0, 2;
    %assign/vec4 v0x563a47f259a0_0, 0;
    %jmp T_5.58;
T_5.58 ;
    %pop/vec4 1;
    %jmp T_5.52;
T_5.51 ;
    %load/vec4 v0x563a47f27a20_0;
    %cmpi/e 251, 0, 8;
    %jmp/0xz  T_5.59, 4;
    %load/vec4 v0x563a47f2ab20_0;
    %dup/vec4;
    %pushi/vec4 1, 0, 32;
    %cmp/u;
    %jmp/1 T_5.61, 6;
    %dup/vec4;
    %pushi/vec4 2, 0, 32;
    %cmp/u;
    %jmp/1 T_5.62, 6;
    %dup/vec4;
    %pushi/vec4 3, 0, 32;
    %cmp/u;
    %jmp/1 T_5.63, 6;
    %dup/vec4;
    %pushi/vec4 4, 0, 32;
    %cmp/u;
    %jmp/1 T_5.64, 6;
    %dup/vec4;
    %pushi/vec4 5, 0, 32;
    %cmp/u;
    %jmp/1 T_5.65, 6;
    %jmp T_5.66;
T_5.61 ;
    %load/vec4 v0x563a47f2a420_0;
    %assign/vec4 v0x563a47f26d80_0, 0;
    %jmp T_5.66;
T_5.62 ;
    %load/vec4 v0x563a47f26d80_0;
    %parti/s 8, 24, 6;
    %assign/vec4 v0x563a47f259a0_0, 0;
    %jmp T_5.66;
T_5.63 ;
    %load/vec4 v0x563a47f26d80_0;
    %parti/s 8, 16, 6;
    %assign/vec4 v0x563a47f259a0_0, 0;
    %jmp T_5.66;
T_5.64 ;
    %load/vec4 v0x563a47f26d80_0;
    %parti/s 8, 8, 5;
    %assign/vec4 v0x563a47f259a0_0, 0;
    %jmp T_5.66;
T_5.65 ;
    %load/vec4 v0x563a47f26d80_0;
    %parti/s 8, 0, 2;
    %assign/vec4 v0x563a47f259a0_0, 0;
    %jmp T_5.66;
T_5.66 ;
    %pop/vec4 1;
    %jmp T_5.60;
T_5.59 ;
    %load/vec4 v0x563a47f27a20_0;
    %cmpi/e 252, 0, 8;
    %jmp/0xz  T_5.67, 4;
    %load/vec4 v0x563a47f2ab20_0;
    %dup/vec4;
    %pushi/vec4 1, 0, 32;
    %cmp/u;
    %jmp/1 T_5.69, 6;
    %dup/vec4;
    %pushi/vec4 2, 0, 32;
    %cmp/u;
    %jmp/1 T_5.70, 6;
    %dup/vec4;
    %pushi/vec4 3, 0, 32;
    %cmp/u;
    %jmp/1 T_5.71, 6;
    %dup/vec4;
    %pushi/vec4 4, 0, 32;
    %cmp/u;
    %jmp/1 T_5.72, 6;
    %dup/vec4;
    %pushi/vec4 5, 0, 32;
    %cmp/u;
    %jmp/1 T_5.73, 6;
    %jmp T_5.74;
T_5.69 ;
    %load/vec4 v0x563a47f2a500_0;
    %assign/vec4 v0x563a47f26d80_0, 0;
    %jmp T_5.74;
T_5.70 ;
    %load/vec4 v0x563a47f26d80_0;
    %parti/s 8, 24, 6;
    %assign/vec4 v0x563a47f259a0_0, 0;
    %jmp T_5.74;
T_5.71 ;
    %load/vec4 v0x563a47f26d80_0;
    %parti/s 8, 16, 6;
    %assign/vec4 v0x563a47f259a0_0, 0;
    %jmp T_5.74;
T_5.72 ;
    %load/vec4 v0x563a47f26d80_0;
    %parti/s 8, 8, 5;
    %assign/vec4 v0x563a47f259a0_0, 0;
    %jmp T_5.74;
T_5.73 ;
    %load/vec4 v0x563a47f26d80_0;
    %parti/s 8, 0, 2;
    %assign/vec4 v0x563a47f259a0_0, 0;
    %jmp T_5.74;
T_5.74 ;
    %pop/vec4 1;
    %jmp T_5.68;
T_5.67 ;
    %load/vec4 v0x563a47f27a20_0;
    %cmpi/e 253, 0, 8;
    %jmp/0xz  T_5.75, 4;
    %load/vec4 v0x563a47f2ab20_0;
    %dup/vec4;
    %pushi/vec4 1, 0, 32;
    %cmp/u;
    %jmp/1 T_5.77, 6;
    %dup/vec4;
    %pushi/vec4 2, 0, 32;
    %cmp/u;
    %jmp/1 T_5.78, 6;
    %dup/vec4;
    %pushi/vec4 3, 0, 32;
    %cmp/u;
    %jmp/1 T_5.79, 6;
    %dup/vec4;
    %pushi/vec4 4, 0, 32;
    %cmp/u;
    %jmp/1 T_5.80, 6;
    %dup/vec4;
    %pushi/vec4 5, 0, 32;
    %cmp/u;
    %jmp/1 T_5.81, 6;
    %jmp T_5.82;
T_5.77 ;
    %load/vec4 v0x563a47f2a6c0_0;
    %assign/vec4 v0x563a47f26d80_0, 0;
    %jmp T_5.82;
T_5.78 ;
    %load/vec4 v0x563a47f26d80_0;
    %parti/s 8, 24, 6;
    %assign/vec4 v0x563a47f259a0_0, 0;
    %jmp T_5.82;
T_5.79 ;
    %load/vec4 v0x563a47f26d80_0;
    %parti/s 8, 16, 6;
    %assign/vec4 v0x563a47f259a0_0, 0;
    %jmp T_5.82;
T_5.80 ;
    %load/vec4 v0x563a47f26d80_0;
    %parti/s 8, 8, 5;
    %assign/vec4 v0x563a47f259a0_0, 0;
    %jmp T_5.82;
T_5.81 ;
    %load/vec4 v0x563a47f26d80_0;
    %parti/s 8, 0, 2;
    %assign/vec4 v0x563a47f259a0_0, 0;
    %jmp T_5.82;
T_5.82 ;
    %pop/vec4 1;
    %jmp T_5.76;
T_5.75 ;
    %load/vec4 v0x563a47f27a20_0;
    %cmpi/e 254, 0, 8;
    %jmp/0xz  T_5.83, 4;
    %load/vec4 v0x563a47f2ab20_0;
    %dup/vec4;
    %pushi/vec4 1, 0, 32;
    %cmp/u;
    %jmp/1 T_5.85, 6;
    %dup/vec4;
    %pushi/vec4 2, 0, 32;
    %cmp/u;
    %jmp/1 T_5.86, 6;
    %dup/vec4;
    %pushi/vec4 3, 0, 32;
    %cmp/u;
    %jmp/1 T_5.87, 6;
    %dup/vec4;
    %pushi/vec4 4, 0, 32;
    %cmp/u;
    %jmp/1 T_5.88, 6;
    %dup/vec4;
    %pushi/vec4 5, 0, 32;
    %cmp/u;
    %jmp/1 T_5.89, 6;
    %jmp T_5.90;
T_5.85 ;
    %load/vec4 v0x563a47f2a880_0;
    %assign/vec4 v0x563a47f26d80_0, 0;
    %jmp T_5.90;
T_5.86 ;
    %load/vec4 v0x563a47f26d80_0;
    %parti/s 8, 24, 6;
    %assign/vec4 v0x563a47f259a0_0, 0;
    %jmp T_5.90;
T_5.87 ;
    %load/vec4 v0x563a47f26d80_0;
    %parti/s 8, 16, 6;
    %assign/vec4 v0x563a47f259a0_0, 0;
    %jmp T_5.90;
T_5.88 ;
    %load/vec4 v0x563a47f26d80_0;
    %parti/s 8, 8, 5;
    %assign/vec4 v0x563a47f259a0_0, 0;
    %jmp T_5.90;
T_5.89 ;
    %load/vec4 v0x563a47f26d80_0;
    %parti/s 8, 0, 2;
    %assign/vec4 v0x563a47f259a0_0, 0;
    %jmp T_5.90;
T_5.90 ;
    %pop/vec4 1;
    %jmp T_5.84;
T_5.83 ;
    %load/vec4 v0x563a47f27a20_0;
    %cmpi/e 255, 0, 8;
    %jmp/0xz  T_5.91, 4;
    %load/vec4 v0x563a47f29b00_0;
    %assign/vec4 v0x563a47f259a0_0, 0;
T_5.91 ;
T_5.84 ;
T_5.76 ;
T_5.68 ;
T_5.60 ;
T_5.52 ;
T_5.44 ;
T_5.36 ;
T_5.28 ;
T_5.26 ;
T_5.24 ;
T_5.19 ;
T_5.12 ;
T_5.7 ;
T_5.5 ;
T_5.2 ;
T_5.1 ;
    %jmp T_5;
    .thread T_5;
    .scope S_0x563a47ef73c0;
T_6 ;
    %wait E_0x563a47e73b40;
    %load/vec4 v0x563a47f28b80_0;
    %parti/s 1, 0, 2;
    %load/vec4 v0x563a47f28c60_0;
    %concat/vec4; draw_concat_vec4
    %assign/vec4 v0x563a47f28b80_0, 0;
    %jmp T_6;
    .thread T_6;
    .scope S_0x563a47ef73c0;
T_7 ;
    %pushi/vec4 2, 0, 2;
    %store/vec4 v0x563a47f29e40_0, 0, 2;
    %end;
    .thread T_7;
    .scope S_0x563a47ef73c0;
T_8 ;
    %pushi/vec4 2, 0, 2;
    %store/vec4 v0x563a47f2ae60_0, 0, 2;
    %end;
    .thread T_8;
    .scope S_0x563a47ef73c0;
T_9 ;
    %wait E_0x563a47e73b40;
    %load/vec4 v0x563a47f29e40_0;
    %dup/vec4;
    %pushi/vec4 2, 0, 2;
    %cmp/u;
    %jmp/1 T_9.0, 6;
    %dup/vec4;
    %pushi/vec4 1, 0, 2;
    %cmp/u;
    %jmp/1 T_9.1, 6;
    %jmp T_9.2;
T_9.0 ;
    %load/vec4 v0x563a47f29be0_0;
    %load/vec4 v0x563a47f27b00_0;
    %or;
    %load/vec4 v0x563a47f27a20_0;
    %parti/s 4, 4, 4;
    %pushi/vec4 8, 0, 4;
    %cmp/e;
    %flag_get/vec4 4;
    %and;
    %flag_set/vec4 8;
    %jmp/0xz  T_9.3, 8;
    %pushi/vec4 1, 0, 1;
    %assign/vec4 v0x563a47f28de0_0, 0;
    %pushi/vec4 1, 0, 2;
    %assign/vec4 v0x563a47f29e40_0, 0;
    %jmp T_9.4;
T_9.3 ;
    %pushi/vec4 2, 0, 2;
    %assign/vec4 v0x563a47f29e40_0, 0;
T_9.4 ;
    %jmp T_9.2;
T_9.1 ;
    %pushi/vec4 0, 0, 1;
    %assign/vec4 v0x563a47f28de0_0, 0;
    %pushi/vec4 2, 0, 2;
    %assign/vec4 v0x563a47f29e40_0, 0;
    %jmp T_9.2;
T_9.2 ;
    %pop/vec4 1;
    %jmp T_9;
    .thread T_9;
    .scope S_0x563a47ef73c0;
T_10 ;
    %wait E_0x563a47e73b40;
    %load/vec4 v0x563a47f2ae60_0;
    %dup/vec4;
    %pushi/vec4 2, 0, 2;
    %cmp/u;
    %jmp/1 T_10.0, 6;
    %dup/vec4;
    %pushi/vec4 1, 0, 2;
    %cmp/u;
    %jmp/1 T_10.1, 6;
    %jmp T_10.2;
T_10.0 ;
    %load/vec4 v0x563a47f29be0_0;
    %load/vec4 v0x563a47f27a20_0;
    %parti/s 4, 4, 4;
    %pushi/vec4 9, 0, 4;
    %cmp/e;
    %flag_get/vec4 4;
    %and;
    %flag_set/vec4 8;
    %jmp/0xz  T_10.3, 8;
    %pushi/vec4 1, 0, 1;
    %assign/vec4 v0x563a47f29020_0, 0;
    %pushi/vec4 1, 0, 2;
    %assign/vec4 v0x563a47f2ae60_0, 0;
    %jmp T_10.4;
T_10.3 ;
    %pushi/vec4 2, 0, 2;
    %assign/vec4 v0x563a47f2ae60_0, 0;
T_10.4 ;
    %jmp T_10.2;
T_10.1 ;
    %pushi/vec4 0, 0, 1;
    %assign/vec4 v0x563a47f29020_0, 0;
    %pushi/vec4 2, 0, 2;
    %assign/vec4 v0x563a47f2ae60_0, 0;
    %jmp T_10.2;
T_10.2 ;
    %pop/vec4 1;
    %jmp T_10;
    .thread T_10;
    .scope S_0x563a47ef7230;
T_11 ;
    %vpi_call 2 119 "$dumpfile", "97.vcd" {0 0 0};
    %vpi_call 2 120 "$dumpvars", 32'sb00000000000000000000000000000001, S_0x563a47ef7230 {0 0 0};
    %delay 10, 0;
    %pushi/vec4 0, 0, 1;
    %store/vec4 v0x563a47f2e2f0_0, 0, 1;
    %end;
    .thread T_11;
    .scope S_0x563a47ef7230;
T_12 ;
    %delay 5, 0;
    %vpi_func 2 126 "$random" 32 {0 0 0};
    %pad/s 401;
    %store/vec4 v0x563a47f2f090_0, 0, 401;
    %jmp T_12;
    .thread T_12;
    .scope S_0x563a47ef7230;
T_13 ;
    %vpi_call 2 202 "$monitor", $time, " bench_reset = %b, clk = %b , cmd_ready = %b , param_ready = %b , cmd_data = %b , param_data = %b , mcu_rq_rdy = %b , mcu_data_in = %b , spi_byte_cnt = %b , spi_bit_cnt = %b , SD_DMA_STATUS = %b , SD_DMA_NEXTADDR = %b , SD_DMA_SRAM_DATA = %b , SD_DMA_SRAM_WE = %b , DAC_STATUS = %b , MSU_STATUS = %b , msu_addressrq = %b , msu_trackrq = %b , msu_volumerq = %b , snes_cpuclk_freq = %b , snes_sysclk_freq = %b , snes_read_freq = %b , snes_write_freq = %b , snes_pard_freq = %b , snes_pawr_freq = %b , snes_refresh_freq = %b , snes_romsel_freq = %b , mcu_bram_data_in = %b , mcu_mapper = %b , mcu_rrq = %b , mcu_write = %b , mcu_wrq = %b , mcu_data_out = %b , spi_data_out = %b , addr_out = %b , saveram_mask_out = %b , rom_mask_out = %b , ramsel_out = %b , SD_DMA_EN = %b , SD_DMA_TGT = %b , SD_DMA_PARTIAL = %b , SD_DMA_PARTIAL_START = %b , SD_DMA_PARTIAL_END = %b , dac_addr_out = %b , dac_play_out = %b , dac_reset_out = %b , msu_addr_out = %b , msu_status_reset_out = %b , msu_status_set_out = %b , msu_status_reset_we = %b , msu_ptr_out = %b , msu_reset_out = %b , bsx_regs_reset_out = %b , bsx_regs_set_out = %b , bsx_regs_reset_we = %b , rtc_data_out = %b , rtc_pgm_we = %b , srtc_reset = %b , dspx_pgm_data_out = %b , dspx_pgm_addr_out = %b , dspx_pgm_we_out = %b , dspx_dat_data_out = %b , dspx_dat_addr_out = %b , dspx_dat_we_out = %b , dspx_reset_out = %b , featurebits_out = %b , mcu_bram_addr = %b , mcu_bram_data_out = %b , mcu_bram_we = %b  ", v0x563a47f2e2f0_0, v0x563a47f2c4e0_0, v0x563a47f2c680_0, v0x563a47f2e150_0, v0x563a47f2c5b0_0, v0x563a47f2e080_0, v0x563a47f2d5f0_0, v0x563a47f2d380_0, v0x563a47f2ee20_0, v0x563a47f2ed50_0, v0x563a47f2c000_0, v0x563a47f2bb80_0, v0x563a47f2be60_0, v0x563a47f2bf30_0, v0x563a47f2b9a0_0, v0x563a47f2ba40_0, v0x563a47f2da00_0, v0x563a47f2dee0_0, v0x563a47f2dfb0_0, v0x563a47f2e6d0_0, v0x563a47f2ebb0_0, v0x563a47f2e940_0, v0x563a47f2ec80_0, v0x563a47f2e7a0_0, v0x563a47f2e870_0, v0x563a47f2ea10_0, v0x563a47f2eae0_0, v0x563a47f2d110_0, v0x563a47f2d520_0, v0x563a47f2d6c0_0, v0x563a47f2d790_0, v0x563a47f2d860_0, v0x563a47f2d450_0, v0x563a47f2eef0_0, v0x563a47f2c1a0_0, v0x563a47f2e600_0, v0x563a47f2e390_0, v0x563a47f2e220_0, v0x563a47f2bae0_0, v0x563a47f2c0d0_0, v0x563a47f2bc20_0, v0x563a47f2bd90_0, v0x563a47f2bcc0_0, v0x563a47f2c750_0, v0x563a47f2c820_0, v0x563a47f2c8f0_0, v0x563a47f2d930_0, v0x563a47f2dc70_0, v0x563a47f2de10_0, v0x563a47f2dd40_0, v0x563a47f2dad0_0, v0x563a47f2dba0_0, v0x563a47f2c270_0, v0x563a47f2c410_0, v0x563a47f2c340_0, v0x563a47f2e460_0, v0x563a47f2e530_0, v0x563a47f2efc0_0, v0x563a47f2cd00_0, v0x563a47f2cc30_0, v0x563a47f2cdd0_0, v0x563a47f2ca90_0, v0x563a47f2c9c0_0, v0x563a47f2cb60_0, v0x563a47f2cea0_0, v0x563a47f2cf70_0, v0x563a47f2d040_0, v0x563a47f2d1e0_0, v0x563a47f2d2b0_0 {0 0 0};
    %end;
    .thread T_13;
    .scope S_0x563a47ef7230;
T_14 ;
    %delay 199, 0;
    %vpi_call 2 208 "$finish" {0 0 0};
    %end;
    .thread T_14;
# The file index is used to find the file name in the following table.
:file_names 4;
    "N/A";
    "<interactive>";
    "wavedrom_dataset/testbenches/97_tb.v";
    "wavedrom_dataset/verilog_modules/90.v";
